4000.110000 0.001470 
3998.943204 0.003317 
3997.776407 0.002400 
3996.609611 0.000215 
3995.442815 0.000148 
3994.276019 -0.000251 
3993.109222 -0.001908 
3991.942426 0.001117 
3990.775630 -0.000068 
3989.608834 0.000675 
3988.442037 0.001725 
3987.275241 0.000970 
3986.108445 0.000308 
3984.941649 0.001616 
3983.774852 0.004161 
3982.608056 0.001546 
3981.441260 0.001708 
3980.274463 0.003340 
3979.107667 0.000006 
3977.940871 0.000094 
3976.774075 0.000472 
3975.607278 -0.000828 
3974.440482 0.000168 
3973.273686 0.001534 
3972.106890 0.002179 
3970.940093 0.000662 
3969.773297 0.003949 
3968.606501 -0.002859 
3967.439705 -0.001061 
3966.272908 -0.000754 
3965.106112 -0.002157 
3963.939316 0.000049 
3962.772520 0.002317 
3961.605723 -0.002979 
3960.438927 -0.000545 
3959.272131 0.001498 
3958.105334 -0.000867 
3956.938538 0.000328 
3955.771742 0.000135 
3954.604946 0.003767 
3953.438149 -0.000154 
3952.271353 0.000837 
3951.104557 0.001838 
3949.937761 0.001252 
3948.770964 0.002086 
3947.604168 0.002698 
3946.437372 -0.001020 
3945.270576 0.001873 
3944.103779 -0.003029 
3942.936983 -0.000881 
3941.770187 -0.000985 
3940.603390 0.002259 
3939.436594 0.001810 
3938.269798 0.003187 
3937.103002 0.002069 
3935.936205 -0.000919 
3934.769409 0.001133 
3933.602613 0.002020 
3932.435817 0.000840 
3931.269020 0.001373 
3930.102224 0.001773 
3928.935428 -0.000109 
3927.768632 -0.000087 
3926.601835 0.001154 
3925.435039 0.001950 
3924.268243 0.000491 
3923.101446 0.003189 
3921.934650 0.000232 
3920.767854 -0.000089 
3919.601058 0.001196 
3918.434261 0.001498 
3917.267465 0.000420 
3916.100669 -0.001240 
3914.933873 0.001500 
3913.767076 0.001318 
3912.600280 -0.000838 
3911.433484 0.002411 
3910.266688 0.003007 
3909.099891 0.000260 
3907.933095 0.000866 
3906.766299 0.002377 
3905.599503 0.001979 
3904.432706 0.001882 
3903.265910 0.000828 
3902.099114 -0.000570 
3900.932317 0.000345 
3899.765521 0.000377 
3898.598725 0.002827 
3897.431929 -0.000223 
3896.265132 0.000320 
3895.098336 0.000039 
3893.931540 0.000878 
3892.764744 0.003582 
3891.597947 0.000781 
3890.431151 0.003026 
3889.264355 0.000862 
3888.097559 0.001646 
3886.930762 0.000451 
3885.763966 0.000659 
3884.597170 0.001683 
3883.430373 0.000370 
3882.263577 -0.000694 
3881.096781 -0.002201 
3879.929985 -0.000497 
3878.763188 0.000953 
3877.596392 0.001050 
3876.429596 -0.000844 
3875.262800 0.001031 
3874.096003 -0.000375 
3872.929207 0.002270 
3871.762411 0.001692 
3870.595615 -0.000934 
3869.428818 0.000510 
3868.262022 0.001014 
3867.095226 0.002098 
3865.928429 0.000153 
3864.761633 0.000210 
3863.594837 0.001013 
3862.428041 0.000307 
3861.261244 0.002452 
3860.094448 0.000007 
3858.927652 -0.000565 
3857.760856 0.001937 
3856.594059 -0.000066 
3855.427263 0.001737 
3854.260467 0.000051 
3853.093671 0.004487 
3851.926874 0.002386 
3850.760078 0.000828 
3849.593282 0.004405 
3848.426485 -0.000274 
3847.259689 0.001757 
3846.092893 0.000887 
3844.926097 0.000847 
3843.759300 -0.000265 
3842.592504 0.000608 
3841.425708 0.000932 
3840.258912 0.000486 
3839.092115 0.000057 
3837.925319 0.001044 
3836.758523 0.000901 
3835.591727 -0.001429 
3834.424930 0.002072 
3833.258134 0.002034 
3832.091338 0.000052 
3830.924542 -0.000672 
3829.757745 0.001702 
3828.590949 0.000395 
3827.424153 -0.000114 
3826.257356 0.001228 
3825.090560 0.000816 
3823.923764 0.000903 
3822.756968 0.000295 
3821.590171 0.002083 
3820.423375 0.001567 
3819.256579 0.000320 
3818.089783 0.000859 
3816.922986 0.002398 
3815.756190 -0.000133 
3814.589394 -0.001150 
3813.422598 -0.001192 
3812.255801 0.001627 
3811.089005 0.000504 
3809.922209 0.002621 
3808.755412 0.000259 
3807.588616 0.000580 
3806.421820 0.001050 
3805.255024 0.000173 
3804.088227 -0.000416 
3802.921431 0.001408 
3801.754635 0.002301 
3800.587839 0.005193 
3799.421042 -0.001551 
3798.254246 -0.000368 
3797.087450 -0.000903 
3795.920654 -0.000375 
3794.753857 -0.000027 
3793.587061 0.001748 
3792.420265 0.002420 
3791.253468 0.000370 
3790.086672 0.000545 
3788.919876 0.000852 
3787.753080 0.001449 
3786.586283 0.000911 
3785.419487 -0.001188 
3784.252691 0.002364 
3783.085895 0.000286 
3781.919098 0.000285 
3780.752302 -0.000447 
3779.585506 0.000660 
3778.418710 0.000923 
3777.251913 -0.000128 
3776.085117 0.001511 
3774.918321 0.000534 
3773.751525 0.001127 
3772.584728 0.002358 
3771.417932 0.000846 
3770.251136 0.001061 
3769.084339 0.000755 
3767.917543 0.001349 
3766.750747 0.000569 
3765.583951 0.001537 
3764.417154 0.001140 
3763.250358 -0.000131 
3762.083562 0.001800 
3760.916766 0.001409 
3759.749969 -0.000232 
3758.583173 -0.000561 
3757.416377 0.000081 
3756.249581 0.000388 
3755.082784 0.000529 
3753.915988 0.000949 
3752.749192 0.000702 
3751.582395 0.001450 
3750.415599 -0.001220 
3749.248803 0.000847 
3748.082007 0.001258 
3746.915210 -0.000305 
3745.748414 0.000346 
3744.581618 -0.000386 
3743.414822 -0.000529 
3742.248025 0.000389 
3741.081229 0.001928 
3739.914433 0.001991 
3738.747637 0.001095 
3737.580840 -0.000407 
3736.414044 0.001462 
3735.247248 -0.000248 
3734.080451 0.002032 
3732.913655 0.000422 
3731.746859 0.000706 
3730.580063 0.000796 
3729.413266 0.001995 
3728.246470 0.000308 
3727.079674 0.001883 
3725.912878 0.002210 
3724.746081 0.000772 
3723.579285 0.000935 
3722.412489 0.000393 
3721.245693 0.001832 
3720.078896 0.001265 
3718.912100 -0.000278 
3717.745304 0.001308 
3716.578508 0.001468 
3715.411711 0.001142 
3714.244915 0.001339 
3713.078119 0.001927 
3711.911322 0.001888 
3710.744526 0.001150 
3709.577730 0.002425 
3708.410934 0.002871 
3707.244137 0.002077 
3706.077341 0.001932 
3704.910545 0.001907 
3703.743749 -0.000233 
3702.576952 0.001912 
3701.410156 0.003148 
3700.243360 0.001666 
3699.076564 0.001465 
3697.909767 0.002116 
3696.742971 0.000807 
3695.576175 0.000764 
3694.409378 0.001466 
3693.242582 0.002304 
3692.075786 -0.000845 
3690.908990 0.002470 
3689.742193 0.000242 
3688.575397 -0.000007 
3687.408601 0.000592 
3686.241805 -0.000067 
3685.075008 0.001748 
3683.908212 0.001306 
3682.741416 0.001442 
3681.574620 0.003156 
3680.407823 0.001866 
3679.241027 0.001850 
3678.074231 0.004025 
3676.907434 0.000998 
3675.740638 0.001428 
3674.573842 0.002488 
3673.407046 0.000269 
3672.240249 0.001863 
3671.073453 0.001057 
3669.906657 0.003328 
3668.739861 0.002975 
3667.573064 0.003359 
3666.406268 0.000611 
3665.239472 0.001259 
3664.072676 0.002915 
3662.905879 0.002495 
3661.739083 0.001601 
3660.572287 0.002257 
3659.405490 0.001404 
3658.238694 0.001253 
3657.071898 0.002020 
3655.905102 0.002122 
3654.738305 0.002955 
3653.571509 0.003096 
3652.404713 0.002699 
3651.237917 0.001455 
3650.071120 0.000428 
3648.904324 0.001240 
3647.737528 0.000524 
3646.570732 0.003523 
3645.403935 0.002305 
3644.237139 0.002615 
3643.070343 0.002035 
3641.903547 0.001120 
3640.736750 0.002434 
3639.569954 0.001371 
3638.403158 0.002927 
3637.236361 0.001854 
3636.069565 0.000414 
3634.902769 0.001099 
3633.735973 0.001351 
3632.569176 0.002415 
3631.402380 0.003200 
3630.235584 0.001359 
3629.068788 0.002033 
3627.901991 0.001618 
3626.735195 0.001989 
3625.568399 0.000811 
3624.401603 0.001242 
3623.234806 0.001760 
3622.068010 0.002374 
3620.901214 0.001655 
3619.734417 0.000798 
3618.567621 0.001891 
3617.400825 0.002527 
3616.234029 0.001383 
3615.067232 0.003190 
3613.900436 0.002474 
3612.733640 0.000531 
3611.566844 0.001389 
3610.400047 -0.000551 
3609.233251 0.001259 
3608.066455 0.001595 
3606.899659 0.001499 
3605.732862 0.002951 
3604.566066 0.001572 
3603.399270 0.000831 
3602.232473 0.002610 
3601.065677 0.001145 
3599.898881 -0.000548 
3598.732085 0.001976 
3597.565288 -0.000181 
3596.398492 0.000910 
3595.231696 0.000485 
3594.064900 0.001274 
3592.898103 0.000866 
3591.731307 0.002088 
3590.564511 0.002725 
3589.397715 -0.000038 
3588.230918 0.000833 
3587.064122 0.001445 
3585.897326 0.001306 
3584.730530 0.001720 
3583.563733 0.002069 
3582.396937 0.001725 
3581.230141 0.002226 
3580.063344 0.001336 
3578.896548 0.002704 
3577.729752 0.000747 
3576.562956 0.000116 
3575.396159 0.000465 
3574.229363 0.003449 
3573.062567 0.003462 
3571.895771 0.002503 
3570.728974 0.003578 
3569.562178 0.002139 
3568.395382 0.001954 
3567.228586 -0.000087 
3566.061789 0.000367 
3564.894993 0.001983 
3563.728197 0.002060 
3562.561400 0.001235 
3561.394604 0.000839 
3560.227808 0.003760 
3559.061012 0.001005 
3557.894215 0.001963 
3556.727419 0.002919 
3555.560623 0.002784 
3554.393827 0.002453 
3553.227030 0.003677 
3552.060234 0.002156 
3550.893438 0.000872 
3549.726642 0.001971 
3548.559845 0.001737 
3547.393049 0.001737 
3546.226253 0.003214 
3545.059456 0.001529 
3543.892660 0.001789 
3542.725864 0.001493 
3541.559068 0.001653 
3540.392271 0.001465 
3539.225475 0.002700 
3538.058679 0.001748 
3536.891883 0.001226 
3535.725086 0.003141 
3534.558290 0.000850 
3533.391494 0.001406 
3532.224698 0.002924 
3531.057901 0.002268 
3529.891105 0.003075 
3528.724309 0.002047 
3527.557513 0.002316 
3526.390716 0.002817 
3525.223920 0.002149 
3524.057124 0.002944 
3522.890327 0.004306 
3521.723531 0.003198 
3520.556735 0.003016 
3519.389939 0.001921 
3518.223142 0.003093 
3517.056346 0.003419 
3515.889550 0.002294 
3514.722754 0.004138 
3513.555957 0.002902 
3512.389161 0.004566 
3511.222365 0.002997 
3510.055569 0.004366 
3508.888772 0.002010 
3507.721976 0.003366 
3506.555180 0.001748 
3505.388383 0.003145 
3504.221587 0.003383 
3503.054791 0.003626 
3501.887995 0.003400 
3500.721198 0.003177 
3499.554402 0.003143 
3498.387606 0.003052 
3497.220810 0.003831 
3496.054013 0.001349 
3494.887217 0.003174 
3493.720421 0.002972 
3492.553625 0.002586 
3491.386828 0.003913 
3490.220032 0.003314 
3489.053236 0.003703 
3487.886439 0.004647 
3486.719643 0.003201 
3485.552847 0.005895 
3484.386051 0.004553 
3483.219254 0.002266 
3482.052458 0.003888 
3480.885662 0.003558 
3479.718866 0.002226 
3478.552069 0.001789 
3477.385273 0.004767 
3476.218477 0.003345 
3475.051681 0.003426 
3473.884884 0.003967 
3472.718088 0.001938 
3471.551292 0.003973 
3470.384495 0.004304 
3469.217699 0.004453 
3468.050903 0.004955 
3466.884107 0.002793 
3465.717310 0.003569 
3464.550514 0.003898 
3463.383718 0.003710 
3462.216922 0.002530 
3461.050125 0.005518 
3459.883329 0.004650 
3458.716533 0.004080 
3457.549737 0.003952 
3456.382940 0.004207 
3455.216144 0.003275 
3454.049348 0.002436 
3452.882552 0.004198 
3451.715755 0.002305 
3450.548959 0.005296 
3449.382163 0.004181 
3448.215366 0.002286 
3447.048570 0.003679 
3445.881774 0.005450 
3444.714978 0.005296 
3443.548181 0.004695 
3442.381385 0.004673 
3441.214589 0.004078 
3440.047793 0.004215 
3438.880996 0.003588 
3437.714200 0.005641 
3436.547404 0.005375 
3435.380608 0.003052 
3434.213811 0.004909 
3433.047015 0.003558 
3431.880219 0.004038 
3430.713422 0.003913 
3429.546626 0.005029 
3428.379830 0.005715 
3427.213034 0.004251 
3426.046237 0.005096 
3424.879441 0.003159 
3423.712645 0.003719 
3422.545849 0.006202 
3421.379052 0.004410 
3420.212256 0.002433 
3419.045460 0.004235 
3417.878664 0.005449 
3416.711867 0.004808 
3415.545071 0.004215 
3414.378275 0.006361 
3413.211478 0.005223 
3412.044682 0.005421 
3410.877886 0.003922 
3409.711090 0.004998 
3408.544293 0.004517 
3407.377497 0.005417 
3406.210701 0.004472 
3405.043905 0.005762 
3403.877108 0.006215 
3402.710312 0.004351 
3401.543516 0.004743 
3400.376720 0.003887 
3399.209923 0.004984 
3398.043127 0.003817 
3396.876331 0.004791 
3395.709535 0.005356 
3394.542738 0.004991 
3393.375942 0.004759 
3392.209146 0.004985 
3391.042349 0.005475 
3389.875553 0.005954 
3388.708757 0.004271 
3387.541961 0.003112 
3386.375164 0.004283 
3385.208368 0.005265 
3384.041572 0.005975 
3382.874776 0.004459 
3381.707979 0.004050 
3380.541183 0.004798 
3379.374387 0.004498 
3378.207591 0.005177 
3377.040794 0.005578 
3375.873998 0.005245 
3374.707202 0.003890 
3373.540405 0.004443 
3372.373609 0.006397 
3371.206813 0.005350 
3370.040017 0.006382 
3368.873220 0.004579 
3367.706424 0.005240 
3366.539628 0.005129 
3365.372832 0.005128 
3364.206035 0.006362 
3363.039239 0.005444 
3361.872443 0.005452 
3360.705647 0.003765 
3359.538850 0.006239 
3358.372054 0.004575 
3357.205258 0.005181 
3356.038461 0.006670 
3354.871665 0.004722 
3353.704869 0.005308 
3352.538073 0.005475 
3351.371276 0.004372 
3350.204480 0.004319 
3349.037684 0.005966 
3347.870888 0.003914 
3346.704091 0.005103 
3345.537295 0.004159 
3344.370499 0.006612 
3343.203703 0.004985 
3342.036906 0.005161 
3340.870110 0.004651 
3339.703314 0.005153 
3338.536518 0.005378 
3337.369721 0.005491 
3336.202925 0.004723 
3335.036129 0.004650 
3333.869332 0.004975 
3332.702536 0.004567 
3331.535740 0.004945 
3330.368944 0.005823 
3329.202147 0.005847 
3328.035351 0.005300 
3326.868555 0.005657 
3325.701759 0.004804 
3324.534962 0.004307 
3323.368166 0.005489 
3322.201370 0.005097 
3321.034574 0.004816 
3319.867777 0.004376 
3318.700981 0.005440 
3317.534185 0.005547 
3316.367388 0.005508 
3315.200592 0.006225 
3314.033796 0.005989 
3312.867000 0.006140 
3311.700203 0.004774 
3310.533407 0.005245 
3309.366611 0.005464 
3308.199815 0.006248 
3307.033018 0.004929 
3305.866222 0.005444 
3304.699426 0.004987 
3303.532630 0.004397 
3302.365833 0.004302 
3301.199037 0.005206 
3300.032241 0.004621 
3298.865444 0.004386 
3297.698648 0.005226 
3296.531852 0.004425 
3295.365056 0.005858 
3294.198259 0.006043 
3293.031463 0.005766 
3291.864667 0.004664 
3290.697871 0.005401 
3289.531074 0.005666 
3288.364278 0.004799 
3287.197482 0.004661 
3286.030686 0.005754 
3284.863889 0.004336 
3283.697093 0.003691 
3282.530297 0.004876 
3281.363501 0.005273 
3280.196704 0.006083 
3279.029908 0.006681 
3277.863112 0.007125 
3276.696315 0.004996 
3275.529519 0.003694 
3274.362723 0.004195 
3273.195927 0.002756 
3272.029130 0.002763 
3270.862334 0.003738 
3269.695538 0.004850 
3268.528742 0.004487 
3267.361945 0.004565 
3266.195149 0.004401 
3265.028353 0.004679 
3263.861557 0.006053 
3262.694760 0.004840 
3261.527964 0.004452 
3260.361168 0.005505 
3259.194371 0.004265 
3258.027575 0.002729 
3256.860779 0.004416 
3255.693983 0.004722 
3254.527186 0.005191 
3253.360390 0.005297 
3252.193594 0.005435 
3251.026798 0.004767 
3249.860001 0.005977 
3248.693205 0.004862 
3247.526409 0.002968 
3246.359613 0.004690 
3245.192816 0.005486 
3244.026020 0.005261 
3242.859224 0.005975 
3241.692427 0.005728 
3240.525631 0.005345 
3239.358835 0.002819 
3238.192039 0.005973 
3237.025242 0.005807 
3235.858446 0.003283 
3234.691650 0.004597 
3233.524854 0.005161 
3232.358057 0.004938 
3231.191261 0.004008 
3230.024465 0.004661 
3228.857669 0.004232 
3227.690872 0.005245 
3226.524076 0.003948 
3225.357280 0.004787 
3224.190483 0.004156 
3223.023687 0.004773 
3221.856891 0.003543 
3220.690095 0.005498 
3219.523298 0.004063 
3218.356502 0.006047 
3217.189706 0.003960 
3216.022910 0.004428 
3214.856113 0.004276 
3213.689317 0.005671 
3212.522521 0.004644 
3211.355725 0.003551 
3210.188928 0.004190 
3209.022132 0.005751 
3207.855336 0.004477 
3206.688540 0.004881 
3205.521743 0.004753 
3204.354947 0.004786 
3203.188151 0.003993 
3202.021354 0.003746 
3200.854558 0.005117 
3199.687762 0.003211 
3198.520966 0.004549 
3197.354169 0.003780 
3196.187373 0.004887 
3195.020577 0.005625 
3193.853781 0.004038 
3192.686984 0.003602 
3191.520188 0.004331 
3190.353392 0.004211 
3189.186596 0.005291 
3188.019799 0.003418 
3186.853003 0.003478 
3185.686207 0.003616 
3184.519410 0.005555 
3183.352614 0.003124 
3182.185818 0.004070 
3181.019022 0.003492 
3179.852225 0.003314 
3178.685429 0.005879 
3177.518633 0.003409 
3176.351837 0.003918 
3175.185040 0.004104 
3174.018244 0.002237 
3172.851448 0.002603 
3171.684652 0.003884 
3170.517855 0.005117 
3169.351059 0.002992 
3168.184263 0.004413 
3167.017466 0.002433 
3165.850670 0.004245 
3164.683874 0.002372 
3163.517078 0.004235 
3162.350281 0.003825 
3161.183485 0.002921 
3160.016689 0.001816 
3158.849893 0.003780 
3157.683096 0.003881 
3156.516300 0.002441 
3155.349504 0.003061 
3154.182708 0.002360 
3153.015911 0.003032 
3151.849115 0.003290 
3150.682319 0.003895 
3149.515523 0.002580 
3148.348726 0.002824 
3147.181930 0.003244 
3146.015134 0.003150 
3144.848337 0.002101 
3143.681541 0.003257 
3142.514745 0.003271 
3141.347949 0.003649 
3140.181152 0.004300 
3139.014356 0.003633 
3137.847560 0.001879 
3136.680764 0.003543 
3135.513967 0.002830 
3134.347171 0.002963 
3133.180375 0.002709 
3132.013579 0.003622 
3130.846782 0.003630 
3129.679986 0.002631 
3128.513190 0.002320 
3127.346393 0.003164 
3126.179597 0.002415 
3125.012801 0.002775 
3123.846005 0.002775 
3122.679208 0.001970 
3121.512412 0.002773 
3120.345616 0.001973 
3119.178820 0.003131 
3118.012023 0.002680 
3116.845227 0.002329 
3115.678431 0.003337 
3114.511635 0.002903 
3113.344838 0.003043 
3112.178042 0.003546 
3111.011246 0.003950 
3109.844449 0.002489 
3108.677653 0.002828 
3107.510857 0.002780 
3106.344061 0.000558 
3105.177264 0.003954 
3104.010468 0.002274 
3102.843672 0.002782 
3101.676876 0.001545 
3100.510079 0.003702 
3099.343283 0.002241 
3098.176487 0.003738 
3097.009691 0.001806 
3095.842894 0.002500 
3094.676098 0.002986 
3093.509302 0.003222 
3092.342506 0.003369 
3091.175709 0.002833 
3090.008913 0.001758 
3088.842117 0.001673 
3087.675320 0.002646 
3086.508524 0.002260 
3085.341728 0.003360 
3084.174932 0.000862 
3083.008135 0.001756 
3081.841339 0.001953 
3080.674543 0.002180 
3079.507747 0.002500 
3078.340950 0.002537 
3077.174154 0.001825 
3076.007358 0.001770 
3074.840562 0.002884 
3073.673765 0.002807 
3072.506969 0.003226 
3071.340173 0.002181 
3070.173376 0.002000 
3069.006580 0.002223 
3067.839784 0.001662 
3066.672988 0.002158 
3065.506191 0.001916 
3064.339395 0.002670 
3063.172599 0.001863 
3062.005803 0.001210 
3060.839006 0.003664 
3059.672210 0.002393 
3058.505414 0.002877 
3057.338618 0.001751 
3056.171821 0.002876 
3055.005025 0.002012 
3053.838229 0.002040 
3052.671432 0.002319 
3051.504636 0.002076 
3050.337840 0.000129 
3049.171044 0.001964 
3048.004247 0.002259 
3046.837451 0.001236 
3045.670655 0.001346 
3044.503859 0.002971 
3043.337062 0.002408 
3042.170266 0.003200 
3041.003470 0.001782 
3039.836674 0.003279 
3038.669877 0.002191 
3037.503081 0.002427 
3036.336285 0.001073 
3035.169488 0.001573 
3034.002692 -0.000050 
3032.835896 0.002295 
3031.669100 0.001991 
3030.502303 0.000929 
3029.335507 0.001358 
3028.168711 0.001659 
3027.001915 0.002924 
3025.835118 0.001381 
3024.668322 0.001532 
3023.501526 0.002587 
3022.334730 0.001287 
3021.167933 -0.000095 
3020.001137 0.001704 
3018.834341 0.003122 
3017.667545 0.000632 
3016.500748 0.001471 
3015.333952 0.001850 
3014.167156 0.002204 
3013.000359 0.000778 
3011.833563 0.002193 
3010.666767 0.001403 
3009.499971 0.001945 
3008.333174 0.001574 
3007.166378 0.001076 
3005.999582 0.001595 
3004.832786 0.000938 
3003.665989 0.001232 
3002.499193 0.001302 
3001.332397 0.001880 
3000.165601 0.001421 
2998.998804 0.000483 
2997.832008 0.002013 
2996.665212 0.003012 
2995.498415 0.002286 
2994.331619 0.002565 
2993.164823 0.002883 
2991.998027 0.001684 
2990.831230 0.000747 
2989.664434 0.001736 
2988.497638 0.002248 
2987.330842 0.002056 
2986.164045 0.002279 
2984.997249 0.001546 
2983.830453 0.001298 
2982.663657 0.001342 
2981.496860 0.002125 
2980.330064 0.001031 
2979.163268 0.001069 
2977.996471 0.002239 
2976.829675 0.001975 
2975.662879 0.001565 
2974.496083 0.002253 
2973.329286 -0.000134 
2972.162490 0.001892 
2970.995694 0.000241 
2969.828898 0.002332 
2968.662101 0.001745 
2967.495305 0.001004 
2966.328509 0.002233 
2965.161713 0.002105 
2963.994916 0.001459 
2962.828120 0.000004 
2961.661324 0.001905 
2960.494528 0.002804 
2959.327731 0.001361 
2958.160935 0.001007 
2956.994139 0.003096 
2955.827342 0.000464 
2954.660546 0.002239 
2953.493750 0.001323 
2952.326954 0.002038 
2951.160157 0.002273 
2949.993361 0.001760 
2948.826565 0.000413 
2947.659769 0.001195 
2946.492972 0.002329 
2945.326176 0.002740 
2944.159380 0.002945 
2942.992584 0.000342 
2941.825787 0.000426 
2940.658991 0.002475 
2939.492195 0.001773 
2938.325398 0.001678 
2937.158602 0.001276 
2935.991806 0.001471 
2934.825010 0.001228 
2933.658213 0.002012 
2932.491417 0.002522 
2931.324621 0.001458 
2930.157825 0.000853 
2928.991028 0.002138 
2927.824232 0.000839 
2926.657436 0.001392 
2925.490640 0.000897 
2924.323843 0.002848 
2923.157047 0.002225 
2921.990251 0.001924 
2920.823454 0.000572 
2919.656658 0.002222 
2918.489862 0.002623 
2917.323066 0.001421 
2916.156269 0.001621 
2914.989473 -0.000585 
2913.822677 0.002257 
2912.655881 0.001797 
2911.489084 0.001239 
2910.322288 0.001436 
2909.155492 0.000771 
2907.988696 0.001424 
2906.821899 0.002234 
2905.655103 0.000846 
2904.488307 0.000206 
2903.321511 0.002817 
2902.154714 0.002416 
2900.987918 0.002952 
2899.821122 0.003402 
2898.654325 0.001730 
2897.487529 0.000374 
2896.320733 0.001221 
2895.153937 0.001599 
2893.987140 0.002548 
2892.820344 0.002050 
2891.653548 0.001450 
2890.486752 0.000501 
2889.319955 0.001758 
2888.153159 0.003143 
2886.986363 0.002849 
2885.819567 0.003344 
2884.652770 0.000780 
2883.485974 0.002216 
2882.319178 0.001686 
2881.152381 0.000522 
2879.985585 0.001568 
2878.818789 0.001415 
2877.651993 0.001769 
2876.485196 0.001297 
2875.318400 0.003255 
2874.151604 0.002156 
2872.984808 0.001298 
2871.818011 0.002484 
2870.651215 0.002156 
2869.484419 0.002090 
2868.317623 0.001676 
2867.150826 0.001241 
2865.984030 0.001666 
2864.817234 0.000924 
2863.650437 0.002633 
2862.483641 0.000429 
2861.316845 0.001435 
2860.150049 0.001530 
2858.983252 0.001962 
2857.816456 0.000501 
2856.649660 0.002330 
2855.482864 0.001500 
2854.316067 0.001556 
2853.149271 0.000828 
2851.982475 0.001041 
2850.815679 0.001126 
2849.648882 0.001473 
2848.482086 0.001666 
2847.315290 0.001964 
2846.148493 0.001844 
2844.981697 0.001469 
2843.814901 0.002716 
2842.648105 0.002834 
2841.481308 0.002001 
2840.314512 0.001717 
2839.147716 0.001347 
2837.980920 0.002381 
2836.814123 0.002006 
2835.647327 0.001556 
2834.480531 0.001202 
2833.313735 0.001985 
2832.146938 0.002263 
2830.980142 0.001606 
2829.813346 0.002070 
2828.646550 0.001920 
2827.479753 0.001134 
2826.312957 0.002221 
2825.146161 0.000675 
2823.979364 0.001728 
2822.812568 0.002015 
2821.645772 0.002178 
2820.478976 0.000448 
2819.312179 0.001526 
2818.145383 0.001417 
2816.978587 0.001584 
2815.811791 0.002104 
2814.644994 0.002249 
2813.478198 0.000996 
2812.311402 0.001017 
2811.144606 0.000961 
2809.977809 0.002479 
2808.811013 0.002097 
2807.644217 0.002454 
2806.477420 0.000800 
2805.310624 0.002433 
2804.143828 0.002659 
2802.977032 0.001603 
2801.810235 0.002311 
2800.643439 0.001776 
2799.476643 0.000604 
2798.309847 0.002528 
2797.143050 0.001501 
2795.976254 0.001357 
2794.809458 0.001589 
2793.642662 0.001754 
2792.475865 0.002065 
2791.309069 0.002046 
2790.142273 0.002300 
2788.975476 0.001241 
2787.808680 0.001129 
2786.641884 0.001498 
2785.475088 0.002276 
2784.308291 0.002138 
2783.141495 0.001556 
2781.974699 0.002275 
2780.807903 0.001310 
2779.641106 0.000771 
2778.474310 0.001524 
2777.307514 0.000755 
2776.140718 0.002276 
2774.973921 0.001185 
2773.807125 0.000600 
2772.640329 0.001378 
2771.473533 0.000567 
2770.306736 0.002215 
2769.139940 0.001448 
2767.973144 0.001412 
2766.806347 0.002591 
2765.639551 0.001268 
2764.472755 0.003125 
2763.305959 0.001898 
2762.139162 0.001025 
2760.972366 0.001742 
2759.805570 0.000621 
2758.638774 0.000521 
2757.471977 0.002487 
2756.305181 0.001870 
2755.138385 0.001978 
2753.971589 0.001968 
2752.804792 0.002310 
2751.637996 0.001864 
2750.471200 0.001189 
2749.304403 0.002460 
2748.137607 0.002194 
2746.970811 0.001265 
2745.804015 0.000969 
2744.637218 0.002532 
2743.470422 0.002521 
2742.303626 0.001183 
2741.136830 0.001571 
2739.970033 0.002716 
2738.803237 0.001599 
2737.636441 0.002184 
2736.469645 0.001847 
2735.302848 0.003256 
2734.136052 0.000979 
2732.969256 0.000326 
2731.802459 0.001671 
2730.635663 0.002798 
2729.468867 0.001535 
2728.302071 0.002327 
2727.135274 0.002105 
2725.968478 0.002149 
2724.801682 0.001506 
2723.634886 0.001153 
2722.468089 0.001768 
2721.301293 0.002827 
2720.134497 0.002209 
2718.967701 0.001672 
2717.800904 0.001517 
2716.634108 0.001954 
2715.467312 0.002630 
2714.300516 0.001348 
2713.133719 0.002614 
2711.966923 0.001924 
2710.800127 0.000481 
2709.633330 0.000101 
2708.466534 0.001734 
2707.299738 0.000818 
2706.132942 0.002931 
2704.966145 0.002834 
2703.799349 0.002513 
2702.632553 0.001858 
2701.465757 0.001921 
2700.298960 0.000759 
2699.132164 0.001545 
2697.965368 0.003036 
2696.798572 0.001593 
2695.631775 0.001675 
2694.464979 0.002259 
2693.298183 0.002047 
2692.131386 0.001156 
2690.964590 0.001925 
2689.797794 0.001990 
2688.630998 0.002247 
2687.464201 0.001358 
2686.297405 0.001882 
2685.130609 0.001400 
2683.963813 0.001121 
2682.797016 0.001119 
2681.630220 0.001903 
2680.463424 0.003547 
2679.296628 0.001218 
2678.129831 0.001713 
2676.963035 0.002136 
2675.796239 0.002544 
2674.629442 0.001683 
2673.462646 0.001509 
2672.295850 0.002040 
2671.129054 0.002369 
2669.962257 0.002137 
2668.795461 0.002413 
2667.628665 0.000538 
2666.461869 0.001507 
2665.295072 0.001072 
2664.128276 0.001923 
2662.961480 0.002350 
2661.794684 0.001253 
2660.627887 0.001944 
2659.461091 0.000942 
2658.294295 0.000806 
2657.127498 0.001615 
2655.960702 0.002359 
2654.793906 0.002295 
2653.627110 0.002253 
2652.460313 0.001861 
2651.293517 0.003050 
2650.126721 0.000915 
2648.959925 0.002127 
2647.793128 0.003253 
2646.626332 0.001038 
2645.459536 0.001433 
2644.292740 0.001330 
2643.125943 0.002684 
2641.959147 0.002853 
2640.792351 0.001505 
2639.625555 0.002275 
2638.458758 0.001807 
2637.291962 0.001768 
2636.125166 0.000586 
2634.958369 0.001677 
2633.791573 0.002041 
2632.624777 0.002405 
2631.457981 0.002862 
2630.291184 0.001732 
2629.124388 0.001250 
2627.957592 0.001589 
2626.790796 0.001137 
2625.623999 0.001810 
2624.457203 0.001178 
2623.290407 0.002860 
2622.123611 0.002094 
2620.956814 0.002036 
2619.790018 0.002577 
2618.623222 0.002082 
2617.456425 0.001716 
2616.289629 0.002402 
2615.122833 0.002033 
2613.956037 0.001331 
2612.789240 0.002927 
2611.622444 0.000815 
2610.455648 0.001242 
2609.288852 0.001776 
2608.122055 0.002227 
2606.955259 0.001599 
2605.788463 0.002373 
2604.621667 0.001736 
2603.454870 0.001555 
2602.288074 0.001209 
2601.121278 0.002226 
2599.954481 0.001459 
2598.787685 0.001882 
2597.620889 0.002268 
2596.454093 0.000969 
2595.287296 0.001052 
2594.120500 0.001950 
2592.953704 0.003264 
2591.786908 0.002278 
2590.620111 0.001734 
2589.453315 0.002037 
2588.286519 0.002902 
2587.119723 0.002248 
2585.952926 0.001693 
2584.786130 0.001972 
2583.619334 0.001575 
2582.452538 0.002169 
2581.285741 0.001929 
2580.118945 0.002267 
2578.952149 0.001339 
2577.785352 0.000966 
2576.618556 0.002187 
2575.451760 0.000888 
2574.284964 0.002535 
2573.118167 0.000333 
2571.951371 0.002672 
2570.784575 0.002226 
2569.617779 0.001191 
2568.450982 0.002493 
2567.284186 0.001621 
2566.117390 0.001677 
2564.950594 0.001717 
2563.783797 0.002385 
2562.617001 0.002601 
2561.450205 0.002257 
2560.283408 0.001765 
2559.116612 0.001531 
2557.949816 0.001505 
2556.783020 0.002368 
2555.616223 0.001290 
2554.449427 0.002398 
2553.282631 0.002010 
2552.115835 0.002082 
2550.949038 0.001059 
2549.782242 0.001381 
2548.615446 0.001822 
2547.448650 0.002920 
2546.281853 0.001178 
2545.115057 0.001906 
2543.948261 0.001558 
2542.781464 0.002771 
2541.614668 0.002481 
2540.447872 0.001224 
2539.281076 0.001981 
2538.114279 0.001655 
2536.947483 0.001931 
2535.780687 0.001961 
2534.613891 0.001894 
2533.447094 0.000950 
2532.280298 0.002212 
2531.113502 0.002158 
2529.946706 0.002605 
2528.779909 0.002733 
2527.613113 0.001519 
2526.446317 0.002374 
2525.279521 0.002363 
2524.112724 0.002816 
2522.945928 0.002536 
2521.779132 0.001936 
2520.612335 0.001645 
2519.445539 0.001804 
2518.278743 0.001560 
2517.111947 0.001566 
2515.945150 0.001743 
2514.778354 0.001897 
2513.611558 0.002125 
2512.444762 0.001257 
2511.277965 0.002117 
2510.111169 0.000806 
2508.944373 0.001673 
2507.777577 0.002937 
2506.610780 0.001987 
2505.443984 0.001573 
2504.277188 0.001508 
2503.110391 0.001904 
2501.943595 0.001224 
2500.776799 0.000926 
2499.610003 0.002630 
2498.443206 0.002094 
2497.276410 0.002728 
2496.109614 0.002186 
2494.942818 0.001548 
2493.776021 0.002304 
2492.609225 0.002192 
2491.442429 0.001851 
2490.275633 0.002276 
2489.108836 0.001344 
2487.942040 0.002242 
2486.775244 0.002246 
2485.608447 0.001969 
2484.441651 0.002140 
2483.274855 0.001595 
2482.108059 0.002009 
2480.941262 0.001810 
2479.774466 0.001893 
2478.607670 0.001993 
2477.440874 0.001988 
2476.274077 0.002319 
2475.107281 0.001772 
2473.940485 0.001846 
2472.773689 0.002621 
2471.606892 0.001701 
2470.440096 0.002337 
2469.273300 0.002044 
2468.106504 0.002070 
2466.939707 0.002477 
2465.772911 0.002128 
2464.606115 0.001667 
2463.439318 0.001567 
2462.272522 0.000791 
2461.105726 0.001969 
2459.938930 0.002393 
2458.772133 0.002431 
2457.605337 0.002643 
2456.438541 0.002198 
2455.271745 0.001317 
2454.104948 0.001459 
2452.938152 0.002958 
2451.771356 0.002920 
2450.604560 0.001318 
2449.437763 0.001396 
2448.270967 0.001862 
2447.104171 0.001903 
2445.937374 0.002237 
2444.770578 0.001651 
2443.603782 0.000928 
2442.436986 0.001808 
2441.270189 0.001474 
2440.103393 0.001647 
2438.936597 0.001225 
2437.769801 0.002082 
2436.603004 0.001467 
2435.436208 0.001846 
2434.269412 0.001832 
2433.102616 0.001320 
2431.935819 0.001977 
2430.769023 0.001358 
2429.602227 0.002559 
2428.435430 0.001483 
2427.268634 0.001582 
2426.101838 0.002055 
2424.935042 0.002052 
2423.768245 0.002644 
2422.601449 0.001649 
2421.434653 0.001831 
2420.267857 0.002244 
2419.101060 0.002030 
2417.934264 0.001617 
2416.767468 0.002241 
2415.600672 0.001982 
2414.433875 0.000907 
2413.267079 0.002100 
2412.100283 0.001873 
2410.933486 0.001907 
2409.766690 0.002237 
2408.599894 0.001451 
2407.433098 0.001554 
2406.266301 0.002205 
2405.099505 0.001446 
2403.932709 0.001644 
2402.765913 0.001989 
2401.599116 0.001723 
2400.432320 0.001838 
2399.265524 0.001656 
2398.098728 0.001241 
2396.931931 0.002135 
2395.765135 0.001721 
2394.598339 0.001826 
2393.431543 0.001960 
2392.264746 0.001936 
2391.097950 0.001901 
2389.931154 0.001659 
2388.764357 0.000789 
2387.597561 0.001349 
2386.430765 0.002078 
2385.263969 0.002276 
2384.097172 0.001311 
2382.930376 0.001940 
2381.763580 0.001610 
2380.596784 0.001303 
2379.429987 0.000987 
2378.263191 0.001214 
2377.096395 0.002094 
2375.929599 0.000156 
2374.762802 0.000345 
2373.596006 -0.000080 
2372.429210 -0.001011 
2371.262413 0.000303 
2370.095617 -0.001397 
2368.928821 -0.000808 
2367.762025 0.000615 
2366.595228 -0.000311 
2365.428432 -0.002816 
2364.261636 -0.003056 
2363.094840 -0.000328 
2361.928043 -0.001407 
2360.761247 -0.000386 
2359.594451 -0.000479 
2358.427655 -0.000847 
2357.260858 -0.000684 
2356.094062 -0.001156 
2354.927266 -0.000008 
2353.760469 0.000842 
2352.593673 0.000561 
2351.426877 -0.000869 
2350.260081 0.001063 
2349.093284 0.001667 
2347.926488 0.002272 
2346.759692 0.002388 
2345.592896 0.001620 
2344.426099 -0.002028 
2343.259303 -0.003170 
2342.092507 -0.000092 
2340.925711 -0.000321 
2339.758914 -0.004031 
2338.592118 0.000277 
2337.425322 0.000065 
2336.258526 -0.003995 
2335.091729 -0.000965 
2333.924933 0.000203 
2332.758137 -0.004697 
2331.591340 0.001368 
2330.424544 -0.000696 
2329.257748 -0.001560 
2328.090952 0.000735 
2326.924155 -0.001879 
2325.757359 0.000764 
2324.590563 -0.000615 
2323.423767 -0.001746 
2322.256970 0.001638 
2321.090174 0.000137 
2319.923378 -0.000400 
2318.756582 0.001685 
2317.589785 -0.000065 
2316.422989 0.000544 
2315.256193 0.001572 
2314.089396 0.000879 
2312.922600 0.001047 
2311.755804 0.000447 
2310.589008 0.001079 
2309.422211 0.001031 
2308.255415 0.001495 
2307.088619 0.000868 
2305.921823 0.001328 
2304.755026 0.001163 
2303.588230 0.001306 
2302.421434 0.002411 
2301.254638 0.000904 
2300.087841 0.001194 
2298.921045 0.000828 
2297.754249 0.001105 
2296.587452 0.000027 
2295.420656 0.001458 
2294.253860 0.001196 
2293.087064 0.001323 
2291.920267 0.001766 
2290.753471 0.001357 
2289.586675 0.001452 
2288.419879 0.001068 
2287.253082 0.000196 
2286.086286 0.001636 
2284.919490 0.001192 
2283.752694 0.001777 
2282.585897 0.001558 
2281.419101 0.001848 
2280.252305 0.001680 
2279.085509 0.000497 
2277.918712 0.002123 
2276.751916 0.001553 
2275.585120 0.000858 
2274.418323 0.001629 
2273.251527 0.001228 
2272.084731 0.001629 
2270.917935 0.001886 
2269.751138 0.002436 
2268.584342 0.001500 
2267.417546 0.000886 
2266.250750 0.001228 
2265.083953 0.001761 
2263.917157 0.001807 
2262.750361 0.001261 
2261.583565 0.001643 
2260.416768 0.001726 
2259.249972 0.001080 
2258.083176 0.001614 
2256.916379 0.001446 
2255.749583 0.001600 
2254.582787 0.001634 
2253.415991 0.002011 
2252.249194 0.000680 
2251.082398 0.001268 
2249.915602 0.001313 
2248.748806 0.001410 
2247.582009 0.001640 
2246.415213 0.001167 
2245.248417 0.001589 
2244.081621 0.000930 
2242.914824 0.001161 
2241.748028 0.001181 
2240.581232 0.001746 
2239.414435 0.002739 
2238.247639 0.001409 
2237.080843 0.000606 
2235.914047 0.001163 
2234.747250 0.001212 
2233.580454 0.001472 
2232.413658 0.001414 
2231.246862 0.002147 
2230.080065 0.001857 
2228.913269 0.001979 
2227.746473 0.001698 
2226.579677 0.001484 
2225.412880 0.002588 
2224.246084 0.001437 
2223.079288 0.002497 
2221.912491 0.001421 
2220.745695 0.002943 
2219.578899 0.002164 
2218.412103 0.002684 
2217.245306 0.002835 
2216.078510 0.002817 
2214.911714 0.002864 
2213.744918 0.002739 
2212.578121 0.002176 
2211.411325 0.002890 
2210.244529 0.001568 
2209.077733 0.003484 
2207.910936 0.002498 
2206.744140 0.001502 
2205.577344 0.002784 
2204.410548 0.003123 
2203.243751 0.001990 
2202.076955 0.002385 
2200.910159 0.002278 
2199.743362 0.002763 
2198.576566 0.002515 
2197.409770 0.002803 
2196.242974 0.002954 
2195.076177 0.002495 
2193.909381 0.002736 
2192.742585 0.002377 
2191.575789 0.002773 
2190.408992 0.002704 
2189.242196 0.001581 
2188.075400 0.002768 
2186.908604 0.002799 
2185.741807 0.002707 
2184.575011 0.002257 
2183.408215 0.002065 
2182.241418 0.001997 
2181.074622 0.001532 
2179.907826 0.001530 
2178.741030 0.001756 
2177.574233 0.002074 
2176.407437 0.002931 
2175.240641 0.002370 
2174.073845 0.002543 
2172.907048 0.002953 
2171.740252 0.002332 
2170.573456 0.001747 
2169.406660 0.001560 
2168.239863 0.002389 
2167.073067 0.002336 
2165.906271 0.001957 
2164.739474 0.001772 
2163.572678 0.001594 
2162.405882 0.001221 
2161.239086 0.002371 
2160.072289 0.001853 
2158.905493 0.002639 
2157.738697 0.002531 
2156.571901 0.002005 
2155.405104 0.002335 
2154.238308 0.002542 
2153.071512 0.003800 
2151.904716 0.005894 
2150.737919 0.004692 
2149.571123 0.006148 
2148.404327 0.006784 
2147.237531 0.007455 
2146.070734 0.009677 
2144.903938 0.009883 
2143.737142 0.018289 
2142.570345 0.047696 
2141.403549 0.094825 
2140.236753 0.178807 
2139.069957 0.296509 
2137.903160 0.192444 
2136.736364 0.062984 
2135.569568 0.026695 
2134.402772 0.008321 
2133.235975 0.002215 
2132.069179 0.000356 
2130.902383 0.000628 
2129.735587 -0.000181 
2128.568790 -0.000054 
2127.401994 -0.000765 
2126.235198 -0.000108 
2125.068401 -0.000254 
2123.901605 -0.000471 
2122.734809 -0.000526 
2121.568013 -0.000110 
2120.401216 -0.000266 
2119.234420 -0.000721 
2118.067624 -0.000651 
2116.900828 -0.000044 
2115.734031 0.000720 
2114.567235 -0.000055 
2113.400439 0.000248 
2112.233643 -0.000916 
2111.066846 -0.000918 
2109.900050 0.000043 
2108.733254 -0.001021 
2107.566457 0.000357 
2106.399661 0.000213 
2105.232865 -0.000873 
2104.066069 0.000441 
2102.899272 0.000232 
2101.732476 0.001192 
2100.565680 0.000150 
2099.398884 -0.000298 
2098.232087 -0.001047 
2097.065291 -0.000156 
2095.898495 0.000184 
2094.731699 0.002005 
2093.564902 0.003268 
2092.398106 0.005315 
2091.231310 0.002192 
2090.064514 0.000645 
2088.897717 0.000896 
2087.730921 0.000475 
2086.564125 0.000300 
2085.397328 0.000050 
2084.230532 -0.001414 
2083.063736 -0.001407 
2081.896940 -0.001109 
2080.730143 -0.000241 
2079.563347 0.000529 
2078.396551 -0.000248 
2077.229755 0.000185 
2076.062958 0.000763 
2074.896162 0.000640 
2073.729366 0.000426 
2072.562570 0.000724 
2071.395773 0.000654 
2070.228977 -0.000345 
2069.062181 -0.000489 
2067.895384 0.000628 
2066.728588 0.000401 
2065.561792 0.000401 
2064.394996 -0.000096 
2063.228199 -0.000752 
2062.061403 -0.000124 
2060.894607 0.000198 
2059.727811 0.000041 
2058.561014 -0.000195 
2057.394218 -0.000487 
2056.227422 0.000872 
2055.060626 0.000534 
2053.893829 0.000584 
2052.727033 -0.000008 
2051.560237 -0.000462 
2050.393440 -0.000719 
2049.226644 0.000465 
2048.059848 -0.000072 
2046.893052 0.000155 
2045.726255 -0.000165 
2044.559459 0.000067 
2043.392663 0.000684 
2042.225867 0.000648 
2041.059070 0.000777 
2039.892274 -0.000443 
2038.725478 -0.000072 
2037.558682 0.000549 
2036.391885 -0.000445 
2035.225089 -0.000508 
2034.058293 0.000634 
2032.891496 0.000025 
2031.724700 -0.000126 
2030.557904 -0.000854 
2029.391108 -0.000875 
2028.224311 -0.000406 
2027.057515 -0.000430 
2025.890719 -0.000702 
2024.723923 0.000912 
2023.557126 -0.000723 
2022.390330 -0.000725 
2021.223534 -0.000295 
2020.056738 -0.000228 
2018.889941 0.000837 
2017.723145 -0.000479 
2016.556349 -0.000042 
2015.389553 -0.001456 
2014.222756 -0.000898 
2013.055960 0.000209 
2011.889164 0.000552 
2010.722367 0.000360 
2009.555571 0.000010 
2008.388775 -0.000025 
2007.221979 0.000364 
2006.055182 0.000599 
2004.888386 -0.000364 
2003.721590 -0.000182 
2002.554794 -0.000741 
2001.387997 0.000349 
2000.221201 -0.000094 
1999.054405 -0.000695 
1997.887609 -0.000394 
1996.720812 -0.001416 
1995.554016 -0.000386 
1994.387220 0.000559 
1993.220423 0.000437 
1992.053627 -0.000748 
1990.886831 -0.000350 
1989.720035 0.000214 
1988.553238 0.000239 
1987.386442 -0.000109 
1986.219646 -0.000735 
1985.052850 0.001019 
1983.886053 0.000078 
1982.719257 0.000178 
1981.552461 -0.000604 
1980.385665 -0.000464 
1979.218868 -0.000117 
1978.052072 0.000329 
1976.885276 -0.000479 
1975.718479 0.000008 
1974.551683 -0.000130 
1973.384887 -0.000068 
1972.218091 0.000422 
1971.051294 -0.000447 
1969.884498 -0.000855 
1968.717702 0.000254 
1967.550906 -0.000801 
1966.384109 -0.000053 
1965.217313 -0.000859 
1964.050517 -0.000543 
1962.883721 -0.000133 
1961.716924 -0.000247 
1960.550128 -0.000289 
1959.383332 -0.000143 
1958.216536 -0.000206 
1957.049739 0.000553 
1955.882943 0.000419 
1954.716147 0.000232 
1953.549350 -0.001393 
1952.382554 -0.000530 
1951.215758 0.000468 
1950.048962 0.000395 
1948.882165 0.000582 
1947.715369 -0.000251 
1946.548573 -0.000100 
1945.381777 -0.001136 
1944.214980 0.000169 
1943.048184 -0.000132 
1941.881388 0.000177 
1940.714592 -0.000961 
1939.547795 -0.000379 
1938.380999 -0.000944 
1937.214203 0.000754 
1936.047406 -0.000168 
1934.880610 -0.000496 
1933.713814 -0.000908 
1932.547018 -0.001021 
1931.380221 -0.001008 
1930.213425 -0.000012 
1929.046629 0.000032 
1927.879833 0.000972 
1926.713036 -0.000119 
1925.546240 0.000568 
1924.379444 0.000229 
1923.212648 -0.001261 
1922.045851 -0.000324 
1920.879055 -0.000381 
1919.712259 0.000027 
1918.545462 0.000155 
1917.378666 0.000035 
1916.211870 -0.000182 
1915.045074 0.000046 
1913.878277 0.000167 
1912.711481 0.000833 
1911.544685 -0.000700 
1910.377889 -0.000111 
1909.211092 -0.000623 
1908.044296 0.000158 
1906.877500 -0.000146 
1905.710704 0.000122 
1904.543907 -0.000300 
1903.377111 -0.001178 
1902.210315 -0.001621 
1901.043519 -0.000604 
1899.876722 -0.001129 
1898.709926 -0.000599 
1897.543130 0.000014 
1896.376333 -0.000120 
1895.209537 -0.000245 
1894.042741 -0.000838 
1892.875945 0.000226 
1891.709148 -0.000108 
1890.542352 -0.000139 
1889.375556 -0.000320 
1888.208760 -0.000237 
1887.041963 0.000149 
1885.875167 -0.000695 
1884.708371 -0.000910 
1883.541575 -0.000344 
1882.374778 -0.000529 
1881.207982 0.000387 
1880.041186 0.000012 
1878.874389 0.000318 
1877.707593 0.001247 
1876.540797 -0.000580 
1875.374001 0.000175 
1874.207204 -0.000206 
1873.040408 0.000413 
1871.873612 -0.000624 
1870.706816 -0.001123 
1869.540019 -0.000634 
1868.373223 -0.000771 
1867.206427 -0.000732 
1866.039631 -0.000285 
1864.872834 -0.000839 
1863.706038 0.000617 
1862.539242 -0.000153 
1861.372445 -0.001190 
1860.205649 -0.000495 
1859.038853 0.000015 
1857.872057 0.000357 
1856.705260 -0.000162 
1855.538464 0.000602 
1854.371668 -0.000730 
1853.204872 -0.000935 
1852.038075 0.000365 
1850.871279 0.000057 
1849.704483 0.000283 
1848.537687 -0.000660 
1847.370890 -0.000584 
1846.204094 -0.000183 
1845.037298 -0.000816 
1843.870502 -0.000749 
1842.703705 0.000220 
1841.536909 -0.000492 
1840.370113 0.000165 
1839.203316 -0.001143 
1838.036520 -0.000585 
1836.869724 0.000130 
1835.702928 -0.001014 
1834.536131 -0.000254 
1833.369335 -0.000685 
1832.202539 0.000039 
1831.035743 -0.000222 
1829.868946 -0.000374 
1828.702150 -0.000528 
1827.535354 0.000094 
1826.368558 -0.000431 
1825.201761 -0.000441 
1824.034965 -0.000815 
1822.868169 0.000416 
1821.701372 -0.000143 
1820.534576 -0.000623 
1819.367780 -0.000452 
1818.200984 -0.000651 
1817.034187 -0.000382 
1815.867391 -0.000706 
1814.700595 0.000290 
1813.533799 -0.001071 
1812.367002 -0.000710 
1811.200206 0.000102 
1810.033410 -0.001035 
1808.866614 -0.000099 
1807.699817 -0.000570 
1806.533021 -0.000571 
1805.366225 -0.000139 
1804.199428 -0.000609 
1803.032632 0.000387 
1801.865836 -0.000690 
1800.699040 -0.001109 
1799.532243 -0.000809 
1798.365447 -0.000095 
1797.198651 -0.000151 
1796.031855 -0.000480 
1794.865058 -0.000841 
1793.698262 -0.000186 
1792.531466 -0.000156 
1791.364670 0.000374 
1790.197873 -0.000946 
1789.031077 -0.000516 
1787.864281 -0.000635 
1786.697484 -0.000400 
1785.530688 -0.000714 
1784.363892 -0.000105 
1783.197096 0.000419 
1782.030299 -0.000657 
1780.863503 -0.000376 
1779.696707 -0.000325 
1778.529911 -0.001260 
1777.363114 -0.000591 
1776.196318 -0.000438 
1775.029522 -0.000412 
1773.862726 -0.000658 
1772.695929 -0.000298 
1771.529133 0.000456 
1770.362337 -0.000069 
1769.195541 -0.000483 
1768.028744 -0.000454 
1766.861948 0.000195 
1765.695152 -0.000492 
1764.528355 0.000502 
1763.361559 -0.000175 
1762.194763 0.000005 
1761.027967 -0.000195 
1759.861170 0.000120 
1758.694374 -0.000565 
1757.527578 -0.001198 
1756.360782 -0.001180 
1755.193985 0.000079 
1754.027189 0.000213 
1752.860393 -0.000093 
1751.693597 -0.000660 
1750.526800 -0.000032 
1749.360004 -0.000006 
1748.193208 -0.000708 
1747.026411 -0.001079 
1745.859615 -0.000290 
1744.692819 -0.000567 
1743.526023 -0.000268 
1742.359226 0.000204 
1741.192430 -0.000094 
1740.025634 0.000192 
1738.858838 -0.000157 
1737.692041 -0.000471 
1736.525245 -0.000411 
1735.358449 -0.000469 
1734.191653 -0.000164 
1733.024856 -0.000109 
1731.858060 -0.000877 
1730.691264 0.000115 
1729.524467 0.000010 
1728.357671 -0.000292 
1727.190875 -0.000199 
1726.024079 -0.000237 
1724.857282 0.000303 
1723.690486 -0.000177 
1722.523690 -0.000224 
1721.356894 0.000161 
1720.190097 -0.000249 
1719.023301 0.000045 
1717.856505 0.000289 
1716.689709 0.000574 
1715.522912 -0.000536 
1714.356116 -0.000634 
1713.189320 -0.000379 
1712.022524 -0.000396 
1710.855727 0.000284 
1709.688931 0.000296 
1708.522135 -0.000294 
1707.355338 -0.000583 
1706.188542 -0.000208 
1705.021746 -0.000252 
1703.854950 0.000297 
1702.688153 -0.000281 
1701.521357 0.000500 
1700.354561 0.000682 
1699.187765 -0.000219 
1698.020968 -0.000091 
1696.854172 -0.000229 
1695.687376 -0.001085 
1694.520580 0.000523 
1693.353783 -0.000255 
1692.186987 0.000029 
1691.020191 -0.000296 
1689.853394 0.000097 
1688.686598 -0.000246 
1687.519802 0.001197 
1686.353006 -0.000613 
1685.186209 -0.000202 
1684.019413 -0.000080 
1682.852617 0.000173 
1681.685821 0.000654 
1680.519024 -0.000084 
1679.352228 -0.000415 
1678.185432 -0.000578 
1677.018636 0.000399 
1675.851839 0.000344 
1674.685043 -0.000604 
1673.518247 0.000494 
1672.351450 0.000121 
1671.184654 0.000332 
1670.017858 -0.001071 
1668.851062 -0.000393 
1667.684265 0.001540 
1666.517469 -0.000145 
1665.350673 0.000242 
1664.183877 0.000388 
1663.017080 -0.000255 
1661.850284 0.000119 
1660.683488 0.000148 
1659.516692 0.000458 
1658.349895 -0.000145 
1657.183099 0.000578 
1656.016303 0.000845 
1654.849507 0.000218 
1653.682710 0.000295 
1652.515914 0.000667 
1651.349118 -0.000137 
1650.182321 0.000990 
1649.015525 0.000660 
1647.848729 0.000787 
1646.681933 0.001091 
1645.515136 0.000654 
1644.348340 0.000573 
1643.181544 -0.000136 
1642.014748 -0.000523 
1640.847951 0.000611 
1639.681155 -0.000431 
1638.514359 0.000618 
1637.347563 -0.000171 
1636.180766 0.001515 
1635.013970 0.000005 
1633.847174 0.001658 
1632.680377 0.000568 
1631.513581 0.000934 
1630.346785 -0.000181 
1629.179989 0.001551 
1628.013192 -0.000219 
1626.846396 0.000334 
1625.679600 0.001348 
1624.512804 -0.000658 
1623.346007 0.000385 
1622.179211 -0.000248 
1621.012415 0.000476 
1619.845619 -0.000219 
1618.678822 -0.000146 
1617.512026 -0.000005 
1616.345230 0.000064 
1615.178433 -0.000231 
1614.011637 -0.000595 
1612.844841 0.000533 
1611.678045 0.000208 
1610.511248 0.000185 
1609.344452 0.000089 
1608.177656 0.000280 
1607.010860 -0.000663 
1605.844063 0.000048 
1604.677267 0.000297 
1603.510471 0.001070 
1602.343675 0.001224 
1601.176878 0.000164 
1600.010082 -0.000374 
1598.843286 -0.000330 
1597.676489 0.000425 
1596.509693 -0.000291 
1595.342897 -0.000178 
1594.176101 0.000310 
1593.009304 -0.000699 
1591.842508 -0.000652 
1590.675712 0.000184 
1589.508916 0.000369 
1588.342119 -0.000039 
1587.175323 -0.000431 
1586.008527 0.000450 
1584.841731 0.000268 
1583.674934 -0.000591 
1582.508138 0.000248 
1581.341342 -0.000873 
1580.174546 -0.000486 
1579.007749 -0.001403 
1577.840953 0.000248 
1576.674157 -0.000175 
1575.507360 -0.000606 
1574.340564 -0.000151 
1573.173768 0.000095 
1572.006972 -0.000573 
1570.840175 -0.000261 
1569.673379 -0.000434 
1568.506583 0.000281 
1567.339787 -0.000116 
1566.172990 0.000537 
1565.006194 -0.000540 
1563.839398 -0.000417 
1562.672602 -0.000191 
1561.505805 -0.000144 
1560.339009 0.000021 
1559.172213 0.000704 
1558.005416 -0.000503 
1556.838620 0.000022 
1555.671824 -0.000116 
1554.505028 -0.000653 
1553.338231 0.000008 
1552.171435 0.000374 
1551.004639 -0.000070 
1549.837843 0.000662 
1548.671046 0.000113 
1547.504250 0.000756 
1546.337454 -0.000120 
1545.170658 0.000180 
1544.003861 0.000378 
1542.837065 0.000032 
1541.670269 0.000306 
1540.503472 -0.000230 
1539.336676 0.000583 
1538.169880 -0.000024 
1537.003084 -0.000472 
1535.836287 -0.000334 
1534.669491 -0.001090 
1533.502695 -0.000746 
1532.335899 -0.000085 
1531.169102 0.000943 
1530.002306 -0.000756 
1528.835510 -0.000777 
1527.668714 -0.000172 
1526.501917 -0.000144 
1525.335121 -0.000340 
1524.168325 0.000014 
1523.001529 0.000202 
1521.834732 0.000627 
1520.667936 0.000208 
1519.501140 -0.000235 
1518.334343 0.000283 
1517.167547 0.000248 
1516.000751 -0.000639 
1514.833955 -0.000707 
1513.667158 -0.000072 
1512.500362 0.000655 
1511.333566 0.000334 
1510.166770 -0.000631 
1508.999973 -0.000367 
1507.833177 -0.000474 
1506.666381 -0.000281 
1505.499585 0.000120 
1504.332788 -0.000158 
1503.165992 0.000283 
1501.999196 -0.000951 
1500.832399 -0.001056 
1499.665603 0.000108 
1498.498807 0.001018 
1497.332011 -0.000565 
1496.165214 -0.000359 
1494.998418 -0.000804 
1493.831622 -0.000017 
1492.664826 -0.001362 
1491.498029 -0.000387 
1490.331233 -0.000492 
1489.164437 -0.000292 
1487.997641 -0.000199 
1486.830844 -0.000539 
1485.664048 -0.000006 
1484.497252 -0.000019 
1483.330455 0.000196 
1482.163659 -0.000015 
1480.996863 -0.000292 
1479.830067 -0.000062 
1478.663270 -0.000201 
1477.496474 0.000496 
1476.329678 -0.000179 
1475.162882 -0.000878 
1473.996085 -0.000357 
1472.829289 -0.000528 
1471.662493 0.000384 
1470.495697 -0.000092 
1469.328900 -0.000690 
1468.162104 -0.000479 
1466.995308 -0.000176 
1465.828512 -0.000605 
1464.661715 -0.000963 
1463.494919 -0.001095 
1462.328123 -0.000658 
1461.161326 -0.000484 
1459.994530 -0.000294 
1458.827734 -0.000801 
1457.660938 -0.000433 
1456.494141 0.000350 
1455.327345 -0.000318 
1454.160549 -0.001239 
1452.993753 -0.000694 
1451.826956 -0.000002 
1450.660160 0.000087 
1449.493364 -0.000488 
1448.326568 0.000008 
1447.159771 -0.000305 
1445.992975 -0.000393 
1444.826179 -0.000495 
1443.659382 -0.000716 
1442.492586 -0.000358 
1441.325790 -0.000822 
1440.158994 -0.001496 
1438.992197 -0.000552 
1437.825401 -0.000488 
1436.658605 -0.000666 
1435.491809 -0.001182 
1434.325012 -0.000559 
1433.158216 -0.000362 
1431.991420 -0.000627 
1430.824624 0.000599 
1429.657827 0.000002 
1428.491031 -0.000163 
1427.324235 0.000465 
1426.157438 -0.000875 
1424.990642 -0.001557 
1423.823846 -0.000340 
1422.657050 -0.000803 
1421.490253 -0.000390 
1420.323457 -0.000223 
1419.156661 -0.000603 
1417.989865 -0.000121 
1416.823068 -0.001267 
1415.656272 -0.000092 
1414.489476 -0.000367 
1413.322680 -0.000764 
1412.155883 -0.000545 
1410.989087 -0.000616 
1409.822291 -0.000431 
1408.655494 -0.001344 
1407.488698 0.000013 
1406.321902 -0.000353 
1405.155106 0.000239 
1403.988309 -0.000500 
1402.821513 -0.000405 
1401.654717 -0.000141 
1400.487921 -0.000787 
1399.321124 -0.001382 
1398.154328 -0.001328 
1396.987532 0.000456 
1395.820736 -0.000196 
1394.653939 -0.000277 
1393.487143 -0.001104 
1392.320347 -0.000191 
1391.153551 -0.000847 
1389.986754 -0.000191 
1388.819958 -0.000619 
1387.653162 -0.001145 
1386.486365 -0.001761 
1385.319569 0.000029 
1384.152773 -0.000830 
1382.985977 -0.000155 
1381.819180 -0.000571 
1380.652384 -0.000553 
1379.485588 0.000410 
1378.318792 0.000187 
1377.151995 -0.000371 
1375.985199 0.000728 
1374.818403 -0.000194 
1373.651607 0.001598 
1372.484810 0.000464 
1371.318014 -0.000595 
1370.151218 -0.000800 
1368.984421 -0.000798 
1367.817625 0.000120 
1366.650829 0.000080 
1365.484033 0.000726 
1364.317236 0.000144 
1363.150440 0.000774 
1361.983644 0.001224 
1360.816848 -0.000074 
1359.650051 0.000293 
1358.483255 0.000098 
1357.316459 -0.000500 
1356.149663 -0.000312 
1354.982866 -0.000766 
1353.816070 -0.000195 
1352.649274 -0.000395 
1351.482477 0.000383 
1350.315681 -0.000295 
1349.148885 -0.000056 
1347.982089 -0.000522 
1346.815292 -0.000307 
1345.648496 -0.000546 
1344.481700 0.000991 
1343.314904 -0.000493 
1342.148107 0.000302 
1340.981311 -0.000080 
1339.814515 0.000011 
1338.647719 0.000438 
1337.480922 -0.000657 
1336.314126 0.000192 
1335.147330 0.000206 
1333.980534 0.000243 
1332.813737 -0.000058 
1331.646941 -0.000664 
1330.480145 0.000005 
1329.313348 0.000369 
1328.146552 0.000301 
1326.979756 0.000551 
1325.812960 0.000147 
1324.646163 0.000407 
1323.479367 0.000029 
1322.312571 -0.000260 
1321.145775 -0.000222 
1319.978978 -0.000580 
1318.812182 -0.000278 
1317.645386 0.000520 
1316.478590 -0.000199 
1315.311793 0.000501 
1314.144997 0.000085 
1312.978201 0.000205 
1311.811404 0.000264 
1310.644608 0.000806 
1309.477812 -0.000078 
1308.311016 -0.000323 
1307.144219 -0.000099 
1305.977423 -0.000691 
1304.810627 -0.000106 
1303.643831 -0.000290 
1302.477034 0.000491 
1301.310238 0.000177 
1300.143442 -0.000046 
1298.976646 0.000565 
1297.809849 0.000188 
1296.643053 0.000962 
1295.476257 0.000585 
1294.309460 0.000158 
1293.142664 -0.000657 
1291.975868 -0.000629 
1290.809072 0.000009 
1289.642275 0.000139 
1288.475479 -0.000380 
1287.308683 -0.000081 
1286.141887 -0.000164 
1284.975090 0.000382 
1283.808294 -0.000475 
1282.641498 -0.000085 
1281.474702 -0.000072 
1280.307905 0.000049 
1279.141109 0.000126 
1277.974313 0.000025 
1276.807517 0.000069 
1275.640720 -0.000212 
1274.473924 0.000614 
1273.307128 0.000296 
1272.140331 0.000440 
1270.973535 0.000390 
1269.806739 -0.000251 
1268.639943 0.000200 
1267.473146 0.000499 
1266.306350 -0.000271 
1265.139554 0.000230 
1263.972758 0.000003 
1262.805961 -0.000451 
1261.639165 0.000444 
1260.472369 0.000578 
1259.305573 0.000040 
1258.138776 0.000695 
1256.971980 0.000284 
1255.805184 0.000405 
1254.638387 0.000556 
1253.471591 0.000897 
1252.304795 -0.000005 
1251.137999 0.000144 
1249.971202 -0.000385 
1248.804406 0.000536 
1247.637610 -0.000160 
1246.470814 0.000164 
1245.304017 -0.000216 
1244.137221 -0.000287 
1242.970425 0.000610 
1241.803629 -0.000198 
1240.636832 -0.000280 
1239.470036 0.000836 
1238.303240 0.000437 
1237.136443 -0.000164 
1235.969647 0.000013 
1234.802851 0.000058 
1233.636055 0.000279 
1232.469258 0.000070 
1231.302462 -0.000629 
1230.135666 -0.001596 
1228.968870 0.001110 
1227.802073 0.000345 
1226.635277 0.001334 
1225.468481 0.000035 
1224.301685 0.000661 
1223.134888 -0.000948 
1221.968092 -0.000596 
1220.801296 0.000218 
1219.634499 -0.000073 
1218.467703 -0.000391 
1217.300907 0.000326 
1216.134111 0.000413 
1214.967314 0.000609 
1213.800518 0.000100 
1212.633722 -0.000505 
1211.466926 0.000867 
1210.300129 0.000836 
1209.133333 -0.000627 
1207.966537 -0.000476 
1206.799741 0.000956 
1205.632944 -0.000209 
1204.466148 0.000266 
1203.299352 -0.000049 
1202.132556 0.000137 
1200.965759 0.000566 
1199.798963 -0.000107 
1198.632167 0.000030 
1197.465370 0.000192 
1196.298574 0.000105 
1195.131778 0.000449 
1193.964982 -0.000872 
1192.798185 0.000180 
1191.631389 -0.000821 
1190.464593 -0.000304 
1189.297797 0.000788 
1188.131000 0.000161 
1186.964204 -0.000008 
1185.797408 0.000405 
1184.630612 0.000475 
1183.463815 0.000127 
1182.297019 0.000757 
1181.130223 -0.000375 
1179.963426 0.000199 
1178.796630 0.000828 
1177.629834 -0.000932 
1176.463038 -0.000317 
1175.296241 0.000212 
1174.129445 -0.000898 
1172.962649 0.000252 
1171.795853 -0.000362 
1170.629056 0.000003 
1169.462260 0.001362 
1168.295464 0.000092 
1167.128668 -0.000505 
1165.961871 -0.000622 
1164.795075 0.000172 
1163.628279 0.001291 
1162.461482 0.000383 
1161.294686 0.000086 
1160.127890 0.000583 
1158.961094 0.000912 
1157.794297 0.000904 
1156.627501 -0.000654 
1155.460705 -0.000853 
1154.293909 0.000596 
1153.127112 0.001000 
1151.960316 -0.001039 
1150.793520 -0.000117 
1149.626724 -0.000390 
1148.459927 -0.000460 
1147.293131 -0.000637 
1146.126335 0.000207 
1144.959539 0.000761 
1143.792742 0.000070 
1142.625946 0.000579 
1141.459150 0.001162 
1140.292353 0.000351 
1139.125557 0.000273 
1137.958761 0.000458 
1136.791965 0.000865 
1135.625168 0.000116 
1134.458372 0.000182 
1133.291576 0.000044 
1132.124780 0.000442 
1130.957983 0.000279 
1129.791187 -0.000452 
1128.624391 -0.000013 
1127.457595 0.000426 
1126.290798 0.000162 
1125.124002 0.000652 
1123.957206 0.000285 
1122.790409 0.000172 
1121.623613 0.000667 
1120.456817 -0.000443 
1119.290021 -0.000635 
1118.123224 -0.000320 
1116.956428 0.001859 
1115.789632 0.000126 
1114.622836 -0.000066 
1113.456039 -0.000021 
1112.289243 -0.000472 
1111.122447 -0.000349 
1109.955651 0.000926 
1108.788854 0.000540 
1107.622058 0.000154 
1106.455262 0.001099 
1105.288465 0.000796 
1104.121669 -0.000170 
1102.954873 0.000258 
1101.788077 -0.000078 
1100.621280 0.000963 
1099.454484 -0.000164 
1098.287688 0.000301 
1097.120892 -0.000473 
1095.954095 0.000292 
1094.787299 0.000624 
1093.620503 -0.000835 
1092.453707 -0.000185 
1091.286910 0.000124 
1090.120114 0.000410 
1088.953318 0.000598 
1087.786522 0.000134 
1086.619725 -0.001038 
1085.452929 0.001698 
1084.286133 0.000256 
1083.119336 0.001064 
1081.952540 0.000599 
1080.785744 0.000252 
1079.618948 0.000210 
1078.452151 0.000615 
1077.285355 0.000124 
1076.118559 0.000342 
1074.951763 -0.000185 
1073.784966 0.000549 
1072.618170 0.000296 
1071.451374 -0.000385 
1070.284578 0.000729 
1069.117781 0.000261 
1067.950985 -0.000282 
1066.784189 0.001600 
1065.617392 0.001358 
1064.450596 0.000264 
1063.283800 0.000746 
1062.117004 0.000658 
1060.950207 0.000772 
1059.783411 0.000861 
1058.616615 0.001295 
1057.449819 0.000419 
1056.283022 0.000970 
1055.116226 0.000488 
1053.949430 0.000281 
1052.782634 0.000177 
1051.615837 0.001215 
1050.449041 -0.000306 
1049.282245 0.000017 
1048.115448 0.000079 
1046.948652 0.001014 
1045.781856 -0.000132 
1044.615060 -0.000121 
1043.448263 -0.000226 
1042.281467 -0.000364 
1041.114671 -0.000650 
1039.947875 0.000028 
1038.781078 -0.000514 
1037.614282 0.000244 
1036.447486 -0.000367 
1035.280690 -0.000767 
1034.113893 0.000785 
1032.947097 0.001339 
1031.780301 0.000107 
1030.613505 0.000392 
1029.446708 0.001346 
1028.279912 0.000205 
1027.113116 -0.001663 
1025.946319 0.000675 
1024.779523 0.000884 
1023.612727 -0.000013 
1022.445931 0.000120 
1021.279134 0.001007 
1020.112338 0.000700 
1018.945542 -0.000709 
1017.778746 -0.000808 
1016.611949 -0.000156 
1015.445153 0.001048 
1014.278357 -0.000004 
1013.111561 0.000416 
1011.944764 0.000117 
1010.777968 -0.000282 
1009.611172 0.000417 
1008.444375 -0.000441 
1007.277579 -0.000011 
1006.110783 -0.000732 
1004.943987 0.001884 
1003.777190 0.000127 
1002.610394 0.000261 
1001.443598 0.000068 
1000.276802 0.000250 
999.110005 -0.000303 
997.943209 -0.000506 
996.776413 0.000275 
995.609617 -0.000652 
994.442820 -0.000701 
993.276024 0.000103 
992.109228 0.000724 
990.942431 0.000780 
989.775635 0.000483 
988.608839 -0.000017 
987.442043 -0.000026 
986.275246 0.000405 
985.108450 0.000669 
983.941654 0.000539 
982.774858 0.000804 
981.608061 -0.000812 
980.441265 0.000081 
979.274469 -0.000004 
978.107673 0.000014 
976.940876 -0.000515 
975.774080 0.000075 
974.607284 -0.000111 
973.440487 0.000968 
972.273691 0.000383 
971.106895 -0.000491 
969.940099 -0.000762 
968.773302 0.000071 
967.606506 0.000327 
966.439710 -0.000953 
965.272914 0.000349 
964.106117 0.000249 
962.939321 0.000249 
961.772525 -0.000235 
960.605729 -0.000963 
959.438932 0.000654 
958.272136 0.000089 
957.105340 0.000714 
955.938544 -0.000577 
954.771747 0.000328 
953.604951 0.000477 
952.438155 -0.000025 
951.271358 -0.000415 
950.104562 0.000345 
948.937766 0.000992 
947.770970 0.000268 
946.604173 0.000643 
945.437377 0.001530 
944.270581 0.000098 
943.103785 -0.000211 
941.936988 -0.000051 
940.770192 0.000614 
939.603396 -0.000165 
938.436600 0.000041 
937.269803 -0.000429 
936.103007 -0.000500 
934.936211 -0.000266 
933.769414 -0.001257 
932.602618 0.000430 
931.435822 -0.000062 
930.269026 -0.000062 
929.102229 0.000250 
927.935433 0.000073 
926.768637 -0.000180 
925.601841 -0.000236 
924.435044 -0.001499 
923.268248 0.000406 
922.101452 0.000138 
920.934656 0.000698 
919.767859 0.000745 
918.601063 0.000321 
917.434267 -0.000261 
916.267470 0.000822 
915.100674 -0.000206 
913.933878 0.000572 
912.767082 0.000092 
911.600285 -0.000355 
910.433489 -0.000152 
909.266693 -0.000061 
908.099897 0.000871 
906.933100 0.000108 
905.766304 0.000823 
904.599508 -0.000815 
903.432712 -0.000137 
902.265915 -0.000068 
901.099119 0.000792 
899.932323 0.000883 
898.765527 -0.000022 
897.598730 0.000067 
896.431934 0.000695 
895.265138 0.000136 
894.098341 0.000672 
892.931545 -0.000449 
891.764749 0.000049 
890.597953 0.000186 
889.431156 0.000050 
888.264360 0.000144 
887.097564 0.000021 
885.930768 0.000287 
884.763971 0.000542 
883.597175 0.000223 
882.430379 -0.000152 
881.263583 0.000407 
880.096786 0.000282 
878.929990 0.000450 
877.763194 0.000269 
876.596397 0.000585 
875.429601 0.001067 
874.262805 0.000854 
873.096009 0.001264 
871.929212 -0.000539 
870.762416 -0.000665 
869.595620 0.000455 
868.428824 -0.000772 
867.262027 0.000471 
866.095231 0.000764 
864.928435 -0.000247 
863.761639 -0.000526 
862.594842 -0.000706 
861.428046 -0.000025 
860.261250 0.000947 
859.094453 0.000941 
857.927657 0.000870 
856.760861 0.000484 
855.594065 0.000599 
854.427268 -0.000547 
853.260472 0.000271 
852.093676 0.000192 
850.926880 -0.000068 
849.760083 -0.000048 
848.593287 0.000051 
847.426491 -0.000441 
846.259695 -0.000528 
845.092898 -0.000744 
843.926102 -0.000527 
842.759306 0.000378 
841.592510 0.000757 
840.425713 0.000057 
839.258917 -0.000914 
838.092121 -0.001006 
836.925324 0.000783 
835.758528 -0.000074 
834.591732 -0.001219 
833.424936 -0.001076 
832.258139 -0.000963 
831.091343 -0.000290 
829.924547 -0.000250 
828.757751 0.000383 
827.590954 0.000382 
826.424158 0.000164 
825.257362 -0.000182 
824.090566 -0.000564 
822.923769 0.000150 
821.756973 0.000180 
820.590177 -0.000914 
819.423380 0.000181 
818.256584 -0.000366 
817.089788 -0.000029 
815.922992 0.000027 
814.756195 -0.000639 
813.589399 -0.000142 
812.422603 0.000889 
811.255807 -0.000574 
810.089010 -0.000502 
808.922214 -0.000349 
807.755418 0.000105 
806.588622 -0.000317 
805.421825 0.000136 
804.255029 -0.000374 
803.088233 -0.000112 
801.921436 -0.001041 
800.754640 -0.000212 
799.587844 0.001424 
798.421048 -0.000167 
797.254251 -0.000764 
796.087455 -0.000533 
794.920659 0.000939 
793.753863 -0.000396 
792.587066 0.000258 
791.420270 -0.000259 
790.253474 -0.000781 
789.086678 -0.000151 
787.919881 -0.000090 
786.753085 -0.000821 
785.586289 -0.000825 
784.419492 -0.000596 
783.252696 -0.001529 
782.085900 0.000345 
780.919104 -0.000809 
779.752307 -0.000519 
778.585511 -0.000190 
777.418715 -0.001307 
776.251919 -0.000395 
775.085122 -0.000695 
773.918326 -0.001273 
772.751530 0.000869 
771.584734 -0.000244 
770.417937 0.000110 
769.251141 -0.000704 
768.084345 -0.002464 
766.917549 0.000278 
765.750752 -0.000234 
764.583956 -0.000662 
763.417160 -0.000147 
762.250363 -0.000925 
761.083567 -0.000451 
759.916771 -0.000064 
758.749975 -0.001362 
757.583178 -0.000143 
756.416382 -0.000598 
755.249586 0.000030 
754.082790 -0.000427 
752.915993 -0.000727 
751.749197 -0.001369 
750.582401 -0.001333 
749.415605 -0.001061 
748.248808 0.000147 
747.082012 -0.001037 
745.915216 -0.001125 
744.748419 -0.000330 
743.581623 0.000279 
742.414827 -0.000632 
741.248031 -0.000528 
740.081234 -0.001247 
738.914438 -0.000466 
737.747642 -0.000711 
736.580846 -0.001484 
735.414049 -0.001416 
734.247253 -0.001390 
733.080457 0.000210 
731.913661 -0.001290 
730.746864 -0.001085 
729.580068 -0.000195 
728.413272 -0.000844 
727.246475 -0.000091 
726.079679 -0.000792 
724.912883 -0.000887 
723.746087 -0.000694 
722.579290 -0.000305 
721.412494 -0.000448 
720.245698 -0.001532 
719.078902 -0.000338 
717.912105 -0.000248 
716.745309 -0.000294 
715.578513 0.000192 
714.411717 -0.000214 
713.244920 -0.001079 
712.078124 0.000130 
710.911328 -0.001726 
709.744532 -0.000572 
708.577735 -0.000147 
707.410939 0.000332 
706.244143 -0.000049 
705.077346 -0.001605 
703.910550 -0.001411 
702.743754 0.001412 
701.576958 -0.001110 
700.410161 -0.001305 
699.243365 -0.000544 
698.076569 -0.000650 
696.909773 -0.000124 
695.742976 -0.001027 
694.576180 -0.000488 
693.409384 -0.000778 
692.242588 -0.001042 
691.075791 -0.000896 
689.908995 -0.000895 
688.742199 -0.000972 
687.575402 -0.001786 
686.408606 -0.001927 
685.241810 -0.000775 
684.075014 0.000255 
682.908217 -0.001566 
681.741421 -0.000301 
680.574625 -0.000277 
679.407829 -0.003539 
678.241032 -0.001099 
677.074236 -0.002161 
675.907440 -0.000382 
674.740644 -0.000255 
673.573847 -0.001617 
672.407051 -0.002132 
671.240255 -0.001288 
670.073458 -0.001412 
668.906662 -0.001717 
667.739866 -0.004042 
666.573070 -0.001102 
665.406273 0.000043 
664.239477 -0.001007 
663.072681 -0.000307 
661.905885 -0.001735 
660.739088 -0.001346 
659.572292 -0.000880 
658.405496 -0.001088 
657.238700 -0.000849 
656.071903 -0.000517 
654.905107 -0.001168 
653.738311 -0.001063 
652.571515 0.000340 
651.404718 0.000455 
650.237922 -0.000082 
649.071126 -0.001882 
647.904329 -0.001885 
646.737533 -0.001767 
645.570737 -0.001407 
644.403941 -0.000923 
643.237144 0.000332 
642.070348 -0.002038 
640.903552 -0.001780 
639.736756 -0.001466 
638.569959 -0.000019 
637.403163 -0.001300 
636.236367 -0.000814 
635.069571 -0.001846 
633.902774 -0.000791 
632.735978 -0.001580 
631.569182 -0.001955 
630.402385 -0.000028 
629.235589 -0.001344 
628.068793 -0.001194 
626.901997 -0.000555 
625.735200 -0.001744 
624.568404 -0.000056 
623.401608 -0.000664 
622.234812 -0.001961 
621.068015 -0.000588 
619.901219 -0.000601 
618.734423 -0.001042 
617.567627 -0.001655 
616.400830 -0.000791 
615.234034 0.000341 
614.067238 -0.000638 
612.900441 -0.003232 
611.733645 -0.000639 
610.566849 -0.001612 
609.400053 -0.001263 
608.233256 0.000593 
607.066460 -0.001284 
605.899664 -0.000475 
604.732868 -0.002222 
603.566071 -0.000215 
602.399275 -0.001346 
601.232479 -0.001087 
600.065683 -0.000389 
598.898886 -0.000975 
597.732090 -0.002182 
596.565294 -0.002014 
595.398497 -0.000197 
594.231701 -0.000711 
593.064905 -0.002007 
591.898109 -0.000947 
590.731312 -0.001461 
589.564516 -0.001483 
588.397720 0.000151 
587.230924 -0.001212 
586.064127 -0.001524 
584.897331 0.000009 
583.730535 -0.000200 
582.563739 -0.001735 
581.396942 -0.000270 
580.230146 -0.002372 
579.063350 -0.000442 
577.896554 -0.001224 
576.729757 -0.001678 
575.562961 -0.000258 
574.396165 -0.000697 
573.229368 -0.001067 
572.062572 -0.000847 
570.895776 -0.000637 
569.728980 -0.002209 
568.562183 -0.002411 
567.395387 0.000064 
566.228591 -0.000486 
565.061795 -0.001191 
563.894998 -0.001438 
562.728202 -0.000890 
561.561406 -0.001002 
560.394610 -0.001339 
559.227813 -0.000663 
558.061017 -0.001161 
556.894221 -0.001494 
555.727424 -0.000785 
554.560628 -0.002005 
553.393832 0.000414 
552.227036 -0.001838 
551.060239 -0.000237 
549.893443 -0.002518 
548.726647 -0.001455 
547.559851 0.000053 
546.393054 -0.001449 
545.226258 -0.001354 
544.059462 -0.001529 
542.892666 -0.001414 
541.725869 -0.002047 
540.559073 -0.000495 
539.392277 -0.000859 
538.225480 0.000301 
537.058684 -0.001648 
535.891888 -0.002086 
534.725092 -0.000177 
533.558295 -0.001601 
532.391499 -0.003826 
531.224703 -0.001525 
530.057907 -0.002560 
528.891110 -0.000882 
527.724314 -0.000662 
526.557518 -0.002275 
525.390722 -0.000474 
524.223925 -0.001075 
523.057129 0.000083 
521.890333 -0.001574 
520.723537 -0.000788 
519.556740 -0.000527 
518.389944 0.000594 
517.223148 -0.000216 
516.056351 -0.001882 
514.889555 0.002400 
513.722759 0.000030 
512.555963 -0.001904 
511.389166 0.000431 
510.222370 -0.000074 
509.055574 -0.000414 
507.888778 -0.002348 
506.721981 0.001982 
505.555185 0.004135 
504.388389 -0.000406 
503.221593 0.000917 
502.054796 -0.000696 
500.888000 0.000218 
