3999.922000 0.000033 
3998.788373 -0.000273 
3997.654746 0.000014 
3996.521119 0.000142 
3995.387492 -0.000167 
3994.253865 -0.000027 
3993.120238 0.000416 
3991.986611 0.000052 
3990.852984 -0.000400 
3989.719357 -0.000116 
3988.585730 0.000182 
3987.452103 -0.000120 
3986.318476 0.000211 
3985.184849 0.000195 
3984.051222 -0.000295 
3982.917595 -0.000181 
3981.783968 0.000143 
3980.650341 0.000320 
3979.516714 0.000307 
3978.383087 0.000495 
3977.249460 0.000590 
3976.115834 0.000198 
3974.982207 -0.000402 
3973.848580 -0.000375 
3972.714953 -0.000057 
3971.581326 0.000055 
3970.447699 0.000200 
3969.314072 0.000318 
3968.180445 0.000503 
3967.046818 0.001069 
3965.913191 0.001279 
3964.779564 0.000780 
3963.645937 0.000291 
3962.512310 0.000337 
3961.378683 0.000467 
3960.245056 0.000051 
3959.111429 -0.000026 
3957.977802 0.000559 
3956.844175 0.001022 
3955.710548 0.000897 
3954.576921 0.000591 
3953.443294 0.000647 
3952.309667 0.000785 
3951.176040 0.000911 
3950.042413 0.001035 
3948.908786 0.000590 
3947.775159 0.000411 
3946.641532 0.000732 
3945.507905 0.001025 
3944.374278 0.000801 
3943.240651 0.000370 
3942.107024 0.000631 
3940.973397 0.001294 
3939.839770 0.001346 
3938.706143 0.000922 
3937.572516 0.000529 
3936.438889 0.000114 
3935.305262 -0.000042 
3934.171635 0.000522 
3933.038008 0.000846 
3931.904381 0.000407 
3930.770754 0.000236 
3929.637128 0.000409 
3928.503501 0.000443 
3927.369874 0.000220 
3926.236247 0.000112 
3925.102620 -0.000006 
3923.968993 0.000070 
3922.835366 0.000516 
3921.701739 0.000299 
3920.568112 0.000292 
3919.434485 0.000813 
3918.300858 0.000737 
3917.167231 0.000430 
3916.033604 -0.000033 
3914.899977 0.000185 
3913.766350 0.000640 
3912.632723 0.000308 
3911.499096 0.000263 
3910.365469 0.000446 
3909.231842 0.000256 
3908.098215 0.000143 
3906.964588 0.000739 
3905.830961 0.000533 
3904.697334 0.000197 
3903.563707 0.000124 
3902.430080 0.000070 
3901.296453 0.000104 
3900.162826 0.000107 
3899.029199 -0.000013 
3897.895572 0.000036 
3896.761945 0.000300 
3895.628318 -0.000651 
3894.494691 -0.000765 
3893.361064 0.000428 
3892.227437 0.000331 
3891.093810 -0.000257 
3889.960183 -0.001062 
3888.826556 -0.001089 
3887.692929 -0.000048 
3886.559302 0.000026 
3885.425675 -0.000468 
3884.292048 -0.001043 
3883.158422 0.000372 
3882.024795 0.001097 
3880.891168 0.000435 
3879.757541 0.000140 
3878.623914 -0.000093 
3877.490287 0.000034 
3876.356660 0.000373 
3875.223033 0.000188 
3874.089406 -0.000308 
3872.955779 -0.000400 
3871.822152 0.000201 
3870.688525 -0.000172 
3869.554898 -0.000661 
3868.421271 -0.000762 
3867.287644 -0.000071 
3866.154017 0.000070 
3865.020390 -0.000558 
3863.886763 -0.000983 
3862.753136 -0.000393 
3861.619509 -0.000291 
3860.485882 -0.000275 
3859.352255 -0.000423 
3858.218628 -0.001740 
3857.085001 -0.001026 
3855.951374 0.000090 
3854.817747 -0.000367 
3853.684120 -0.000294 
3852.550493 -0.000685 
3851.416866 -0.000385 
3850.283239 -0.000143 
3849.149612 0.000163 
3848.015985 0.000051 
3846.882358 -0.000151 
3845.748731 0.000056 
3844.615104 -0.000370 
3843.481477 -0.001171 
3842.347850 -0.001550 
3841.214223 -0.002065 
3840.080596 -0.001001 
3838.946969 -0.000708 
3837.813342 -0.001010 
3836.679716 -0.000536 
3835.546089 -0.000496 
3834.412462 0.000031 
3833.278835 0.000512 
3832.145208 -0.000019 
3831.011581 -0.000553 
3829.877954 -0.000541 
3828.744327 -0.000017 
3827.610700 0.000054 
3826.477073 -0.000515 
3825.343446 -0.001175 
3824.209819 -0.000912 
3823.076192 -0.000096 
3821.942565 0.000514 
3820.808938 -0.000541 
3819.675311 -0.001207 
3818.541684 -0.000229 
3817.408057 0.000255 
3816.274430 -0.000100 
3815.140803 -0.000494 
3814.007176 0.000061 
3812.873549 0.000492 
3811.739922 0.000174 
3810.606295 -0.000008 
3809.472668 0.000433 
3808.339041 0.000749 
3807.205414 0.000199 
3806.071787 -0.000710 
3804.938160 -0.001486 
3803.804533 -0.000342 
3802.670906 0.000550 
3801.537279 0.000215 
3800.403652 -0.000284 
3799.270025 -0.000104 
3798.136398 0.000158 
3797.002771 0.000106 
3795.869144 0.000195 
3794.735517 -0.000000 
3793.601890 -0.000014 
3792.468263 0.000055 
3791.334636 0.000171 
3790.201010 0.000578 
3789.067383 0.000607 
3787.933756 0.000419 
3786.800129 0.000635 
3785.666502 0.000506 
3784.532875 0.000474 
3783.399248 -0.000299 
3782.265621 0.000275 
3781.131994 0.000833 
3779.998367 0.000386 
3778.864740 0.000227 
3777.731113 -0.000213 
3776.597486 -0.000381 
3775.463859 -0.000124 
3774.330232 -0.000419 
3773.196605 -0.000637 
3772.062978 -0.000142 
3770.929351 0.000083 
3769.795724 -0.000083 
3768.662097 0.000219 
3767.528470 0.000577 
3766.394843 0.000075 
3765.261216 -0.000254 
3764.127589 -0.000305 
3762.993962 -0.000584 
3761.860335 -0.000285 
3760.726708 -0.000387 
3759.593081 -0.000498 
3758.459454 0.000182 
3757.325827 -0.000364 
3756.192200 -0.001006 
3755.058573 -0.001107 
3753.924946 -0.000741 
3752.791319 -0.001459 
3751.657692 -0.000779 
3750.524065 -0.000399 
3749.390438 -0.001166 
3748.256811 -0.003065 
3747.123184 -0.002366 
3745.989557 -0.000314 
3744.855930 -0.000937 
3743.722304 -0.001127 
3742.588677 -0.001258 
3741.455050 -0.001303 
3740.321423 -0.001397 
3739.187796 -0.001297 
3738.054169 -0.000616 
3736.920542 -0.000609 
3735.786915 -0.001311 
3734.653288 -0.001080 
3733.519661 -0.000493 
3732.386034 -0.000438 
3731.252407 -0.000409 
3730.118780 -0.000609 
3728.985153 -0.000737 
3727.851526 -0.000821 
3726.717899 -0.000610 
3725.584272 -0.000285 
3724.450645 -0.000304 
3723.317018 -0.000396 
3722.183391 -0.000530 
3721.049764 -0.000204 
3719.916137 -0.000194 
3718.782510 -0.000269 
3717.648883 -0.000255 
3716.515256 -0.000450 
3715.381629 -0.001185 
3714.248002 -0.001136 
3713.114375 -0.001279 
3711.980748 -0.001090 
3710.847121 -0.000433 
3709.713494 -0.000709 
3708.579867 -0.000965 
3707.446240 -0.000891 
3706.312613 -0.000583 
3705.178986 -0.000884 
3704.045359 -0.000535 
3702.911732 -0.000263 
3701.778105 -0.000547 
3700.644478 -0.000726 
3699.510851 -0.000667 
3698.377224 -0.000484 
3697.243597 -0.000788 
3696.109971 -0.000777 
3694.976344 -0.000888 
3693.842717 -0.000811 
3692.709090 -0.000663 
3691.575463 -0.001401 
3690.441836 -0.000399 
3689.308209 0.000540 
3688.174582 -0.000232 
3687.040955 -0.000834 
3685.907328 -0.000951 
3684.773701 -0.000996 
3683.640074 -0.000754 
3682.506447 -0.000537 
3681.372820 -0.000706 
3680.239193 -0.001457 
3679.105566 -0.002307 
3677.971939 -0.001198 
3676.838312 0.000036 
3675.704685 -0.000115 
3674.571058 -0.001253 
3673.437431 -0.001797 
3672.303804 -0.000405 
3671.170177 0.000283 
3670.036550 0.000154 
3668.902923 -0.000206 
3667.769296 -0.000357 
3666.635669 -0.000304 
3665.502042 -0.000212 
3664.368415 -0.000050 
3663.234788 0.000150 
3662.101161 0.000197 
3660.967534 -0.000248 
3659.833907 -0.000657 
3658.700280 -0.000566 
3657.566653 -0.000094 
3656.433026 0.000032 
3655.299399 -0.000430 
3654.165772 -0.001063 
3653.032145 -0.001129 
3651.898518 -0.001217 
3650.764891 -0.000634 
3649.631265 -0.000112 
3648.497638 0.000295 
3647.364011 -0.000122 
3646.230384 -0.000605 
3645.096757 -0.000378 
3643.963130 -0.000174 
3642.829503 -0.000229 
3641.695876 0.000091 
3640.562249 0.000531 
3639.428622 0.000448 
3638.294995 -0.000152 
3637.161368 -0.000651 
3636.027741 -0.000401 
3634.894114 -0.000229 
3633.760487 -0.000997 
3632.626860 -0.001930 
3631.493233 -0.001400 
3630.359606 -0.000228 
3629.225979 -0.000007 
3628.092352 -0.000241 
3626.958725 -0.000541 
3625.825098 -0.000472 
3624.691471 -0.000551 
3623.557844 -0.001189 
3622.424217 -0.001274 
3621.290590 -0.000578 
3620.156963 -0.000315 
3619.023336 -0.000374 
3617.889709 -0.000592 
3616.756082 -0.000674 
3615.622455 -0.000763 
3614.488828 -0.000478 
3613.355201 -0.000692 
3612.221574 -0.001321 
3611.087947 -0.001024 
3609.954320 -0.000611 
3608.820693 -0.000160 
3607.687066 0.000163 
3606.553439 -0.000110 
3605.419812 -0.000422 
3604.286185 -0.000558 
3603.152559 -0.000655 
3602.018932 -0.000362 
3600.885305 -0.000116 
3599.751678 -0.000238 
3598.618051 -0.000400 
3597.484424 -0.000003 
3596.350797 0.000361 
3595.217170 0.000337 
3594.083543 0.000070 
3592.949916 -0.000277 
3591.816289 -0.000584 
3590.682662 -0.000601 
3589.549035 -0.000444 
3588.415408 0.000309 
3587.281781 0.000212 
3586.148154 -0.000437 
3585.014527 -0.000097 
3583.880900 0.000009 
3582.747273 -0.000231 
3581.613646 0.000024 
3580.480019 0.000355 
3579.346392 0.000155 
3578.212765 0.000190 
3577.079138 0.000506 
3575.945511 0.000647 
3574.811884 0.000079 
3573.678257 -0.000072 
3572.544630 0.000029 
3571.411003 -0.000378 
3570.277376 -0.000391 
3569.143749 0.000096 
3568.010122 0.000448 
3566.876495 0.000212 
3565.742868 0.000118 
3564.609241 0.000392 
3563.475614 0.000159 
3562.341987 0.000181 
3561.208360 0.000563 
3560.074733 0.000571 
3558.941106 0.000543 
3557.807479 0.000620 
3556.673853 0.000422 
3555.540226 0.000417 
3554.406599 0.000136 
3553.272972 0.000114 
3552.139345 0.000281 
3551.005718 0.000301 
3549.872091 0.000368 
3548.738464 0.000382 
3547.604837 0.000407 
3546.471210 0.000472 
3545.337583 0.000576 
3544.203956 0.000446 
3543.070329 0.000421 
3541.936702 0.000517 
3540.803075 0.000629 
3539.669448 0.000558 
3538.535821 0.000630 
3537.402194 0.000855 
3536.268567 0.000854 
3535.134940 0.000913 
3534.001313 0.000983 
3532.867686 0.000511 
3531.734059 0.000147 
3530.600432 0.000197 
3529.466805 0.000294 
3528.333178 0.000611 
3527.199551 0.000763 
3526.065924 0.000638 
3524.932297 0.000374 
3523.798670 0.000479 
3522.665043 0.000740 
3521.531416 0.000537 
3520.397789 0.000214 
3519.264162 0.000408 
3518.130535 0.000418 
3516.996908 0.000640 
3515.863281 0.000645 
3514.729654 0.000534 
3513.596027 0.000568 
3512.462400 0.000236 
3511.328773 0.000572 
3510.195147 0.000861 
3509.061520 0.000513 
3507.927893 0.000349 
3506.794266 0.000240 
3505.660639 0.000706 
3504.527012 0.000478 
3503.393385 -0.000123 
3502.259758 0.000320 
3501.126131 0.000641 
3499.992504 0.000582 
3498.858877 0.000009 
3497.725250 -0.000340 
3496.591623 0.000078 
3495.457996 -0.000041 
3494.324369 0.000057 
3493.190742 -0.000068 
3492.057115 -0.000231 
3490.923488 0.000079 
3489.789861 0.000409 
3488.656234 0.000487 
3487.522607 -0.000006 
3486.388980 -0.000580 
3485.255353 -0.000251 
3484.121726 0.000045 
3482.988099 0.000601 
3481.854472 0.001207 
3480.720845 0.000565 
3479.587218 0.000108 
3478.453591 -0.000120 
3477.319964 -0.000064 
3476.186337 0.000481 
3475.052710 0.000817 
3473.919083 0.001195 
3472.785456 0.001823 
3471.651829 0.002392 
3470.518202 0.002090 
3469.384575 0.001669 
3468.250948 0.001346 
3467.117321 0.000954 
3465.983694 0.000730 
3464.850067 0.001075 
3463.716441 0.001319 
3462.582814 0.001693 
3461.449187 0.001591 
3460.315560 0.001099 
3459.181933 0.001472 
3458.048306 0.001558 
3456.914679 0.001617 
3455.781052 0.001956 
3454.647425 0.002263 
3453.513798 0.002386 
3452.380171 0.002406 
3451.246544 0.002443 
3450.112917 0.002849 
3448.979290 0.002858 
3447.845663 0.002921 
3446.712036 0.003306 
3445.578409 0.003291 
3444.444782 0.003529 
3443.311155 0.003803 
3442.177528 0.004108 
3441.043901 0.004790 
3439.910274 0.005971 
3438.776647 0.005987 
3437.643020 0.005888 
3436.509393 0.006109 
3435.375766 0.005652 
3434.242139 0.005437 
3433.108512 0.006230 
3431.974885 0.006127 
3430.841258 0.005730 
3429.707631 0.005519 
3428.574004 0.005414 
3427.440377 0.005569 
3426.306750 0.005594 
3425.173123 0.005804 
3424.039496 0.006431 
3422.905869 0.006844 
3421.772242 0.006888 
3420.638615 0.007039 
3419.504988 0.007474 
3418.371361 0.007796 
3417.237735 0.007952 
3416.104108 0.008565 
3414.970481 0.008989 
3413.836854 0.008725 
3412.703227 0.009581 
3411.569600 0.010302 
3410.435973 0.010039 
3409.302346 0.009736 
3408.168719 0.009910 
3407.035092 0.010511 
3405.901465 0.011010 
3404.767838 0.012061 
3403.634211 0.013200 
3402.500584 0.013038 
3401.366957 0.012154 
3400.233330 0.011802 
3399.099703 0.011978 
3397.966076 0.012502 
3396.832449 0.012975 
3395.698822 0.013743 
3394.565195 0.014848 
3393.431568 0.015145 
3392.297941 0.014684 
3391.164314 0.014681 
3390.030687 0.014738 
3388.897060 0.014758 
3387.763433 0.015238 
3386.629806 0.016037 
3385.496179 0.016504 
3384.362552 0.016936 
3383.228925 0.017705 
3382.095298 0.017817 
3380.961671 0.017947 
3379.828044 0.018420 
3378.694417 0.019034 
3377.560790 0.019507 
3376.427163 0.019760 
3375.293536 0.020685 
3374.159909 0.021446 
3373.026282 0.022362 
3371.892655 0.023312 
3370.759029 0.023255 
3369.625402 0.023896 
3368.491775 0.024125 
3367.358148 0.024128 
3366.224521 0.024433 
3365.090894 0.024697 
3363.957267 0.025508 
3362.823640 0.026534 
3361.690013 0.026841 
3360.556386 0.027017 
3359.422759 0.027832 
3358.289132 0.028891 
3357.155505 0.029680 
3356.021878 0.030109 
3354.888251 0.031046 
3353.754624 0.032088 
3352.620997 0.032776 
3351.487370 0.033109 
3350.353743 0.033260 
3349.220116 0.034212 
3348.086489 0.035297 
3346.952862 0.035895 
3345.819235 0.036796 
3344.685608 0.037674 
3343.551981 0.037947 
3342.418354 0.038447 
3341.284727 0.039500 
3340.151100 0.040094 
3339.017473 0.040283 
3337.883846 0.040948 
3336.750219 0.041767 
3335.616592 0.042660 
3334.482965 0.043904 
3333.349338 0.044645 
3332.215711 0.045294 
3331.082084 0.046107 
3329.948457 0.047125 
3328.814830 0.048255 
3327.681203 0.049011 
3326.547576 0.049470 
3325.413949 0.050226 
3324.280323 0.050953 
3323.146696 0.051666 
3322.013069 0.052509 
3320.879442 0.053337 
3319.745815 0.053916 
3318.612188 0.054845 
3317.478561 0.055813 
3316.344934 0.056590 
3315.211307 0.057378 
3314.077680 0.058033 
3312.944053 0.058959 
3311.810426 0.060233 
3310.676799 0.061201 
3309.543172 0.062025 
3308.409545 0.063162 
3307.275918 0.063902 
3306.142291 0.064545 
3305.008664 0.064964 
3303.875037 0.065545 
3302.741410 0.066675 
3301.607783 0.067494 
3300.474156 0.068127 
3299.340529 0.069001 
3298.206902 0.070062 
3297.073275 0.071227 
3295.939648 0.072013 
3294.806021 0.072877 
3293.672394 0.073714 
3292.538767 0.074519 
3291.405140 0.075567 
3290.271513 0.076338 
3289.137886 0.077186 
3288.004259 0.077967 
3286.870632 0.078711 
3285.737005 0.079721 
3284.603378 0.080696 
3283.469751 0.081653 
3282.336124 0.082636 
3281.202497 0.083579 
3280.068870 0.084377 
3278.935243 0.085251 
3277.801617 0.086363 
3276.667990 0.087250 
3275.534363 0.087906 
3274.400736 0.089004 
3273.267109 0.090180 
3272.133482 0.091157 
3270.999855 0.092202 
3269.866228 0.093092 
3268.732601 0.094018 
3267.598974 0.094931 
3266.465347 0.095699 
3265.331720 0.096576 
3264.198093 0.097673 
3263.064466 0.098807 
3261.930839 0.099602 
3260.797212 0.100826 
3259.663585 0.102028 
3258.529958 0.102789 
3257.396331 0.103738 
3256.262704 0.104803 
3255.129077 0.105728 
3253.995450 0.106539 
3252.861823 0.107522 
3251.728196 0.108491 
3250.594569 0.109455 
3249.460942 0.110691 
3248.327315 0.111719 
3247.193688 0.112620 
3246.060061 0.113259 
3244.926434 0.114146 
3243.792807 0.115278 
3242.659180 0.116258 
3241.525553 0.117369 
3240.391926 0.118427 
3239.258299 0.119272 
3238.124672 0.120234 
3236.991045 0.121160 
3235.857418 0.121978 
3234.723791 0.122809 
3233.590164 0.123617 
3232.456537 0.124770 
3231.322911 0.125879 
3230.189284 0.126564 
3229.055657 0.127290 
3227.922030 0.128469 
3226.788403 0.129471 
3225.654776 0.130389 
3224.521149 0.131417 
3223.387522 0.132408 
3222.253895 0.133073 
3221.120268 0.134100 
3219.986641 0.135448 
3218.853014 0.136125 
3217.719387 0.136938 
3216.585760 0.137990 
3215.452133 0.139006 
3214.318506 0.140310 
3213.184879 0.141204 
3212.051252 0.141947 
3210.917625 0.143056 
3209.783998 0.144332 
3208.650371 0.145588 
3207.516744 0.146573 
3206.383117 0.147786 
3205.249490 0.148841 
3204.115863 0.149623 
3202.982236 0.150354 
3201.848609 0.151537 
3200.714982 0.152833 
3199.581355 0.153891 
3198.447728 0.154997 
3197.314101 0.156396 
3196.180474 0.157353 
3195.046847 0.158455 
3193.913220 0.159338 
3192.779593 0.160272 
3191.645966 0.161649 
3190.512339 0.163138 
3189.378712 0.164365 
3188.245085 0.165671 
3187.111458 0.167277 
3185.977831 0.168627 
3184.844205 0.169835 
3183.710578 0.171084 
3182.576951 0.172401 
3181.443324 0.173724 
3180.309697 0.175070 
3179.176070 0.176284 
3178.042443 0.177442 
3176.908816 0.178843 
3175.775189 0.180379 
3174.641562 0.181784 
3173.507935 0.183082 
3172.374308 0.184103 
3171.240681 0.185378 
3170.107054 0.186900 
3168.973427 0.188200 
3167.839800 0.189496 
3166.706173 0.190639 
3165.572546 0.191833 
3164.438919 0.192864 
3163.305292 0.193683 
3162.171665 0.194817 
3161.038038 0.196263 
3159.904411 0.197220 
3158.770784 0.197994 
3157.637157 0.199000 
3156.503530 0.200040 
3155.369903 0.201140 
3154.236276 0.202205 
3153.102649 0.203408 
3151.969022 0.204755 
3150.835395 0.205715 
3149.701768 0.206492 
3148.568141 0.207339 
3147.434514 0.208249 
3146.300887 0.209211 
3145.167260 0.210147 
3144.033633 0.210717 
3142.900006 0.211319 
3141.766379 0.212095 
3140.632752 0.213063 
3139.499125 0.214459 
3138.365498 0.215586 
3137.231872 0.216506 
3136.098245 0.217122 
3134.964618 0.217819 
3133.830991 0.218805 
3132.697364 0.219664 
3131.563737 0.220753 
3130.430110 0.221848 
3129.296483 0.222554 
3128.162856 0.223651 
3127.029229 0.224578 
3125.895602 0.225139 
3124.761975 0.225854 
3123.628348 0.226460 
3122.494721 0.227206 
3121.361094 0.228479 
3120.227467 0.229316 
3119.093840 0.230058 
3117.960213 0.231184 
3116.826586 0.232370 
3115.692959 0.233234 
3114.559332 0.233563 
3113.425705 0.234360 
3112.292078 0.234408 
3111.158451 0.234341 
3110.024824 0.235025 
3108.891197 0.235336 
3107.757570 0.235586 
3106.623943 0.235808 
3105.490316 0.235784 
3104.356689 0.235478 
3103.223062 0.234990 
3102.089435 0.235031 
3100.955808 0.235313 
3099.822181 0.235664 
3098.688554 0.236243 
3097.554927 0.236302 
3096.421300 0.236501 
3095.287673 0.237121 
3094.154046 0.237408 
3093.020419 0.237763 
3091.886792 0.239036 
3090.753166 0.240565 
3089.619539 0.241751 
3088.485912 0.243182 
3087.352285 0.244447 
3086.218658 0.246068 
3085.085031 0.248920 
3083.951404 0.251265 
3082.817777 0.252822 
3081.684150 0.255627 
3080.550523 0.258595 
3079.416896 0.262028 
3078.283269 0.265935 
3077.149642 0.268806 
3076.016015 0.272180 
3074.882388 0.274980 
3073.748761 0.277641 
3072.615134 0.280710 
3071.481507 0.283289 
3070.347880 0.285611 
3069.214253 0.288219 
3068.080626 0.290890 
3066.946999 0.293566 
3065.813372 0.295445 
3064.679745 0.297229 
3063.546118 0.298384 
3062.412491 0.299023 
3061.278864 0.299964 
3060.145237 0.300494 
3059.011610 0.301012 
3057.877983 0.301310 
3056.744356 0.301120 
3055.610729 0.301729 
3054.477102 0.301694 
3053.343475 0.301088 
3052.209848 0.301443 
3051.076221 0.301470 
3049.942594 0.301199 
3048.808967 0.300322 
3047.675340 0.299574 
3046.541713 0.299583 
3045.408086 0.298231 
3044.274460 0.297330 
3043.140833 0.296627 
3042.007206 0.295676 
3040.873579 0.295087 
3039.739952 0.293060 
3038.606325 0.290529 
3037.472698 0.288282 
3036.339071 0.286164 
3035.205444 0.284530 
3034.071817 0.282516 
3032.938190 0.280155 
3031.804563 0.277985 
3030.670936 0.275713 
3029.537309 0.273995 
3028.403682 0.271958 
3027.270055 0.269649 
3026.136428 0.268209 
3025.002801 0.266834 
3023.869174 0.265716 
3022.735547 0.264297 
3021.601920 0.262993 
3020.468293 0.262789 
3019.334666 0.261763 
3018.201039 0.261305 
3017.067412 0.261116 
3015.933785 0.261276 
3014.800158 0.262126 
3013.666531 0.262224 
3012.532904 0.263068 
3011.399277 0.264213 
3010.265650 0.265063 
3009.132023 0.265874 
3007.998396 0.266395 
3006.864769 0.266967 
3005.731142 0.267798 
3004.597515 0.268734 
3003.463888 0.269920 
3002.330261 0.271014 
3001.196634 0.271914 
3000.063007 0.272955 
2998.929380 0.274283 
2997.795754 0.275995 
2996.662127 0.277214 
2995.528500 0.278442 
2994.394873 0.280283 
2993.261246 0.282184 
2992.127619 0.283756 
2990.993992 0.285006 
2989.860365 0.286440 
2988.726738 0.287795 
2987.593111 0.288639 
2986.459484 0.289566 
2985.325857 0.290000 
2984.192230 0.290004 
2983.058603 0.290190 
2981.924976 0.290321 
2980.791349 0.290914 
2979.657722 0.291702 
2978.524095 0.291795 
2977.390468 0.291735 
2976.256841 0.291662 
2975.123214 0.292227 
2973.989587 0.293048 
2972.855960 0.293573 
2971.722333 0.294518 
2970.588706 0.295175 
2969.455079 0.295731 
2968.321452 0.296727 
2967.187825 0.297194 
2966.054198 0.298003 
2964.920571 0.298757 
2963.786944 0.299576 
2962.653317 0.300422 
2961.519690 0.300950 
2960.386063 0.301949 
2959.252436 0.302748 
2958.118809 0.303005 
2956.985182 0.303443 
2955.851555 0.303324 
2954.717928 0.303297 
2953.584301 0.304213 
2952.450674 0.304408 
2951.317048 0.303989 
2950.183421 0.303158 
2949.049794 0.302421 
2947.916167 0.301499 
2946.782540 0.299755 
2945.648913 0.298649 
2944.515286 0.297699 
2943.381659 0.296306 
2942.248032 0.294426 
2941.114405 0.291824 
2939.980778 0.289787 
2938.847151 0.287595 
2937.713524 0.285345 
2936.579897 0.283535 
2935.446270 0.281638 
2934.312643 0.279702 
2933.179016 0.277278 
2932.045389 0.274813 
2930.911762 0.273148 
2929.778135 0.272189 
2928.644508 0.270672 
2927.510881 0.269111 
2926.377254 0.267345 
2925.243627 0.266034 
2924.110000 0.264714 
2922.976373 0.263606 
2921.842746 0.262459 
2920.709119 0.260528 
2919.575492 0.259406 
2918.441865 0.258432 
2917.308238 0.257491 
2916.174611 0.256250 
2915.040984 0.255353 
2913.907357 0.255000 
2912.773730 0.254035 
2911.640103 0.252740 
2910.506476 0.250976 
2909.372849 0.249603 
2908.239222 0.247784 
2907.105595 0.245775 
2905.971968 0.243820 
2904.838342 0.241862 
2903.704715 0.239552 
2902.571088 0.237434 
2901.437461 0.235349 
2900.303834 0.232796 
2899.170207 0.229976 
2898.036580 0.227334 
2896.902953 0.225115 
2895.769326 0.222694 
2894.635699 0.219848 
2893.502072 0.217152 
2892.368445 0.214360 
2891.234818 0.211348 
2890.101191 0.208228 
2888.967564 0.205222 
2887.833937 0.202135 
2886.700310 0.198991 
2885.566683 0.195997 
2884.433056 0.192960 
2883.299429 0.189608 
2882.165802 0.186244 
2881.032175 0.183356 
2879.898548 0.180300 
2878.764921 0.176817 
2877.631294 0.173532 
2876.497667 0.170635 
2875.364040 0.167919 
2874.230413 0.165491 
2873.096786 0.163232 
2871.963159 0.161182 
2870.829532 0.159062 
2869.695905 0.156898 
2868.562278 0.154764 
2867.428651 0.152848 
2866.295024 0.151053 
2865.161397 0.149515 
2864.027770 0.147947 
2862.894143 0.146123 
2861.760516 0.144603 
2860.626889 0.143310 
2859.493262 0.141672 
2858.359636 0.140194 
2857.226009 0.139181 
2856.092382 0.137811 
2854.958755 0.136040 
2853.825128 0.134193 
2852.691501 0.132813 
2851.557874 0.131542 
2850.424247 0.130114 
2849.290620 0.128752 
2848.156993 0.127615 
2847.023366 0.126600 
2845.889739 0.125550 
2844.756112 0.124699 
2843.622485 0.123973 
2842.488858 0.123389 
2841.355231 0.123110 
2840.221604 0.123042 
2839.087977 0.123334 
2837.954350 0.123608 
2836.820723 0.123890 
2835.687096 0.124448 
2834.553469 0.125052 
2833.419842 0.125724 
2832.286215 0.126486 
2831.152588 0.127257 
2830.018961 0.127838 
2828.885334 0.128512 
2827.751707 0.129319 
2826.618080 0.129859 
2825.484453 0.130278 
2824.350826 0.130890 
2823.217199 0.131509 
2822.083572 0.132018 
2820.949945 0.132424 
2819.816318 0.133110 
2818.682691 0.133552 
2817.549064 0.133842 
2816.415437 0.134200 
2815.281810 0.134856 
2814.148183 0.135324 
2813.014556 0.135763 
2811.880930 0.136273 
2810.747303 0.136616 
2809.613676 0.137586 
2808.480049 0.138599 
2807.346422 0.139241 
2806.212795 0.139921 
2805.079168 0.141168 
2803.945541 0.142078 
2802.811914 0.142940 
2801.678287 0.144211 
2800.544660 0.145645 
2799.411033 0.147123 
2798.277406 0.148236 
2797.143779 0.149385 
2796.010152 0.150764 
2794.876525 0.152246 
2793.742898 0.153639 
2792.609271 0.154689 
2791.475644 0.155785 
2790.342017 0.157033 
2789.208390 0.158243 
2788.074763 0.159335 
2786.941136 0.160401 
2785.807509 0.161470 
2784.673882 0.162517 
2783.540255 0.163466 
2782.406628 0.164907 
2781.273001 0.166284 
2780.139374 0.166971 
2779.005747 0.167972 
2777.872120 0.169268 
2776.738493 0.170429 
2775.604866 0.171268 
2774.471239 0.172024 
2773.337612 0.172867 
2772.203985 0.173670 
2771.070358 0.174321 
2769.936731 0.174826 
2768.803104 0.175083 
2767.669477 0.175298 
2766.535850 0.175449 
2765.402224 0.175659 
2764.268597 0.175816 
2763.134970 0.175716 
2762.001343 0.175825 
2760.867716 0.175745 
2759.734089 0.175576 
2758.600462 0.175552 
2757.466835 0.175276 
2756.333208 0.175125 
2755.199581 0.174946 
2754.065954 0.174547 
2752.932327 0.174150 
2751.798700 0.173678 
2750.665073 0.173321 
2749.531446 0.172685 
2748.397819 0.171697 
2747.264192 0.170827 
2746.130565 0.169463 
2744.996938 0.168186 
2743.863311 0.167021 
2742.729684 0.165755 
2741.596057 0.164459 
2740.462430 0.162510 
2739.328803 0.160577 
2738.195176 0.158922 
2737.061549 0.156709 
2735.927922 0.154710 
2734.794295 0.152891 
2733.660668 0.150779 
2732.527041 0.148728 
2731.393414 0.146578 
2730.259787 0.144520 
2729.126160 0.142274 
2727.992533 0.139988 
2726.858906 0.137656 
2725.725279 0.135274 
2724.591652 0.133355 
2723.458025 0.131146 
2722.324398 0.128722 
2721.190771 0.126355 
2720.057144 0.123991 
2718.923518 0.122044 
2717.789891 0.119841 
2716.656264 0.117407 
2715.522637 0.115367 
2714.389010 0.112902 
2713.255383 0.110803 
2712.121756 0.108767 
2710.988129 0.106283 
2709.854502 0.104198 
2708.720875 0.102058 
2707.587248 0.099642 
2706.453621 0.097507 
2705.319994 0.095447 
2704.186367 0.093467 
2703.052740 0.091586 
2701.919113 0.089484 
2700.785486 0.087642 
2699.651859 0.085825 
2698.518232 0.084006 
2697.384605 0.082121 
2696.250978 0.080368 
2695.117351 0.079083 
2693.983724 0.077354 
2692.850097 0.075883 
2691.716470 0.074443 
2690.582843 0.072976 
2689.449216 0.071873 
2688.315589 0.070560 
2687.181962 0.069380 
2686.048335 0.068258 
2684.914708 0.067061 
2683.781081 0.066177 
2682.647454 0.065381 
2681.513827 0.064647 
2680.380200 0.063954 
2679.246573 0.063062 
2678.112946 0.062454 
2676.979319 0.062079 
2675.845692 0.061703 
2674.712065 0.061388 
2673.578438 0.060986 
2672.444812 0.060759 
2671.311185 0.060503 
2670.177558 0.060390 
2669.043931 0.060364 
2667.910304 0.060163 
2666.776677 0.060406 
2665.643050 0.060419 
2664.509423 0.060428 
2663.375796 0.061000 
2662.242169 0.061020 
2661.108542 0.061307 
2659.974915 0.061665 
2658.841288 0.061949 
2657.707661 0.062630 
2656.574034 0.063151 
2655.440407 0.063736 
2654.306780 0.064568 
2653.173153 0.065290 
2652.039526 0.066173 
2650.905899 0.067190 
2649.772272 0.068129 
2648.638645 0.069229 
2647.505018 0.070101 
2646.371391 0.071389 
2645.237764 0.072646 
2644.104137 0.073824 
2642.970510 0.075320 
2641.836883 0.076462 
2640.703256 0.078058 
2639.569629 0.079807 
2638.436002 0.081305 
2637.302375 0.082919 
2636.168748 0.084341 
2635.035121 0.085982 
2633.901494 0.087675 
2632.767867 0.089206 
2631.634240 0.090651 
2630.500613 0.092074 
2629.366986 0.093393 
2628.233359 0.094685 
2627.099732 0.095829 
2625.966106 0.096951 
2624.832479 0.098089 
2623.698852 0.099116 
2622.565225 0.099762 
2621.431598 0.100023 
2620.297971 0.100738 
2619.164344 0.101320 
2618.030717 0.101502 
2616.897090 0.101847 
2615.763463 0.102349 
2614.629836 0.103165 
2613.496209 0.103825 
2612.362582 0.104279 
2611.228955 0.104984 
2610.095328 0.105543 
2608.961701 0.106272 
2607.828074 0.107030 
2606.694447 0.107683 
2605.560820 0.108760 
2604.427193 0.109957 
2603.293566 0.111378 
2602.159939 0.113041 
2601.026312 0.114420 
2599.892685 0.115763 
2598.759058 0.117107 
2597.625431 0.118638 
2596.491804 0.120233 
2595.358177 0.121850 
2594.224550 0.123728 
2593.090923 0.125272 
2591.957296 0.126547 
2590.823669 0.128172 
2589.690042 0.129389 
2588.556415 0.130632 
2587.422788 0.131779 
2586.289161 0.132381 
2585.155534 0.132908 
2584.021907 0.133372 
2582.888280 0.133483 
2581.754653 0.133385 
2580.621026 0.133114 
2579.487399 0.132536 
2578.353773 0.131500 
2577.220146 0.130250 
2576.086519 0.128950 
2574.952892 0.127603 
2573.819265 0.125993 
2572.685638 0.124227 
2571.552011 0.122543 
2570.418384 0.120816 
2569.284757 0.118815 
2568.151130 0.116817 
2567.017503 0.114795 
2565.883876 0.112863 
2564.750249 0.110796 
2563.616622 0.108339 
2562.482995 0.106189 
2561.349368 0.104118 
2560.215741 0.102050 
2559.082114 0.100174 
2557.948487 0.097969 
2556.814860 0.095965 
2555.681233 0.094067 
2554.547606 0.092200 
2553.413979 0.090448 
2552.280352 0.088515 
2551.146725 0.086542 
2550.013098 0.084788 
2548.879471 0.082990 
2547.745844 0.081241 
2546.612217 0.079562 
2545.478590 0.077800 
2544.344963 0.076284 
2543.211336 0.074792 
2542.077709 0.073194 
2540.944082 0.071584 
2539.810455 0.070113 
2538.676828 0.068844 
2537.543201 0.067345 
2536.409574 0.065730 
2535.275947 0.064231 
2534.142320 0.063040 
2533.008693 0.061656 
2531.875067 0.060226 
2530.741440 0.059053 
2529.607813 0.057891 
2528.474186 0.056682 
2527.340559 0.055462 
2526.206932 0.054258 
2525.073305 0.053125 
2523.939678 0.052180 
2522.806051 0.051208 
2521.672424 0.050315 
2520.538797 0.049391 
2519.405170 0.048572 
2518.271543 0.047599 
2517.137916 0.046785 
2516.004289 0.046308 
2514.870662 0.045683 
2513.737035 0.045093 
2512.603408 0.044534 
2511.469781 0.043896 
2510.336154 0.043592 
2509.202527 0.043265 
2508.068900 0.042615 
2506.935273 0.042079 
2505.801646 0.041940 
2504.668019 0.041687 
2503.534392 0.041381 
2502.400765 0.041112 
2501.267138 0.040796 
2500.133511 0.040601 
2498.999884 0.040448 
2497.866257 0.040116 
2496.732630 0.039708 
2495.599003 0.039669 
2494.465376 0.039483 
2493.331749 0.039122 
2492.198122 0.038810 
2491.064495 0.038419 
2489.930868 0.038088 
2488.797241 0.037761 
2487.663614 0.037561 
2486.529987 0.037367 
2485.396361 0.037174 
2484.262734 0.036882 
2483.129107 0.036454 
2481.995480 0.036072 
2480.861853 0.035793 
2479.728226 0.035392 
2478.594599 0.035108 
2477.460972 0.034643 
2476.327345 0.034189 
2475.193718 0.033905 
2474.060091 0.033624 
2472.926464 0.033355 
2471.792837 0.032984 
2470.659210 0.032528 
2469.525583 0.032131 
2468.391956 0.031723 
2467.258329 0.031371 
2466.124702 0.031244 
2464.991075 0.031033 
2463.857448 0.030696 
2462.723821 0.030280 
2461.590194 0.029890 
2460.456567 0.029593 
2459.322940 0.029254 
2458.189313 0.028865 
2457.055686 0.028480 
2455.922059 0.028279 
2454.788432 0.028079 
2453.654805 0.027955 
2452.521178 0.027670 
2451.387551 0.027405 
2450.253924 0.027189 
2449.120297 0.026826 
2447.986670 0.026669 
2446.853043 0.026508 
2445.719416 0.026180 
2444.585789 0.025956 
2443.452162 0.025961 
2442.318535 0.025653 
2441.184908 0.025190 
2440.051281 0.025055 
2438.917655 0.024945 
2437.784028 0.024579 
2436.650401 0.024397 
2435.516774 0.024167 
2434.383147 0.023912 
2433.249520 0.023909 
2432.115893 0.023853 
2430.982266 0.023581 
2429.848639 0.023365 
2428.715012 0.023224 
2427.581385 0.023056 
2426.447758 0.022589 
2425.314131 0.022420 
2424.180504 0.022299 
2423.046877 0.022031 
2421.913250 0.021843 
2420.779623 0.021517 
2419.645996 0.021306 
2418.512369 0.020917 
2417.378742 0.020654 
2416.245115 0.020548 
2415.111488 0.020395 
2413.977861 0.020118 
2412.844234 0.019783 
2411.710607 0.019575 
2410.576980 0.019351 
2409.443353 0.019157 
2408.309726 0.018706 
2407.176099 0.018502 
2406.042472 0.018131 
2404.908845 0.017608 
2403.775218 0.017354 
2402.641591 0.017056 
2401.507964 0.016823 
2400.374337 0.016436 
2399.240710 0.016150 
2398.107083 0.015786 
2396.973456 0.015504 
2395.839829 0.015562 
2394.706202 0.015113 
2393.572575 0.014706 
2392.438949 0.014470 
2391.305322 0.014300 
2390.171695 0.014110 
2389.038068 0.013718 
2387.904441 0.013425 
2386.770814 0.013261 
2385.637187 0.013011 
2384.503560 0.012686 
2383.369933 0.012388 
2382.236306 0.012193 
2381.102679 0.012072 
2379.969052 0.011626 
2378.835425 0.011331 
2377.701798 0.011099 
2376.568171 0.010742 
2375.434544 0.010662 
2374.300917 0.010167 
2373.167290 0.009908 
2372.033663 0.009838 
2370.900036 0.009612 
2369.766409 0.009425 
2368.632782 0.009037 
2367.499155 0.008931 
2366.365528 0.008982 
2365.231901 0.008936 
2364.098274 0.009195 
2362.964647 0.009237 
2361.831020 0.009121 
2360.697393 0.009238 
2359.563766 0.009124 
2358.430139 0.009200 
2357.296512 0.009464 
2356.162885 0.009470 
2355.029258 0.009555 
2353.895631 0.009575 
2352.762004 0.009666 
2351.628377 0.009660 
2350.494750 0.009570 
2349.361123 0.009808 
2348.227496 0.009624 
2347.093869 0.009620 
2345.960243 0.009768 
2344.826616 0.009853 
2343.692989 0.009859 
2342.559362 0.009449 
2341.425735 0.009194 
2340.292108 0.008907 
2339.158481 0.008477 
2338.024854 0.008286 
2336.891227 0.008401 
2335.757600 0.008511 
2334.623973 0.008629 
2333.490346 0.008664 
2332.356719 0.008581 
2331.223092 0.008376 
2330.089465 0.008214 
2328.955838 0.008155 
2327.822211 0.008051 
2326.688584 0.008066 
2325.554957 0.008031 
2324.421330 0.007898 
2323.287703 0.007986 
2322.154076 0.007697 
2321.020449 0.007576 
2319.886822 0.007573 
2318.753195 0.007389 
2317.619568 0.007146 
2316.485941 0.006932 
2315.352314 0.006802 
2314.218687 0.006661 
2313.085060 0.006421 
2311.951433 0.006358 
2310.817806 0.006205 
2309.684179 0.006115 
2308.550552 0.006051 
2307.416925 0.005822 
2306.283298 0.005731 
2305.149671 0.005518 
2304.016044 0.005307 
2302.882417 0.005313 
2301.748790 0.005218 
2300.615163 0.005109 
2299.481537 0.005046 
2298.347910 0.004885 
2297.214283 0.004732 
2296.080656 0.004563 
2294.947029 0.004575 
2293.813402 0.004424 
2292.679775 0.004179 
2291.546148 0.004308 
2290.412521 0.004164 
2289.278894 0.003917 
2288.145267 0.003719 
2287.011640 0.003598 
2285.878013 0.003731 
2284.744386 0.003603 
2283.610759 0.003507 
2282.477132 0.003512 
2281.343505 0.003317 
2280.209878 0.003197 
2279.076251 0.003237 
2277.942624 0.003208 
2276.808997 0.003095 
2275.675370 0.002847 
2274.541743 0.002940 
2273.408116 0.002953 
2272.274489 0.002825 
2271.140862 0.002889 
2270.007235 0.002663 
2268.873608 0.002581 
2267.739981 0.002517 
2266.606354 0.002365 
2265.472727 0.002332 
2264.339100 0.002152 
2263.205473 0.002069 
2262.071846 0.002092 
2260.938219 0.002088 
2259.804592 0.002127 
2258.670965 0.001853 
2257.537338 0.001774 
2256.403711 0.001934 
2255.270084 0.001804 
2254.136457 0.001667 
2253.002831 0.001546 
2251.869204 0.001436 
2250.735577 0.001420 
2249.601950 0.001360 
2248.468323 0.001390 
2247.334696 0.001393 
2246.201069 0.001268 
2245.067442 0.001143 
2243.933815 0.001120 
2242.800188 0.001127 
2241.666561 0.001106 
2240.532934 0.001145 
2239.399307 0.001131 
2238.265680 0.000970 
2237.132053 0.000986 
2235.998426 0.000973 
2234.864799 0.000865 
2233.731172 0.000797 
2232.597545 0.000761 
2231.463918 0.000834 
2230.330291 0.000874 
2229.196664 0.000730 
2228.063037 0.000612 
2226.929410 0.000514 
2225.795783 0.000609 
2224.662156 0.000662 
2223.528529 0.000456 
2222.394902 0.000601 
2221.261275 0.000631 
2220.127648 0.000480 
2218.994021 0.000412 
2217.860394 0.000439 
2216.726767 0.000528 
2215.593140 0.000391 
2214.459513 0.000280 
2213.325886 0.000304 
2212.192259 0.000261 
2211.058632 0.000231 
2209.925005 0.000296 
2208.791378 0.000289 
2207.657751 0.000327 
2206.524125 0.000219 
2205.390498 0.000038 
2204.256871 0.000001 
2203.123244 0.000105 
2201.989617 0.000105 
2200.855990 -0.000031 
2199.722363 -0.000010 
2198.588736 0.000159 
2197.455109 -0.000056 
2196.321482 -0.000151 
2195.187855 -0.000117 
2194.054228 -0.000152 
2192.920601 -0.000238 
2191.786974 -0.000043 
2190.653347 0.000107 
2189.519720 0.000083 
2188.386093 0.000054 
2187.252466 0.000072 
2186.118839 0.000006 
2184.985212 0.000106 
2183.851585 0.000153 
2182.717958 0.000231 
2181.584331 0.000362 
2180.450704 0.000375 
2179.317077 0.000370 
2178.183450 0.000442 
2177.049823 0.000482 
2175.916196 0.000591 
2174.782569 0.000737 
2173.648942 0.000839 
2172.515315 0.000876 
2171.381688 0.000893 
2170.248061 0.001003 
2169.114434 0.001077 
2167.980807 0.001283 
2166.847180 0.001467 
2165.713553 0.001292 
2164.579926 0.001436 
2163.446299 0.001651 
2162.312672 0.001698 
2161.179045 0.001786 
2160.045419 0.001921 
2158.911792 0.001992 
2157.778165 0.001929 
2156.644538 0.001954 
2155.510911 0.002160 
2154.377284 0.002397 
2153.243657 0.002648 
2152.110030 0.002658 
2150.976403 0.002606 
2149.842776 0.002723 
2148.709149 0.002809 
2147.575522 0.002771 
2146.441895 0.002819 
2145.308268 0.002879 
2144.174641 0.002964 
2143.041014 0.003029 
2141.907387 0.002963 
2140.773760 0.002933 
2139.640133 0.002904 
2138.506506 0.002812 
2137.372879 0.002668 
2136.239252 0.002654 
2135.105625 0.002670 
2133.971998 0.002526 
2132.838371 0.002590 
2131.704744 0.002572 
2130.571117 0.002499 
2129.437490 0.002556 
2128.303863 0.002671 
2127.170236 0.002664 
2126.036609 0.002475 
2124.902982 0.002464 
2123.769355 0.002510 
2122.635728 0.002507 
2121.502101 0.002520 
2120.368474 0.002568 
2119.234847 0.002544 
2118.101220 0.002470 
2116.967593 0.002461 
2115.833966 0.002455 
2114.700339 0.002449 
2113.566713 0.002437 
2112.433086 0.002523 
2111.299459 0.002511 
2110.165832 0.002578 
2109.032205 0.002771 
2107.898578 0.002821 
2106.764951 0.002930 
2105.631324 0.003081 
2104.497697 0.003129 
2103.364070 0.003186 
2102.230443 0.003343 
2101.096816 0.003491 
2099.963189 0.003674 
2098.829562 0.003784 
2097.695935 0.003838 
2096.562308 0.003874 
2095.428681 0.003878 
2094.295054 0.003968 
2093.161427 0.003958 
2092.027800 0.003963 
2090.894173 0.004075 
2089.760546 0.004127 
2088.626919 0.004043 
2087.493292 0.003878 
2086.359665 0.003804 
2085.226038 0.003772 
2084.092411 0.003599 
2082.958784 0.003451 
2081.825157 0.003507 
2080.691530 0.003408 
2079.557903 0.003477 
2078.424276 0.003557 
2077.290649 0.003452 
2076.157022 0.003338 
2075.023395 0.003276 
2073.889768 0.003249 
2072.756141 0.003244 
2071.622514 0.003275 
2070.488887 0.003297 
2069.355260 0.003274 
2068.221633 0.003293 
2067.088007 0.003337 
2065.954380 0.003242 
2064.820753 0.003237 
2063.687126 0.003260 
2062.553499 0.003322 
2061.419872 0.003419 
2060.286245 0.003393 
2059.152618 0.003565 
2058.018991 0.003643 
2056.885364 0.003530 
2055.751737 0.003523 
2054.618110 0.003545 
2053.484483 0.003781 
2052.350856 0.004001 
2051.217229 0.003952 
2050.083602 0.003939 
2048.949975 0.003916 
2047.816348 0.003849 
2046.682721 0.003781 
2045.549094 0.003668 
2044.415467 0.003542 
2043.281840 0.003524 
2042.148213 0.003398 
2041.014586 0.003366 
2039.880959 0.003169 
2038.747332 0.002886 
2037.613705 0.002690 
2036.480078 0.002631 
2035.346451 0.002815 
2034.212824 0.002925 
2033.079197 0.002774 
2031.945570 0.002519 
2030.811943 0.002254 
2029.678316 0.002258 
2028.544689 0.002347 
2027.411062 0.002177 
2026.277435 0.001897 
2025.143808 0.001657 
2024.010181 0.001601 
2022.876554 0.001497 
2021.742927 0.001485 
2020.609301 0.001430 
2019.475674 0.001400 
2018.342047 0.001239 
2017.208420 0.000933 
2016.074793 0.000862 
2014.941166 0.000780 
2013.807539 0.000712 
2012.673912 0.000696 
2011.540285 0.000578 
2010.406658 0.000440 
2009.273031 0.000545 
2008.139404 0.000558 
2007.005777 0.000452 
2005.872150 0.000398 
2004.738523 0.000305 
2003.604896 0.000268 
2002.471269 0.000089 
2001.337642 0.000121 
2000.204015 0.000186 
1999.070388 0.000073 
1997.936761 -0.000044 
1996.803134 -0.000089 
1995.669507 -0.000040 
1994.535880 0.000238 
1993.402253 0.000326 
1992.268626 0.000102 
1991.134999 -0.000203 
1990.001372 -0.000260 
1988.867745 -0.000123 
1987.734118 -0.000109 
1986.600491 -0.000236 
1985.466864 -0.000410 
1984.333237 -0.000423 
1983.199610 -0.000357 
1982.065983 -0.000486 
1980.932356 -0.000309 
1979.798729 -0.000145 
1978.665102 -0.000226 
1977.531475 -0.000154 
1976.397848 -0.000242 
1975.264221 -0.000221 
1974.130594 -0.000180 
1972.996968 -0.000320 
1971.863341 -0.000230 
1970.729714 -0.000186 
1969.596087 0.000038 
1968.462460 0.000112 
1967.328833 -0.000017 
1966.195206 0.000062 
1965.061579 -0.000024 
1963.927952 -0.000243 
1962.794325 -0.000229 
1961.660698 -0.000266 
1960.527071 -0.000179 
1959.393444 -0.000055 
1958.259817 -0.000103 
1957.126190 0.000118 
1955.992563 0.000207 
1954.858936 0.000268 
1953.725309 0.000332 
1952.591682 0.000392 
1951.458055 0.000610 
1950.324428 0.000553 
1949.190801 0.000509 
1948.057174 0.000611 
1946.923547 0.000776 
1945.789920 0.001010 
1944.656293 0.001288 
1943.522666 0.001484 
1942.389039 0.001273 
1941.255412 0.001279 
1940.121785 0.001656 
1938.988158 0.001955 
1937.854531 0.002180 
1936.720904 0.002540 
1935.587277 0.002595 
1934.453650 0.002848 
1933.320023 0.003146 
1932.186396 0.003232 
1931.052769 0.003497 
1929.919142 0.003675 
1928.785515 0.003885 
1927.651888 0.004024 
1926.518262 0.004319 
1925.384635 0.004937 
1924.251008 0.005212 
1923.117381 0.005214 
1921.983754 0.005267 
1920.850127 0.005479 
1919.716500 0.006122 
1918.582873 0.006146 
1917.449246 0.006142 
1916.315619 0.006625 
1915.181992 0.006919 
1914.048365 0.007175 
1912.914738 0.007229 
1911.781111 0.007444 
1910.647484 0.007689 
1909.513857 0.007720 
1908.380230 0.008044 
1907.246603 0.008253 
1906.112976 0.008322 
1904.979349 0.008577 
1903.845722 0.008666 
1902.712095 0.008868 
1901.578468 0.008919 
1900.444841 0.008925 
1899.311214 0.009096 
1898.177587 0.009109 
1897.043960 0.009437 
1895.910333 0.009499 
1894.776706 0.009305 
1893.643079 0.009291 
1892.509452 0.009370 
1891.375825 0.009696 
1890.242198 0.009587 
1889.108571 0.009083 
1887.974944 0.009134 
1886.841317 0.009239 
1885.707690 0.009300 
1884.574063 0.009176 
1883.440436 0.008900 
1882.306809 0.008816 
1881.173182 0.008740 
1880.039556 0.008799 
1878.905929 0.008752 
1877.772302 0.008474 
1876.638675 0.008364 
1875.505048 0.008123 
1874.371421 0.007970 
1873.237794 0.008032 
1872.104167 0.008036 
1870.970540 0.008217 
1869.836913 0.007835 
1868.703286 0.007369 
1867.569659 0.007448 
1866.436032 0.007525 
1865.302405 0.007600 
1864.168778 0.007408 
1863.035151 0.007244 
1861.901524 0.007395 
1860.767897 0.007436 
1859.634270 0.007422 
1858.500643 0.007433 
1857.367016 0.007338 
1856.233389 0.007400 
1855.099762 0.007366 
1853.966135 0.007212 
1852.832508 0.007131 
1851.698881 0.007163 
1850.565254 0.007304 
1849.431627 0.007402 
1848.298000 0.007294 
1847.164373 0.007151 
1846.030746 0.007504 
1844.897119 0.007489 
1843.763492 0.007007 
1842.629865 0.007124 
1841.496238 0.007349 
1840.362611 0.007416 
1839.228984 0.007528 
1838.095357 0.007545 
1836.961730 0.007335 
1835.828103 0.007427 
1834.694476 0.007569 
1833.560850 0.007752 
1832.427223 0.008022 
1831.293596 0.008213 
1830.159969 0.007971 
1829.026342 0.007888 
1827.892715 0.008260 
1826.759088 0.008857 
1825.625461 0.008734 
1824.491834 0.008670 
1823.358207 0.008967 
1822.224580 0.009199 
1821.090953 0.009220 
1819.957326 0.009164 
1818.823699 0.009488 
1817.690072 0.009641 
1816.556445 0.009584 
1815.422818 0.009778 
1814.289191 0.010005 
1813.155564 0.010077 
1812.021937 0.010159 
1810.888310 0.010271 
1809.754683 0.010492 
1808.621056 0.010685 
1807.487429 0.010977 
1806.353802 0.011213 
1805.220175 0.011224 
1804.086548 0.011442 
1802.952921 0.011573 
1801.819294 0.011605 
1800.685667 0.011715 
1799.552040 0.011761 
1798.418413 0.012055 
1797.284786 0.012330 
1796.151159 0.012531 
1795.017532 0.012920 
1793.883905 0.013291 
1792.750278 0.013354 
1791.616651 0.013627 
1790.483024 0.014153 
1789.349397 0.014753 
1788.215770 0.015045 
1787.082144 0.015323 
1785.948517 0.015828 
1784.814890 0.016234 
1783.681263 0.016750 
1782.547636 0.017153 
1781.414009 0.017799 
1780.280382 0.018697 
1779.146755 0.019632 
1778.013128 0.020424 
1776.879501 0.021331 
1775.745874 0.022168 
1774.612247 0.023021 
1773.478620 0.024435 
1772.344993 0.026111 
1771.211366 0.027831 
1770.077739 0.029644 
1768.944112 0.032078 
1767.810485 0.034731 
1766.676858 0.037478 
1765.543231 0.040820 
1764.409604 0.044380 
1763.275977 0.048529 
1762.142350 0.054947 
1761.008723 0.061683 
1759.875096 0.069468 
1758.741469 0.078486 
1757.607842 0.090686 
1756.474215 0.106497 
1755.340588 0.124964 
1754.206961 0.146517 
1753.073334 0.170461 
1751.939707 0.204561 
1750.806080 0.241522 
1749.672453 0.280645 
1748.538826 0.321603 
1747.405199 0.362672 
1746.271572 0.402087 
1745.137945 0.439983 
1744.004318 0.476828 
1742.870691 0.510735 
1741.737064 0.543783 
1740.603438 0.576102 
1739.469811 0.603518 
1738.336184 0.631411 
1737.202557 0.658138 
1736.068930 0.685926 
1734.935303 0.707293 
1733.801676 0.718977 
1732.668049 0.735645 
1731.534422 0.756479 
1730.400795 0.772671 
1729.267168 0.785707 
1728.133541 0.799254 
1726.999914 0.810099 
1725.866287 0.819740 
1724.732660 0.829308 
1723.599033 0.837189 
1722.465406 0.845319 
1721.331779 0.854965 
1720.198152 0.868962 
1719.064525 0.877388 
1717.930898 0.873427 
1716.797271 0.876036 
1715.663644 0.883238 
1714.530017 0.883762 
1713.396390 0.886048 
1712.262763 0.889544 
1711.129136 0.889698 
1709.995509 0.884587 
1708.861882 0.879968 
1707.728255 0.873869 
1706.594628 0.861965 
1705.461001 0.847815 
1704.327374 0.831197 
1703.193747 0.823108 
1702.060120 0.825772 
1700.926493 0.790766 
1699.792866 0.746163 
1698.659239 0.732286 
1697.525612 0.723639 
1696.391985 0.689912 
1695.258358 0.651704 
1694.124732 0.630929 
1692.991105 0.609877 
1691.857478 0.587191 
1690.723851 0.562056 
1689.590224 0.536653 
1688.456597 0.511641 
1687.322970 0.493731 
1686.189343 0.483629 
1685.055716 0.458661 
1683.922089 0.427040 
1682.788462 0.411226 
1681.654835 0.402433 
1680.521208 0.391550 
1679.387581 0.380527 
1678.253954 0.372464 
1677.120327 0.368502 
1675.986700 0.359211 
1674.853073 0.346172 
1673.719446 0.341300 
1672.585819 0.338208 
1671.452192 0.333521 
1670.318565 0.328366 
1669.184938 0.318520 
1668.051311 0.311791 
1666.917684 0.307620 
1665.784057 0.303433 
1664.650430 0.300308 
1663.516803 0.294073 
1662.383176 0.284239 
1661.249549 0.278311 
1660.115922 0.273716 
1658.982295 0.268819 
1657.848668 0.263872 
1656.715041 0.260174 
1655.581414 0.259434 
1654.447787 0.258633 
1653.314160 0.244053 
1652.180533 0.233192 
1651.046906 0.231797 
1649.913279 0.231551 
1648.779652 0.228937 
1647.646026 0.224057 
1646.512399 0.217111 
1645.378772 0.210840 
1644.245145 0.207793 
1643.111518 0.204484 
1641.977891 0.200115 
1640.844264 0.195929 
1639.710637 0.192158 
1638.577010 0.188302 
1637.443383 0.185841 
1636.309756 0.182778 
1635.176129 0.174424 
1634.042502 0.170715 
1632.908875 0.169550 
1631.775248 0.167567 
1630.641621 0.164591 
1629.507994 0.162535 
1628.374367 0.159288 
1627.240740 0.155358 
1626.107113 0.153294 
1624.973486 0.152453 
1623.839859 0.148464 
1622.706232 0.144072 
1621.572605 0.141967 
1620.438978 0.139795 
1619.305351 0.137821 
1618.171724 0.137272 
1617.038097 0.130840 
1615.904470 0.124724 
1614.770843 0.123110 
1613.637216 0.121112 
1612.503589 0.118010 
1611.369962 0.115088 
1610.236335 0.112426 
1609.102708 0.109909 
1607.969081 0.107677 
1606.835454 0.105148 
1605.701827 0.102860 
1604.568200 0.100488 
1603.434573 0.097801 
1602.300946 0.094906 
1601.167320 0.091896 
1600.033693 0.089118 
1598.900066 0.085867 
1597.766439 0.082585 
1596.632812 0.079207 
1595.499185 0.075445 
1594.365558 0.071757 
1593.231931 0.067982 
1592.098304 0.064371 
1590.964677 0.061133 
1589.831050 0.057697 
1588.697423 0.054756 
1587.563796 0.051955 
1586.430169 0.049055 
1585.296542 0.046374 
1584.162915 0.043659 
1583.029288 0.041345 
1581.895661 0.039174 
1580.762034 0.036943 
1579.628407 0.034887 
1578.494780 0.033874 
1577.361153 0.033520 
1576.227526 0.029243 
1575.093899 0.026627 
1573.960272 0.026401 
1572.826645 0.025577 
1571.693018 0.025382 
1570.559391 0.024667 
1569.425764 0.021278 
1568.292137 0.020281 
1567.158510 0.020047 
1566.024883 0.019629 
1564.891256 0.018231 
1563.757629 0.016996 
1562.624002 0.016973 
1561.490375 0.018164 
1560.356748 0.016799 
1559.223121 0.014180 
1558.089494 0.011079 
1556.955867 0.011279 
1555.822240 0.013184 
1554.688614 0.012368 
1553.554987 0.010716 
1552.421360 0.010687 
1551.287733 0.010902 
1550.154106 0.009911 
1549.020479 0.008765 
1547.886852 0.008757 
1546.753225 0.009352 
1545.619598 0.008263 
1544.485971 0.006901 
1543.352344 0.007308 
1542.218717 0.006419 
1541.085090 0.006234 
1539.951463 0.005586 
1538.817836 0.003964 
1537.684209 0.004058 
1536.550582 0.005087 
1535.416955 0.006015 
1534.283328 0.005163 
1533.149701 0.003356 
1532.016074 0.003175 
1530.882447 0.003586 
1529.748820 0.003627 
1528.615193 0.003134 
1527.481566 0.002968 
1526.347939 0.002867 
1525.214312 0.001854 
1524.080685 0.002177 
1522.947058 0.002865 
1521.813431 0.002593 
1520.679804 0.000464 
1519.546177 0.000808 
1518.412550 0.001960 
1517.278923 0.000872 
1516.145296 0.000450 
1515.011669 0.000557 
1513.878042 0.000999 
1512.744415 0.000786 
1511.610788 0.000294 
1510.477161 0.000767 
1509.343534 0.000743 
1508.209908 0.000953 
1507.076281 0.000189 
1505.942654 -0.001426 
1504.809027 -0.001090 
1503.675400 -0.000145 
1502.541773 0.000157 
1501.408146 0.000020 
1500.274519 -0.000026 
1499.140892 -0.000440 
1498.007265 -0.000597 
1496.873638 -0.000468 
1495.740011 -0.001697 
1494.606384 -0.001561 
1493.472757 -0.001131 
1492.339130 -0.000540 
1491.205503 -0.000382 
1490.071876 -0.001039 
1488.938249 -0.000700 
1487.804622 0.000472 
1486.670995 0.001182 
1485.537368 0.002153 
1484.403741 0.003585 
1483.270114 0.004957 
1482.136487 0.006164 
1481.002860 0.007032 
1479.869233 0.008064 
1478.735606 0.009136 
1477.601979 0.009762 
1476.468352 0.009109 
1475.334725 0.008750 
1474.201098 0.008789 
1473.067471 0.007307 
1471.933844 0.004935 
1470.800217 0.003823 
1469.666590 0.003524 
1468.532963 0.002864 
1467.399336 0.002334 
1466.265709 0.002190 
1465.132082 0.001547 
1463.998455 0.001503 
1462.864828 0.002216 
1461.731202 0.002776 
1460.597575 0.003224 
1459.463948 0.003628 
1458.330321 0.004128 
1457.196694 0.003794 
1456.063067 0.003553 
1454.929440 0.004681 
1453.795813 0.005822 
1452.662186 0.006677 
1451.528559 0.006850 
1450.394932 0.006882 
1449.261305 0.006884 
1448.127678 0.005696 
1446.994051 0.004519 
1445.860424 0.003821 
1444.726797 0.003105 
1443.593170 0.002359 
1442.459543 0.001494 
1441.325916 0.000957 
1440.192289 0.000748 
1439.058662 0.000973 
1437.925035 0.001877 
1436.791408 0.001110 
1435.657781 0.000920 
1434.524154 0.001892 
1433.390527 0.002415 
1432.256900 0.003107 
1431.123273 0.003852 
1429.989646 0.004402 
1428.856019 0.005272 
1427.722392 0.006644 
1426.588765 0.008280 
1425.455138 0.010039 
1424.321511 0.011973 
1423.187884 0.014282 
1422.054257 0.017048 
1420.920630 0.020262 
1419.787003 0.023736 
1418.653376 0.026828 
1417.519749 0.031040 
1416.386122 0.035290 
1415.252495 0.039348 
1414.118869 0.043279 
1412.985242 0.046878 
1411.851615 0.050133 
1410.717988 0.052932 
1409.584361 0.055378 
1408.450734 0.057471 
1407.317107 0.059169 
1406.183480 0.060570 
1405.049853 0.061210 
1403.916226 0.061837 
1402.782599 0.062617 
1401.648972 0.063330 
1400.515345 0.064556 
1399.381718 0.065409 
1398.248091 0.066492 
1397.114464 0.068404 
1395.980837 0.070707 
1394.847210 0.072746 
1393.713583 0.074483 
1392.579956 0.076636 
1391.446329 0.078231 
1390.312702 0.079125 
1389.179075 0.079995 
1388.045448 0.079952 
1386.911821 0.078817 
1385.778194 0.078198 
1384.644567 0.077296 
1383.510940 0.076017 
1382.377313 0.074954 
1381.243686 0.074624 
1380.110059 0.075023 
1378.976432 0.076126 
1377.842805 0.077920 
1376.709178 0.080108 
1375.575551 0.082319 
1374.441924 0.083625 
1373.308297 0.083831 
1372.174670 0.083232 
1371.041043 0.081678 
1369.907416 0.079009 
1368.773789 0.075056 
1367.640163 0.070498 
1366.506536 0.065673 
1365.372909 0.060931 
1364.239282 0.056010 
1363.105655 0.050142 
1361.972028 0.044975 
1360.838401 0.040390 
1359.704774 0.036347 
1358.571147 0.032705 
1357.437520 0.029442 
1356.303893 0.026495 
1355.170266 0.023647 
1354.036639 0.021155 
1352.903012 0.019049 
1351.769385 0.017108 
1350.635758 0.015175 
1349.502131 0.013518 
1348.368504 0.012054 
1347.234877 0.010623 
1346.101250 0.009449 
1344.967623 0.008492 
1343.833996 0.007586 
1342.700369 0.006995 
1341.566742 0.006851 
1340.433115 0.006897 
1339.299488 0.007068 
1338.165861 0.007594 
1337.032234 0.008765 
1335.898607 0.010203 
1334.764980 0.011548 
1333.631353 0.012817 
1332.497726 0.013858 
1331.364099 0.014590 
1330.230472 0.014873 
1329.096845 0.014713 
1327.963218 0.014084 
1326.829591 0.012874 
1325.695964 0.011412 
1324.562337 0.009886 
1323.428710 0.008210 
1322.295083 0.006301 
1321.161457 0.004582 
1320.027830 0.003182 
1318.894203 0.001861 
1317.760576 0.000750 
1316.626949 0.000214 
1315.493322 -0.000010 
1314.359695 -0.000048 
1313.226068 0.000244 
1312.092441 0.000720 
1310.958814 0.001175 
1309.825187 0.001839 
1308.691560 0.002556 
1307.557933 0.003204 
1306.424306 0.003926 
1305.290679 0.004742 
1304.157052 0.005564 
1303.023425 0.006269 
1301.889798 0.006735 
1300.756171 0.006844 
1299.622544 0.006712 
1298.488917 0.006568 
1297.355290 0.006295 
1296.221663 0.005930 
1295.088036 0.005722 
1293.954409 0.005650 
1292.820782 0.005799 
1291.687155 0.006244 
1290.553528 0.006912 
1289.419901 0.007856 
1288.286274 0.008976 
1287.152647 0.010345 
1286.019020 0.011893 
1284.885393 0.013399 
1283.751766 0.014995 
1282.618139 0.016611 
1281.484512 0.018458 
1280.350885 0.020352 
1279.217258 0.022268 
1278.083631 0.024395 
1276.950004 0.026895 
1275.816377 0.029773 
1274.682751 0.033381 
1273.549124 0.037653 
1272.415497 0.042556 
1271.281870 0.048289 
1270.148243 0.055162 
1269.014616 0.062984 
1267.880989 0.071741 
1266.747362 0.081562 
1265.613735 0.092348 
1264.480108 0.103854 
1263.346481 0.115941 
1262.212854 0.128428 
1261.079227 0.141116 
1259.945600 0.153938 
1258.811973 0.166379 
1257.678346 0.178432 
1256.544719 0.189878 
1255.411092 0.200613 
1254.277465 0.210679 
1253.143838 0.220015 
1252.010211 0.228585 
1250.876584 0.236606 
1249.742957 0.244336 
1248.609330 0.251530 
1247.475703 0.258381 
1246.342076 0.265106 
1245.208449 0.271946 
1244.074822 0.279144 
1242.941195 0.286608 
1241.807568 0.294226 
1240.673941 0.302329 
1239.540314 0.310887 
1238.406687 0.319695 
1237.273060 0.328574 
1236.139433 0.337713 
1235.005806 0.346944 
1233.872179 0.355787 
1232.738552 0.364322 
1231.604925 0.372447 
1230.471298 0.379906 
1229.337671 0.386747 
1228.204045 0.393172 
1227.070418 0.399069 
1225.936791 0.404245 
1224.803164 0.408852 
1223.669537 0.413123 
1222.535910 0.417210 
1221.402283 0.420598 
1220.268656 0.423609 
1219.135029 0.426416 
1218.001402 0.428544 
1216.867775 0.430074 
1215.734148 0.431014 
1214.600521 0.431339 
1213.466894 0.431035 
1212.333267 0.429814 
1211.199640 0.427584 
1210.066013 0.424507 
1208.932386 0.420487 
1207.798759 0.415736 
1206.665132 0.410193 
1205.531505 0.403706 
1204.397878 0.396432 
1203.264251 0.388843 
1202.130624 0.380714 
1200.996997 0.372339 
1199.863370 0.363907 
1198.729743 0.355151 
1197.596116 0.346320 
1196.462489 0.337743 
1195.328862 0.329390 
1194.195235 0.321017 
1193.061608 0.312917 
1191.927981 0.305381 
1190.794354 0.298235 
1189.660727 0.291355 
1188.527100 0.285061 
1187.393473 0.279594 
1186.259846 0.274588 
1185.126219 0.270095 
1183.992592 0.266186 
1182.858965 0.262666 
1181.725339 0.259385 
1180.591712 0.256281 
1179.458085 0.253531 
1178.324458 0.250619 
1177.190831 0.247572 
1176.057204 0.244554 
1174.923577 0.241200 
1173.789950 0.237731 
1172.656323 0.234092 
1171.522696 0.230158 
1170.389069 0.225921 
1169.255442 0.221281 
1168.121815 0.216339 
1166.988188 0.211031 
1165.854561 0.205615 
1164.720934 0.200549 
1163.587307 0.195385 
1162.453680 0.190257 
1161.320053 0.185482 
1160.186426 0.180654 
1159.052799 0.175062 
1157.919172 0.168613 
1156.785545 0.161372 
1155.651918 0.153438 
1154.518291 0.144902 
1153.384664 0.136120 
1152.251037 0.127289 
1151.117410 0.118265 
1149.983783 0.109290 
1148.850156 0.100329 
1147.716529 0.091402 
1146.582902 0.082881 
1145.449275 0.075075 
1144.315648 0.068207 
1143.182021 0.061816 
1142.048394 0.055960 
1140.914767 0.050718 
1139.781140 0.045784 
1138.647513 0.041385 
1137.513886 0.037312 
1136.380259 0.033578 
1135.246633 0.030052 
1134.113006 0.026868 
1132.979379 0.024274 
1131.845752 0.021573 
1130.712125 0.019160 
1129.578498 0.017264 
1128.444871 0.015524 
1127.311244 0.013960 
1126.177617 0.012761 
1125.043990 0.012093 
1123.910363 0.011838 
1122.776736 0.012230 
1121.643109 0.013447 
1120.509482 0.015236 
1119.375855 0.017168 
1118.242228 0.018843 
1117.108601 0.019378 
1115.974974 0.018350 
1114.841347 0.016200 
1113.707720 0.013430 
1112.574093 0.010677 
1111.440466 0.008300 
1110.306839 0.006796 
1109.173212 0.006293 
1108.039585 0.006210 
1106.905958 0.006770 
1105.772331 0.007705 
1104.638704 0.008710 
1103.505077 0.009866 
1102.371450 0.011061 
1101.237823 0.012277 
1100.104196 0.012884 
1098.970569 0.013045 
1097.836942 0.013490 
1096.703315 0.013899 
1095.569688 0.014498 
1094.436061 0.015650 
1093.302434 0.017216 
1092.168807 0.018991 
1091.035180 0.021059 
1089.901553 0.023409 
1088.767927 0.025863 
1087.634300 0.028300 
1086.500673 0.030909 
1085.367046 0.033491 
1084.233419 0.035848 
1083.099792 0.038124 
1081.966165 0.040404 
1080.832538 0.042433 
1079.698911 0.043978 
1078.565284 0.045411 
1077.431657 0.046597 
1076.298030 0.047128 
1075.164403 0.047574 
1074.030776 0.047624 
1072.897149 0.047267 
1071.763522 0.046910 
1070.629895 0.046204 
1069.496268 0.045162 
1068.362641 0.043929 
1067.229014 0.042722 
1066.095387 0.041305 
1064.961760 0.039520 
1063.828133 0.037746 
1062.694506 0.035858 
1061.560879 0.033762 
1060.427252 0.031648 
1059.293625 0.029468 
1058.159998 0.027227 
1057.026371 0.024730 
1055.892744 0.022113 
1054.759117 0.019740 
1053.625490 0.017374 
1052.491863 0.014964 
1051.358236 0.012784 
1050.224609 0.010569 
1049.090982 0.008545 
1047.957355 0.006799 
1046.823728 0.005211 
1045.690101 0.003872 
1044.556474 0.002798 
1043.422847 0.002058 
1042.289221 0.001383 
1041.155594 0.000752 
1040.021967 0.000413 
1038.888340 0.000124 
1037.754713 0.000006 
1036.621086 0.000008 
1035.487459 -0.000067 
1034.353832 -0.000139 
1033.220205 -0.000176 
1032.086578 0.000038 
1030.952951 0.000164 
1029.819324 0.000094 
1028.685697 0.000427 
1027.552070 0.000793 
1026.418443 0.001120 
1025.284816 0.001786 
1024.151189 0.002735 
1023.017562 0.003946 
1021.883935 0.005422 
1020.750308 0.007445 
1019.616681 0.010164 
1018.483054 0.013382 
1017.349427 0.016924 
1016.215800 0.020592 
1015.082173 0.024151 
1013.948546 0.027252 
1012.814919 0.029569 
1011.681292 0.030867 
1010.547665 0.031064 
1009.414038 0.030120 
1008.280411 0.028240 
1007.146784 0.025868 
1006.013157 0.023284 
1004.879530 0.020870 
1003.745903 0.018848 
1002.612276 0.017580 
1001.478649 0.017076 
1000.345022 0.017021 
999.211395 0.017177 
998.077768 0.017312 
996.944141 0.017537 
995.810515 0.017820 
994.676888 0.018165 
993.543261 0.018617 
992.409634 0.019020 
991.276007 0.019382 
990.142380 0.019817 
989.008753 0.020373 
987.875126 0.021082 
986.741499 0.021897 
985.607872 0.022985 
984.474245 0.024240 
983.340618 0.025526 
982.206991 0.026991 
981.073364 0.028586 
979.939737 0.030158 
978.806110 0.031855 
977.672483 0.033775 
976.538856 0.035687 
975.405229 0.037603 
974.271602 0.039723 
973.137975 0.041868 
972.004348 0.043993 
970.870721 0.046399 
969.737094 0.048785 
968.603467 0.051223 
967.469840 0.053738 
966.336213 0.056304 
965.202586 0.059075 
964.068959 0.061895 
962.935332 0.064786 
961.801705 0.067689 
960.668078 0.070618 
959.534451 0.073693 
958.400824 0.076800 
957.267197 0.079828 
956.133570 0.082921 
954.999943 0.086195 
953.866316 0.089376 
952.732689 0.092420 
951.599062 0.095387 
950.465435 0.098320 
949.331809 0.101121 
948.198182 0.103858 
947.064555 0.106515 
945.930928 0.108828 
944.797301 0.110801 
943.663674 0.112735 
942.530047 0.114460 
941.396420 0.115975 
940.262793 0.117258 
939.129166 0.118303 
937.995539 0.119009 
936.861912 0.119507 
935.728285 0.119813 
934.594658 0.120065 
933.461031 0.120173 
932.327404 0.120022 
931.193777 0.119498 
930.060150 0.118864 
928.926523 0.118339 
927.792896 0.117538 
926.659269 0.116568 
925.525642 0.115626 
924.392015 0.114732 
923.258388 0.113638 
922.124761 0.112335 
920.991134 0.111057 
919.857507 0.109805 
918.723880 0.108420 
917.590253 0.107128 
916.456626 0.106090 
915.322999 0.105060 
914.189372 0.104045 
913.055745 0.103139 
911.922118 0.102092 
910.788491 0.101132 
909.654864 0.100311 
908.521237 0.099562 
907.387610 0.098922 
906.253983 0.098171 
905.120356 0.097572 
903.986729 0.097035 
902.853103 0.096416 
901.719476 0.095733 
900.585849 0.095282 
899.452222 0.094918 
898.318595 0.094545 
897.184968 0.094239 
896.051341 0.093907 
894.917714 0.093561 
893.784087 0.093172 
892.650460 0.092843 
891.516833 0.092557 
890.383206 0.092324 
889.249579 0.092168 
888.115952 0.091816 
886.982325 0.091365 
885.848698 0.091013 
884.715071 0.090480 
883.581444 0.090025 
882.447817 0.089617 
881.314190 0.088986 
880.180563 0.088432 
879.046936 0.087979 
877.913309 0.087456 
876.779682 0.086809 
875.646055 0.086008 
874.512428 0.085262 
873.378801 0.084723 
872.245174 0.083835 
871.111547 0.082765 
869.977920 0.081875 
868.844293 0.080868 
867.710666 0.079830 
866.577039 0.078696 
865.443412 0.077687 
864.309785 0.076707 
863.176158 0.075765 
862.042531 0.074714 
860.908904 0.073407 
859.775277 0.072121 
858.641650 0.071341 
857.508023 0.070484 
856.374396 0.069596 
855.240770 0.068936 
854.107143 0.068877 
852.973516 0.069401 
851.839889 0.070724 
850.706262 0.072643 
849.572635 0.074718 
848.439008 0.077007 
847.305381 0.078797 
846.171754 0.079441 
845.038127 0.078462 
843.904500 0.076324 
842.770873 0.073157 
841.637246 0.069232 
840.503619 0.064866 
839.369992 0.061007 
838.236365 0.057247 
837.102738 0.053580 
835.969111 0.050826 
834.835484 0.048774 
833.701857 0.047073 
832.568230 0.045204 
831.434603 0.043383 
830.300976 0.042179 
829.167349 0.041026 
828.033722 0.040095 
826.900095 0.039090 
825.766468 0.037695 
824.632841 0.037125 
823.499214 0.036506 
822.365587 0.035409 
821.231960 0.034569 
820.098333 0.034116 
818.964706 0.033676 
817.831079 0.032780 
816.697452 0.032504 
815.563825 0.032473 
814.430198 0.031855 
813.296571 0.031319 
812.162944 0.030790 
811.029317 0.029992 
809.895690 0.029194 
808.762064 0.028101 
807.628437 0.026863 
806.494810 0.025512 
805.361183 0.024348 
804.227556 0.023380 
803.093929 0.021862 
801.960302 0.020395 
800.826675 0.019413 
799.693048 0.018255 
798.559421 0.016958 
797.425794 0.015894 
796.292167 0.015383 
795.158540 0.014738 
794.024913 0.013407 
792.891286 0.012820 
791.757659 0.012112 
790.624032 0.011399 
789.490405 0.011095 
788.356778 0.010667 
787.223151 0.010171 
786.089524 0.009745 
784.955897 0.009279 
783.822270 0.008845 
782.688643 0.008070 
781.555016 0.008210 
780.421389 0.007736 
779.287762 0.006831 
778.154135 0.006567 
777.020508 0.005803 
775.886881 0.005155 
774.753254 0.004543 
773.619627 0.004075 
772.486000 0.004299 
771.352373 0.003677 
770.218746 0.003213 
769.085119 0.002728 
767.951492 0.001870 
766.817865 0.002015 
765.684238 0.001917 
764.550611 0.001471 
763.416984 0.001353 
762.283358 0.001218 
761.149731 0.001072 
760.016104 0.000540 
758.882477 0.000082 
757.748850 0.000254 
756.615223 -0.000257 
755.481596 -0.000038 
754.347969 0.000427 
753.214342 0.000115 
752.080715 0.000199 
750.947088 0.000445 
749.813461 0.001094 
748.679834 0.000945 
747.546207 0.000196 
746.412580 0.000253 
745.278953 0.000454 
744.145326 0.000796 
743.011699 0.001069 
741.878072 0.001309 
740.744445 0.001346 
739.610818 0.001592 
738.477191 0.002596 
737.343564 0.004067 
736.209937 0.005506 
735.076310 0.008207 
733.942683 0.010805 
732.809056 0.014826 
731.675429 0.020399 
730.541802 0.025903 
729.408175 0.032231 
728.274548 0.038525 
727.140921 0.045638 
726.007294 0.052490 
724.873667 0.057818 
723.740040 0.063777 
722.606413 0.068809 
721.472786 0.072517 
720.339159 0.076672 
719.205532 0.080945 
718.071905 0.085203 
716.938278 0.089289 
715.804652 0.092370 
714.671025 0.095386 
713.537398 0.097540 
712.403771 0.098207 
711.270144 0.097802 
710.136517 0.095721 
709.002890 0.093275 
707.869263 0.089703 
706.735636 0.085100 
705.602009 0.081398 
704.468382 0.078522 
703.334755 0.077009 
702.201128 0.075631 
701.067501 0.074257 
699.933874 0.074301 
698.800247 0.074333 
697.666620 0.074737 
696.532993 0.074952 
695.399366 0.074000 
694.265739 0.073244 
693.132112 0.072787 
691.998485 0.073252 
690.864858 0.074126 
689.731231 0.073411 
688.597604 0.073023 
687.463977 0.074209 
686.330350 0.075328 
685.196723 0.075502 
684.063096 0.074634 
682.929469 0.074580 
681.795842 0.073744 
680.662215 0.072329 
679.528588 0.070899 
678.394961 0.069049 
677.261334 0.069603 
676.127707 0.068881 
674.994080 0.067589 
673.860453 0.065323 
672.726826 0.061797 
671.593199 0.059307 
670.459572 0.055709 
669.325946 0.050556 
668.192319 0.048702 
667.058692 0.044992 
665.925065 0.040753 
664.791438 0.037547 
663.657811 0.034021 
662.524184 0.029361 
661.390557 0.025681 
660.256930 0.023713 
659.123303 0.019807 
657.989676 0.016355 
656.856049 0.014746 
655.722422 0.012082 
654.588795 0.010260 
653.455168 0.009596 
652.321541 0.007328 
651.187914 0.006170 
650.054287 0.004223 
648.920660 0.003849 
647.787033 0.004871 
646.653406 0.003772 
645.519779 0.004352 
644.386152 0.003603 
643.252525 0.001185 
642.118898 0.001042 
640.985271 0.002501 
639.851644 0.003356 
638.718017 0.001897 
637.584390 -0.001338 
636.450763 -0.000083 
635.317136 -0.000018 
634.183509 -0.004504 
633.049882 -0.002509 
631.916255 -0.003756 
630.782628 -0.003141 
629.649001 -0.001604 
628.515374 -0.005077 
627.381747 -0.003206 
626.248120 -0.000542 
625.114493 0.000554 
623.980866 -0.000111 
622.847240 0.006581 
621.713613 0.008281 
620.579986 0.000020 
619.446359 0.001918 
618.312732 -0.005744 
617.179105 -0.004588 
616.045478 0.000963 
614.911851 -0.002860 
613.778224 0.003587 
612.644597 0.004338 
611.510970 -0.001240 
610.377343 -0.004166 
609.243716 -0.010293 
608.110089 -0.007408 
606.976462 -0.005234 
605.842835 -0.011342 
604.709208 -0.001158 
603.575581 0.011769 
602.441954 0.007178 
601.308327 0.001770 
600.174700 -0.002893 
