4000.350000 -0.000251 
3999.166120 -0.000236 
3997.982241 -0.000219 
3996.798361 -0.000206 
3995.614481 -0.000197 
3994.430602 -0.000211 
3993.246722 -0.000187 
3992.062843 -0.000196 
3990.878963 -0.000178 
3989.695083 -0.000171 
3988.511204 -0.000188 
3987.327324 -0.000173 
3986.143444 -0.000197 
3984.959565 -0.000169 
3983.775685 -0.000156 
3982.591806 -0.000180 
3981.407926 -0.000166 
3980.224046 -0.000116 
3979.040167 -0.000126 
3977.856287 -0.000154 
3976.672407 -0.000126 
3975.488528 -0.000106 
3974.304648 -0.000123 
3973.120769 -0.000148 
3971.936889 -0.000137 
3970.753009 -0.000133 
3969.569130 -0.000095 
3968.385250 -0.000107 
3967.201370 -0.000094 
3966.017491 -0.000102 
3964.833611 -0.000119 
3963.649732 -0.000110 
3962.465852 -0.000091 
3961.281972 -0.000118 
3960.098093 -0.000093 
3958.914213 -0.000100 
3957.730333 -0.000065 
3956.546454 -0.000065 
3955.362574 -0.000073 
3954.178695 -0.000052 
3952.994815 -0.000061 
3951.810935 -0.000049 
3950.627056 -0.000070 
3949.443176 -0.000058 
3948.259296 -0.000032 
3947.075417 -0.000047 
3945.891537 -0.000012 
3944.707658 -0.000052 
3943.523778 -0.000036 
3942.339898 0.000002 
3941.156019 0.000003 
3939.972139 -0.000030 
3938.788259 -0.000010 
3937.604380 -0.000019 
3936.420500 -0.000008 
3935.236621 0.000007 
3934.052741 0.000002 
3932.868861 -0.000002 
3931.684982 0.000002 
3930.501102 0.000010 
3929.317222 0.000028 
3928.133343 0.000040 
3926.949463 0.000033 
3925.765584 0.000053 
3924.581704 0.000065 
3923.397824 0.000067 
3922.213945 0.000073 
3921.030065 0.000076 
3919.846185 0.000084 
3918.662306 0.000080 
3917.478426 0.000108 
3916.294547 0.000086 
3915.110667 0.000097 
3913.926787 0.000101 
3912.742908 0.000130 
3911.559028 0.000122 
3910.375148 0.000135 
3909.191269 0.000132 
3908.007389 0.000149 
3906.823510 0.000137 
3905.639630 0.000152 
3904.455750 0.000170 
3903.271871 0.000181 
3902.087991 0.000171 
3900.904111 0.000185 
3899.720232 0.000205 
3898.536352 0.000210 
3897.352472 0.000215 
3896.168593 0.000239 
3894.984713 0.000231 
3893.800834 0.000249 
3892.616954 0.000226 
3891.433074 0.000283 
3890.249195 0.000270 
3889.065315 0.000275 
3887.881435 0.000287 
3886.697556 0.000266 
3885.513676 0.000301 
3884.329797 0.000337 
3883.145917 0.000326 
3881.962037 0.000375 
3880.778158 0.000342 
3879.594278 0.000361 
3878.410398 0.000358 
3877.226519 0.000394 
3876.042639 0.000409 
3874.858760 0.000379 
3873.674880 0.000419 
3872.491000 0.000427 
3871.307121 0.000450 
3870.123241 0.000461 
3868.939361 0.000468 
3867.755482 0.000492 
3866.571602 0.000514 
3865.387723 0.000488 
3864.203843 0.000516 
3863.019963 0.000532 
3861.836084 0.000526 
3860.652204 0.000550 
3859.468324 0.000571 
3858.284445 0.000583 
3857.100565 0.000586 
3855.916686 0.000617 
3854.732806 0.000599 
3853.548926 0.000646 
3852.365047 0.000632 
3851.181167 0.000677 
3849.997287 0.000700 
3848.813408 0.000720 
3847.629528 0.000725 
3846.445649 0.000755 
3845.261769 0.000754 
3844.077889 0.000761 
3842.894010 0.000795 
3841.710130 0.000780 
3840.526250 0.000816 
3839.342371 0.000826 
3838.158491 0.000853 
3836.974612 0.000862 
3835.790732 0.000879 
3834.606852 0.000910 
3833.422973 0.000906 
3832.239093 0.000931 
3831.055213 0.000932 
3829.871334 0.000978 
3828.687454 0.000993 
3827.503575 0.000983 
3826.319695 0.001008 
3825.135815 0.001024 
3823.951936 0.001032 
3822.768056 0.001063 
3821.584176 0.001090 
3820.400297 0.001128 
3819.216417 0.001127 
3818.032538 0.001140 
3816.848658 0.001126 
3815.664778 0.001200 
3814.480899 0.001200 
3813.297019 0.001268 
3812.113139 0.001252 
3810.929260 0.001275 
3809.745380 0.001287 
3808.561501 0.001315 
3807.377621 0.001300 
3806.193741 0.001333 
3805.009862 0.001381 
3803.825982 0.001376 
3802.642102 0.001380 
3801.458223 0.001414 
3800.274343 0.001451 
3799.090463 0.001468 
3797.906584 0.001498 
3796.722704 0.001493 
3795.538825 0.001553 
3794.354945 0.001566 
3793.171065 0.001590 
3791.987186 0.001601 
3790.803306 0.001642 
3789.619426 0.001660 
3788.435547 0.001690 
3787.251667 0.001720 
3786.067788 0.001732 
3784.883908 0.001762 
3783.700028 0.001786 
3782.516149 0.001815 
3781.332269 0.001830 
3780.148389 0.001823 
3778.964510 0.001899 
3777.780630 0.001882 
3776.596751 0.001940 
3775.412871 0.001965 
3774.228991 0.001971 
3773.045112 0.001992 
3771.861232 0.002019 
3770.677352 0.002070 
3769.493473 0.002103 
3768.309593 0.002110 
3767.125714 0.002147 
3765.941834 0.002165 
3764.757954 0.002214 
3763.574075 0.002230 
3762.390195 0.002260 
3761.206315 0.002319 
3760.022436 0.002328 
3758.838556 0.002350 
3757.654677 0.002370 
3756.470797 0.002425 
3755.286917 0.002452 
3754.103038 0.002480 
3752.919158 0.002493 
3751.735278 0.002568 
3750.551399 0.002560 
3749.367519 0.002595 
3748.183640 0.002649 
3746.999760 0.002684 
3745.815880 0.002673 
3744.632001 0.002710 
3743.448121 0.002783 
3742.264241 0.002805 
3741.080362 0.002864 
3739.896482 0.002913 
3738.712603 0.002962 
3737.528723 0.002961 
3736.344843 0.003015 
3735.160964 0.003030 
3733.977084 0.003108 
3732.793204 0.003146 
3731.609325 0.003203 
3730.425445 0.003263 
3729.241566 0.003345 
3728.057686 0.003445 
3726.873806 0.003622 
3725.689927 0.003824 
3724.506047 0.004064 
3723.322167 0.004226 
3722.138288 0.004387 
3720.954408 0.004479 
3719.770529 0.004538 
3718.586649 0.004583 
3717.402769 0.004556 
3716.218890 0.004547 
3715.035010 0.004550 
3713.851130 0.004547 
3712.667251 0.004544 
3711.483371 0.004613 
3710.299491 0.004675 
3709.115612 0.004778 
3707.931732 0.004940 
3706.747853 0.005121 
3705.563973 0.005311 
3704.380093 0.005531 
3703.196214 0.005746 
3702.012334 0.005976 
3700.828454 0.006147 
3699.644575 0.006359 
3698.460695 0.006543 
3697.276816 0.006667 
3696.092936 0.006779 
3694.909056 0.006829 
3693.725177 0.006887 
3692.541297 0.006893 
3691.357417 0.006868 
3690.173538 0.006872 
3688.989658 0.006796 
3687.805779 0.006780 
3686.621899 0.006764 
3685.438019 0.006700 
3684.254140 0.006705 
3683.070260 0.006700 
3681.886380 0.006700 
3680.702501 0.006748 
3679.518621 0.006787 
3678.334742 0.006854 
3677.150862 0.006963 
3675.966982 0.007019 
3674.783103 0.007149 
3673.599223 0.007261 
3672.415343 0.007383 
3671.231464 0.007472 
3670.047584 0.007610 
3668.863705 0.007742 
3667.679825 0.007877 
3666.495945 0.008012 
3665.312066 0.008149 
3664.128186 0.008266 
3662.944306 0.008399 
3661.760427 0.008531 
3660.576547 0.008652 
3659.392668 0.008796 
3658.208788 0.008963 
3657.024908 0.009091 
3655.841029 0.009266 
3654.657149 0.009397 
3653.473269 0.009586 
3652.289390 0.009739 
3651.105510 0.009924 
3649.921631 0.010069 
3648.737751 0.010263 
3647.553871 0.010447 
3646.369992 0.010659 
3645.186112 0.010853 
3644.002232 0.011061 
3642.818353 0.011287 
3641.634473 0.011522 
3640.450594 0.011726 
3639.266714 0.011936 
3638.082834 0.012166 
3636.898955 0.012386 
3635.715075 0.012650 
3634.531195 0.012895 
3633.347316 0.013141 
3632.163436 0.013396 
3630.979557 0.013642 
3629.795677 0.013905 
3628.611797 0.014212 
3627.427918 0.014464 
3626.244038 0.014750 
3625.060158 0.015022 
3623.876279 0.015324 
3622.692399 0.015630 
3621.508520 0.015932 
3620.324640 0.016226 
3619.140760 0.016573 
3617.956881 0.016874 
3616.773001 0.017206 
3615.589121 0.017522 
3614.405242 0.017890 
3613.221362 0.018209 
3612.037482 0.018575 
3610.853603 0.018937 
3609.669723 0.019286 
3608.485844 0.019669 
3607.301964 0.020039 
3606.118084 0.020416 
3604.934205 0.020816 
3603.750325 0.021227 
3602.566445 0.021631 
3601.382566 0.022036 
3600.198686 0.022454 
3599.014807 0.022875 
3597.830927 0.023288 
3596.647047 0.023749 
3595.463168 0.024200 
3594.279288 0.024652 
3593.095408 0.025096 
3591.911529 0.025557 
3590.727649 0.026022 
3589.543770 0.026482 
3588.359890 0.026979 
3587.176010 0.027464 
3585.992131 0.027932 
3584.808251 0.028453 
3583.624371 0.028968 
3582.440492 0.029481 
3581.256612 0.029988 
3580.072733 0.030535 
3578.888853 0.031050 
3577.704973 0.031585 
3576.521094 0.032120 
3575.337214 0.032670 
3574.153334 0.033210 
3572.969455 0.033735 
3571.785575 0.034329 
3570.601696 0.034896 
3569.417816 0.035458 
3568.233936 0.036054 
3567.050057 0.036624 
3565.866177 0.037222 
3564.682297 0.037786 
3563.498418 0.038400 
3562.314538 0.039036 
3561.130659 0.039650 
3559.946779 0.040289 
3558.762899 0.040919 
3557.579020 0.041588 
3556.395140 0.042218 
3555.211260 0.042876 
3554.027381 0.043515 
3552.843501 0.044225 
3551.659622 0.044923 
3550.475742 0.045630 
3549.291862 0.046327 
3548.107983 0.047055 
3546.924103 0.047794 
3545.740223 0.048529 
3544.556344 0.049296 
3543.372464 0.050065 
3542.188585 0.050838 
3541.004705 0.051633 
3539.820825 0.052438 
3538.636946 0.053241 
3537.453066 0.054061 
3536.269186 0.054891 
3535.085307 0.055730 
3533.901427 0.056576 
3532.717548 0.057431 
3531.533668 0.058307 
3530.349788 0.059212 
3529.165909 0.060079 
3527.982029 0.061016 
3526.798149 0.061915 
3525.614270 0.062843 
3524.430390 0.063792 
3523.246511 0.064721 
3522.062631 0.065694 
3520.878751 0.066630 
3519.694872 0.067609 
3518.510992 0.068597 
3517.327112 0.069610 
3516.143233 0.070616 
3514.959353 0.071627 
3513.775473 0.072641 
3512.591594 0.073701 
3511.407714 0.074763 
3510.223835 0.075800 
3509.039955 0.076874 
3507.856075 0.077963 
3506.672196 0.079045 
3505.488316 0.080132 
3504.304436 0.081251 
3503.120557 0.082368 
3501.936677 0.083527 
3500.752798 0.084676 
3499.568918 0.085821 
3498.385038 0.086965 
3497.201159 0.088123 
3496.017279 0.089305 
3494.833399 0.090457 
3493.649520 0.091657 
3492.465640 0.092863 
3491.281761 0.094081 
3490.097881 0.095286 
3488.914001 0.096502 
3487.730122 0.097710 
3486.546242 0.098914 
3485.362362 0.100167 
3484.178483 0.101401 
3482.994603 0.102605 
3481.810724 0.103860 
3480.626844 0.105101 
3479.442964 0.106358 
3478.259085 0.107581 
3477.075205 0.108818 
3475.891325 0.110058 
3474.707446 0.111352 
3473.523566 0.112538 
3472.339687 0.113830 
3471.155807 0.115094 
3469.971927 0.116307 
3468.788048 0.117530 
3467.604168 0.118781 
3466.420288 0.119998 
3465.236409 0.121258 
3464.052529 0.122463 
3462.868650 0.123704 
3461.684770 0.124953 
3460.500890 0.126150 
3459.317011 0.127363 
3458.133131 0.128576 
3456.949251 0.129752 
3455.765372 0.131008 
3454.581492 0.132199 
3453.397613 0.133397 
3452.213733 0.134581 
3451.029853 0.135740 
3449.845974 0.136921 
3448.662094 0.138108 
3447.478214 0.139296 
3446.294335 0.140435 
3445.110455 0.141580 
3443.926576 0.142725 
3442.742696 0.143832 
3441.558816 0.144988 
3440.374937 0.146086 
3439.191057 0.147224 
3438.007177 0.148317 
3436.823298 0.149407 
3435.639418 0.150517 
3434.455539 0.151604 
3433.271659 0.152668 
3432.087779 0.153748 
3430.903900 0.154800 
3429.720020 0.155840 
3428.536140 0.156903 
3427.352261 0.157922 
3426.168381 0.158956 
3424.984502 0.159976 
3423.800622 0.160953 
3422.616742 0.161964 
3421.432863 0.162945 
3420.248983 0.163909 
3419.065103 0.164876 
3417.881224 0.165834 
3416.697344 0.166784 
3415.513464 0.167700 
3414.329585 0.168642 
3413.145705 0.169578 
3411.961826 0.170459 
3410.777946 0.171325 
3409.594066 0.172228 
3408.410187 0.173092 
3407.226307 0.173878 
3406.042427 0.174753 
3404.858548 0.175591 
3403.674668 0.176408 
3402.490789 0.177194 
3401.306909 0.177998 
3400.123029 0.178769 
3398.939150 0.179519 
3397.755270 0.180296 
3396.571390 0.181043 
3395.387511 0.181802 
3394.203631 0.182517 
3393.019752 0.183260 
3391.835872 0.183955 
3390.651992 0.184641 
3389.468113 0.185301 
3388.284233 0.186004 
3387.100353 0.186675 
3385.916474 0.187329 
3384.732594 0.187941 
3383.548715 0.188616 
3382.364835 0.189206 
3381.180955 0.189875 
3379.997076 0.190471 
3378.813196 0.191073 
3377.629316 0.191640 
3376.445437 0.192245 
3375.261557 0.192816 
3374.077678 0.193401 
3372.893798 0.193968 
3371.709918 0.194549 
3370.526039 0.195109 
3369.342159 0.195654 
3368.158279 0.196196 
3366.974400 0.196753 
3365.790520 0.197276 
3364.606641 0.197809 
3363.422761 0.198343 
3362.238881 0.198860 
3361.055002 0.199383 
3359.871122 0.199877 
3358.687242 0.200461 
3357.503363 0.200954 
3356.319483 0.201467 
3355.135604 0.201925 
3353.951724 0.202459 
3352.767844 0.202947 
3351.583965 0.203493 
3350.400085 0.203970 
3349.216205 0.204488 
3348.032326 0.204946 
3346.848446 0.205411 
3345.664567 0.205955 
3344.480687 0.206441 
3343.296807 0.206886 
3342.112928 0.207365 
3340.929048 0.207869 
3339.745168 0.208358 
3338.561289 0.208836 
3337.377409 0.209285 
3336.193530 0.209775 
3335.009650 0.210225 
3333.825770 0.210691 
3332.641891 0.211132 
3331.458011 0.211572 
3330.274131 0.212065 
3329.090252 0.212504 
3327.906372 0.212910 
3326.722492 0.213369 
3325.538613 0.213789 
3324.354733 0.214224 
3323.170854 0.214660 
3321.986974 0.215065 
3320.803094 0.215447 
3319.619215 0.215862 
3318.435335 0.216255 
3317.251455 0.216646 
3316.067576 0.217032 
3314.883696 0.217349 
3313.699817 0.217750 
3312.515937 0.218054 
3311.332057 0.218396 
3310.148178 0.218697 
3308.964298 0.218982 
3307.780418 0.219290 
3306.596539 0.219586 
3305.412659 0.219835 
3304.228780 0.220066 
3303.044900 0.220321 
3301.861020 0.220538 
3300.677141 0.220760 
3299.493261 0.220925 
3298.309381 0.221134 
3297.125502 0.221275 
3295.941622 0.221421 
3294.757743 0.221534 
3293.573863 0.221650 
3292.389983 0.221722 
3291.206104 0.221766 
3290.022224 0.221862 
3288.838344 0.221881 
3287.654465 0.221910 
3286.470585 0.221891 
3285.286706 0.221860 
3284.102826 0.221815 
3282.918946 0.221752 
3281.735067 0.221657 
3280.551187 0.221575 
3279.367307 0.221420 
3278.183428 0.221300 
3276.999548 0.221151 
3275.815669 0.220945 
3274.631789 0.220769 
3273.447909 0.220508 
3272.264030 0.220286 
3271.080150 0.219978 
3269.896270 0.219703 
3268.712391 0.219414 
3267.528511 0.219102 
3266.344632 0.218756 
3265.160752 0.218390 
3263.976872 0.218011 
3262.792993 0.217620 
3261.609113 0.217186 
3260.425233 0.216774 
3259.241354 0.216282 
3258.057474 0.215834 
3256.873595 0.215361 
3255.689715 0.214873 
3254.505835 0.214341 
3253.321956 0.213795 
3252.138076 0.213246 
3250.954196 0.212681 
3249.770317 0.212087 
3248.586437 0.211484 
3247.402558 0.210864 
3246.218678 0.210245 
3245.034798 0.209582 
3243.850919 0.208950 
3242.667039 0.208270 
3241.483159 0.207573 
3240.299280 0.206829 
3239.115400 0.206117 
3237.931521 0.205422 
3236.747641 0.204654 
3235.563761 0.203929 
3234.379882 0.203133 
3233.196002 0.202290 
3232.012122 0.201483 
3230.828243 0.200677 
3229.644363 0.199857 
3228.460483 0.198991 
3227.276604 0.198145 
3226.092724 0.197281 
3224.908845 0.196397 
3223.724965 0.195482 
3222.541085 0.194554 
3221.357206 0.193607 
3220.173326 0.192659 
3218.989446 0.191730 
3217.805567 0.190766 
3216.621687 0.189771 
3215.437808 0.188778 
3214.253928 0.187783 
3213.070048 0.186755 
3211.886169 0.185723 
3210.702289 0.184670 
3209.518409 0.183649 
3208.334530 0.182560 
3207.150650 0.181528 
3205.966771 0.180418 
3204.782891 0.179338 
3203.599011 0.178229 
3202.415132 0.177085 
3201.231252 0.175996 
3200.047372 0.174871 
3198.863493 0.173693 
3197.679613 0.172580 
3196.495734 0.171416 
3195.311854 0.170262 
3194.127974 0.169049 
3192.944095 0.167888 
3191.760215 0.166684 
3190.576335 0.165460 
3189.392456 0.164262 
3188.208576 0.163066 
3187.024697 0.161871 
3185.840817 0.160618 
3184.656937 0.159369 
3183.473058 0.158141 
3182.289178 0.156899 
3181.105298 0.155666 
3179.921419 0.154380 
3178.737539 0.153102 
3177.553660 0.151843 
3176.369780 0.150558 
3175.185900 0.149278 
3174.002021 0.147987 
3172.818141 0.146699 
3171.634261 0.145371 
3170.450382 0.144097 
3169.266502 0.142780 
3168.082623 0.141454 
3166.898743 0.140162 
3165.714863 0.138861 
3164.530984 0.137523 
3163.347104 0.136173 
3162.163224 0.134848 
3160.979345 0.133510 
3159.795465 0.132170 
3158.611586 0.130824 
3157.427706 0.129465 
3156.243826 0.128152 
3155.059947 0.126802 
3153.876067 0.125450 
3152.692187 0.124108 
3151.508308 0.122767 
3150.324428 0.121390 
3149.140549 0.120022 
3147.956669 0.118687 
3146.772789 0.117294 
3145.588910 0.115965 
3144.405030 0.114619 
3143.221150 0.113248 
3142.037271 0.111888 
3140.853391 0.110526 
3139.669512 0.109188 
3138.485632 0.107827 
3137.301752 0.106445 
3136.117873 0.105107 
3134.933993 0.103784 
3133.750113 0.102419 
3132.566234 0.101082 
3131.382354 0.099716 
3130.198474 0.098355 
3129.014595 0.097035 
3127.830715 0.095663 
3126.646836 0.094314 
3125.462956 0.092953 
3124.279076 0.091620 
3123.095197 0.090333 
3121.911317 0.088985 
3120.727437 0.087646 
3119.543558 0.086342 
3118.359678 0.085015 
3117.175799 0.083697 
3115.991919 0.082402 
3114.808039 0.081070 
3113.624160 0.079778 
3112.440280 0.078475 
3111.256400 0.077165 
3110.072521 0.075868 
3108.888641 0.074597 
3107.704762 0.073307 
3106.520882 0.072032 
3105.337002 0.070774 
3104.153123 0.069516 
3102.969243 0.068259 
3101.785363 0.066991 
3100.601484 0.065754 
3099.417604 0.064536 
3098.233725 0.063324 
3097.049845 0.062091 
3095.865965 0.060896 
3094.682086 0.059690 
3093.498206 0.058492 
3092.314326 0.057324 
3091.130447 0.056142 
3089.946567 0.054987 
3088.762688 0.053827 
3087.578808 0.052696 
3086.394928 0.051593 
3085.211049 0.050448 
3084.027169 0.049355 
3082.843289 0.048268 
3081.659410 0.047196 
3080.475530 0.046108 
3079.291651 0.045067 
3078.107771 0.044037 
3076.923891 0.043046 
3075.740012 0.041998 
3074.556132 0.041032 
3073.372252 0.040044 
3072.188373 0.039092 
3071.004493 0.038155 
3069.820614 0.037221 
3068.636734 0.036305 
3067.452854 0.035416 
3066.268975 0.034536 
3065.085095 0.033671 
3063.901215 0.032827 
3062.717336 0.032000 
3061.533456 0.031206 
3060.349577 0.030403 
3059.165697 0.029618 
3057.981817 0.028881 
3056.797938 0.028115 
3055.614058 0.027390 
3054.430178 0.026688 
3053.246299 0.026003 
3052.062419 0.025302 
3050.878540 0.024648 
3049.694660 0.024013 
3048.510780 0.023381 
3047.326901 0.022779 
3046.143021 0.022173 
3044.959141 0.021591 
3043.775262 0.021034 
3042.591382 0.020465 
3041.407503 0.019944 
3040.223623 0.019410 
3039.039743 0.018897 
3037.855864 0.018400 
3036.671984 0.017901 
3035.488104 0.017437 
3034.304225 0.016973 
3033.120345 0.016551 
3031.936465 0.016092 
3030.752586 0.015672 
3029.568706 0.015241 
3028.384827 0.014847 
3027.200947 0.014460 
3026.017067 0.014078 
3024.833188 0.013721 
3023.649308 0.013350 
3022.465428 0.013004 
3021.281549 0.012680 
3020.097669 0.012338 
3018.913790 0.012051 
3017.729910 0.011745 
3016.546030 0.011429 
3015.362151 0.011117 
3014.178271 0.010834 
3012.994391 0.010558 
3011.810512 0.010263 
3010.626632 0.009999 
3009.442753 0.009753 
3008.258873 0.009492 
3007.074993 0.009231 
3005.891114 0.009004 
3004.707234 0.008768 
3003.523354 0.008548 
3002.339475 0.008309 
3001.155595 0.008089 
2999.971716 0.007881 
2998.787836 0.007705 
2997.603956 0.007488 
2996.420077 0.007311 
2995.236197 0.007112 
2994.052317 0.006928 
2992.868438 0.006730 
2991.684558 0.006556 
2990.500679 0.006405 
2989.316799 0.006247 
2988.132919 0.006080 
2986.949040 0.005913 
2985.765160 0.005726 
2984.581280 0.005584 
2983.397401 0.005451 
2982.213521 0.005294 
2981.029642 0.005155 
2979.845762 0.005026 
2978.661882 0.004875 
2977.478003 0.004757 
2976.294123 0.004620 
2975.110243 0.004492 
2973.926364 0.004368 
2972.742484 0.004228 
2971.558605 0.004123 
2970.374725 0.004000 
2969.190845 0.003888 
2968.006966 0.003783 
2966.823086 0.003676 
2965.639206 0.003567 
2964.455327 0.003472 
2963.271447 0.003374 
2962.087568 0.003301 
2960.903688 0.003207 
2959.719808 0.003137 
2958.535929 0.003038 
2957.352049 0.002960 
2956.168169 0.002881 
2954.984290 0.002813 
2953.800410 0.002739 
2952.616531 0.002665 
2951.432651 0.002592 
2950.248771 0.002535 
2949.064892 0.002476 
2947.881012 0.002398 
2946.697132 0.002328 
2945.513253 0.002259 
2944.329373 0.002210 
2943.145493 0.002152 
2941.961614 0.002093 
2940.777734 0.002041 
2939.593855 0.001955 
2938.409975 0.001907 
2937.226095 0.001858 
2936.042216 0.001798 
2934.858336 0.001757 
2933.674456 0.001667 
2932.490577 0.001624 
2931.306697 0.001570 
2930.122818 0.001535 
2928.938938 0.001502 
2927.755058 0.001456 
2926.571179 0.001405 
2925.387299 0.001367 
2924.203419 0.001340 
2923.019540 0.001300 
2921.835660 0.001277 
2920.651781 0.001249 
2919.467901 0.001203 
2918.284021 0.001180 
2917.100142 0.001136 
2915.916262 0.001100 
2914.732382 0.001072 
2913.548503 0.001032 
2912.364623 0.001031 
2911.180744 0.000995 
2909.996864 0.000968 
2908.812984 0.000951 
2907.629105 0.000936 
2906.445225 0.000901 
2905.261345 0.000882 
2904.077466 0.000833 
2902.893586 0.000830 
2901.709707 0.000800 
2900.525827 0.000803 
2899.341947 0.000752 
2898.158068 0.000758 
2896.974188 0.000726 
2895.790308 0.000700 
2894.606429 0.000680 
2893.422549 0.000642 
2892.238670 0.000620 
2891.054790 0.000603 
2889.870910 0.000565 
2888.687031 0.000573 
2887.503151 0.000567 
2886.319271 0.000536 
2885.135392 0.000513 
2883.951512 0.000485 
2882.767633 0.000495 
2881.583753 0.000457 
2880.399873 0.000432 
2879.215994 0.000415 
2878.032114 0.000393 
2876.848234 0.000385 
2875.664355 0.000353 
2874.480475 0.000348 
2873.296596 0.000319 
2872.112716 0.000281 
2870.928836 0.000307 
2869.744957 0.000283 
2868.561077 0.000271 
2867.377197 0.000262 
2866.193318 0.000254 
2865.009438 0.000241 
2863.825559 0.000214 
2862.641679 0.000230 
2861.457799 0.000226 
2860.273920 0.000197 
2859.090040 0.000187 
2857.906160 0.000196 
2856.722281 0.000177 
2855.538401 0.000164 
2854.354522 0.000164 
2853.170642 0.000176 
2851.986762 0.000150 
2850.802883 0.000151 
2849.619003 0.000142 
2848.435123 0.000134 
2847.251244 0.000134 
2846.067364 0.000127 
2844.883484 0.000131 
2843.699605 0.000111 
2842.515725 0.000096 
2841.331846 0.000107 
2840.147966 0.000103 
2838.964086 0.000102 
2837.780207 0.000092 
2836.596327 0.000090 
2835.412447 0.000087 
2834.228568 0.000084 
2833.044688 0.000063 
2831.860809 0.000064 
2830.676929 0.000048 
2829.493049 0.000048 
2828.309170 0.000044 
2827.125290 0.000042 
2825.941410 0.000032 
2824.757531 0.000031 
2823.573651 0.000022 
2822.389772 0.000010 
2821.205892 0.000017 
2820.022012 -0.000006 
2818.838133 0.000000 
2817.654253 -0.000009 
2816.470373 -0.000025 
2815.286494 -0.000027 
2814.102614 -0.000011 
2812.918735 -0.000013 
2811.734855 -0.000018 
2810.550975 -0.000022 
2809.367096 -0.000022 
2808.183216 -0.000041 
2806.999336 -0.000029 
2805.815457 -0.000027 
2804.631577 -0.000036 
2803.447698 -0.000056 
2802.263818 -0.000049 
2801.079938 -0.000066 
2799.896059 -0.000053 
2798.712179 -0.000062 
2797.528299 -0.000070 
2796.344420 -0.000073 
2795.160540 -0.000082 
2793.976661 -0.000080 
2792.792781 -0.000085 
2791.608901 -0.000088 
2790.425022 -0.000066 
2789.241142 -0.000084 
2788.057262 -0.000079 
2786.873383 -0.000087 
2785.689503 -0.000102 
2784.505624 -0.000100 
2783.321744 -0.000092 
2782.137864 -0.000079 
2780.953985 -0.000092 
2779.770105 -0.000107 
2778.586225 -0.000121 
2777.402346 -0.000115 
2776.218466 -0.000115 
2775.034587 -0.000125 
2773.850707 -0.000124 
2772.666827 -0.000122 
2771.482948 -0.000120 
2770.299068 -0.000121 
2769.115188 -0.000125 
2767.931309 -0.000121 
2766.747429 -0.000125 
2765.563550 -0.000129 
2764.379670 -0.000129 
2763.195790 -0.000121 
2762.011911 -0.000136 
2760.828031 -0.000117 
2759.644151 -0.000121 
2758.460272 -0.000123 
2757.276392 -0.000116 
2756.092513 -0.000115 
2754.908633 -0.000127 
2753.724753 -0.000136 
2752.540874 -0.000111 
2751.356994 -0.000126 
2750.173114 -0.000153 
2748.989235 -0.000136 
2747.805355 -0.000061 
2746.621475 -0.000157 
2745.437596 -0.000116 
2744.253716 -0.000031 
2743.069837 -0.000066 
2741.885957 -0.000150 
2740.702077 -0.000228 
2739.518198 -0.000163 
2738.334318 -0.000114 
2737.150438 -0.000129 
2735.966559 -0.000063 
2734.782679 -0.000134 
2733.598800 -0.000082 
2732.414920 -0.000179 
2731.231040 -0.000048 
2730.047161 -0.000143 
2728.863281 -0.000048 
2727.679401 -0.000125 
2726.495522 -0.000100 
2725.311642 -0.000117 
2724.127763 -0.000083 
2722.943883 -0.000093 
2721.760003 -0.000093 
2720.576124 -0.000086 
2719.392244 -0.000101 
2718.208364 -0.000080 
2717.024485 -0.000097 
2715.840605 -0.000091 
2714.656726 -0.000067 
2713.472846 -0.000076 
2712.288966 -0.000082 
2711.105087 -0.000066 
2709.921207 -0.000078 
2708.737327 -0.000052 
2707.553448 -0.000053 
2706.369568 -0.000067 
2705.185689 -0.000049 
2704.001809 -0.000057 
2702.817929 -0.000048 
2701.634050 -0.000040 
2700.450170 -0.000052 
2699.266290 -0.000031 
2698.082411 -0.000047 
2696.898531 -0.000029 
2695.714652 -0.000038 
2694.530772 -0.000026 
2693.346892 -0.000008 
2692.163013 -0.000022 
2690.979133 -0.000003 
2689.795253 -0.000005 
2688.611374 0.000000 
2687.427494 0.000004 
2686.243615 0.000018 
2685.059735 0.000013 
2683.875855 0.000006 
2682.691976 0.000020 
2681.508096 0.000021 
2680.324216 0.000025 
2679.140337 0.000052 
2677.956457 0.000036 
2676.772578 0.000046 
2675.588698 0.000046 
2674.404818 0.000056 
2673.220939 0.000056 
2672.037059 0.000063 
2670.853179 0.000068 
2669.669300 0.000088 
2668.485420 0.000099 
2667.301541 0.000097 
2666.117661 0.000109 
2664.933781 0.000113 
2663.749902 0.000123 
2662.566022 0.000112 
2661.382142 0.000132 
2660.198263 0.000135 
2659.014383 0.000145 
2657.830504 0.000139 
2656.646624 0.000159 
2655.462744 0.000164 
2654.278865 0.000153 
2653.094985 0.000174 
2651.911105 0.000190 
2650.727226 0.000190 
2649.543346 0.000206 
2648.359466 0.000213 
2647.175587 0.000200 
2645.991707 0.000218 
2644.807828 0.000229 
2643.623948 0.000232 
2642.440068 0.000249 
2641.256189 0.000251 
2640.072309 0.000264 
2638.888429 0.000275 
2637.704550 0.000291 
2636.520670 0.000283 
2635.336791 0.000304 
2634.152911 0.000315 
2632.969031 0.000309 
2631.785152 0.000325 
2630.601272 0.000329 
2629.417392 0.000341 
2628.233513 0.000346 
2627.049633 0.000361 
2625.865754 0.000366 
2624.681874 0.000370 
2623.497994 0.000388 
2622.314115 0.000399 
2621.130235 0.000401 
2619.946355 0.000401 
2618.762476 0.000423 
2617.578596 0.000428 
2616.394717 0.000450 
2615.210837 0.000468 
2614.026957 0.000463 
2612.843078 0.000475 
2611.659198 0.000488 
2610.475318 0.000499 
2609.291439 0.000505 
2608.107559 0.000531 
2606.923680 0.000515 
2605.739800 0.000529 
2604.555920 0.000546 
2603.372041 0.000566 
2602.188161 0.000575 
2601.004281 0.000581 
2599.820402 0.000587 
2598.636522 0.000598 
2597.452643 0.000610 
2596.268763 0.000615 
2595.084883 0.000624 
2593.901004 0.000643 
2592.717124 0.000665 
2591.533244 0.000667 
2590.349365 0.000668 
2589.165485 0.000698 
2587.981606 0.000714 
2586.797726 0.000724 
2585.613846 0.000719 
2584.429967 0.000727 
2583.246087 0.000738 
2582.062207 0.000748 
2580.878328 0.000769 
2579.694448 0.000770 
2578.510569 0.000796 
2577.326689 0.000798 
2576.142809 0.000813 
2574.958930 0.000834 
2573.775050 0.000844 
2572.591170 0.000852 
2571.407291 0.000860 
2570.223411 0.000889 
2569.039532 0.000891 
2567.855652 0.000890 
2566.671772 0.000920 
2565.487893 0.000913 
2564.304013 0.000935 
2563.120133 0.000936 
2561.936254 0.000955 
2560.752374 0.000954 
2559.568494 0.000976 
2558.384615 0.000991 
2557.200735 0.001000 
2556.016856 0.001003 
2554.832976 0.001027 
2553.649096 0.001032 
2552.465217 0.001053 
2551.281337 0.001060 
2550.097457 0.001076 
2548.913578 0.001090 
2547.729698 0.001085 
2546.545819 0.001100 
2545.361939 0.001128 
2544.178059 0.001140 
2542.994180 0.001153 
2541.810300 0.001153 
2540.626420 0.001160 
2539.442541 0.001183 
2538.258661 0.001199 
2537.074782 0.001186 
2535.890902 0.001200 
2534.707022 0.001220 
2533.523143 0.001249 
2532.339263 0.001250 
2531.155383 0.001258 
2529.971504 0.001280 
2528.787624 0.001288 
2527.603745 0.001310 
2526.419865 0.001310 
2525.235985 0.001340 
2524.052106 0.001356 
2522.868226 0.001370 
2521.684346 0.001350 
2520.500467 0.001360 
2519.316587 0.001384 
2518.132708 0.001400 
2516.948828 0.001403 
2515.764948 0.001410 
2514.581069 0.001440 
2513.397189 0.001453 
2512.213309 0.001459 
2511.029430 0.001466 
2509.845550 0.001481 
2508.661671 0.001495 
2507.477791 0.001511 
2506.293911 0.001514 
2505.110032 0.001530 
2503.926152 0.001540 
2502.742272 0.001560 
2501.558393 0.001572 
2500.374513 0.001580 
2499.190634 0.001600 
2498.006754 0.001612 
2496.822874 0.001629 
2495.638995 0.001635 
2494.455115 0.001650 
2493.271235 0.001670 
2492.087356 0.001671 
2490.903476 0.001700 
2489.719597 0.001708 
2488.535717 0.001715 
2487.351837 0.001734 
2486.167958 0.001762 
2484.984078 0.001754 
2483.800198 0.001761 
2482.616319 0.001790 
2481.432439 0.001800 
2480.248560 0.001814 
2479.064680 0.001827 
2477.880800 0.001837 
2476.696921 0.001848 
2475.513041 0.001862 
2474.329161 0.001870 
2473.145282 0.001893 
2471.961402 0.001906 
2470.777523 0.001921 
2469.593643 0.001935 
2468.409763 0.001950 
2467.225884 0.001960 
2466.042004 0.001959 
2464.858124 0.001973 
2463.674245 0.002000 
2462.490365 0.001998 
2461.306485 0.002014 
2460.122606 0.002042 
2458.938726 0.002046 
2457.754847 0.002061 
2456.570967 0.002070 
2455.387087 0.002080 
2454.203208 0.002100 
2453.019328 0.002118 
2451.835448 0.002130 
2450.651569 0.002130 
2449.467689 0.002145 
2448.283810 0.002153 
2447.099930 0.002190 
2445.916050 0.002186 
2444.732171 0.002200 
2443.548291 0.002195 
2442.364411 0.002220 
2441.180532 0.002240 
2439.996652 0.002250 
2438.812773 0.002267 
2437.628893 0.002286 
2436.445013 0.002287 
2435.261134 0.002297 
2434.077254 0.002320 
2432.893374 0.002326 
2431.709495 0.002350 
2430.525615 0.002350 
2429.341736 0.002360 
2428.157856 0.002390 
2426.973976 0.002390 
2425.790097 0.002404 
2424.606217 0.002428 
2423.422337 0.002450 
2422.238458 0.002440 
2421.054578 0.002452 
2419.870699 0.002480 
2418.686819 0.002499 
2417.502939 0.002495 
2416.319060 0.002510 
2415.135180 0.002514 
2413.951300 0.002540 
2412.767421 0.002570 
2411.583541 0.002570 
2410.399662 0.002575 
2409.215782 0.002595 
2408.031902 0.002602 
2406.848023 0.002630 
2405.664143 0.002640 
2404.480263 0.002651 
2403.296384 0.002660 
2402.112504 0.002680 
2400.928625 0.002679 
2399.744745 0.002710 
2398.560865 0.002710 
2397.376986 0.002737 
2396.193106 0.002727 
2395.009226 0.002744 
2393.825347 0.002777 
2392.641467 0.002790 
2391.457588 0.002780 
2390.273708 0.002820 
2389.089828 0.002819 
2387.905949 0.002849 
2386.722069 0.002854 
2385.538189 0.002880 
2384.354310 0.002886 
2383.170430 0.002915 
2381.986551 0.002922 
2380.802671 0.002940 
2379.618791 0.002949 
2378.434912 0.002966 
2377.251032 0.002990 
2376.067152 0.002995 
2374.883273 0.002999 
2373.699393 0.003024 
2372.515514 0.003038 
2371.331634 0.003073 
2370.147754 0.003075 
2368.963875 0.003082 
2367.779995 0.003117 
2366.596115 0.003122 
2365.412236 0.003152 
2364.228356 0.003141 
2363.044476 0.003180 
2361.860597 0.003189 
2360.676717 0.003214 
2359.492838 0.003210 
2358.308958 0.003243 
2357.125078 0.003260 
2355.941199 0.003280 
2354.757319 0.003280 
2353.573439 0.003311 
2352.389560 0.003320 
2351.205680 0.003360 
2350.021801 0.003350 
2348.837921 0.003379 
2347.654041 0.003394 
2346.470162 0.003436 
2345.286282 0.003460 
2344.102402 0.003478 
2342.918523 0.003488 
2341.734643 0.003507 
2340.550764 0.003519 
2339.366884 0.003522 
2338.183004 0.003540 
2336.999125 0.003540 
2335.815245 0.003569 
2334.631365 0.003594 
2333.447486 0.003637 
2332.263606 0.003630 
2331.079727 0.003655 
2329.895847 0.003670 
2328.711967 0.003684 
2327.528088 0.003719 
2326.344208 0.003732 
2325.160328 0.003741 
2323.976449 0.003775 
2322.792569 0.003790 
2321.608690 0.003800 
2320.424810 0.003830 
2319.240930 0.003850 
2318.057051 0.003868 
2316.873171 0.003890 
2315.689291 0.003907 
2314.505412 0.003950 
2313.321532 0.003960 
2312.137653 0.003990 
2310.953773 0.004005 
2309.769893 0.004010 
2308.586014 0.004054 
2307.402134 0.004070 
2306.218254 0.004093 
2305.034375 0.004126 
2303.850495 0.004130 
2302.666616 0.004157 
2301.482736 0.004171 
2300.298856 0.004206 
2299.114977 0.004230 
2297.931097 0.004250 
2296.747217 0.004260 
2295.563338 0.004294 
2294.379458 0.004319 
2293.195579 0.004350 
2292.011699 0.004376 
2290.827819 0.004390 
2289.643940 0.004431 
2288.460060 0.004451 
2287.276180 0.004486 
2286.092301 0.004481 
2284.908421 0.004520 
2283.724542 0.004540 
2282.540662 0.004579 
2281.356782 0.004598 
2280.172903 0.004610 
2278.989023 0.004656 
2277.805143 0.004683 
2276.621264 0.004700 
2275.437384 0.004723 
2274.253505 0.004760 
2273.069625 0.004781 
2271.885745 0.004815 
2270.701866 0.004850 
2269.517986 0.004854 
2268.334106 0.004878 
2267.150227 0.004904 
2265.966347 0.004948 
2264.782467 0.004960 
2263.598588 0.004994 
2262.414708 0.005015 
2261.230829 0.005034 
2260.046949 0.005060 
2258.863069 0.005081 
2257.679190 0.005120 
2256.495310 0.005139 
2255.311430 0.005169 
2254.127551 0.005187 
2252.943671 0.005220 
2251.759792 0.005250 
2250.575912 0.005277 
2249.392032 0.005290 
2248.208153 0.005329 
2247.024273 0.005311 
2245.840393 0.005351 
2244.656514 0.005380 
2243.472634 0.005400 
2242.288755 0.005429 
2241.104875 0.005437 
2239.920995 0.005458 
2238.737116 0.005490 
2237.553236 0.005507 
2236.369356 0.005532 
2235.185477 0.005560 
2234.001597 0.005561 
2232.817718 0.005581 
2231.633838 0.005590 
2230.449958 0.005610 
2229.266079 0.005629 
2228.082199 0.005654 
2226.898319 0.005668 
2225.714440 0.005656 
2224.530560 0.005670 
2223.346681 0.005698 
2222.162801 0.005690 
2220.978921 0.005710 
2219.795042 0.005710 
2218.611162 0.005730 
2217.427282 0.005740 
2216.243403 0.005741 
2215.059523 0.005746 
2213.875644 0.005767 
2212.691764 0.005750 
2211.507884 0.005757 
2210.324005 0.005750 
2209.140125 0.005760 
2207.956245 0.005770 
2206.772366 0.005770 
2205.588486 0.005760 
2204.404607 0.005745 
2203.220727 0.005741 
2202.036847 0.005760 
2200.852968 0.005742 
2199.669088 0.005720 
2198.485208 0.005717 
2197.301329 0.005708 
2196.117449 0.005693 
2194.933570 0.005680 
2193.749690 0.005659 
2192.565810 0.005650 
2191.381931 0.005635 
2190.198051 0.005600 
2189.014171 0.005596 
2187.830292 0.005582 
2186.646412 0.005550 
2185.462533 0.005550 
2184.278653 0.005536 
2183.094773 0.005483 
2181.910894 0.005476 
2180.727014 0.005434 
2179.543134 0.005410 
2178.359255 0.005380 
2177.175375 0.005341 
2175.991495 0.005330 
2174.807616 0.005302 
2173.623736 0.005261 
2172.439857 0.005230 
2171.255977 0.005196 
2170.072097 0.005163 
2168.888218 0.005139 
2167.704338 0.005094 
2166.520458 0.005059 
2165.336579 0.005015 
2164.152699 0.004990 
2162.968820 0.004938 
2161.784940 0.004910 
2160.601060 0.004870 
2159.417181 0.004827 
2158.233301 0.004776 
2157.049421 0.004737 
2155.865542 0.004697 
2154.681662 0.004654 
2153.497783 0.004619 
2152.313903 0.004570 
2151.130023 0.004531 
2149.946144 0.004490 
2148.762264 0.004453 
2147.578384 0.004411 
2146.394505 0.004345 
2145.210625 0.004315 
2144.026746 0.004270 
2142.842866 0.004219 
2141.658986 0.004168 
2140.475107 0.004128 
2139.291227 0.004080 
2138.107347 0.004041 
2136.923468 0.003976 
2135.739588 0.003941 
2134.555709 0.003914 
2133.371829 0.003846 
2132.187949 0.003803 
2131.004070 0.003753 
2129.820190 0.003717 
2128.636310 0.003674 
2127.452431 0.003609 
2126.268551 0.003570 
2125.084672 0.003531 
2123.900792 0.003482 
2122.716912 0.003442 
2121.533033 0.003390 
2120.349153 0.003324 
2119.165273 0.003280 
2117.981394 0.003242 
2116.797514 0.003197 
2115.613635 0.003164 
2114.429755 0.003107 
2113.245875 0.003055 
2112.061996 0.003021 
2110.878116 0.002977 
2109.694236 0.002923 
2108.510357 0.002903 
2107.326477 0.002836 
2106.142598 0.002778 
2104.958718 0.002763 
2103.774838 0.002725 
2102.590959 0.002678 
2101.407079 0.002648 
2100.223199 0.002605 
2099.039320 0.002570 
2097.855440 0.002531 
2096.671561 0.002492 
2095.487681 0.002433 
2094.303801 0.002410 
2093.119922 0.002355 
2091.936042 0.002336 
2090.752162 0.002305 
2089.568283 0.002257 
2088.384403 0.002229 
2087.200524 0.002194 
2086.016644 0.002180 
2084.832764 0.002116 
2083.648885 0.002101 
2082.465005 0.002050 
2081.281125 0.002010 
2080.097246 0.001952 
2078.913366 0.001940 
2077.729486 0.001900 
2076.545607 0.001894 
2075.361727 0.001838 
2074.177848 0.001805 
2072.993968 0.001760 
2071.810088 0.001750 
2070.626209 0.001723 
2069.442329 0.001677 
2068.258449 0.001654 
2067.074570 0.001627 
2065.890690 0.001593 
2064.706811 0.001555 
2063.522931 0.001547 
2062.339051 0.001518 
2061.155172 0.001479 
2059.971292 0.001460 
2058.787412 0.001431 
2057.603533 0.001390 
2056.419653 0.001360 
2055.235774 0.001334 
2054.051894 0.001319 
2052.868014 0.001277 
2051.684135 0.001276 
2050.500255 0.001234 
2049.316375 0.001208 
2048.132496 0.001180 
2046.948616 0.001150 
2045.764737 0.001125 
2044.580857 0.001111 
2043.396977 0.001064 
2042.213098 0.001033 
2041.029218 0.001027 
2039.845338 0.001015 
2038.661459 0.000977 
2037.477579 0.000958 
2036.293700 0.000948 
2035.109820 0.000913 
2033.925940 0.000892 
2032.742061 0.000864 
2031.558181 0.000844 
2030.374301 0.000830 
2029.190422 0.000802 
2028.006542 0.000782 
2026.822663 0.000750 
2025.638783 0.000718 
2024.454903 0.000714 
2023.271024 0.000683 
2022.087144 0.000658 
2020.903264 0.000645 
2019.719385 0.000634 
2018.535505 0.000622 
2017.351626 0.000595 
2016.167746 0.000571 
2014.983866 0.000556 
2013.799987 0.000545 
2012.616107 0.000517 
2011.432227 0.000492 
2010.248348 0.000475 
2009.064468 0.000463 
2007.880589 0.000451 
2006.696709 0.000424 
2005.512829 0.000426 
2004.328950 0.000401 
2003.145070 0.000403 
2001.961190 0.000387 
2000.777311 0.000345 
1999.593431 0.000345 
1998.409552 0.000328 
1997.225672 0.000326 
1996.041792 0.000288 
1994.857913 0.000305 
1993.674033 0.000283 
1992.490153 0.000261 
1991.306274 0.000247 
1990.122394 0.000250 
1988.938515 0.000229 
1987.754635 0.000228 
1986.570755 0.000218 
1985.386876 0.000203 
1984.202996 0.000183 
1983.019116 0.000190 
1981.835237 0.000193 
1980.651357 0.000183 
1979.467477 0.000170 
1978.283598 0.000146 
1977.099718 0.000149 
1975.915839 0.000152 
1974.731959 0.000142 
1973.548079 0.000144 
1972.364200 0.000118 
1971.180320 0.000116 
1969.996440 0.000109 
1968.812561 0.000106 
1967.628681 0.000096 
1966.444802 0.000098 
1965.260922 0.000084 
1964.077042 0.000074 
1962.893163 0.000081 
1961.709283 0.000084 
1960.525403 0.000081 
1959.341524 0.000063 
1958.157644 0.000062 
1956.973765 0.000058 
1955.789885 0.000060 
1954.606005 0.000048 
1953.422126 0.000056 
1952.238246 0.000049 
1951.054366 0.000040 
1949.870487 0.000051 
1948.686607 0.000028 
1947.502728 0.000041 
1946.318848 0.000054 
1945.134968 0.000021 
1943.951089 0.000032 
1942.767209 0.000015 
1941.583329 0.000028 
1940.399450 0.000020 
1939.215570 0.000031 
1938.031691 0.000015 
1936.847811 0.000023 
1935.663931 0.000011 
1934.480052 0.000028 
1933.296172 0.000029 
1932.112292 0.000016 
1930.928413 0.000015 
1929.744533 0.000022 
1928.560654 0.000031 
1927.376774 0.000006 
1926.192894 0.000008 
1925.009015 0.000015 
1923.825135 0.000018 
1922.641255 0.000026 
1921.457376 0.000044 
1920.273496 0.000021 
1919.089617 0.000038 
1917.905737 0.000021 
1916.721857 0.000029 
1915.537978 0.000034 
1914.354098 0.000028 
1913.170218 0.000018 
1911.986339 0.000024 
1910.802459 0.000048 
1909.618580 0.000044 
1908.434700 0.000057 
1907.250820 0.000064 
1906.066941 0.000049 
1904.883061 0.000069 
1903.699181 0.000069 
1902.515302 0.000066 
1901.331422 0.000074 
1900.147543 0.000073 
1898.963663 0.000086 
1897.779783 0.000094 
1896.595904 0.000082 
1895.412024 0.000086 
1894.228144 0.000108 
1893.044265 0.000106 
1891.860385 0.000111 
1890.676506 0.000119 
1889.492626 0.000140 
1888.308746 0.000132 
1887.124867 0.000141 
1885.940987 0.000156 
1884.757107 0.000156 
1883.573228 0.000168 
1882.389348 0.000171 
1881.205468 0.000178 
1880.021589 0.000188 
1878.837709 0.000188 
1877.653830 0.000201 
1876.469950 0.000205 
1875.286070 0.000216 
1874.102191 0.000221 
1872.918311 0.000232 
1871.734431 0.000241 
1870.550552 0.000240 
1869.366672 0.000253 
1868.182793 0.000268 
1866.998913 0.000286 
1865.815033 0.000294 
1864.631154 0.000294 
1863.447274 0.000313 
1862.263394 0.000321 
1861.079515 0.000329 
1859.895635 0.000342 
1858.711756 0.000342 
1857.527876 0.000365 
1856.343996 0.000369 
1855.160117 0.000396 
1853.976237 0.000396 
1852.792357 0.000409 
1851.608478 0.000403 
1850.424598 0.000432 
1849.240719 0.000451 
1848.056839 0.000466 
1846.872959 0.000465 
1845.689080 0.000488 
1844.505200 0.000475 
1843.321320 0.000526 
1842.137441 0.000531 
1840.953561 0.000563 
1839.769682 0.000566 
1838.585802 0.000580 
1837.401922 0.000589 
1836.218043 0.000614 
1835.034163 0.000628 
1833.850283 0.000646 
1832.666404 0.000661 
1831.482524 0.000676 
1830.298645 0.000683 
1829.114765 0.000713 
1827.930885 0.000732 
1826.747006 0.000762 
1825.563126 0.000761 
1824.379246 0.000782 
1823.195367 0.000830 
1822.011487 0.000823 
1820.827608 0.000875 
1819.643728 0.000890 
1818.459848 0.000904 
1817.275969 0.000913 
1816.092089 0.000962 
1814.908209 0.000968 
1813.724330 0.001013 
1812.540450 0.001042 
1811.356571 0.001060 
1810.172691 0.001071 
1808.988811 0.001125 
1807.804932 0.001130 
1806.621052 0.001168 
1805.437172 0.001206 
1804.253293 0.001236 
1803.069413 0.001250 
1801.885534 0.001294 
1800.701654 0.001320 
1799.517774 0.001351 
1798.333895 0.001402 
1797.150015 0.001441 
1795.966135 0.001470 
1794.782256 0.001500 
1793.598376 0.001530 
1792.414496 0.001567 
1791.230617 0.001612 
1790.046737 0.001668 
1788.862858 0.001717 
1787.678978 0.001764 
1786.495098 0.001801 
1785.311219 0.001836 
1784.127339 0.001901 
1782.943459 0.001960 
1781.759580 0.002009 
1780.575700 0.002034 
1779.391821 0.002097 
1778.207941 0.002173 
1777.024061 0.002221 
1775.840182 0.002279 
1774.656302 0.002351 
1773.472422 0.002393 
1772.288543 0.002480 
1771.104663 0.002542 
1769.920784 0.002620 
1768.736904 0.002669 
1767.553024 0.002767 
1766.369145 0.002848 
1765.185265 0.002933 
1764.001385 0.003024 
1762.817506 0.003095 
1761.633626 0.003182 
1760.449747 0.003296 
1759.265867 0.003388 
1758.081987 0.003472 
1756.898108 0.003571 
1755.714228 0.003698 
1754.530348 0.003797 
1753.346469 0.003914 
1752.162589 0.004014 
1750.978710 0.004158 
1749.794830 0.004284 
1748.610950 0.004405 
1747.427071 0.004549 
1746.243191 0.004687 
1745.059311 0.004844 
1743.875432 0.005007 
1742.691552 0.005148 
1741.507673 0.005320 
1740.323793 0.005482 
1739.139913 0.005671 
1737.956034 0.005858 
1736.772154 0.006010 
1735.588274 0.006217 
1734.404395 0.006394 
1733.220515 0.006599 
1732.036636 0.006826 
1730.852756 0.007048 
1729.668876 0.007258 
1728.484997 0.007486 
1727.301117 0.007709 
1726.117237 0.007952 
1724.933358 0.008182 
1723.749478 0.008429 
1722.565599 0.008667 
1721.381719 0.008928 
1720.197839 0.009157 
1719.013960 0.009380 
1717.830080 0.009639 
1716.646200 0.009899 
1715.462321 0.010165 
1714.278441 0.010427 
1713.094562 0.010641 
1711.910682 0.010973 
1710.726802 0.011207 
1709.542923 0.011442 
1708.359043 0.011695 
1707.175163 0.011911 
1705.991284 0.012149 
1704.807404 0.012374 
1703.623525 0.012609 
1702.439645 0.012827 
1701.255765 0.013023 
1700.071886 0.013227 
1698.888006 0.013455 
1697.704126 0.013652 
1696.520247 0.013812 
1695.336367 0.014013 
1694.152487 0.014191 
1692.968608 0.014358 
1691.784728 0.014528 
1690.600849 0.014690 
1689.416969 0.014828 
1688.233089 0.014956 
1687.049210 0.015115 
1685.865330 0.015221 
1684.681450 0.015303 
1683.497571 0.015457 
1682.313691 0.015570 
1681.129812 0.015659 
1679.945932 0.015752 
1678.762052 0.015838 
1677.578173 0.015920 
1676.394293 0.015959 
1675.210413 0.016008 
1674.026534 0.016080 
1672.842654 0.016127 
1671.658775 0.016156 
1670.474895 0.016185 
1669.291015 0.016214 
1668.107136 0.016220 
1666.923256 0.016240 
1665.739376 0.016260 
1664.555497 0.016230 
1663.371617 0.016225 
1662.187738 0.016239 
1661.003858 0.016232 
1659.819978 0.016213 
1658.636099 0.016197 
1657.452219 0.016187 
1656.268339 0.016176 
1655.084460 0.016117 
1653.900580 0.016055 
1652.716701 0.015993 
1651.532821 0.015989 
1650.348941 0.015950 
1649.165062 0.015883 
1647.981182 0.015808 
1646.797302 0.015736 
1645.613423 0.015654 
1644.429543 0.015560 
1643.245664 0.015436 
1642.061784 0.015347 
1640.877904 0.015215 
1639.694025 0.015096 
1638.510145 0.014947 
1637.326265 0.014811 
1636.142386 0.014617 
1634.958506 0.014470 
1633.774627 0.014304 
1632.590747 0.014152 
1631.406867 0.013967 
1630.222988 0.013800 
1629.039108 0.013600 
1627.855228 0.013412 
1626.671349 0.013228 
1625.487469 0.013047 
1624.303590 0.012876 
1623.119710 0.012694 
1621.935830 0.012514 
1620.751951 0.012350 
1619.568071 0.012208 
1618.384191 0.012036 
1617.200312 0.011842 
1616.016432 0.011706 
1614.832553 0.011600 
1613.648673 0.011451 
1612.464793 0.011338 
1611.280914 0.011195 
1610.097034 0.011082 
1608.913154 0.010955 
1607.729275 0.010873 
1606.545395 0.010754 
1605.361516 0.010659 
1604.177636 0.010541 
1602.993756 0.010436 
1601.809877 0.010364 
1600.625997 0.010284 
1599.442117 0.010169 
1598.258238 0.010115 
1597.074358 0.010031 
1595.890478 0.009948 
1594.706599 0.009847 
1593.522719 0.009770 
1592.338840 0.009709 
1591.154960 0.009625 
1589.971080 0.009569 
1588.787201 0.009494 
1587.603321 0.009406 
1586.419441 0.009388 
1585.235562 0.009300 
1584.051682 0.009241 
1582.867803 0.009187 
1581.683923 0.009122 
1580.500043 0.009037 
1579.316164 0.008960 
1578.132284 0.008915 
1576.948404 0.008828 
1575.764525 0.008780 
1574.580645 0.008736 
1573.396766 0.008690 
1572.212886 0.008629 
1571.029006 0.008570 
1569.845127 0.008491 
1568.661247 0.008452 
1567.477367 0.008420 
1566.293488 0.008354 
1565.109608 0.008280 
1563.925729 0.008249 
1562.741849 0.008195 
1561.557969 0.008150 
1560.374090 0.008079 
1559.190210 0.008004 
1558.006330 0.007950 
1556.822451 0.007951 
1555.638571 0.007892 
1554.454692 0.007820 
1553.270812 0.007792 
1552.086932 0.007755 
1550.903053 0.007686 
1549.719173 0.007638 
1548.535293 0.007575 
1547.351414 0.007528 
1546.167534 0.007499 
1544.983655 0.007440 
1543.799775 0.007406 
1542.615895 0.007345 
1541.432016 0.007316 
1540.248136 0.007244 
1539.064256 0.007200 
1537.880377 0.007176 
1536.696497 0.007138 
1535.512618 0.007087 
1534.328738 0.007028 
1533.144858 0.006995 
1531.960979 0.006960 
1530.777099 0.006920 
1529.593219 0.006883 
1528.409340 0.006836 
1527.225460 0.006804 
1526.041581 0.006739 
1524.857701 0.006735 
1523.673821 0.006673 
1522.489942 0.006616 
1521.306062 0.006549 
1520.122182 0.006535 
1518.938303 0.006500 
1517.754423 0.006456 
1516.570544 0.006433 
1515.386664 0.006370 
1514.202784 0.006372 
1513.018905 0.006315 
1511.835025 0.006293 
1510.651145 0.006254 
1509.467266 0.006204 
1508.283386 0.006149 
1507.099507 0.006110 
1505.915627 0.006050 
1504.731747 0.006066 
1503.547868 0.006040 
1502.363988 0.006006 
1501.180108 0.005953 
1499.996229 0.005924 
1498.812349 0.005868 
1497.628469 0.005858 
1496.444590 0.005807 
1495.260710 0.005789 
1494.076831 0.005754 
1492.892951 0.005710 
1491.709071 0.005696 
1490.525192 0.005650 
1489.341312 0.005659 
1488.157432 0.005612 
1486.973553 0.005594 
1485.789673 0.005545 
1484.605794 0.005526 
1483.421914 0.005487 
1482.238034 0.005448 
1481.054155 0.005450 
1479.870275 0.005430 
1478.686395 0.005365 
1477.502516 0.005351 
1476.318636 0.005330 
1475.134757 0.005322 
1473.950877 0.005264 
1472.766997 0.005232 
1471.583118 0.005236 
1470.399238 0.005190 
1469.215358 0.005158 
1468.031479 0.005156 
1466.847599 0.005120 
1465.663720 0.005080 
1464.479840 0.005031 
1463.295960 0.005040 
1462.112081 0.005005 
1460.928201 0.004981 
1459.744321 0.004920 
1458.560442 0.004898 
1457.376562 0.004826 
1456.192683 0.004856 
1455.008803 0.004836 
1453.824923 0.004809 
1452.641044 0.004770 
1451.457164 0.004760 
1450.273284 0.004746 
1449.089405 0.004714 
1447.905525 0.004677 
1446.721646 0.004660 
1445.537766 0.004640 
1444.353886 0.004623 
1443.170007 0.004589 
1441.986127 0.004558 
1440.802247 0.004559 
1439.618368 0.004510 
1438.434488 0.004520 
1437.250609 0.004436 
1436.066729 0.004460 
1434.882849 0.004434 
1433.698970 0.004417 
1432.515090 0.004390 
1431.331210 0.004363 
1430.147331 0.004330 
1428.963451 0.004344 
1427.779572 0.004299 
1426.595692 0.004255 
1425.411812 0.004259 
1424.227933 0.004234 
1423.044053 0.004221 
1421.860173 0.004183 
1420.676294 0.004157 
1419.492414 0.004097 
1418.308535 0.004119 
1417.124655 0.004090 
1415.940775 0.004068 
1414.756896 0.004040 
1413.573016 0.004015 
1412.389136 0.003990 
1411.205257 0.003940 
1410.021377 0.003941 
1408.837497 0.003910 
1407.653618 0.003882 
1406.469738 0.003878 
1405.285859 0.003884 
1404.101979 0.003809 
1402.918099 0.003770 
1401.734220 0.003749 
1400.550340 0.003715 
1399.366460 0.003720 
1398.182581 0.003690 
1396.998701 0.003681 
1395.814822 0.003627 
1394.630942 0.003594 
1393.447062 0.003577 
1392.263183 0.003590 
1391.079303 0.003553 
1389.895423 0.003530 
1388.711544 0.003489 
1387.527664 0.003450 
1386.343785 0.003431 
1385.159905 0.003386 
1383.976025 0.003360 
1382.792146 0.003367 
1381.608266 0.003342 
1380.424386 0.003310 
1379.240507 0.003276 
1378.056627 0.003258 
1376.872748 0.003244 
1375.688868 0.003209 
1374.504988 0.003200 
1373.321109 0.003170 
1372.137229 0.003151 
1370.953349 0.003131 
1369.769470 0.003096 
1368.585590 0.003080 
1367.401711 0.003080 
1366.217831 0.003063 
1365.033951 0.003018 
1363.850072 0.003014 
1362.666192 0.002989 
1361.482312 0.002965 
1360.298433 0.002960 
1359.114553 0.002906 
1357.930674 0.002891 
1356.746794 0.002883 
1355.562914 0.002878 
1354.379035 0.002840 
1353.195155 0.002816 
1352.011275 0.002790 
1350.827396 0.002761 
1349.643516 0.002747 
1348.459637 0.002695 
1347.275757 0.002700 
1346.091877 0.002699 
1344.907998 0.002692 
1343.724118 0.002660 
1342.540238 0.002654 
1341.356359 0.002623 
1340.172479 0.002567 
1338.988600 0.002558 
1337.804720 0.002524 
1336.620840 0.002498 
1335.436961 0.002489 
1334.253081 0.002509 
1333.069201 0.002465 
1331.885322 0.002423 
1330.701442 0.002416 
1329.517563 0.002392 
1328.333683 0.002384 
1327.149803 0.002351 
1325.965924 0.002320 
1324.782044 0.002304 
1323.598164 0.002270 
1322.414285 0.002259 
1321.230405 0.002240 
1320.046526 0.002205 
1318.862646 0.002182 
1317.678766 0.002150 
1316.494887 0.002150 
1315.311007 0.002140 
1314.127127 0.002123 
1312.943248 0.002092 
1311.759368 0.002036 
1310.575488 0.002021 
1309.391609 0.002009 
1308.207729 0.002009 
1307.023850 0.002005 
1305.839970 0.001991 
1304.656090 0.001950 
1303.472211 0.001907 
1302.288331 0.001890 
1301.104451 0.001875 
1299.920572 0.001854 
1298.736692 0.001800 
1297.552813 0.001811 
1296.368933 0.001800 
1295.185053 0.001769 
1294.001174 0.001740 
1292.817294 0.001711 
1291.633414 0.001698 
1290.449535 0.001687 
1289.265655 0.001650 
1288.081776 0.001625 
1286.897896 0.001600 
1285.714016 0.001593 
1284.530137 0.001578 
1283.346257 0.001546 
1282.162377 0.001510 
1280.978498 0.001510 
1279.794618 0.001481 
1278.610739 0.001478 
1277.426859 0.001459 
1276.242979 0.001410 
1275.059100 0.001392 
1273.875220 0.001381 
1272.691340 0.001330 
1271.507461 0.001321 
1270.323581 0.001340 
1269.139702 0.001320 
1267.955822 0.001270 
1266.771942 0.001270 
1265.588063 0.001242 
1264.404183 0.001229 
1263.220303 0.001187 
1262.036424 0.001188 
1260.852544 0.001170 
1259.668665 0.001143 
1258.484785 0.001109 
1257.300905 0.001118 
1256.117026 0.001119 
1254.933146 0.001065 
1253.749266 0.001050 
1252.565387 0.001022 
1251.381507 0.001040 
1250.197628 0.001007 
1249.013748 0.000973 
1247.829868 0.000926 
1246.645989 0.000945 
1245.462109 0.000886 
1244.278229 0.000892 
1243.094350 0.000847 
1241.910470 0.000869 
1240.726591 0.000830 
1239.542711 0.000822 
1238.358831 0.000805 
1237.174952 0.000791 
1235.991072 0.000747 
1234.807192 0.000740 
1233.623313 0.000729 
1232.439433 0.000696 
1231.255554 0.000674 
1230.071674 0.000659 
1228.887794 0.000691 
1227.703915 0.000668 
1226.520035 0.000622 
1225.336155 0.000611 
1224.152276 0.000572 
1222.968396 0.000583 
1221.784517 0.000551 
1220.600637 0.000554 
1219.416757 0.000517 
1218.232878 0.000520 
1217.048998 0.000503 
1215.865118 0.000473 
1214.681239 0.000499 
1213.497359 0.000456 
1212.313479 0.000427 
1211.129600 0.000390 
1209.945720 0.000401 
1208.761841 0.000394 
1207.577961 0.000378 
1206.394081 0.000326 
1205.210202 0.000353 
1204.026322 0.000343 
1202.842442 0.000345 
1201.658563 0.000309 
1200.474683 0.000300 
1199.290804 0.000290 
1198.106924 0.000283 
1196.923044 0.000263 
1195.739165 0.000263 
1194.555285 0.000263 
1193.371405 0.000220 
1192.187526 0.000203 
1191.003646 0.000215 
1189.819767 0.000203 
1188.635887 0.000165 
1187.452007 0.000180 
1186.268128 0.000199 
1185.084248 0.000154 
1183.900368 0.000150 
1182.716489 0.000131 
1181.532609 0.000108 
1180.348730 0.000102 
1179.164850 0.000105 
1177.980970 0.000121 
1176.797091 0.000094 
1175.613211 0.000109 
1174.429331 0.000075 
1173.245452 0.000040 
1172.061572 0.000045 
1170.877693 0.000052 
1169.693813 0.000017 
1168.509933 0.000033 
1167.326054 0.000026 
1166.142174 0.000031 
1164.958294 0.000039 
1163.774415 -0.000016 
1162.590535 -0.000008 
1161.406656 0.000013 
1160.222776 0.000003 
1159.038896 -0.000067 
1157.855017 -0.000061 
1156.671137 -0.000014 
1155.487257 -0.000019 
1154.303378 -0.000017 
1153.119498 -0.000024 
1151.935619 -0.000031 
1150.751739 -0.000042 
1149.567859 -0.000063 
1148.383980 -0.000034 
1147.200100 -0.000057 
1146.016220 -0.000073 
1144.832341 -0.000070 
1143.648461 -0.000080 
1142.464582 -0.000109 
1141.280702 -0.000113 
1140.096822 -0.000098 
1138.912943 -0.000071 
1137.729063 -0.000091 
1136.545183 -0.000123 
1135.361304 -0.000101 
1134.177424 -0.000100 
1132.993545 -0.000096 
1131.809665 -0.000074 
1130.625785 -0.000134 
1129.441906 -0.000119 
1128.258026 -0.000130 
1127.074146 -0.000120 
1125.890267 -0.000144 
1124.706387 -0.000144 
1123.522508 -0.000097 
1122.338628 -0.000096 
1121.154748 -0.000149 
1119.970869 -0.000177 
1118.786989 -0.000118 
1117.603109 -0.000179 
1116.419230 -0.000182 
1115.235350 -0.000200 
1114.051470 -0.000184 
1112.867591 -0.000172 
1111.683711 -0.000183 
1110.499832 -0.000229 
1109.315952 -0.000198 
1108.132072 -0.000212 
1106.948193 -0.000226 
1105.764313 -0.000287 
1104.580433 -0.000264 
1103.396554 -0.000308 
1102.212674 -0.000274 
1101.028795 -0.000225 
1099.844915 -0.000271 
1098.661035 -0.000297 
1097.477156 -0.000319 
1096.293276 -0.000301 
1095.109396 -0.000281 
1093.925517 -0.000315 
1092.741637 -0.000303 
1091.557758 -0.000330 
1090.373878 -0.000299 
1089.189998 -0.000292 
1088.006119 -0.000240 
1086.822239 -0.000328 
1085.638359 -0.000275 
1084.454480 -0.000282 
1083.270600 -0.000292 
1082.086721 -0.000261 
1080.902841 -0.000298 
1079.718961 -0.000289 
1078.535082 -0.000308 
1077.351202 -0.000346 
1076.167322 -0.000321 
1074.983443 -0.000414 
1073.799563 -0.000323 
1072.615684 -0.000311 
1071.431804 -0.000319 
1070.247924 -0.000291 
1069.064045 -0.000301 
1067.880165 -0.000333 
1066.696285 -0.000289 
1065.512406 -0.000289 
1064.328526 -0.000275 
1063.144647 -0.000306 
1061.960767 -0.000307 
1060.776887 -0.000418 
1059.593008 -0.000255 
1058.409128 -0.000241 
1057.225248 -0.000287 
1056.041369 -0.000232 
1054.857489 -0.000248 
1053.673610 -0.000191 
1052.489730 -0.000260 
1051.305850 -0.000241 
1050.121971 -0.000188 
1048.938091 -0.000208 
1047.754211 -0.000213 
1046.570332 -0.000278 
1045.386452 -0.000196 
1044.202573 -0.000194 
1043.018693 -0.000190 
1041.834813 -0.000199 
1040.650934 -0.000131 
1039.467054 -0.000140 
1038.283174 -0.000141 
1037.099295 -0.000150 
1035.915415 -0.000129 
1034.731536 -0.000103 
1033.547656 -0.000077 
1032.363776 -0.000141 
1031.179897 -0.000059 
1029.996017 -0.000009 
1028.812137 -0.000015 
1027.628258 0.000007 
1026.444378 0.000006 
1025.260498 0.000061 
1024.076619 0.000083 
1022.892739 0.000127 
1021.708860 0.000115 
1020.524980 0.000134 
1019.341100 0.000165 
1018.157221 0.000190 
1016.973341 0.000246 
1015.789461 0.000246 
1014.605582 0.000257 
1013.421702 0.000343 
1012.237823 0.000363 
1011.053943 0.000412 
1009.870063 0.000405 
1008.686184 0.000444 
1007.502304 0.000506 
1006.318424 0.000572 
1005.134545 0.000577 
1003.950665 0.000661 
1002.766786 0.000688 
1001.582906 0.000769 
1000.399026 0.000783 
999.215147 0.000849 
998.031267 0.000920 
996.847387 0.000995 
995.663508 0.001087 
994.479628 0.001096 
993.295749 0.001164 
992.111869 0.001267 
990.927989 0.001380 
989.744110 0.001414 
988.560230 0.001534 
987.376350 0.001601 
986.192471 0.001693 
985.008591 0.001778 
983.824712 0.001879 
982.640832 0.002007 
981.456952 0.002095 
980.273073 0.002275 
979.089193 0.002337 
977.905313 0.002510 
976.721434 0.002673 
975.537554 0.002744 
974.353675 0.002918 
973.169795 0.003038 
971.985915 0.003204 
970.802036 0.003344 
969.618156 0.003511 
968.434276 0.003692 
967.250397 0.003848 
966.066517 0.004049 
964.882638 0.004230 
963.698758 0.004338 
962.514878 0.004555 
961.330999 0.004756 
960.147119 0.004933 
958.963239 0.005136 
957.779360 0.005362 
956.595480 0.005546 
955.411601 0.005778 
954.227721 0.005990 
953.043841 0.006186 
951.859962 0.006431 
950.676082 0.006647 
949.492202 0.006893 
948.308323 0.007097 
947.124443 0.007291 
945.940564 0.007565 
944.756684 0.007817 
943.572804 0.008002 
942.388925 0.008273 
941.205045 0.008477 
940.021165 0.008786 
938.837286 0.009003 
937.653406 0.009283 
936.469527 0.009485 
935.285647 0.009767 
934.101767 0.010024 
932.917888 0.010256 
931.734008 0.010521 
930.550128 0.010779 
929.366249 0.011010 
928.182369 0.011269 
926.998489 0.011556 
925.814610 0.011803 
924.630730 0.012058 
923.446851 0.012373 
922.262971 0.012544 
921.079091 0.012802 
919.895212 0.013088 
918.711332 0.013422 
917.527452 0.013646 
916.343573 0.013907 
915.159693 0.014148 
913.975814 0.014391 
912.791934 0.014664 
911.608054 0.014859 
910.424175 0.015192 
909.240295 0.015412 
908.056415 0.015693 
906.872536 0.015936 
905.688656 0.016216 
904.504777 0.016420 
903.320897 0.016708 
902.137017 0.016950 
900.953138 0.017191 
899.769258 0.017455 
898.585378 0.017700 
897.401499 0.017964 
896.217619 0.018175 
895.033740 0.018419 
893.849860 0.018750 
892.665980 0.019005 
891.482101 0.019148 
890.298221 0.019385 
889.114341 0.019634 
887.930462 0.019898 
886.746582 0.020207 
885.562703 0.020345 
884.378823 0.020654 
883.194943 0.020867 
882.011064 0.021157 
880.827184 0.021339 
879.643304 0.021593 
878.459425 0.021957 
877.275545 0.022022 
876.091666 0.022214 
874.907786 0.022462 
873.723906 0.022723 
872.540027 0.022861 
871.356147 0.023038 
870.172267 0.023521 
868.988388 0.023660 
867.804508 0.023827 
866.620629 0.024127 
865.436749 0.024417 
864.252869 0.024666 
863.068990 0.024929 
861.885110 0.024903 
860.701230 0.025190 
859.517351 0.025432 
858.333471 0.025539 
857.149592 0.025736 
855.965712 0.026050 
854.781832 0.026211 
853.597953 0.026382 
852.414073 0.026593 
851.230193 0.026890 
850.046314 0.027034 
848.862434 0.027308 
847.678555 0.027484 
846.494675 0.027639 
845.310795 0.027870 
844.126916 0.028073 
842.943036 0.028274 
841.759156 0.028428 
840.575277 0.028626 
839.391397 0.028836 
838.207518 0.029010 
837.023638 0.029243 
835.839758 0.029398 
834.655879 0.029653 
833.471999 0.029756 
832.288119 0.029919 
831.104240 0.030108 
829.920360 0.030347 
828.736480 0.030445 
827.552601 0.030634 
826.368721 0.030776 
825.184842 0.030953 
824.000962 0.031109 
822.817082 0.031289 
821.633203 0.031624 
820.449323 0.031729 
819.265443 0.031829 
818.081564 0.032021 
816.897684 0.032078 
815.713805 0.032270 
814.529925 0.032497 
813.346045 0.032614 
812.162166 0.032756 
810.978286 0.032877 
809.794406 0.032985 
808.610527 0.033047 
807.426647 0.033360 
806.242768 0.033440 
805.058888 0.033596 
803.875008 0.033667 
802.691129 0.033798 
801.507249 0.033988 
800.323369 0.034041 
799.139490 0.034079 
797.955610 0.034258 
796.771731 0.034421 
795.587851 0.034458 
794.403971 0.034583 
793.220092 0.034790 
792.036212 0.034845 
790.852332 0.034899 
789.668453 0.035034 
788.484573 0.035105 
787.300694 0.035141 
786.116814 0.035290 
784.932934 0.035340 
783.749055 0.035409 
782.565175 0.035546 
781.381295 0.035578 
780.197416 0.035691 
779.013536 0.035755 
777.829657 0.035751 
776.645777 0.035864 
775.461897 0.035838 
774.278018 0.035951 
773.094138 0.036007 
771.910258 0.035952 
770.726379 0.036113 
769.542499 0.036052 
768.358620 0.036037 
767.174740 0.035941 
765.990860 0.035583 
764.806981 0.036471 
763.623101 0.036322 
762.439221 0.036323 
761.255342 0.036358 
760.071462 0.036322 
758.887583 0.036342 
757.703703 0.036330 
756.519823 0.036291 
755.335944 0.036323 
754.152064 0.036309 
752.968184 0.036230 
751.784305 0.036241 
750.600425 0.036254 
749.416546 0.036282 
748.232666 0.036091 
747.048786 0.036167 
745.864907 0.036088 
744.681027 0.036003 
743.497147 0.036109 
742.313268 0.035967 
741.129388 0.036009 
739.945509 0.035905 
738.761629 0.035881 
737.577749 0.036034 
736.393870 0.035813 
735.209990 0.035635 
734.026110 0.035533 
732.842231 0.035557 
731.658351 0.035459 
730.474471 0.035407 
729.290592 0.035257 
728.106712 0.035158 
726.922833 0.035085 
725.738953 0.034885 
724.555073 0.034867 
723.371194 0.034943 
722.187314 0.034696 
721.003434 0.034520 
719.819555 0.034404 
718.635675 0.034278 
717.451796 0.034152 
716.267916 0.034033 
715.084036 0.033937 
713.900157 0.033795 
712.716277 0.033671 
711.532397 0.033668 
710.348518 0.033633 
709.164638 0.032529 
707.980759 0.033006 
706.796879 0.032902 
705.612999 0.032860 
704.429120 0.032806 
703.245240 0.032796 
702.061360 0.031652 
700.877481 0.031631 
699.693601 0.031780 
698.509722 0.031601 
697.325842 0.031541 
696.141962 0.031579 
694.958083 0.031186 
693.774203 0.030878 
692.590323 0.030846 
691.406444 0.030652 
690.222564 0.030424 
689.038685 0.030222 
687.854805 0.030278 
686.670925 0.029894 
685.487046 0.029743 
684.303166 0.029504 
683.119286 0.029300 
681.935407 0.029047 
680.751527 0.029011 
679.567648 0.028755 
678.383768 0.028485 
677.199888 0.028269 
676.016009 0.028122 
674.832129 0.027832 
673.648249 0.027610 
672.464370 0.027320 
671.280490 0.027116 
670.096611 0.027009 
668.912731 0.026885 
667.728851 0.026391 
666.544972 0.026646 
665.361092 0.026319 
664.177212 0.025991 
662.993333 0.025696 
661.809453 0.025528 
660.625574 0.025313 
659.441694 0.025176 
658.257814 0.024874 
657.073935 0.024673 
655.890055 0.024488 
654.706175 0.024174 
653.522296 0.024021 
652.338416 0.023743 
651.154537 0.023576 
649.970657 0.023345 
648.786777 0.023143 
647.602898 0.022882 
646.419018 0.022791 
645.235138 0.022505 
644.051259 0.022271 
642.867379 0.021987 
641.683499 0.021802 
640.499620 0.021617 
639.315740 0.021454 
638.131861 0.021185 
636.947981 0.021045 
635.764101 0.020713 
634.580222 0.020460 
633.396342 0.020266 
632.212462 0.020051 
631.028583 0.019860 
629.844703 0.019745 
628.660824 0.019494 
627.476944 0.019363 
626.293064 0.019033 
625.109185 0.018689 
623.925305 0.018755 
622.741425 0.018567 
621.557546 0.018430 
620.373666 0.018084 
619.189787 0.017983 
618.005907 0.017795 
616.822027 0.017527 
615.638148 0.017318 
614.454268 0.017109 
613.270388 0.016906 
612.086509 0.016707 
610.902629 0.016538 
609.718750 0.016448 
608.534870 0.016268 
607.350990 0.016007 
606.167111 0.015846 
604.983231 0.015805 
603.799351 0.015584 
602.615472 0.015478 
601.431592 0.015250 
600.247713 0.015078 
599.063833 0.014840 
597.879953 0.014726 
596.696074 0.014633 
595.512194 0.014408 
594.328314 0.014319 
593.144435 0.014154 
591.960555 0.013958 
590.776676 0.013812 
589.592796 0.013724 
588.408916 0.013450 
587.225037 0.013276 
586.041157 0.013171 
584.857277 0.012983 
583.673398 0.012920 
582.489518 0.012778 
581.305639 0.012603 
580.121759 0.012653 
578.937879 0.012463 
577.754000 0.012117 
576.570120 0.012150 
575.386240 0.012049 
574.202361 0.011845 
573.018481 0.011730 
571.834602 0.011531 
570.650722 0.011522 
569.466842 0.011232 
568.282963 0.011207 
567.099083 0.011112 
565.915203 0.010940 
564.731324 0.010790 
563.547444 0.010596 
562.363565 0.010309 
561.179685 0.010567 
559.995805 0.010520 
558.811926 0.010259 
557.628046 0.010189 
556.444166 0.010030 
555.260287 0.010124 
554.076407 0.009949 
552.892528 0.009756 
551.708648 0.009579 
550.524768 0.009521 
549.340889 0.009432 
548.157009 0.009297 
546.973129 0.009208 
545.789250 0.009105 
544.605370 0.009086 
543.421490 0.008943 
542.237611 0.008765 
541.053731 0.008786 
539.869852 0.008671 
538.685972 0.008535 
537.502092 0.008472 
536.318213 0.008329 
535.134333 0.008211 
533.950453 0.008059 
532.766574 0.008177 
531.582694 0.007960 
530.398815 0.007848 
529.214935 0.007746 
528.031055 0.007883 
526.847176 0.007523 
525.663296 0.007544 
524.479416 0.007413 
523.295537 0.007437 
522.111657 0.007244 
520.927778 0.007295 
519.743898 0.007833 
518.560018 0.006694 
517.376139 0.006790 
516.192259 0.006585 
515.008379 0.006422 
513.824500 0.006283 
512.640620 0.006765 
511.456741 0.006534 
510.272861 0.006285 
509.088981 0.006285 
507.905102 0.006128 
506.721222 0.006045 
505.537342 0.005576 
504.353463 0.005765 
503.169583 0.005494 
501.985704 0.005444 
500.801824 0.005354 
499.617944 0.005109 
498.434065 0.005161 
497.250185 0.005421 
496.066305 0.005178 
494.882426 0.004928 
493.698546 0.004851 
492.514667 0.005108 
491.330787 0.005353 
490.146907 0.004376 
488.963028 0.004347 
487.779148 0.004233 
486.595268 0.004181 
485.411389 0.003858 
484.227509 0.004091 
483.043630 0.003660 
481.859750 0.003576 
480.675870 0.003482 
479.491991 0.003390 
478.308111 0.003382 
477.124231 0.003434 
475.940352 0.003021 
474.756472 0.002883 
473.572593 0.002708 
472.388713 0.002910 
471.204833 0.002371 
470.020954 0.002894 
468.837074 0.002876 
467.653194 0.002328 
466.469315 0.002685 
465.285435 0.002402 
464.101556 0.002911 
462.917676 0.002222 
461.733796 0.001797 
460.549917 0.002480 
459.366037 0.002242 
458.182157 0.001684 
456.998278 0.002120 
455.814398 0.001256 
454.630519 0.001649 
453.446639 0.001638 
452.262759 0.001752 
451.078880 0.001246 
449.895000 0.002080 
