5000.111000 0.000519 
4998.643809 0.000255 
4997.176617 0.000859 
4995.709426 0.000868 
4994.242234 0.000717 
4992.775043 0.000420 
4991.307851 -0.000559 
4989.840660 0.000249 
4988.373468 0.000159 
4986.906277 -0.000153 
4985.439085 0.000256 
4983.971894 -0.000679 
4982.504702 -0.000969 
4981.037511 -0.000318 
4979.570319 -0.000395 
4978.103128 -0.000521 
4976.635936 -0.000372 
4975.168745 -0.000639 
4973.701553 0.000697 
4972.234362 -0.000315 
4970.767170 0.000194 
4969.299979 -0.000531 
4967.832787 0.000477 
4966.365596 0.000449 
4964.898404 0.000458 
4963.431213 -0.000485 
4961.964021 -0.000936 
4960.496830 0.001154 
4959.029638 0.000180 
4957.562447 -0.000143 
4956.095255 -0.001226 
4954.628064 -0.000519 
4953.160872 -0.000277 
4951.693681 -0.001163 
4950.226489 0.000226 
4948.759298 -0.000445 
4947.292106 -0.000884 
4945.824915 -0.000497 
4944.357723 -0.001095 
4942.890532 -0.000459 
4941.423340 0.000125 
4939.956149 0.000102 
4938.488957 -0.000642 
4937.021766 0.000247 
4935.554574 0.000065 
4934.087383 -0.000498 
4932.620191 0.000608 
4931.153000 -0.000102 
4929.685808 0.000294 
4928.218617 -0.000556 
4926.751425 0.000342 
4925.284234 -0.000335 
4923.817042 -0.000192 
4922.349851 -0.000131 
4920.882659 -0.000014 
4919.415468 -0.000203 
4917.948276 -0.000180 
4916.481085 0.000463 
4915.013893 0.000234 
4913.546702 -0.000383 
4912.079510 -0.000451 
4910.612319 0.000219 
4909.145127 -0.000373 
4907.677936 -0.000014 
4906.210744 0.000452 
4904.743553 0.000055 
4903.276361 0.001002 
4901.809170 -0.000115 
4900.341978 0.000407 
4898.874787 -0.000408 
4897.407595 -0.000294 
4895.940404 -0.000022 
4894.473212 -0.000228 
4893.006021 0.000068 
4891.538829 -0.000068 
4890.071638 -0.000535 
4888.604446 0.000121 
4887.137255 -0.000449 
4885.670063 0.000135 
4884.202872 0.000246 
4882.735680 0.000031 
4881.268489 0.000036 
4879.801297 0.000595 
4878.334106 -0.000168 
4876.866914 0.000337 
4875.399723 -0.000202 
4873.932531 0.000553 
4872.465340 0.000159 
4870.998148 -0.000921 
4869.530957 -0.000474 
4868.063765 0.000292 
4866.596574 0.000275 
4865.129382 0.000162 
4863.662191 -0.000176 
4862.194999 -0.000294 
4860.727808 -0.000122 
4859.260616 0.000301 
4857.793425 0.000797 
4856.326233 -0.000254 
4854.859042 0.000389 
4853.391850 -0.000399 
4851.924659 0.000525 
4850.457467 -0.000985 
4848.990276 0.000385 
4847.523084 0.000438 
4846.055893 -0.000021 
4844.588701 -0.000357 
4843.121510 0.000056 
4841.654318 -0.000410 
4840.187127 0.000099 
4838.719935 0.000157 
4837.252744 -0.000335 
4835.785552 -0.000052 
4834.318361 -0.000533 
4832.851169 -0.000328 
4831.383978 -0.000065 
4829.916786 -0.000010 
4828.449595 -0.000723 
4826.982403 0.000071 
4825.515212 0.000567 
4824.048020 0.000849 
4822.580829 0.000392 
4821.113637 -0.000130 
4819.646446 -0.000125 
4818.179254 -0.000024 
4816.712063 0.000274 
4815.244871 -0.000139 
4813.777680 0.000151 
4812.310488 -0.000464 
4810.843297 -0.000300 
4809.376105 -0.000158 
4807.908914 -0.000322 
4806.441722 -0.000599 
4804.974531 -0.000772 
4803.507339 -0.000507 
4802.040148 0.000089 
4800.572956 -0.000017 
4799.105765 0.000051 
4797.638573 -0.000447 
4796.171382 -0.000477 
4794.704190 -0.000196 
4793.236999 -0.000316 
4791.769807 -0.000150 
4790.302616 -0.000577 
4788.835424 -0.000172 
4787.368233 -0.000257 
4785.901041 -0.000818 
4784.433850 -0.000762 
4782.966658 -0.000407 
4781.499467 -0.000695 
4780.032275 -0.001318 
4778.565084 -0.000863 
4777.097892 -0.000666 
4775.630701 -0.002300 
4774.163509 -0.001030 
4772.696318 -0.000255 
4771.229126 -0.000130 
4769.761935 -0.000777 
4768.294743 -0.000882 
4766.827552 -0.000764 
4765.360360 -0.001078 
4763.893169 -0.001060 
4762.425977 -0.001590 
4760.958786 -0.001098 
4759.491594 -0.000740 
4758.024403 -0.001193 
4756.557211 -0.001207 
4755.090020 0.000072 
4753.622828 -0.000577 
4752.155637 -0.000550 
4750.688445 -0.001021 
4749.221254 -0.000562 
4747.754062 -0.000097 
4746.286871 -0.000439 
4744.819679 -0.000965 
4743.352488 -0.000303 
4741.885296 0.000240 
4740.418105 -0.001095 
4738.950914 -0.000548 
4737.483722 -0.000819 
4736.016531 -0.000062 
4734.549339 -0.000041 
4733.082148 -0.000593 
4731.614956 -0.000625 
4730.147765 -0.000696 
4728.680573 -0.000215 
4727.213382 0.000150 
4725.746190 -0.000717 
4724.278999 0.000111 
4722.811807 -0.000611 
4721.344616 0.000015 
4719.877424 -0.000473 
4718.410233 -0.000180 
4716.943041 -0.000863 
4715.475850 -0.001048 
4714.008658 -0.000447 
4712.541467 -0.000127 
4711.074275 -0.000442 
4709.607084 0.000115 
4708.139892 -0.000392 
4706.672701 -0.000467 
4705.205509 -0.000037 
4703.738318 -0.000239 
4702.271126 -0.000059 
4700.803935 -0.000664 
4699.336743 -0.000269 
4697.869552 -0.000417 
4696.402360 -0.001203 
4694.935169 -0.000059 
4693.467977 -0.000578 
4692.000786 -0.000794 
4690.533594 -0.000444 
4689.066403 0.000279 
4687.599211 -0.000432 
4686.132020 -0.000339 
4684.664828 -0.000517 
4683.197637 -0.000053 
4681.730445 -0.000812 
4680.263254 -0.000634 
4678.796062 -0.000303 
4677.328871 0.000274 
4675.861679 0.000078 
4674.394488 -0.000037 
4672.927296 -0.000788 
4671.460105 0.000280 
4669.992913 -0.000707 
4668.525722 -0.000839 
4667.058530 -0.000211 
4665.591339 0.000157 
4664.124147 -0.000128 
4662.656956 -0.000061 
4661.189764 0.000190 
4659.722573 -0.000359 
4658.255381 -0.000157 
4656.788190 -0.000652 
4655.320998 -0.000094 
4653.853807 -0.000292 
4652.386615 -0.000136 
4650.919424 -0.000530 
4649.452232 0.000007 
4647.985041 0.000130 
4646.517849 0.000103 
4645.050658 -0.000391 
4643.583466 -0.000412 
4642.116275 -0.000326 
4640.649083 0.000030 
4639.181892 0.000647 
4637.714700 0.000087 
4636.247509 0.000090 
4634.780317 -0.000242 
4633.313126 0.000151 
4631.845934 0.000093 
4630.378743 -0.000513 
4628.911551 -0.000135 
4627.444360 -0.000749 
4625.977168 -0.000691 
4624.509977 0.000052 
4623.042785 0.000311 
4621.575594 -0.000383 
4620.108402 -0.000159 
4618.641211 -0.000292 
4617.174019 -0.000291 
4615.706828 -0.000241 
4614.239636 0.000468 
4612.772445 0.000218 
4611.305253 0.000338 
4609.838062 -0.000153 
4608.370870 -0.000358 
4606.903679 -0.000409 
4605.436487 0.000125 
4603.969296 0.000091 
4602.502104 0.000441 
4601.034913 0.000466 
4599.567721 -0.000625 
4598.100530 -0.000441 
4596.633338 -0.000250 
4595.166147 -0.000208 
4593.698955 0.000729 
4592.231764 0.000154 
4590.764572 0.000140 
4589.297381 0.000354 
4587.830189 0.000570 
4586.362998 0.000260 
4584.895806 -0.000042 
4583.428615 -0.000070 
4581.961423 -0.000073 
4580.494232 0.000378 
4579.027040 0.000130 
4577.559849 0.000685 
4576.092657 0.000569 
4574.625466 0.000985 
4573.158274 0.000435 
4571.691083 0.000662 
4570.223891 0.000473 
4568.756700 0.000541 
4567.289508 0.000519 
4565.822317 0.001117 
4564.355125 0.001062 
4562.887934 0.000435 
4561.420742 0.001194 
4559.953551 0.000625 
4558.486359 0.000102 
4557.019168 0.000278 
4555.551976 0.000130 
4554.084785 0.000288 
4552.617593 0.000733 
4551.150402 0.000685 
4549.683210 -0.000006 
4548.216019 0.000438 
4546.748827 0.000872 
4545.281636 0.001020 
4543.814444 0.001205 
4542.347253 0.000573 
4540.880061 0.000450 
4539.412870 0.000455 
4537.945678 0.001196 
4536.478487 -0.000227 
4535.011295 0.000116 
4533.544104 0.001187 
4532.076912 0.001052 
4530.609721 0.001100 
4529.142529 0.000508 
4527.675338 0.000643 
4526.208146 0.000708 
4524.740955 0.000975 
4523.273763 0.000563 
4521.806572 0.000839 
4520.339380 0.000821 
4518.872189 0.000406 
4517.404997 0.000692 
4515.937806 0.000700 
4514.470614 0.000831 
4513.003423 0.000610 
4511.536231 0.000615 
4510.069040 0.001114 
4508.601848 0.000610 
4507.134657 0.001491 
4505.667465 0.000189 
4504.200274 0.000776 
4502.733082 0.000753 
4501.265891 0.000728 
4499.798699 0.000080 
4498.331508 0.000031 
4496.864316 0.000628 
4495.397125 0.000607 
4493.929933 -0.000040 
4492.462742 0.000462 
4490.995550 0.000584 
4489.528359 0.000811 
4488.061167 0.000308 
4486.593976 0.000539 
4485.126784 0.000627 
4483.659593 0.000283 
4482.192402 0.000608 
4480.725210 0.000465 
4479.258019 -0.000217 
4477.790827 0.000803 
4476.323636 0.000631 
4474.856444 0.000628 
4473.389253 0.000393 
4471.922061 0.000119 
4470.454870 0.000488 
4468.987678 0.000126 
4467.520487 0.000356 
4466.053295 0.000294 
4464.586104 0.000248 
4463.118912 -0.000108 
4461.651721 0.000157 
4460.184529 0.000155 
4458.717338 -0.000305 
4457.250146 -0.000397 
4455.782955 0.000684 
4454.315763 0.000519 
4452.848572 -0.000075 
4451.381380 0.000585 
4449.914189 0.000252 
4448.446997 0.000233 
4446.979806 -0.000300 
4445.512614 0.000001 
4444.045423 0.000443 
4442.578231 0.000279 
4441.111040 0.000188 
4439.643848 0.000088 
4438.176657 0.000194 
4436.709465 0.000412 
4435.242274 0.000815 
4433.775082 0.000386 
4432.307891 -0.000249 
4430.840699 0.000031 
4429.373508 0.000188 
4427.906316 0.000082 
4426.439125 0.000613 
4424.971933 0.000505 
4423.504742 0.000450 
4422.037550 0.000428 
4420.570359 -0.000067 
4419.103167 -0.000128 
4417.635976 -0.000251 
4416.168784 -0.000335 
4414.701593 0.000278 
4413.234401 0.000825 
4411.767210 0.000225 
4410.300018 0.000423 
4408.832827 -0.000223 
4407.365635 0.000149 
4405.898444 -0.000122 
4404.431252 -0.000201 
4402.964061 0.000420 
4401.496869 0.000214 
4400.029678 0.000170 
4398.562486 0.000314 
4397.095295 0.000639 
4395.628103 0.000610 
4394.160912 0.000265 
4392.693720 -0.000085 
4391.226529 -0.000086 
4389.759337 0.000153 
4388.292146 0.000329 
4386.824954 0.000434 
4385.357763 0.000207 
4383.890571 0.000272 
4382.423380 -0.000172 
4380.956188 0.000424 
4379.488997 0.000062 
4378.021805 0.000361 
4376.554614 -0.000092 
4375.087422 0.000185 
4373.620231 0.000363 
4372.153039 0.000262 
4370.685848 0.000027 
4369.218656 0.000314 
4367.751465 0.000250 
4366.284273 -0.000053 
4364.817082 0.000223 
4363.349890 -0.000045 
4361.882699 -0.000100 
4360.415507 -0.000079 
4358.948316 0.000410 
4357.481124 0.000243 
4356.013933 0.000288 
4354.546741 0.000608 
4353.079550 0.000487 
4351.612358 0.000223 
4350.145167 0.000225 
4348.677975 0.000664 
4347.210784 0.000096 
4345.743592 -0.000153 
4344.276401 0.000562 
4342.809209 0.000186 
4341.342018 0.000573 
4339.874826 0.000165 
4338.407635 0.000641 
4336.940443 -0.000060 
4335.473252 0.000600 
4334.006060 0.000433 
4332.538869 0.000169 
4331.071677 0.000042 
4329.604486 0.000219 
4328.137294 0.000073 
4326.670103 0.000085 
4325.202911 0.000136 
4323.735720 0.000352 
4322.268528 0.000156 
4320.801337 0.000085 
4319.334145 0.000259 
4317.866954 0.000633 
4316.399762 0.000304 
4314.932571 0.000295 
4313.465379 0.000190 
4311.998188 0.000042 
4310.530996 0.000424 
4309.063805 0.000425 
4307.596613 0.000724 
4306.129422 0.000266 
4304.662230 0.000244 
4303.195039 0.000809 
4301.727847 0.000168 
4300.260656 0.000318 
4298.793464 0.000451 
4297.326273 0.000028 
4295.859081 0.000571 
4294.391890 0.000714 
4292.924698 0.000416 
4291.457507 0.000276 
4289.990315 -0.000047 
4288.523124 -0.000077 
4287.055932 0.000141 
4285.588741 0.000817 
4284.121549 0.000514 
4282.654358 0.000788 
4281.187166 -0.000007 
4279.719975 0.000310 
4278.252783 -0.000283 
4276.785592 -0.000056 
4275.318400 -0.000240 
4273.851209 -0.000096 
4272.384017 -0.000375 
4270.916826 -0.000171 
4269.449634 0.000085 
4267.982443 -0.000217 
4266.515251 0.000122 
4265.048060 -0.000088 
4263.580868 0.000541 
4262.113677 0.000033 
4260.646485 0.000378 
4259.179294 0.000956 
4257.712102 0.000201 
4256.244911 0.001245 
4254.777719 0.001926 
4253.310528 0.003019 
4251.843336 0.003347 
4250.376145 0.003104 
4248.908953 0.001828 
4247.441762 0.001409 
4245.974570 0.000754 
4244.507379 0.000872 
4243.040187 0.000536 
4241.572996 0.000256 
4240.105804 0.000545 
4238.638613 0.000250 
4237.171421 0.000391 
4235.704230 -0.000091 
4234.237038 0.001227 
4232.769847 0.000315 
4231.302655 0.000016 
4229.835464 0.000654 
4228.368272 -0.000093 
4226.901081 -0.000123 
4225.433889 0.000127 
4223.966698 0.000156 
4222.499507 -0.000636 
4221.032315 -0.000517 
4219.565124 -0.000035 
4218.097932 0.000036 
4216.630741 0.000541 
4215.163549 -0.000053 
4213.696358 0.000062 
4212.229166 0.000095 
4210.761975 -0.000340 
4209.294783 0.000114 
4207.827592 -0.000220 
4206.360400 -0.000214 
4204.893209 0.000021 
4203.426017 0.000576 
4201.958826 0.000019 
4200.491634 -0.000017 
4199.024443 0.000059 
4197.557251 -0.000154 
4196.090060 0.000121 
4194.622868 0.000062 
4193.155677 -0.000081 
4191.688485 0.000223 
4190.221294 -0.000186 
4188.754102 -0.000021 
4187.286911 -0.000516 
4185.819719 -0.000468 
4184.352528 -0.000080 
4182.885336 -0.000196 
4181.418145 0.000205 
4179.950953 -0.000010 
4178.483762 0.000135 
4177.016570 -0.000113 
4175.549379 -0.000516 
4174.082187 -0.000342 
4172.614996 -0.000938 
4171.147804 0.000005 
4169.680613 -0.000519 
4168.213421 -0.000532 
4166.746230 -0.000335 
4165.279038 -0.000409 
4163.811847 -0.000080 
4162.344655 -0.000316 
4160.877464 -0.000494 
4159.410272 -0.000560 
4157.943081 -0.000460 
4156.475889 -0.000524 
4155.008698 -0.000418 
4153.541506 -0.000094 
4152.074315 -0.000130 
4150.607123 -0.000162 
4149.139932 -0.000527 
4147.672740 0.000007 
4146.205549 0.000139 
4144.738357 0.000010 
4143.271166 -0.000329 
4141.803974 -0.000199 
4140.336783 -0.000027 
4138.869591 -0.000411 
4137.402400 0.000236 
4135.935208 -0.000435 
4134.468017 0.000025 
4133.000825 -0.000244 
4131.533634 -0.000128 
4130.066442 -0.000082 
4128.599251 0.000135 
4127.132059 -0.000200 
4125.664868 -0.000526 
4124.197676 -0.000468 
4122.730485 0.000157 
4121.263293 -0.000404 
4119.796102 -0.000159 
4118.328910 0.000022 
4116.861719 -0.000144 
4115.394527 -0.000185 
4113.927336 -0.000348 
4112.460144 -0.000202 
4110.992953 -0.000439 
4109.525761 -0.000636 
4108.058570 0.000256 
4106.591378 -0.000243 
4105.124187 0.000119 
4103.656995 -0.000005 
4102.189804 -0.000210 
4100.722612 -0.000556 
4099.255421 0.000139 
4097.788229 -0.000083 
4096.321038 0.000108 
4094.853846 -0.000039 
4093.386655 -0.000079 
4091.919463 -0.000141 
4090.452272 -0.000022 
4088.985080 -0.000092 
4087.517889 -0.000333 
4086.050697 -0.000427 
4084.583506 -0.000125 
4083.116314 -0.000347 
4081.649123 -0.000316 
4080.181931 -0.000292 
4078.714740 -0.000081 
4077.247548 0.000270 
4075.780357 0.000292 
4074.313165 -0.000045 
4072.845974 -0.000080 
4071.378782 -0.000191 
4069.911591 -0.000152 
4068.444399 -0.000152 
4066.977208 -0.000663 
4065.510016 -0.000311 
4064.042825 -0.000222 
4062.575633 -0.000058 
4061.108442 -0.000165 
4059.641250 0.000007 
4058.174059 0.000036 
4056.706867 -0.000511 
4055.239676 -0.000145 
4053.772484 -0.000194 
4052.305293 -0.000133 
4050.838101 0.000136 
4049.370910 -0.000363 
4047.903718 -0.000223 
4046.436527 -0.000211 
4044.969335 -0.000315 
4043.502144 -0.000143 
4042.034952 -0.000625 
4040.567761 -0.000427 
4039.100569 0.000029 
4037.633378 -0.000218 
4036.166186 -0.000650 
4034.698995 -0.000436 
4033.231803 0.000052 
4031.764612 0.000140 
4030.297420 0.000059 
4028.830229 -0.000121 
4027.363037 0.000288 
4025.895846 0.000024 
4024.428654 0.000172 
4022.961463 0.000223 
4021.494271 0.000143 
4020.027080 0.000312 
4018.559888 0.000455 
4017.092697 0.000444 
4015.625505 0.000573 
4014.158314 0.000671 
4012.691122 0.000479 
4011.223931 0.000812 
4009.756739 0.001146 
4008.289548 0.001708 
4006.822356 0.000553 
4005.355165 0.001233 
4003.887973 0.001383 
4002.420782 0.001031 
4000.953590 0.000896 
3999.486399 0.001094 
3998.019207 0.001169 
3996.552016 0.001126 
3995.084824 0.001121 
3993.617633 0.001641 
3992.150441 0.001422 
3990.683250 0.002116 
3989.216058 0.001940 
3987.748867 0.001834 
3986.281675 0.001420 
3984.814484 0.001182 
3983.347292 0.001173 
3981.880101 0.001821 
3980.412909 0.001408 
3978.945718 0.001494 
3977.478526 0.001607 
3976.011335 0.001950 
3974.544143 0.001279 
3973.076952 0.001606 
3971.609760 0.001732 
3970.142569 0.001159 
3968.675377 0.001738 
3967.208186 0.001607 
3965.740994 0.001432 
3964.273803 0.001263 
3962.806612 0.001718 
3961.339420 0.001413 
3959.872229 0.001452 
3958.405037 0.001792 
3956.937846 0.001393 
3955.470654 0.001403 
3954.003463 0.001592 
3952.536271 0.000984 
3951.069080 0.001201 
3949.601888 0.001249 
3948.134697 0.001222 
3946.667505 0.000790 
3945.200314 0.001316 
3943.733122 0.000817 
3942.265931 0.001171 
3940.798739 0.001526 
3939.331548 0.001030 
3937.864356 0.001000 
3936.397165 0.000777 
3934.929973 0.000592 
3933.462782 0.000601 
3931.995590 0.000978 
3930.528399 0.000605 
3929.061207 0.000725 
3927.594016 0.000296 
3926.126824 0.000540 
3924.659633 0.000795 
3923.192441 0.000839 
3921.725250 0.000256 
3920.258058 0.000488 
3918.790867 0.000111 
3917.323675 0.000722 
3915.856484 0.000060 
3914.389292 0.000121 
3912.922101 0.000159 
3911.454909 -0.000155 
3909.987718 -0.000311 
3908.520526 0.000050 
3907.053335 -0.000093 
3905.586143 -0.000010 
3904.118952 0.000490 
3902.651760 0.000291 
3901.184569 0.000538 
3899.717377 0.000765 
3898.250186 0.000682 
3896.782994 0.000070 
3895.315803 0.000248 
3893.848611 0.000487 
3892.381420 0.000225 
3890.914228 0.000920 
3889.447037 0.000260 
3887.979845 0.000355 
3886.512654 0.000778 
3885.045462 0.000611 
3883.578271 0.000202 
3882.111079 0.000864 
3880.643888 0.001102 
3879.176696 0.000898 
3877.709505 0.001015 
3876.242313 0.001033 
3874.775122 0.000914 
3873.307930 0.000656 
3871.840739 0.000577 
3870.373547 0.001127 
3868.906356 0.001100 
3867.439164 0.000824 
3865.971973 0.000929 
3864.504781 0.001175 
3863.037590 0.001140 
3861.570398 0.001231 
3860.103207 0.000736 
3858.636015 0.000975 
3857.168824 0.001136 
3855.701632 0.000987 
3854.234441 0.002314 
3852.767249 0.001833 
3851.300058 0.001237 
3849.832866 0.000786 
3848.365675 0.000708 
3846.898483 0.001064 
3845.431292 0.000756 
3843.964100 0.000895 
3842.496909 0.000940 
3841.029717 0.001131 
3839.562526 0.000985 
3838.095334 0.001679 
3836.628143 0.001182 
3835.160951 0.001046 
3833.693760 0.000714 
3832.226568 0.001136 
3830.759377 0.000753 
3829.292185 0.000516 
3827.824994 0.000504 
3826.357802 0.000471 
3824.890611 0.000004 
3823.423419 0.000705 
3821.956228 0.001291 
3820.489036 0.001176 
3819.021845 0.000685 
3817.554653 0.000705 
3816.087462 0.001498 
3814.620270 0.000318 
3813.153079 0.000327 
3811.685887 0.000493 
3810.218696 0.000572 
3808.751504 0.000247 
3807.284313 0.001277 
3805.817121 0.000769 
3804.349930 0.000794 
3802.882738 0.000630 
3801.415547 0.001656 
3799.948355 0.000832 
3798.481164 0.000514 
3797.013972 0.000921 
3795.546781 0.000659 
3794.079589 0.000789 
3792.612398 0.000245 
3791.145206 0.000654 
3789.678015 0.000688 
3788.210823 0.000817 
3786.743632 0.000694 
3785.276440 0.001086 
3783.809249 0.000602 
3782.342057 0.000625 
3780.874866 0.000735 
3779.407674 0.000711 
3777.940483 0.000785 
3776.473291 0.000415 
3775.006100 0.000404 
3773.538908 0.000754 
3772.071717 0.000829 
3770.604525 0.000739 
3769.137334 0.000749 
3767.670142 0.000626 
3766.202951 0.000899 
3764.735759 0.000699 
3763.268568 0.000455 
3761.801376 0.000490 
3760.334185 0.000810 
3758.866993 0.000655 
3757.399802 0.000732 
3755.932610 0.000967 
3754.465419 0.001188 
3752.998227 0.001574 
3751.531036 0.002446 
3750.063844 0.002020 
3748.596653 0.002163 
3747.129461 0.002147 
3745.662270 0.002802 
3744.195078 0.004372 
3742.727887 0.002921 
3741.260695 0.002983 
3739.793504 0.002777 
3738.326312 0.003006 
3736.859121 0.003166 
3735.391929 0.002914 
3733.924738 0.002705 
3732.457546 0.002201 
3730.990355 0.001875 
3729.523163 0.001504 
3728.055972 0.001165 
3726.588780 0.001324 
3725.121589 0.000645 
3723.654397 0.000682 
3722.187206 0.000427 
3720.720014 0.000338 
3719.252823 -0.000323 
3717.785631 -0.000477 
3716.318440 -0.001139 
3714.851248 -0.001667 
3713.384057 -0.001877 
3711.916865 -0.000532 
3710.449674 0.006343 
3708.982482 0.032259 
3707.515291 0.055514 
3706.048099 0.041737 
3704.580908 0.035932 
3703.113717 0.034956 
3701.646525 0.031764 
3700.179334 0.026781 
3698.712142 0.021979 
3697.244951 0.017341 
3695.777759 0.013609 
3694.310568 0.010545 
3692.843376 0.007933 
3691.376185 0.005586 
3689.908993 0.003155 
3688.441802 0.002816 
3686.974610 0.001027 
3685.507419 0.000262 
3684.040227 -0.000152 
3682.573036 -0.000399 
3681.105844 -0.000486 
3679.638653 -0.000134 
3678.171461 0.000183 
3676.704270 0.000536 
3675.237078 0.000832 
3673.769887 0.000920 
3672.302695 0.000642 
3670.835504 0.002090 
3669.368312 0.002012 
3667.901121 0.002789 
3666.433929 0.003388 
3664.966738 0.004162 
3663.499546 0.005026 
3662.032355 0.005801 
3660.565163 0.007033 
3659.097972 0.008244 
3657.630780 0.009321 
3656.163589 0.010713 
3654.696397 0.011613 
3653.229206 0.012311 
3651.762014 0.013635 
3650.294823 0.014829 
3648.827631 0.016053 
3647.360440 0.016321 
3645.893248 0.016211 
3644.426057 0.016665 
3642.958865 0.017207 
3641.491674 0.017470 
3640.024482 0.017897 
3638.557291 0.018342 
3637.090099 0.018816 
3635.622908 0.019024 
3634.155716 0.019269 
3632.688525 0.020187 
3631.221333 0.020929 
3629.754142 0.022057 
3628.286950 0.022158 
3626.819759 0.022158 
3625.352567 0.022913 
3623.885376 0.023636 
3622.418184 0.024358 
3620.950993 0.025586 
3619.483801 0.026967 
3618.016610 0.027891 
3616.549418 0.029190 
3615.082227 0.030721 
3613.615035 0.032422 
3612.147844 0.034244 
3610.680652 0.035653 
3609.213461 0.037516 
3607.746269 0.039111 
3606.279078 0.040715 
3604.811886 0.043074 
3603.344695 0.045815 
3601.877503 0.054807 
3600.410312 0.070854 
3598.943120 0.077475 
3597.475929 0.070960 
3596.008737 0.071367 
3594.541546 0.072396 
3593.074354 0.073194 
3591.607163 0.074258 
3590.139971 0.076213 
3588.672780 0.078763 
3587.205588 0.080971 
3585.738397 0.083219 
3584.271205 0.085415 
3582.804014 0.088265 
3581.336822 0.091326 
3579.869631 0.094231 
3578.402439 0.097416 
3576.935248 0.101032 
3575.468056 0.104534 
3574.000865 0.108464 
3572.533673 0.112123 
3571.066482 0.116312 
3569.599290 0.119954 
3568.132099 0.125000 
3566.664907 0.128977 
3565.197716 0.133189 
3563.730524 0.137345 
3562.263333 0.142052 
3560.796141 0.146732 
3559.328950 0.151283 
3557.861758 0.155847 
3556.394567 0.160862 
3554.927375 0.165789 
3553.460184 0.170831 
3551.992992 0.176328 
3550.525801 0.181250 
3549.058609 0.186219 
3547.591418 0.191846 
3546.124226 0.197684 
3544.657035 0.203068 
3543.189843 0.208830 
3541.722652 0.215192 
3540.255460 0.219533 
3538.788269 0.226039 
3537.321077 0.232346 
3535.853886 0.238269 
3534.386694 0.244834 
3532.919503 0.250434 
3531.452311 0.257161 
3529.985120 0.263461 
3528.517928 0.270898 
3527.050737 0.276677 
3525.583545 0.283433 
3524.116354 0.290187 
3522.649162 0.296268 
3521.181971 0.303665 
3519.714779 0.310703 
3518.247588 0.317801 
3516.780396 0.324330 
3515.313205 0.331363 
3513.846013 0.339218 
3512.378822 0.346296 
3510.911630 0.353007 
3509.444439 0.360597 
3507.977247 0.367545 
3506.510056 0.374933 
3505.042864 0.382067 
3503.575673 0.389448 
3502.108481 0.397412 
3500.641290 0.404397 
3499.174098 0.411882 
3497.706907 0.419333 
3496.239715 0.426172 
3494.772524 0.433391 
3493.305332 0.441959 
3491.838141 0.448818 
3490.370949 0.456776 
3488.903758 0.464275 
3487.436566 0.472340 
3485.969375 0.480684 
3484.502183 0.487214 
3483.034992 0.494668 
3481.567800 0.503345 
3480.100609 0.508876 
3478.633417 0.517184 
3477.166226 0.526028 
3475.699034 0.531682 
3474.231843 0.541846 
3472.764651 0.548515 
3471.297460 0.556324 
3469.830268 0.562353 
3468.363077 0.569689 
3466.895885 0.577059 
3465.428694 0.585206 
3463.961502 0.592578 
3462.494311 0.599026 
3461.027119 0.605649 
3459.559928 0.613651 
3458.092736 0.618820 
3456.625545 0.626606 
3455.158353 0.633253 
3453.691162 0.639001 
3452.223970 0.646301 
3450.756779 0.653121 
3449.289587 0.658914 
3447.822396 0.666999 
3446.355205 0.673464 
3444.888013 0.677589 
3443.420822 0.683176 
3441.953630 0.691598 
3440.486439 0.695816 
3439.019247 0.701893 
3437.552056 0.708804 
3436.084864 0.714128 
3434.617673 0.720203 
3433.150481 0.724656 
3431.683290 0.728887 
3430.216098 0.733842 
3428.748907 0.740165 
3427.281715 0.747708 
3425.814524 0.750535 
3424.347332 0.754070 
3422.880141 0.759839 
3421.412949 0.765920 
3419.945758 0.770653 
3418.478566 0.768642 
3417.011375 0.774519 
3415.544183 0.780789 
3414.076992 0.787770 
3412.609800 0.786902 
3411.142609 0.794070 
3409.675417 0.798938 
3408.208226 0.799130 
3406.741034 0.807121 
3405.273843 0.808411 
3403.806651 0.811747 
3402.339460 0.816581 
3400.872268 0.816621 
3399.405077 0.823953 
3397.937885 0.826940 
3396.470694 0.830835 
3395.003502 0.832619 
3393.536311 0.834320 
3392.069119 0.838496 
3390.601928 0.837131 
3389.134736 0.844345 
3387.667545 0.849004 
3386.200353 0.849709 
3384.733162 0.855119 
3383.265970 0.857941 
3381.798779 0.858706 
3380.331587 0.860241 
3378.864396 0.862578 
3377.397204 0.865300 
3375.930013 0.867726 
3374.462821 0.868917 
3372.995630 0.869678 
3371.528438 0.874226 
3370.061247 0.877965 
3368.594055 0.879370 
3367.126864 0.884680 
3365.659672 0.878870 
3364.192481 0.885887 
3362.725289 0.884458 
3361.258098 0.889677 
3359.790906 0.891633 
3358.323715 0.891323 
3356.856523 0.897208 
3355.389332 0.896386 
3353.922140 0.899047 
3352.454949 0.904431 
3350.987757 0.905004 
3349.520566 0.908791 
3348.053374 0.910523 
3346.586183 0.909871 
3345.118991 0.909787 
3343.651800 0.912905 
3342.184608 0.914905 
3340.717417 0.912307 
3339.250225 0.913600 
3337.783034 0.917627 
3336.315842 0.917656 
3334.848651 0.916829 
3333.381459 0.923542 
3331.914268 0.925321 
3330.447076 0.929022 
3328.979885 0.931933 
3327.512693 0.932404 
3326.045502 0.929531 
3324.578310 0.933161 
3323.111119 0.938051 
3321.643927 0.934112 
3320.176736 0.939341 
3318.709544 0.941530 
3317.242353 0.944710 
3315.775161 0.946502 
3314.307970 0.947973 
3312.840778 0.948713 
3311.373587 0.948484 
3309.906395 0.948104 
3308.439204 0.952162 
3306.972012 0.950156 
3305.504821 0.952569 
3304.037629 0.959646 
3302.570438 0.959814 
3301.103246 0.960675 
3299.636055 0.963009 
3298.168863 0.965272 
3296.701672 0.964066 
3295.234480 0.967814 
3293.767289 0.968238 
3292.300097 0.970770 
3290.832906 0.970324 
3289.365714 0.973022 
3287.898523 0.973026 
3286.431331 0.972882 
3284.964140 0.975485 
3283.496948 0.976570 
3282.029757 0.975314 
3280.562565 0.982027 
3279.095374 0.981899 
3277.628182 0.983208 
3276.160991 0.988389 
3274.693799 0.980377 
3273.226608 0.984622 
3271.759416 0.985206 
3270.292225 0.985664 
3268.825033 0.985893 
3267.357842 0.987455 
3265.890650 0.990499 
3264.423459 0.989657 
3262.956267 0.993926 
3261.489076 0.995542 
3260.021884 0.995794 
3258.554693 0.994255 
3257.087501 0.990612 
3255.620310 0.994037 
3254.153118 0.995369 
3252.685927 0.997064 
3251.218735 0.998597 
3249.751544 0.998092 
3248.284352 0.998692 
3246.817161 0.999317 
3245.349969 0.992142 
3243.882778 0.996691 
3242.415586 0.995112 
3240.948395 1.000000 
3239.481203 0.998354 
3238.014012 0.999053 
3236.546820 0.999622 
3235.079629 0.997042 
3233.612437 0.996634 
3232.145246 0.994390 
3230.678054 0.995521 
3229.210863 0.997367 
3227.743671 0.996198 
3226.276480 0.996204 
3224.809288 0.991990 
3223.342097 0.997891 
3221.874905 0.999156 
3220.407714 0.993250 
3218.940522 0.994020 
3217.473331 0.991838 
3216.006139 0.991470 
3214.538948 0.988067 
3213.071756 0.989022 
3211.604565 0.990895 
3210.137373 0.987644 
3208.670182 0.989152 
3207.202990 0.992709 
3205.735799 0.988270 
3204.268607 0.982102 
3202.801416 0.986808 
3201.334224 0.986932 
3199.867033 0.985669 
3198.399841 0.987582 
3196.932650 0.980746 
3195.465458 0.977180 
3193.998267 0.978587 
3192.531075 0.972198 
3191.063884 0.973230 
3189.596692 0.978542 
3188.129501 0.972515 
3186.662310 0.969060 
3185.195118 0.976825 
3183.727927 0.966970 
3182.260735 0.967869 
3180.793544 0.967592 
3179.326352 0.962732 
3177.859161 0.962554 
3176.391969 0.961883 
3174.924778 0.959169 
3173.457586 0.954495 
3171.990395 0.952503 
3170.523203 0.948160 
3169.056012 0.951657 
3167.588820 0.949845 
3166.121629 0.947712 
3164.654437 0.949395 
3163.187246 0.943971 
3161.720054 0.939801 
3160.252863 0.936593 
3158.785671 0.938117 
3157.318480 0.932019 
3155.851288 0.929892 
3154.384097 0.926254 
3152.916905 0.928904 
3151.449714 0.922930 
3149.982522 0.919845 
3148.515331 0.916981 
3147.048139 0.914194 
3145.580948 0.913335 
3144.113756 0.908708 
3142.646565 0.908073 
3141.179373 0.900188 
3139.712182 0.902218 
3138.244990 0.898512 
3136.777799 0.894663 
3135.310607 0.890242 
3133.843416 0.887511 
3132.376224 0.883961 
3130.909033 0.881987 
3129.441841 0.877827 
3127.974650 0.875353 
3126.507458 0.869265 
3125.040267 0.865941 
3123.573075 0.861293 
3122.105884 0.858069 
3120.638692 0.854961 
3119.171501 0.849321 
3117.704309 0.846086 
3116.237118 0.842250 
3114.769926 0.835876 
3113.302735 0.833338 
3111.835543 0.830122 
3110.368352 0.825298 
3108.901160 0.820933 
3107.433969 0.815806 
3105.966777 0.807412 
3104.499586 0.805808 
3103.032394 0.800670 
3101.565203 0.794684 
3100.098011 0.788979 
3098.630820 0.786807 
3097.163628 0.779258 
3095.696437 0.775294 
3094.229245 0.770445 
3092.762054 0.764199 
3091.294862 0.758092 
3089.827671 0.750177 
3088.360479 0.745702 
3086.893288 0.742150 
3085.426096 0.735980 
3083.958905 0.728619 
3082.491713 0.723036 
3081.024522 0.717720 
3079.557330 0.711144 
3078.090139 0.705022 
3076.622947 0.698633 
3075.155756 0.692986 
3073.688564 0.687534 
3072.221373 0.680243 
3070.754181 0.673364 
3069.286990 0.667764 
3067.819798 0.661285 
3066.352607 0.655947 
3064.885415 0.649471 
3063.418224 0.641986 
3061.951032 0.636199 
3060.483841 0.629383 
3059.016649 0.623601 
3057.549458 0.616262 
3056.082266 0.610617 
3054.615075 0.605970 
3053.147883 0.599686 
3051.680692 0.593410 
3050.213500 0.587838 
3048.746309 0.581062 
3047.279117 0.575195 
3045.811926 0.570791 
3044.344734 0.564263 
3042.877543 0.558203 
3041.410351 0.552611 
3039.943160 0.547348 
3038.475968 0.542457 
3037.008777 0.537993 
3035.541585 0.532113 
3034.074394 0.527679 
3032.607202 0.522988 
3031.140011 0.517055 
3029.672819 0.512915 
3028.205628 0.507703 
3026.738436 0.500906 
3025.271245 0.501595 
3023.804053 0.495395 
3022.336862 0.489738 
3020.869670 0.486258 
3019.402479 0.481969 
3017.935287 0.477876 
3016.468096 0.473498 
3015.000904 0.469832 
3013.533713 0.465653 
3012.066521 0.462275 
3010.599330 0.458383 
3009.132138 0.455390 
3007.664947 0.450655 
3006.197755 0.447131 
3004.730564 0.444575 
3003.263372 0.441066 
3001.796181 0.437402 
3000.328989 0.433924 
2998.861798 0.431062 
2997.394606 0.427992 
2995.927415 0.424318 
2994.460223 0.421998 
2992.993032 0.418866 
2991.525840 0.415764 
2990.058649 0.413138 
2988.591457 0.410895 
2987.124266 0.407705 
2985.657074 0.405133 
2984.189883 0.402441 
2982.722691 0.399399 
2981.255500 0.397310 
2979.788308 0.394870 
2978.321117 0.393276 
2976.853925 0.390711 
2975.386734 0.387987 
2973.919542 0.385744 
2972.452351 0.384350 
2970.985159 0.383106 
2969.517968 0.380684 
2968.050776 0.378093 
2966.583585 0.376740 
2965.116393 0.374840 
2963.649202 0.373481 
2962.182010 0.370988 
2960.714819 0.369573 
2959.247627 0.368103 
2957.780436 0.366791 
2956.313244 0.365656 
2954.846053 0.363990 
2953.378861 0.362688 
2951.911670 0.361211 
2950.444478 0.359566 
2948.977287 0.359396 
2947.510095 0.357376 
2946.042904 0.355729 
2944.575712 0.354599 
2943.108521 0.354014 
2941.641329 0.352237 
2940.174138 0.350861 
2938.706946 0.350502 
2937.239755 0.349819 
2935.772563 0.348058 
2934.305372 0.347489 
2932.838180 0.346277 
2931.370989 0.345271 
2929.903797 0.344007 
2928.436606 0.342697 
2926.969415 0.341078 
2925.502223 0.340454 
2924.035032 0.339917 
2922.567840 0.338652 
2921.100649 0.336799 
2919.633457 0.336066 
2918.166266 0.334987 
2916.699074 0.333826 
2915.231883 0.333251 
2913.764691 0.331729 
2912.297500 0.331712 
2910.830308 0.330727 
2909.363117 0.329756 
2907.895925 0.330506 
2906.428734 0.328719 
2904.961542 0.327664 
2903.494351 0.327178 
2902.027159 0.326161 
2900.559968 0.325621 
2899.092776 0.324797 
2897.625585 0.324735 
2896.158393 0.324444 
2894.691202 0.323860 
2893.224010 0.323086 
2891.756819 0.322354 
2890.289627 0.322150 
2888.822436 0.322086 
2887.355244 0.322047 
2885.888053 0.321483 
2884.420861 0.321709 
2882.953670 0.321415 
2881.486478 0.321619 
2880.019287 0.321672 
2878.552095 0.321114 
2877.084904 0.321410 
2875.617712 0.321820 
2874.150521 0.321782 
2872.683329 0.321395 
2871.216138 0.322079 
2869.748946 0.322159 
2868.281755 0.322354 
2866.814563 0.322656 
2865.347372 0.322003 
2863.880180 0.321565 
2862.412989 0.322144 
2860.945797 0.321776 
2859.478606 0.321336 
2858.011414 0.321200 
2856.544223 0.321256 
2855.077031 0.320829 
2853.609840 0.320330 
2852.142648 0.319852 
2850.675457 0.319336 
2849.208265 0.318650 
2847.741074 0.317885 
2846.273882 0.316798 
2844.806691 0.315705 
2843.339499 0.315313 
2841.872308 0.314128 
2840.405116 0.313360 
2838.937925 0.312123 
2837.470733 0.311599 
2836.003542 0.310628 
2834.536350 0.309682 
2833.069159 0.307799 
2831.601967 0.307278 
2830.134776 0.306428 
2828.667584 0.305972 
2827.200393 0.304227 
2825.733201 0.303219 
2824.266010 0.302059 
2822.798818 0.301505 
2821.331627 0.300134 
2819.864435 0.298986 
2818.397244 0.298417 
2816.930052 0.297386 
2815.462861 0.296503 
2813.995669 0.295693 
2812.528478 0.294691 
2811.061286 0.293616 
2809.594095 0.292507 
2808.126903 0.292054 
2806.659712 0.290603 
2805.192520 0.289469 
2803.725329 0.288116 
2802.258137 0.287707 
2800.790946 0.286992 
2799.323754 0.286253 
2797.856563 0.285079 
2796.389371 0.283791 
2794.922180 0.283071 
2793.454988 0.282130 
2791.987797 0.281397 
2790.520605 0.280600 
2789.053414 0.280166 
2787.586222 0.278139 
2786.119031 0.277345 
2784.651839 0.276252 
2783.184648 0.275824 
2781.717456 0.275169 
2780.250265 0.274138 
2778.783073 0.273332 
2777.315882 0.272540 
2775.848690 0.272519 
2774.381499 0.271498 
2772.914307 0.271370 
2771.447116 0.270288 
2769.979924 0.269848 
2768.512733 0.269312 
2767.045541 0.268901 
2765.578350 0.268363 
2764.111158 0.267740 
2762.643967 0.267753 
2761.176775 0.267220 
2759.709584 0.266621 
2758.242392 0.266287 
2756.775201 0.266036 
2755.308009 0.265347 
2753.840818 0.264609 
2752.373626 0.264258 
2750.906435 0.263989 
2749.439243 0.262527 
2747.972052 0.262860 
2746.504860 0.262371 
2745.037669 0.262127 
2743.570477 0.261341 
2742.103286 0.260915 
2740.636094 0.260144 
2739.168903 0.259803 
2737.701711 0.259571 
2736.234520 0.259011 
2734.767328 0.258358 
2733.300137 0.257921 
2731.832945 0.257543 
2730.365754 0.257008 
2728.898562 0.256520 
2727.431371 0.256406 
2725.964179 0.255871 
2724.496988 0.255197 
2723.029796 0.254868 
2721.562605 0.254277 
2720.095413 0.253653 
2718.628222 0.252813 
2717.161030 0.252520 
2715.693839 0.252096 
2714.226647 0.251341 
2712.759456 0.250416 
2711.292264 0.249912 
2709.825073 0.249025 
2708.357881 0.248421 
2706.890690 0.247951 
2705.423498 0.247152 
2703.956307 0.246394 
2702.489115 0.245358 
2701.021924 0.244716 
2699.554732 0.244133 
2698.087541 0.243318 
2696.620349 0.242359 
2695.153158 0.241620 
2693.685966 0.241018 
2692.218775 0.240280 
2690.751583 0.239420 
2689.284392 0.238408 
2687.817200 0.237711 
2686.350009 0.237003 
2684.882817 0.236319 
2683.415626 0.235627 
2681.948434 0.234292 
2680.481243 0.233856 
2679.014051 0.232937 
2677.546860 0.232157 
2676.079668 0.231442 
2674.612477 0.230344 
2673.145285 0.229806 
2671.678094 0.229132 
2670.210903 0.227915 
2668.743711 0.227574 
2667.276520 0.227014 
2665.809328 0.226163 
2664.342137 0.225881 
2662.874945 0.225220 
2661.407754 0.224706 
2659.940562 0.224245 
2658.473371 0.223706 
2657.006179 0.222852 
2655.538988 0.222713 
2654.071796 0.222071 
2652.604605 0.222288 
2651.137413 0.222027 
2649.670222 0.221719 
2648.203030 0.221425 
2646.735839 0.221591 
2645.268647 0.221684 
2643.801456 0.221424 
2642.334264 0.221468 
2640.867073 0.221288 
2639.399881 0.221944 
2637.932690 0.222028 
2636.465498 0.222213 
2634.998307 0.222519 
2633.531115 0.222692 
2632.063924 0.223004 
2630.596732 0.223167 
2629.129541 0.223870 
2627.662349 0.224070 
2626.195158 0.224375 
2624.727966 0.224961 
2623.260775 0.225433 
2621.793583 0.225578 
2620.326392 0.225940 
2618.859200 0.226423 
2617.392009 0.226712 
2615.924817 0.226886 
2614.457626 0.227037 
2612.990434 0.227260 
2611.523243 0.227056 
2610.056051 0.227138 
2608.588860 0.227235 
2607.121668 0.227113 
2605.654477 0.227175 
2604.187285 0.227495 
2602.720094 0.227475 
2601.252902 0.227435 
2599.785711 0.227513 
2598.318519 0.227535 
2596.851328 0.228174 
2595.384136 0.228128 
2593.916945 0.228323 
2592.449753 0.228497 
2590.982562 0.228899 
2589.515370 0.229521 
2588.048179 0.229635 
2586.580987 0.229958 
2585.113796 0.230690 
2583.646604 0.230694 
2582.179413 0.230848 
2580.712221 0.230859 
2579.245030 0.231446 
2577.777838 0.231080 
2576.310647 0.231439 
2574.843455 0.231261 
2573.376264 0.231863 
2571.909072 0.231274 
2570.441881 0.230955 
2568.974689 0.230905 
2567.507498 0.230761 
2566.040306 0.230468 
2564.573115 0.230129 
2563.105923 0.229719 
2561.638732 0.229408 
2560.171540 0.228975 
2558.704349 0.228334 
2557.237157 0.227786 
2555.769966 0.227754 
2554.302774 0.227007 
2552.835583 0.226423 
2551.368391 0.225838 
2549.901200 0.224890 
2548.434008 0.224252 
2546.966817 0.223481 
2545.499625 0.222989 
2544.032434 0.222392 
2542.565242 0.221698 
2541.098051 0.221203 
2539.630859 0.220552 
2538.163668 0.219925 
2536.696476 0.219098 
2535.229285 0.218220 
2533.762093 0.217045 
2532.294902 0.216675 
2530.827710 0.215677 
2529.360519 0.214839 
2527.893327 0.214294 
2526.426136 0.213407 
2524.958944 0.212751 
2523.491753 0.211869 
2522.024561 0.211010 
2520.557370 0.210407 
2519.090178 0.209470 
2517.622987 0.208972 
2516.155795 0.207666 
2514.688604 0.207239 
2513.221412 0.206546 
2511.754221 0.205548 
2510.287029 0.204550 
2508.819838 0.203969 
2507.352646 0.203314 
2505.885455 0.202408 
2504.418263 0.201623 
2502.951072 0.201091 
2501.483880 0.200027 
2500.016689 0.199351 
2498.549497 0.198592 
2497.082306 0.197639 
2495.615114 0.196858 
2494.147923 0.196434 
2492.680731 0.195383 
2491.213540 0.195038 
2489.746348 0.193952 
2488.279157 0.193306 
2486.811965 0.192627 
2485.344774 0.191768 
2483.877582 0.191252 
2482.410391 0.190583 
2480.943199 0.189858 
2479.476008 0.189092 
2478.008816 0.188861 
2476.541625 0.188111 
2475.074433 0.187420 
2473.607242 0.186788 
2472.140050 0.185983 
2470.672859 0.185606 
2469.205667 0.184837 
2467.738476 0.184339 
2466.271284 0.183877 
2464.804093 0.183243 
2463.336901 0.182824 
2461.869710 0.182348 
2460.402518 0.181447 
2458.935327 0.180888 
2457.468135 0.180039 
2456.000944 0.179394 
2454.533752 0.178722 
2453.066561 0.177790 
2451.599369 0.177183 
2450.132178 0.176024 
2448.664986 0.175117 
2447.197795 0.174486 
2445.730603 0.173576 
2444.263412 0.172887 
2442.796220 0.171728 
2441.329029 0.170406 
2439.861837 0.169743 
2438.394646 0.168619 
2436.927454 0.167732 
2435.460263 0.166504 
2433.993071 0.165458 
2432.525880 0.164290 
2431.058688 0.163388 
2429.591497 0.162479 
2428.124305 0.160985 
2426.657114 0.160072 
2425.189922 0.158850 
2423.722731 0.157735 
2422.255539 0.156255 
2420.788348 0.154999 
2419.321156 0.153676 
2417.853965 0.152515 
2416.386773 0.150780 
2414.919582 0.149557 
2413.452390 0.147914 
2411.985199 0.146510 
2410.518008 0.144754 
2409.050816 0.143337 
2407.583625 0.141653 
2406.116433 0.139652 
2404.649242 0.138294 
2403.182050 0.136047 
2401.714859 0.133973 
2400.247667 0.131566 
2398.780476 0.129236 
2397.313284 0.126831 
2395.846093 0.124143 
2394.378901 0.121460 
2392.911710 0.118997 
2391.444518 0.115074 
2389.977327 0.111771 
2388.510135 0.107875 
2387.042944 0.103464 
2385.575752 0.098979 
2384.108561 0.093794 
2382.641369 0.087454 
2381.174178 0.080553 
2379.706986 0.074301 
2378.239795 0.074759 
2376.772603 0.092662 
2375.305412 0.141255 
2373.838220 0.211897 
2372.371029 0.276079 
2370.903837 0.328383 
2369.436646 0.368846 
2367.969454 0.401888 
2366.502263 0.429837 
2365.035071 0.453105 
2363.567880 0.475470 
2362.100688 0.495081 
2360.633497 0.515520 
2359.166305 0.534755 
2357.699114 0.553464 
2356.231922 0.573648 
2354.764731 0.593660 
2353.297539 0.616422 
2351.830348 0.639496 
2350.363156 0.669044 
2348.895965 0.704136 
2347.428773 0.749322 
2345.961582 0.802518 
2344.494390 0.853606 
2343.027199 0.897053 
2341.560007 0.929797 
2340.092816 0.950334 
2338.625624 0.929359 
2337.158433 0.858811 
2335.691241 0.768083 
2334.224050 0.698720 
2332.756858 0.643296 
2331.289667 0.591417 
2329.822475 0.534663 
2328.355284 0.472940 
2326.888092 0.409847 
2325.420901 0.359467 
2323.953709 0.331479 
2322.486518 0.313054 
2321.019326 0.298826 
2319.552135 0.286191 
2318.084943 0.277160 
2316.617752 0.270708 
2315.150560 0.264905 
2313.683369 0.259587 
2312.216177 0.254965 
2310.748986 0.250955 
2309.281794 0.247259 
2307.814603 0.243930 
2306.347411 0.240650 
2304.880220 0.237674 
2303.413028 0.234927 
2301.945837 0.232420 
2300.478645 0.230064 
2299.011454 0.228041 
2297.544262 0.225730 
2296.077071 0.223810 
2294.609879 0.221745 
2293.142688 0.219983 
2291.675496 0.217908 
2290.208305 0.216218 
2288.741113 0.214517 
2287.273922 0.213233 
2285.806730 0.213788 
2284.339539 0.219854 
2282.872347 0.241198 
2281.405156 0.247628 
2279.937964 0.243097 
2278.470773 0.242977 
2277.003581 0.240085 
2275.536390 0.235000 
2274.069198 0.227790 
2272.602007 0.220621 
2271.134815 0.215151 
2269.667624 0.212784 
2268.200432 0.212475 
2266.733241 0.211962 
2265.266049 0.211834 
2263.798858 0.211357 
2262.331666 0.210959 
2260.864475 0.210566 
2259.397283 0.209950 
2257.930092 0.209094 
2256.462900 0.207994 
2254.995709 0.206813 
2253.528517 0.206152 
2252.061326 0.205242 
2250.594134 0.204262 
2249.126943 0.204086 
2247.659751 0.203604 
2246.192560 0.202849 
2244.725368 0.202340 
2243.258177 0.202116 
2241.790985 0.201732 
2240.323794 0.201142 
2238.856602 0.200502 
2237.389411 0.199945 
2235.922219 0.198942 
2234.455028 0.198874 
2232.987836 0.198277 
2231.520645 0.197088 
2230.053453 0.196461 
2228.586262 0.195770 
2227.119070 0.195276 
2225.651879 0.194352 
2224.184687 0.194162 
2222.717496 0.193664 
2221.250304 0.193065 
2219.783113 0.192703 
2218.315921 0.192467 
2216.848730 0.192022 
2215.381538 0.191345 
2213.914347 0.190617 
2212.447155 0.190321 
2210.979964 0.189720 
2209.512772 0.189258 
2208.045581 0.188602 
2206.578389 0.187877 
2205.111198 0.187429 
2203.644006 0.186901 
2202.176815 0.186352 
2200.709623 0.186011 
2199.242432 0.185100 
2197.775240 0.184461 
2196.308049 0.183910 
2194.840857 0.183502 
2193.373666 0.183026 
2191.906474 0.182180 
2190.439283 0.181373 
2188.972091 0.180580 
2187.504900 0.179785 
2186.037708 0.179078 
2184.570517 0.178268 
2183.103325 0.177491 
2181.636134 0.176616 
2180.168942 0.175832 
2178.701751 0.174724 
2177.234559 0.173488 
2175.767368 0.172601 
2174.300176 0.171752 
2172.832985 0.170460 
2171.365793 0.169178 
2169.898602 0.167687 
2168.431410 0.166275 
2166.964219 0.164616 
2165.497027 0.163107 
2164.029836 0.161011 
2162.562644 0.159114 
2161.095453 0.156982 
2159.628261 0.154946 
2158.161070 0.152673 
2156.693878 0.150217 
2155.226687 0.147820 
2153.759495 0.145389 
2152.292304 0.142326 
2150.825113 0.138425 
2149.357921 0.134029 
2147.890730 0.136470 
2146.423538 0.158963 
2144.956347 0.195866 
2143.489155 0.240616 
2142.021964 0.374628 
2140.554772 0.526629 
2139.087581 0.601497 
2137.620389 0.571369 
2136.153198 0.448431 
2134.686006 0.322037 
2133.218815 0.254202 
2131.751623 0.226358 
2130.284432 0.209849 
2128.817240 0.198511 
2127.350049 0.190920 
2125.882857 0.185559 
2124.415666 0.181366 
2122.948474 0.177968 
2121.481283 0.175465 
2120.014091 0.173330 
2118.546900 0.171362 
2117.079708 0.169655 
2115.612517 0.168195 
2114.145325 0.166738 
2112.678134 0.165359 
2111.210942 0.164170 
2109.743751 0.163019 
2108.276559 0.161682 
2106.809368 0.160674 
2105.342176 0.159562 
2103.874985 0.158674 
2102.407793 0.157660 
2100.940602 0.156841 
2099.473410 0.156006 
2098.006219 0.155571 
2096.539027 0.155243 
2095.071836 0.155484 
2093.604644 0.157568 
2092.137453 0.162068 
2090.670261 0.159323 
2089.203070 0.155526 
2087.735878 0.153529 
2086.268687 0.151218 
2084.801495 0.149246 
2083.334304 0.147876 
2081.867112 0.146946 
2080.399921 0.145919 
2078.932729 0.144877 
2077.465538 0.143806 
2075.998346 0.143050 
2074.531155 0.142256 
2073.063963 0.141177 
2071.596772 0.140370 
2070.129580 0.139767 
2068.662389 0.138748 
2067.195197 0.137957 
2065.728006 0.137465 
2064.260814 0.136528 
2062.793623 0.135647 
2061.326431 0.135183 
2059.859240 0.134223 
2058.392048 0.133491 
2056.924857 0.132724 
2055.457665 0.132008 
2053.990474 0.131132 
2052.523282 0.130678 
2051.056091 0.129819 
2049.588899 0.129094 
2048.121708 0.128321 
2046.654516 0.128088 
2045.187325 0.127731 
2043.720133 0.126767 
2042.252942 0.125896 
2040.785750 0.125189 
2039.318559 0.124663 
2037.851367 0.123774 
2036.384176 0.122812 
2034.916984 0.122131 
2033.449793 0.121472 
2031.982601 0.120812 
2030.515410 0.120124 
2029.048218 0.119259 
2027.581027 0.118840 
2026.113835 0.118334 
2024.646644 0.117402 
2023.179452 0.116585 
2021.712261 0.116281 
2020.245069 0.115485 
2018.777878 0.114653 
2017.310686 0.114176 
2015.843495 0.113431 
2014.376303 0.112980 
2012.909112 0.112113 
2011.441920 0.111586 
2009.974729 0.111069 
2008.507537 0.110055 
2007.040346 0.109677 
2005.573154 0.108889 
2004.105963 0.108312 
2002.638771 0.107771 
2001.171580 0.107183 
1999.704388 0.106302 
1998.237197 0.105816 
1996.770005 0.105002 
1995.302814 0.104436 
1993.835622 0.103854 
1992.368431 0.103220 
1990.901239 0.102336 
1989.434048 0.101699 
1987.966856 0.101221 
1986.499665 0.100338 
1985.032473 0.099724 
1983.565282 0.099041 
1982.098090 0.098482 
1980.630899 0.097894 
1979.163707 0.097167 
1977.696516 0.096488 
1976.229324 0.095838 
1974.762133 0.095300 
1973.294941 0.094610 
1971.827750 0.094061 
1970.360558 0.093375 
1968.893367 0.092708 
1967.426175 0.092130 
1965.958984 0.091641 
1964.491792 0.090912 
1963.024601 0.090372 
1961.557409 0.089687 
1960.090218 0.088980 
1958.623026 0.088451 
1957.155835 0.087879 
1955.688643 0.087241 
1954.221452 0.086992 
1952.754260 0.086286 
1951.287069 0.085570 
1949.819877 0.085018 
1948.352686 0.084471 
1946.885494 0.084083 
1945.418303 0.083471 
1943.951111 0.082993 
1942.483920 0.082353 
1941.016728 0.081764 
1939.549537 0.081116 
1938.082345 0.080394 
1936.615154 0.079984 
1935.147962 0.079484 
1933.680771 0.078943 
1932.213579 0.078208 
1930.746388 0.077453 
1929.279196 0.076896 
1927.812005 0.076187 
1926.344813 0.075823 
1924.877622 0.075214 
1923.410430 0.074766 
1921.943239 0.073876 
1920.476047 0.073074 
1919.008856 0.072574 
1917.541664 0.072235 
1916.074473 0.071572 
1914.607281 0.070746 
1913.140090 0.070091 
1911.672898 0.069388 
1910.205707 0.068662 
1908.738515 0.068096 
1907.271324 0.067479 
1905.804132 0.066717 
1904.336941 0.066045 
1902.869749 0.065399 
1901.402558 0.064830 
1899.935366 0.064239 
1898.468175 0.063575 
1897.000983 0.062547 
1895.533792 0.062023 
1894.066601 0.061236 
1892.599409 0.060748 
1891.132218 0.060043 
1889.665026 0.059513 
1888.197835 0.058881 
1886.730643 0.058041 
1885.263452 0.057518 
1883.796260 0.056907 
1882.329069 0.056245 
1880.861877 0.055626 
1879.394686 0.055033 
1877.927494 0.054537 
1876.460303 0.053966 
1874.993111 0.053498 
1873.525920 0.052852 
1872.058728 0.052215 
1870.591537 0.051515 
1869.124345 0.051193 
1867.657154 0.049890 
1866.189962 0.049022 
1864.722771 0.048223 
1863.255579 0.047463 
1861.788388 0.046534 
1860.321196 0.045627 
1858.854005 0.044779 
1857.386813 0.044208 
1855.919622 0.043533 
1854.452430 0.042803 
1852.985239 0.042038 
1851.518047 0.041240 
1850.050856 0.040351 
1848.583664 0.039645 
1847.116473 0.038479 
1845.649281 0.037892 
1844.182090 0.037497 
1842.714898 0.036200 
1841.247707 0.035575 
1839.780515 0.034489 
1838.313324 0.033858 
1836.846132 0.033217 
1835.378941 0.032484 
1833.911749 0.031841 
1832.444558 0.031021 
1830.977366 0.030304 
1829.510175 0.029718 
1828.042983 0.028692 
1826.575792 0.028021 
1825.108600 0.027537 
1823.641409 0.026365 
1822.174217 0.025700 
1820.707026 0.025039 
1819.239834 0.024370 
1817.772643 0.023914 
1816.305451 0.023031 
1814.838260 0.022446 
1813.371068 0.021705 
1811.903877 0.021017 
1810.436685 0.020211 
1808.969494 0.019558 
1807.502302 0.018790 
1806.035111 0.018070 
1804.567919 0.017272 
1803.100728 0.016562 
1801.633536 0.015826 
1800.166345 0.014968 
1798.699153 0.013999 
1797.231962 0.013299 
1795.764770 0.012629 
1794.297579 0.011730 
1792.830387 0.011687 
1791.363196 0.010600 
1789.896004 0.009711 
1788.428813 0.008807 
1786.961621 0.007989 
1785.494430 0.007406 
1784.027238 0.006531 
1782.560047 0.005821 
1781.092855 0.005070 
1779.625664 0.004373 
1778.158472 0.003648 
1776.691281 0.002953 
1775.224089 0.002358 
1773.756898 0.001785 
1772.289706 0.001977 
1770.822515 0.000988 
1769.355323 0.000524 
1767.888132 0.000660 
1766.420940 -0.000044 
1764.953749 -0.000162 
1763.486557 0.000053 
1762.019366 0.000946 
1760.552174 0.001262 
1759.084983 0.002055 
1757.617791 0.003388 
1756.150600 0.004919 
1754.683408 0.006627 
1753.216217 0.009070 
1751.749025 0.012404 
1750.281834 0.015364 
1748.814642 0.019351 
1747.347451 0.023684 
1745.880259 0.028764 
1744.413068 0.034262 
1742.945876 0.040581 
1741.478685 0.046988 
1740.011493 0.054566 
1738.544302 0.061687 
1737.077110 0.069586 
1735.609919 0.078196 
1734.142727 0.088156 
1732.675536 0.096393 
1731.208344 0.105716 
1729.741153 0.115942 
1728.273961 0.126224 
1726.806770 0.136826 
1725.339578 0.147758 
1723.872387 0.158453 
1722.405195 0.169266 
1720.938004 0.179847 
1719.470812 0.189947 
1718.003621 0.200307 
1716.536429 0.209110 
1715.069238 0.217547 
1713.602046 0.224871 
1712.134855 0.231985 
1710.667663 0.238063 
1709.200472 0.243730 
1707.733280 0.249121 
1706.266089 0.253719 
1704.798897 0.257563 
1703.331706 0.261188 
1701.864514 0.264566 
1700.397323 0.268349 
1698.930131 0.269653 
1697.462940 0.271835 
1695.995748 0.275527 
1694.528557 0.275519 
1693.061365 0.277373 
1691.594174 0.278909 
1690.126982 0.280256 
1688.659791 0.281646 
1687.192599 0.283086 
1685.725408 0.285136 
1684.258216 0.286809 
1682.791025 0.286823 
1681.323833 0.287409 
1679.856642 0.288001 
1678.389450 0.288693 
1676.922259 0.289023 
1675.455067 0.290060 
1673.987876 0.289776 
1672.520684 0.289564 
1671.053493 0.289644 
1669.586301 0.289623 
1668.119110 0.288974 
1666.651918 0.288336 
1665.184727 0.287917 
1663.717535 0.287567 
1662.250344 0.287111 
1660.783152 0.286046 
1659.315961 0.285619 
1657.848769 0.285100 
1656.381578 0.284503 
1654.914386 0.283957 
1653.447195 0.284369 
1651.980003 0.283133 
1650.512812 0.281776 
1649.045620 0.281266 
1647.578429 0.281061 
1646.111237 0.280709 
1644.644046 0.279706 
1643.176854 0.278484 
1641.709663 0.277634 
1640.242471 0.277209 
1638.775280 0.276079 
1637.308088 0.274850 
1635.840897 0.274232 
1634.373706 0.271851 
1632.906514 0.270105 
1631.439323 0.268336 
1629.972131 0.266486 
1628.504940 0.264592 
1627.037748 0.262690 
1625.570557 0.260629 
1624.103365 0.258392 
1622.636174 0.256308 
1621.168982 0.253800 
1619.701791 0.251642 
1618.234599 0.249266 
1616.767408 0.247991 
1615.300216 0.244925 
1613.833025 0.242855 
1612.365833 0.241157 
1610.898642 0.238795 
1609.431450 0.236728 
1607.964259 0.234507 
1606.497067 0.232535 
1605.029876 0.230124 
1603.562684 0.228080 
1602.095493 0.226116 
1600.628301 0.223616 
1599.161110 0.221391 
1597.693918 0.219642 
1596.226727 0.217875 
1594.759535 0.215976 
1593.292344 0.214221 
1591.825152 0.212296 
1590.357961 0.210707 
1588.890769 0.208742 
1587.423578 0.207086 
1585.956386 0.205443 
1584.489195 0.203912 
1583.022003 0.202229 
1581.554812 0.200637 
1580.087620 0.198915 
1578.620429 0.197317 
1577.153237 0.196170 
1575.686046 0.195330 
1574.218854 0.192658 
1572.751663 0.191367 
1571.284471 0.189966 
1569.817280 0.188983 
1568.350088 0.186903 
1566.882897 0.185608 
1565.415705 0.184373 
1563.948514 0.182943 
1562.481322 0.181727 
1561.014131 0.180675 
1559.546939 0.180293 
1558.079748 0.178920 
1556.612556 0.176259 
1555.145365 0.175444 
1553.678173 0.174404 
1552.210982 0.172842 
1550.743790 0.171596 
1549.276599 0.170480 
1547.809407 0.169383 
1546.342216 0.168338 
1544.875024 0.167556 
1543.407833 0.166175 
1541.940641 0.165979 
1540.473450 0.164942 
1539.006258 0.164596 
1537.539067 0.162619 
1536.071875 0.161816 
1534.604684 0.161494 
1533.137492 0.160923 
1531.670301 0.159952 
1530.203109 0.159703 
1528.735918 0.159424 
1527.268726 0.159036 
1525.801535 0.158859 
1524.334343 0.158437 
1522.867152 0.158750 
1521.399960 0.159375 
1519.932769 0.158649 
1518.465577 0.158727 
1516.998386 0.159361 
1515.531194 0.159537 
1514.064003 0.159421 
1512.596811 0.160263 
1511.129620 0.160931 
1509.662428 0.161667 
1508.195237 0.162643 
1506.728045 0.164058 
1505.260854 0.164706 
1503.793662 0.165439 
1502.326471 0.166307 
1500.859279 0.167450 
1499.392088 0.168771 
1497.924896 0.169208 
1496.457705 0.170292 
1494.990513 0.170120 
1493.523322 0.170306 
1492.056130 0.170840 
1490.588939 0.171073 
1489.121747 0.170752 
1487.654556 0.170684 
1486.187364 0.170594 
1484.720173 0.170236 
1483.252981 0.169629 
1481.785790 0.169182 
1480.318598 0.168966 
1478.851407 0.168122 
1477.384215 0.167289 
1475.917024 0.167038 
1474.449832 0.166353 
1472.982641 0.165846 
1471.515449 0.164913 
1470.048258 0.163912 
1468.581066 0.163371 
1467.113875 0.162638 
1465.646683 0.162110 
1464.179492 0.161771 
1462.712300 0.161358 
1461.245109 0.160625 
1459.777917 0.160198 
1458.310726 0.160155 
1456.843534 0.160806 
1455.376343 0.159706 
1453.909151 0.159423 
1452.441960 0.159466 
1450.974768 0.159412 
1449.507577 0.159705 
1448.040385 0.159678 
1446.573194 0.159338 
1445.106002 0.159454 
1443.638811 0.159989 
1442.171619 0.159910 
1440.704428 0.159779 
1439.237236 0.160151 
1437.770045 0.161239 
1436.302853 0.161409 
1434.835662 0.160934 
1433.368470 0.160785 
1431.901279 0.160869 
1430.434087 0.160823 
1428.966896 0.160263 
1427.499704 0.159857 
1426.032513 0.159846 
1424.565321 0.159565 
1423.098130 0.159438 
1421.630938 0.159252 
1420.163747 0.159702 
1418.696555 0.159318 
1417.229364 0.158815 
1415.762172 0.158356 
1414.294981 0.158309 
1412.827789 0.158545 
1411.360598 0.158474 
1409.893406 0.158290 
1408.426215 0.158453 
1406.959023 0.158982 
1405.491832 0.159508 
1404.024640 0.159596 
1402.557449 0.159990 
1401.090257 0.160476 
1399.623066 0.160602 
1398.155874 0.160146 
1396.688683 0.160069 
1395.221491 0.160498 
1393.754300 0.160291 
1392.287108 0.159767 
1390.819917 0.159666 
1389.352725 0.159682 
1387.885534 0.159668 
1386.418342 0.158947 
1384.951151 0.158676 
1383.483959 0.159970 
1382.016768 0.159655 
1380.549576 0.158396 
1379.082385 0.157199 
1377.615193 0.156643 
1376.148002 0.155463 
1374.680811 0.154268 
1373.213619 0.152783 
1371.746428 0.151465 
1370.279236 0.149927 
1368.812045 0.148195 
1367.344853 0.146290 
1365.877662 0.145007 
1364.410470 0.143806 
1362.943279 0.142342 
1361.476087 0.140654 
1360.008896 0.139698 
1358.541704 0.138805 
1357.074513 0.137689 
1355.607321 0.136035 
1354.140130 0.134856 
1352.672938 0.134200 
1351.205747 0.133154 
1349.738555 0.132059 
1348.271364 0.130781 
1346.804172 0.130372 
1345.336981 0.129678 
1343.869789 0.128787 
1342.402598 0.128398 
1340.935406 0.128684 
1339.468215 0.128610 
1338.001023 0.128142 
1336.533832 0.128313 
1335.066640 0.128931 
1333.599449 0.129377 
1332.132257 0.129846 
1330.665066 0.130684 
1329.197874 0.132063 
1327.730683 0.133698 
1326.263491 0.134852 
1324.796300 0.136379 
1323.329108 0.138178 
1321.861917 0.140169 
1320.394725 0.141450 
1318.927534 0.142821 
1317.460342 0.144434 
1315.993151 0.145877 
1314.525959 0.147315 
1313.058768 0.148425 
1311.591576 0.150010 
1310.124385 0.151539 
1308.657193 0.152773 
1307.190002 0.154136 
1305.722810 0.156026 
1304.255619 0.158249 
1302.788427 0.158194 
1301.321236 0.157229 
1299.854044 0.155944 
1298.386853 0.155305 
1296.919661 0.153791 
1295.452470 0.151713 
1293.985278 0.149947 
1292.518087 0.148433 
1291.050895 0.146445 
1289.583704 0.144211 
1288.116512 0.142143 
1286.649321 0.140114 
1285.182129 0.137673 
1283.714938 0.134890 
1282.247746 0.132178 
1280.780555 0.129734 
1279.313363 0.127331 
1277.846172 0.124629 
1276.378980 0.122337 
1274.911789 0.119846 
1273.444597 0.117507 
1271.977406 0.114880 
1270.510214 0.112260 
1269.043023 0.110355 
1267.575831 0.109223 
1266.108640 0.107600 
1264.641448 0.105902 
1263.174257 0.105270 
1261.707065 0.104913 
1260.239874 0.104173 
1258.772682 0.103403 
1257.305491 0.103202 
1255.838299 0.103634 
1254.371108 0.103851 
1252.903916 0.104224 
1251.436725 0.104810 
1249.969533 0.106175 
1248.502342 0.107244 
1247.035150 0.108095 
1245.567959 0.109318 
1244.100767 0.110958 
1242.633576 0.111960 
1241.166384 0.112704 
1239.699193 0.113696 
1238.232001 0.115066 
1236.764810 0.116321 
1235.297618 0.116995 
1233.830427 0.117800 
1232.363235 0.119472 
1230.896044 0.120821 
1229.428852 0.121762 
1227.961661 0.122402 
1226.494469 0.123634 
1225.027278 0.124855 
1223.560086 0.124959 
1222.092895 0.125244 
1220.625703 0.125441 
1219.158512 0.125791 
1217.691320 0.125645 
1216.224129 0.124990 
1214.756937 0.124662 
1213.289746 0.124071 
1211.822554 0.122734 
1210.355363 0.120995 
1208.888171 0.119717 
1207.420980 0.118261 
1205.953788 0.116008 
1204.486597 0.113603 
1203.019405 0.111258 
1201.552214 0.109521 
1200.085022 0.107230 
1198.617831 0.104859 
1197.150639 0.102471 
1195.683448 0.100678 
1194.216256 0.098515 
1192.749065 0.096258 
1191.281873 0.093751 
1189.814682 0.091870 
1188.347490 0.089716 
1186.880299 0.087194 
1185.413107 0.085084 
1183.945916 0.083455 
1182.478724 0.082035 
1181.011533 0.079830 
1179.544341 0.077692 
1178.077150 0.076300 
1176.609958 0.074817 
1175.142767 0.072773 
1173.675575 0.070768 
1172.208384 0.069213 
1170.741192 0.068007 
1169.274001 0.066067 
1167.806809 0.064339 
1166.339618 0.063486 
1164.872426 0.062673 
1163.405235 0.061279 
1161.938043 0.059482 
1160.470852 0.058234 
1159.003660 0.057511 
1157.536469 0.056003 
1156.069277 0.054554 
1154.602086 0.053265 
1153.134894 0.052926 
1151.667703 0.051728 
1150.200511 0.050255 
1148.733320 0.049562 
1147.266128 0.049502 
1145.798937 0.048904 
1144.331745 0.047415 
1142.864554 0.046474 
1141.397362 0.045899 
1139.930171 0.045044 
1138.462979 0.043823 
1136.995788 0.042767 
1135.528596 0.042605 
1134.061405 0.042107 
1132.594213 0.041166 
1131.127022 0.039883 
1129.659830 0.039585 
1128.192639 0.039371 
1126.725447 0.038112 
1125.258256 0.037059 
1123.791064 0.036403 
1122.323873 0.036036 
1120.856681 0.034826 
1119.389490 0.033928 
1117.922298 0.033763 
1116.455107 0.033901 
1114.987916 0.033406 
1113.520724 0.032450 
1112.053533 0.032302 
1110.586341 0.032578 
1109.119150 0.031660 
1107.651958 0.031278 
1106.184767 0.030941 
1104.717575 0.031608 
1103.250384 0.031364 
1101.783192 0.030638 
1100.316001 0.030862 
1098.848809 0.031597 
1097.381618 0.031501 
1095.914426 0.031424 
1094.447235 0.031110 
1092.980043 0.031650 
1091.512852 0.031313 
1090.045660 0.030811 
1088.578469 0.030408 
1087.111277 0.031054 
1085.644086 0.031271 
1084.176894 0.031049 
1082.709703 0.030856 
1081.242511 0.031421 
1079.775320 0.031548 
1078.308128 0.030927 
1076.840937 0.030570 
1075.373745 0.030882 
1073.906554 0.031014 
1072.439362 0.030241 
1070.972171 0.029613 
1069.504979 0.029514 
1068.037788 0.029296 
1066.570596 0.028360 
1065.103405 0.027015 
1063.636213 0.026258 
1062.169022 0.025515 
1060.701830 0.023376 
1059.234639 0.020948 
1057.767447 0.019530 
1056.300256 0.018306 
1054.833064 0.016576 
1053.365873 0.014800 
1051.898681 0.013901 
1050.431490 0.013178 
1048.964298 0.011607 
1047.497107 0.010367 
1046.029915 0.009266 
1044.562724 0.009143 
1043.095532 0.008639 
1041.628341 0.008567 
1040.161149 0.009060 
1038.693958 0.009721 
1037.226766 0.008532 
1035.759575 0.006370 
1034.292383 0.005061 
1032.825192 0.005311 
1031.358000 0.005283 
1029.890809 0.004757 
1028.423617 0.005053 
1026.956426 0.005893 
1025.489234 0.006296 
1024.022043 0.006157 
1022.554851 0.006169 
1021.087660 0.007498 
1019.620468 0.007826 
1018.153277 0.007289 
1016.686085 0.007182 
1015.218894 0.007513 
1013.751702 0.008171 
1012.284511 0.007074 
1010.817319 0.006155 
1009.350128 0.006065 
1007.882936 0.005121 
1006.415745 0.003611 
1004.948553 0.002153 
1003.481362 0.002263 
1002.014170 0.001978 
1000.546979 0.001203 
999.079787 0.000174 
997.612596 -0.000139 
996.145404 0.000146 
994.678213 -0.001128 
993.211021 -0.001790 
991.743830 -0.001914 
990.276638 -0.001307 
988.809447 -0.001715 
987.342255 -0.002122 
985.875064 -0.001289 
984.407872 -0.000228 
982.940681 -0.000693 
981.473489 -0.000970 
980.006298 -0.000748 
978.539106 -0.000076 
977.071915 -0.000405 
975.604723 -0.000543 
974.137532 -0.000372 
972.670340 0.001073 
971.203149 0.001823 
969.735957 0.002469 
968.268766 0.003360 
966.801574 0.005374 
965.334383 0.007031 
963.867191 0.008037 
962.400000 0.009190 
960.932808 0.011856 
959.465617 0.013424 
957.998425 0.014471 
956.531234 0.015857 
955.064042 0.019137 
953.596851 0.021736 
952.129659 0.023839 
950.662468 0.026179 
949.195276 0.029849 
947.728085 0.033360 
946.260893 0.035494 
944.793702 0.037941 
943.326510 0.042123 
941.859319 0.045492 
940.392127 0.048050 
938.924936 0.051094 
937.457744 0.055484 
935.990553 0.059817 
934.523361 0.063207 
933.056170 0.066797 
931.588978 0.071557 
930.121787 0.076388 
928.654595 0.079681 
927.187404 0.082636 
925.720212 0.087576 
924.253021 0.092176 
922.785829 0.095984 
921.318638 0.099674 
919.851446 0.104883 
918.384255 0.109785 
916.917063 0.114114 
915.449872 0.118107 
913.982680 0.123095 
912.515489 0.128918 
911.048297 0.132465 
909.581106 0.136465 
908.113914 0.141169 
906.646723 0.146501 
905.179531 0.150221 
903.712340 0.154904 
902.245148 0.160418 
900.777957 0.165862 
899.310765 0.170558 
897.843574 0.174573 
896.376382 0.179520 
894.909191 0.184812 
893.441999 0.189135 
891.974808 0.193247 
890.507616 0.196980 
889.040425 0.202478 
887.573233 0.206192 
886.106042 0.209858 
884.638850 0.214116 
883.171659 0.219714 
881.704467 0.223567 
880.237276 0.226082 
878.770084 0.229767 
877.302893 0.235096 
875.835701 0.237298 
874.368510 0.240996 
872.901318 0.243872 
871.434127 0.248813 
869.966935 0.252532 
868.499744 0.254990 
867.032552 0.259244 
865.565361 0.263520 
864.098169 0.267259 
862.630978 0.270373 
861.163786 0.273056 
859.696595 0.277827 
858.229404 0.281050 
856.762212 0.283137 
855.295021 0.285329 
853.827829 0.289877 
852.360638 0.293150 
850.893446 0.295904 
849.426255 0.298420 
847.959063 0.302542 
846.491872 0.306848 
845.024680 0.307991 
843.557489 0.309917 
842.090297 0.313492 
840.623106 0.315618 
839.155914 0.317525 
837.688723 0.318780 
836.221531 0.323026 
834.754340 0.326613 
833.287148 0.328100 
831.819957 0.329156 
830.352765 0.333601 
828.885574 0.336882 
827.418382 0.337708 
825.951191 0.340603 
824.483999 0.343097 
823.016808 0.345940 
821.549616 0.347673 
820.082425 0.349044 
818.615233 0.353704 
817.148042 0.358080 
815.680850 0.358588 
814.213659 0.361608 
812.746467 0.363498 
811.279276 0.365671 
809.812084 0.366316 
808.344893 0.365718 
806.877701 0.367892 
805.410510 0.369146 
803.943318 0.368507 
802.476127 0.365833 
801.008935 0.369404 
799.541744 0.370674 
798.074552 0.370369 
796.607361 0.370950 
795.140169 0.372341 
793.672978 0.374489 
792.205786 0.373650 
790.738595 0.372979 
789.271403 0.373873 
787.804212 0.374511 
786.337020 0.374037 
784.869829 0.373325 
783.402637 0.375091 
781.935446 0.376210 
780.468254 0.375414 
779.001063 0.373995 
777.533871 0.374830 
776.066680 0.376281 
774.599488 0.374977 
773.132297 0.373765 
771.665105 0.372799 
770.197914 0.373672 
768.730722 0.371971 
767.263531 0.369490 
765.796339 0.371825 
764.329148 0.372440 
762.861956 0.371266 
761.394765 0.368753 
759.927573 0.370127 
758.460382 0.369008 
756.993190 0.367751 
755.525999 0.363231 
754.058807 0.363472 
752.591616 0.363335 
751.124424 0.360303 
749.657233 0.358363 
748.190041 0.358244 
746.722850 0.357493 
745.255658 0.355526 
743.788467 0.352933 
742.321275 0.351404 
740.854084 0.352013 
739.386892 0.347197 
737.919701 0.344436 
736.452509 0.341776 
734.985318 0.340839 
733.518126 0.338822 
732.050935 0.335571 
730.583743 0.333841 
729.116552 0.334684 
727.649360 0.331966 
726.182169 0.327687 
724.714977 0.325763 
723.247786 0.326442 
721.780594 0.322923 
720.313403 0.319944 
718.846211 0.316668 
717.379020 0.316887 
715.911828 0.311768 
714.444637 0.307962 
712.977445 0.306854 
711.510254 0.306537 
710.043062 0.301818 
708.575871 0.299294 
707.108679 0.298095 
705.641488 0.297506 
704.174296 0.292229 
702.707105 0.285520 
701.239913 0.284629 
699.772722 0.282283 
698.305530 0.276322 
696.838339 0.272076 
695.371147 0.268476 
693.903956 0.266427 
692.436764 0.258988 
690.969573 0.255662 
689.502381 0.253392 
688.035190 0.248310 
686.567998 0.241924 
685.100807 0.234009 
683.633615 0.229921 
682.166424 0.222940 
680.699232 0.212969 
679.232041 0.203262 
677.764849 0.196426 
676.297658 0.187076 
674.830466 0.192901 
673.363275 0.228796 
671.896083 0.264115 
670.428892 0.295314 
668.961700 0.317931 
667.494509 0.343296 
666.027317 0.367498 
664.560126 0.393792 
663.092934 0.416730 
661.625743 0.443502 
660.158551 0.456532 
658.691360 0.455137 
657.224168 0.467069 
655.756977 0.497216 
654.289785 0.484779 
652.822594 0.438569 
651.355402 0.393456 
649.888211 0.366105 
648.421019 0.341494 
646.953828 0.316691 
645.486636 0.299843 
644.019445 0.275623 
642.552253 0.264589 
641.085062 0.250835 
639.617870 0.233029 
638.150679 0.227297 
636.683487 0.213858 
635.216296 0.203518 
633.749104 0.191031 
632.281913 0.181273 
630.814721 0.173471 
629.347530 0.163521 
627.880338 0.152986 
626.413147 0.139773 
624.945955 0.136888 
623.478764 0.129177 
622.011572 0.116815 
620.544381 0.107173 
619.077189 0.100987 
617.609998 0.092180 
616.142806 0.087426 
614.675615 0.081163 
613.208423 0.074766 
611.741232 0.063017 
610.274040 0.055088 
608.806849 0.053034 
607.339657 0.036667 
605.872466 0.023608 
604.405274 0.019142 
602.938083 0.012974 
601.470891 0.007071 
600.003700 -0.003783 
