3999.700000 0.000000 
3998.383045 0.000000 
3997.066091 0.000000 
3995.749136 0.000095 
3994.432181 0.001656 
3993.115227 0.001656 
3991.798272 0.001656 
3990.481317 0.001656 
3989.164363 0.001656 
3987.847408 0.001656 
3986.530453 0.001656 
3985.213499 0.001656 
3983.896544 0.001656 
3982.579590 0.001656 
3981.262635 0.001656 
3979.945680 0.001656 
3978.628726 0.001656 
3977.311771 0.001656 
3975.994816 0.001656 
3974.677862 0.001656 
3973.360907 0.001656 
3972.043952 0.001656 
3970.726998 0.000122 
3969.410043 0.001656 
3968.093088 0.001656 
3966.776134 0.001656 
3965.459179 0.000845 
3964.142224 0.001420 
3962.825270 0.001656 
3961.508315 0.001656 
3960.191360 0.001656 
3958.874406 0.001656 
3957.557451 0.001656 
3956.240496 0.000099 
3954.923542 0.001656 
3953.606587 0.001656 
3952.289633 0.001656 
3950.972678 0.001656 
3949.655723 0.001656 
3948.338769 0.001656 
3947.021814 0.001656 
3945.704859 0.001656 
3944.387905 0.001656 
3943.070950 0.001656 
3941.753995 0.001572 
3940.437041 0.000765 
3939.120086 0.001656 
3937.803131 0.001656 
3936.486177 0.001656 
3935.169222 0.001656 
3933.852267 0.000411 
3932.535313 0.001656 
3931.218358 0.001656 
3929.901403 0.001656 
3928.584449 0.001656 
3927.267494 0.001435 
3925.950540 0.000746 
3924.633585 0.001656 
3923.316630 0.000000 
3921.999676 0.000921 
3920.682721 0.000137 
3919.365766 0.000000 
3918.048812 0.000000 
3916.731857 0.000000 
3915.414902 0.000000 
3914.097948 0.000000 
3912.780993 0.000000 
3911.464038 0.000000 
3910.147084 0.000000 
3908.830129 0.000000 
3907.513174 0.000000 
3906.196220 0.000000 
3904.879265 0.000000 
3903.562310 0.000000 
3902.245356 0.000000 
3900.928401 0.000000 
3899.611446 0.000000 
3898.294492 0.000000 
3896.977537 0.000000 
3895.660583 0.000000 
3894.343628 0.000000 
3893.026673 0.000000 
3891.709719 0.000000 
3890.392764 0.000000 
3889.075809 0.000000 
3887.758855 0.000000 
3886.441900 0.000000 
3885.124945 0.000000 
3883.807991 0.000000 
3882.491036 0.000000 
3881.174081 0.000000 
3879.857127 0.000000 
3878.540172 0.001032 
3877.223217 0.000038 
3875.906263 0.000000 
3874.589308 0.001176 
3873.272353 0.001656 
3871.955399 0.000921 
3870.638444 0.001260 
3869.321489 0.001656 
3868.004535 0.001656 
3866.687580 0.001656 
3865.370626 0.001656 
3864.053671 0.001656 
3862.736716 0.001656 
3861.419762 0.002284 
3860.102807 0.002155 
3858.785852 0.003308 
3857.468898 0.003308 
3856.151943 0.003308 
3854.834988 0.001656 
3853.518034 0.001656 
3852.201079 0.003141 
3850.884124 0.002787 
3849.567170 0.001656 
3848.250215 0.003225 
3846.933260 0.001656 
3845.616306 0.001656 
3844.299351 0.001656 
3842.982396 0.001656 
3841.665442 0.001656 
3840.348487 0.001656 
3839.031533 0.000716 
3837.714578 0.001629 
3836.397623 0.001154 
3835.080669 0.001138 
3833.763714 0.001595 
3832.446759 0.000651 
3831.129805 0.000381 
3829.812850 0.000160 
3828.495895 0.001656 
3827.178941 0.000297 
3825.861986 0.000396 
3824.545031 0.000636 
3823.228077 0.000000 
3821.911122 0.000000 
3820.594167 0.001169 
3819.277213 0.000000 
3817.960258 0.000000 
3816.643303 0.000000 
3815.326349 0.001367 
3814.009394 0.000811 
3812.692439 0.001656 
3811.375485 0.001656 
3810.058530 0.001656 
3808.741576 0.000069 
3807.424621 0.000000 
3806.107666 0.000000 
3804.790712 0.000000 
3803.473757 0.000704 
3802.156802 0.000289 
3800.839848 0.000000 
3799.522893 0.000879 
3798.205938 0.001656 
3796.888984 0.000388 
3795.572029 0.000617 
3794.255074 0.001580 
3792.938120 0.000598 
3791.621165 0.000407 
3790.304210 0.000160 
3788.987256 0.000898 
3787.670301 0.001374 
3786.353346 0.001656 
3785.036392 0.000723 
3783.719437 0.001458 
3782.402482 0.000000 
3781.085528 0.001131 
3779.768573 0.001603 
3778.451619 0.000640 
3777.134664 0.001656 
3775.817709 0.000152 
3774.500755 0.001656 
3773.183800 0.000305 
3771.866845 0.001656 
3770.549891 0.001656 
3769.232936 0.001656 
3767.915981 0.001656 
3766.599027 0.001656 
3765.282072 0.001656 
3763.965117 0.001656 
3762.648163 0.001656 
3761.331208 0.001378 
3760.014253 0.000803 
3758.697299 0.001656 
3757.380344 0.001656 
3756.063389 0.001656 
3754.746435 0.001656 
3753.429480 0.001656 
3752.112526 0.001656 
3750.795571 0.001485 
3749.478616 0.000697 
3748.161662 0.001656 
3746.844707 0.001397 
3745.527752 0.000868 
3744.210798 0.001656 
3742.893843 0.001656 
3741.576888 0.001656 
3740.259934 0.001656 
3738.942979 0.001066 
3737.626024 0.000000 
3736.309070 0.000152 
3734.992115 0.001656 
3733.675160 0.001656 
3732.358206 0.001656 
3731.041251 0.001656 
3729.724296 0.001656 
3728.407342 0.001656 
3727.090387 0.001656 
3725.773432 0.001656 
3724.456478 0.001656 
3723.139523 0.001656 
3721.822569 0.001656 
3720.505614 0.001656 
3719.188659 0.001656 
3717.871705 0.001656 
3716.554750 0.001656 
3715.237795 0.001656 
3713.920841 0.001195 
3712.603886 0.001096 
3711.286931 0.001633 
3709.969977 0.000609 
3708.653022 0.001656 
3707.336067 0.001656 
3706.019113 0.001656 
3704.702158 0.001656 
3703.385203 0.001656 
3702.068249 0.001656 
3700.751294 0.000084 
3699.434339 0.001656 
3698.117385 0.001656 
3696.800430 0.001656 
3695.483475 0.001656 
3694.166521 0.001656 
3692.849566 0.001656 
3691.532612 0.000796 
3690.215657 0.000000 
3688.898702 0.000000 
3687.581748 0.001024 
3686.264793 0.001656 
3684.947838 0.000582 
3683.630884 0.001656 
3682.313929 0.001656 
3680.996974 0.000990 
3679.680020 0.000000 
3678.363065 0.000000 
3677.046110 0.000000 
3675.729156 0.000000 
3674.412201 0.000000 
3673.095246 0.000000 
3671.778292 0.000000 
3670.461337 0.000000 
3669.144382 0.000000 
3667.827428 0.001534 
3666.510473 0.000000 
3665.193519 0.000000 
3663.876564 0.001287 
3662.559609 0.000895 
3661.242655 0.000080 
3659.925700 0.001656 
3658.608745 0.000567 
3657.291791 0.000000 
3655.974836 0.000000 
3654.657881 0.000000 
3653.340927 0.000000 
3652.023972 0.000000 
3650.707017 0.000000 
3649.390063 0.000000 
3648.073108 0.000971 
3646.756153 0.001656 
3645.439199 0.000000 
3644.122244 0.000000 
3642.805289 0.001649 
3641.488335 0.000681 
3640.171380 0.000449 
3638.854425 0.001416 
3637.537471 0.000000 
3636.220516 0.001435 
3634.903562 0.000362 
3633.586607 0.000640 
3632.269652 0.001542 
3630.952698 0.000000 
3629.635743 0.000000 
3628.318788 0.000133 
3627.001834 0.001656 
3625.684879 0.001656 
3624.367924 0.001656 
3623.050970 0.001656 
3621.734015 0.001656 
3620.417060 0.000335 
3619.100106 0.000662 
3617.783151 0.001656 
3616.466196 0.001656 
3615.149242 0.001656 
3613.832287 0.001656 
3612.515332 0.001656 
3611.198378 0.001656 
3609.881423 0.001656 
3608.564468 0.001656 
3607.247514 0.001656 
3605.930559 0.001656 
3604.613605 0.001656 
3603.296650 0.001656 
3601.979695 0.001656 
3600.662741 0.001656 
3599.345786 0.001656 
3598.028831 0.001656 
3596.711877 0.001656 
3595.394922 0.001656 
3594.077967 0.001656 
3592.761013 0.001656 
3591.444058 0.003308 
3590.127103 0.003308 
3588.810149 0.003308 
3587.493194 0.003308 
3586.176239 0.003308 
3584.859285 0.003308 
3583.542330 0.003308 
3582.225375 0.003308 
3580.908421 0.003308 
3579.591466 0.003308 
3578.274512 0.003308 
3576.957557 0.003308 
3575.640602 0.003308 
3574.323648 0.004968 
3573.006693 0.004968 
3571.689738 0.004968 
3570.372784 0.004968 
3569.055829 0.004968 
3567.738874 0.004968 
3566.421920 0.006628 
3565.104965 0.006628 
3563.788010 0.006628 
3562.471056 0.006628 
3561.154101 0.006628 
3559.837146 0.008288 
3558.520192 0.008288 
3557.203237 0.008288 
3555.886282 0.008288 
3554.569328 0.008288 
3553.252373 0.008288 
3551.935418 0.008730 
3550.618464 0.008985 
3549.301509 0.009948 
3547.984555 0.009952 
3546.667600 0.009952 
3545.350645 0.011616 
3544.033691 0.011616 
3542.716736 0.011616 
3541.399781 0.011947 
3540.082827 0.013279 
3538.765872 0.013279 
3537.448917 0.013698 
3536.131963 0.014947 
3534.815008 0.014947 
3533.498053 0.015507 
3532.181099 0.016618 
3530.864144 0.016847 
3529.547189 0.018290 
3528.230235 0.018290 
3526.913280 0.019961 
3525.596325 0.020898 
3524.279371 0.021636 
3522.962416 0.022078 
3521.645461 0.023311 
3520.328507 0.024941 
3519.011552 0.025641 
3517.694598 0.026669 
3516.377643 0.028348 
3515.060688 0.029171 
3513.743734 0.031474 
3512.426779 0.032041 
3511.109824 0.033404 
3509.792870 0.034935 
3508.475915 0.037329 
3507.158960 0.039557 
3505.842006 0.040265 
3504.525051 0.042496 
3503.208096 0.043558 
3501.891142 0.045462 
3500.574187 0.047853 
3499.257232 0.050095 
3497.940278 0.052513 
3496.623323 0.054763 
3495.306368 0.057184 
3493.989414 0.059442 
3492.672459 0.061817 
3491.355505 0.064208 
3490.038550 0.068191 
3488.721595 0.070562 
3487.404641 0.073349 
3486.087686 0.077019 
3484.770731 0.081059 
3483.453777 0.083499 
3482.136822 0.085902 
3480.819867 0.089971 
3479.502913 0.092941 
3478.185958 0.096535 
3476.869003 0.100609 
3475.552049 0.103883 
3474.235094 0.107176 
3472.918139 0.110001 
3471.601185 0.113877 
3470.284230 0.117912 
3468.967275 0.120913 
3467.650321 0.124708 
3466.333366 0.127057 
3465.016411 0.131378 
3463.699457 0.134995 
3462.382502 0.138075 
3461.065548 0.140443 
3459.748593 0.144475 
3458.431638 0.147216 
3457.114684 0.150807 
3455.797729 0.153944 
3454.480774 0.156517 
3453.163820 0.158912 
3451.846865 0.161592 
3450.529910 0.165723 
3449.212956 0.168270 
3447.896001 0.170916 
3446.579046 0.175066 
3445.262092 0.177590 
3443.945137 0.181888 
3442.628182 0.184474 
3441.311228 0.188924 
3439.994273 0.191958 
3438.677318 0.195827 
3437.360364 0.200201 
3436.043409 0.203479 
3434.726454 0.208638 
3433.409500 0.213435 
3432.092545 0.217040 
3430.775591 0.222016 
3429.458636 0.227384 
3428.141681 0.231443 
3426.824727 0.235878 
3425.507772 0.241033 
3424.190817 0.246340 
3422.873863 0.251412 
3421.556908 0.257724 
3420.239953 0.263899 
3418.922999 0.269404 
3417.606044 0.274540 
3416.289089 0.280042 
3414.972135 0.286765 
3413.655180 0.291867 
3412.338225 0.298004 
3411.021271 0.304377 
3409.704316 0.310861 
3408.387361 0.316526 
3407.070407 0.322671 
3405.753452 0.329455 
3404.436497 0.334850 
3403.119543 0.340408 
3401.802588 0.345955 
3400.485634 0.353478 
3399.168679 0.359193 
3397.851724 0.365026 
3396.534770 0.370466 
3395.217815 0.376238 
3393.900860 0.381815 
3392.583906 0.387507 
3391.266951 0.393245 
3389.949996 0.396743 
3388.633042 0.402641 
3387.316087 0.406337 
3385.999132 0.412090 
3384.682178 0.416522 
3383.365223 0.421524 
3382.048268 0.425255 
3380.731314 0.429512 
3379.414359 0.434507 
3378.097404 0.437534 
3376.780450 0.442144 
3375.463495 0.446111 
3374.146541 0.450619 
3372.829586 0.453691 
3371.512631 0.457335 
3370.195677 0.461842 
3368.878722 0.464732 
3367.561767 0.467831 
3366.244813 0.472385 
3364.927858 0.476047 
3363.610903 0.480033 
3362.293949 0.484274 
3360.976994 0.487221 
3359.660039 0.491615 
3358.343085 0.495532 
3357.026130 0.499221 
3355.709175 0.503885 
3354.392221 0.507304 
3353.075266 0.512276 
3351.758311 0.517298 
3350.441357 0.522982 
3349.124402 0.527296 
3347.807447 0.531476 
3346.490493 0.537354 
3345.173538 0.542307 
3343.856584 0.547504 
3342.539629 0.554041 
3341.222674 0.560140 
3339.905720 0.564397 
3338.588765 0.570755 
3337.271810 0.577170 
3335.954856 0.583429 
3334.637901 0.590038 
3333.320946 0.596270 
3332.003992 0.601330 
3330.687037 0.607821 
3329.370082 0.613677 
3328.053128 0.620001 
3326.736173 0.626705 
3325.419218 0.633250 
3324.102264 0.640095 
3322.785309 0.646518 
3321.468354 0.653462 
3320.151400 0.659942 
3318.834445 0.666920 
3317.517490 0.673473 
3316.200536 0.680364 
3314.883581 0.684612 
3313.566627 0.691401 
3312.249672 0.698345 
3310.932717 0.705084 
3309.615763 0.709652 
3308.298808 0.716810 
3306.981853 0.721040 
3305.664899 0.726568 
3304.347944 0.732503 
3303.030989 0.736874 
3301.714035 0.744050 
3300.397080 0.748284 
3299.080125 0.753066 
3297.763171 0.758019 
3296.446216 0.761731 
3295.129261 0.766695 
3293.812307 0.771542 
3292.495352 0.775083 
3291.178397 0.778768 
3289.861443 0.782259 
3288.544488 0.786025 
3287.227534 0.789531 
3285.910579 0.793312 
3284.593624 0.796837 
3283.276670 0.798425 
3281.959715 0.801524 
3280.642760 0.805293 
3279.325806 0.808841 
3278.008851 0.809964 
3276.691896 0.813524 
3275.374942 0.814651 
3274.057987 0.817289 
3272.741032 0.819277 
3271.424078 0.820004 
3270.107123 0.821188 
3268.790168 0.822718 
3267.473214 0.825440 
3266.156259 0.825440 
3264.839304 0.825440 
3263.522350 0.828166 
3262.205395 0.828166 
3260.888440 0.828197 
3259.571486 0.829902 
3258.254531 0.830203 
3256.937577 0.830900 
3255.620622 0.830900 
3254.303667 0.830900 
3252.986713 0.830900 
3251.669758 0.830900 
3250.352803 0.830900 
3249.035849 0.828166 
3247.718894 0.828166 
3246.401939 0.828166 
3245.084985 0.828166 
3243.768030 0.826171 
3242.451075 0.825440 
3241.134121 0.825440 
3239.817166 0.823072 
3238.500211 0.822117 
3237.183257 0.820004 
3235.866302 0.817468 
3234.549347 0.816341 
3233.232393 0.814582 
3231.915438 0.811879 
3230.598483 0.810794 
3229.281529 0.809180 
3227.964574 0.806484 
3226.647620 0.805133 
3225.330665 0.801455 
3224.013710 0.798425 
3222.696756 0.796810 
3221.379801 0.793018 
3220.062846 0.789504 
3218.745892 0.785808 
3217.428937 0.784890 
3216.111982 0.781281 
3214.795028 0.777641 
3213.478073 0.773765 
3212.161118 0.767788 
3210.844164 0.764324 
3209.527209 0.760612 
3208.210254 0.755285 
3206.893300 0.750858 
3205.576345 0.747344 
3204.259390 0.741838 
3202.942436 0.737578 
3201.625481 0.731528 
3200.308527 0.726111 
3198.991572 0.721413 
3197.674617 0.716029 
3196.357663 0.710060 
3195.040708 0.703930 
3193.723753 0.698714 
3192.406799 0.692082 
3191.089844 0.686006 
3189.772889 0.680893 
3188.455935 0.673834 
3187.138980 0.667305 
3185.822025 0.660368 
3184.505071 0.653824 
3183.188116 0.647089 
3181.871161 0.640449 
3180.554207 0.633916 
3179.237252 0.627185 
3177.920297 0.620351 
3176.603343 0.613083 
3175.286388 0.604962 
3173.969433 0.598597 
3172.652479 0.590948 
3171.335524 0.583311 
3170.018570 0.577029 
3168.701615 0.569102 
3167.384660 0.562029 
3166.067706 0.553150 
3164.750751 0.546743 
3163.433796 0.538272 
3162.116842 0.531091 
3160.799887 0.523530 
3159.482932 0.517214 
3158.165978 0.508918 
3156.849023 0.501098 
3155.532068 0.494432 
3154.215114 0.488569 
3152.898159 0.480071 
3151.581204 0.473561 
3150.264250 0.465966 
3148.947295 0.460049 
3147.630340 0.452877 
3146.313386 0.446012 
3144.996431 0.439449 
3143.679476 0.433182 
3142.362522 0.426169 
3141.045567 0.420363 
3139.728613 0.414489 
3138.411658 0.408747 
3137.094703 0.403037 
3135.777749 0.397212 
3134.460794 0.391265 
3133.143839 0.385760 
3131.826885 0.379908 
3130.509930 0.374380 
3129.192975 0.368692 
3127.876021 0.363076 
3126.559066 0.358104 
3125.242111 0.352557 
3123.925157 0.348464 
3122.608202 0.342746 
3121.291247 0.337393 
3119.974293 0.333677 
3118.657338 0.328161 
3117.340383 0.324380 
3116.023429 0.319294 
3114.706474 0.314885 
3113.389520 0.310434 
3112.072565 0.304792 
3110.755610 0.300840 
3109.438656 0.296055 
3108.121701 0.292708 
3106.804746 0.288733 
3105.487792 0.284108 
3104.170837 0.281351 
3102.853882 0.277118 
3101.536928 0.273535 
3100.219973 0.269534 
3098.903018 0.264839 
3097.586064 0.262281 
3096.269109 0.259597 
3094.952154 0.255063 
3093.635200 0.252447 
3092.318245 0.248293 
3091.001290 0.245328 
3089.684336 0.242632 
3088.367381 0.238166 
3087.050426 0.235497 
3085.733472 0.232867 
3084.416517 0.230293 
3083.099563 0.225835 
3081.782608 0.223212 
3080.465653 0.220642 
3079.148699 0.216161 
3077.831744 0.213678 
3076.514789 0.211017 
3075.197835 0.208440 
3073.880880 0.205889 
3072.563925 0.201507 
3071.246971 0.198910 
3069.930016 0.196459 
3068.613061 0.193820 
3067.296107 0.191376 
3065.979152 0.188745 
3064.662197 0.185498 
3063.345243 0.183419 
3062.028288 0.181222 
3060.711333 0.177560 
3059.394379 0.174381 
3058.077424 0.171780 
3056.760469 0.169363 
3055.443515 0.166774 
3054.126560 0.164364 
3052.809606 0.161825 
3051.492651 0.159380 
3050.175696 0.156898 
3048.858742 0.154412 
3047.541787 0.152307 
3046.224832 0.151263 
3044.907878 0.148701 
3043.590923 0.146318 
3042.273968 0.143817 
3040.957014 0.141388 
3039.640059 0.138943 
3038.323104 0.137866 
3037.006150 0.135882 
3035.689195 0.133358 
3034.372240 0.131002 
3033.055286 0.130255 
3031.738331 0.127788 
3030.421376 0.125371 
3029.104422 0.124746 
3027.787467 0.122283 
3026.470513 0.121712 
3025.153558 0.119991 
3023.836603 0.118632 
3022.519649 0.118213 
3021.202694 0.117330 
3019.885739 0.116439 
3018.568785 0.116439 
3017.251830 0.116439 
3015.934875 0.116439 
3014.617921 0.118213 
3013.300966 0.119454 
3011.984011 0.120197 
3010.667057 0.122542 
3009.350102 0.126524 
3008.033147 0.131291 
3006.716193 0.136206 
3005.399238 0.141106 
3004.082283 0.148191 
3002.765329 0.156921 
3001.448374 0.165422 
3000.131419 0.175081 
2998.814465 0.185357 
2997.497510 0.195495 
2996.180556 0.207362 
2994.863601 0.219245 
2993.546646 0.229985 
2992.229692 0.242248 
2990.912737 0.250650 
2989.595782 0.260785 
2988.278828 0.268852 
2986.961873 0.276665 
2985.644918 0.281976 
2984.327964 0.287389 
2983.011009 0.290447 
2981.694054 0.292225 
2980.377100 0.293850 
2979.060145 0.294201 
2977.743190 0.294201 
2976.426236 0.294201 
2975.109281 0.294775 
2973.792326 0.296176 
2972.475372 0.300189 
2971.158417 0.303875 
2969.841462 0.309113 
2968.524508 0.317127 
2967.207553 0.324072 
2965.890599 0.329737 
2964.573644 0.337130 
2963.256689 0.342727 
2961.939735 0.348251 
2960.622780 0.353132 
2959.305825 0.355972 
2957.988871 0.358881 
2956.671916 0.360708 
2955.354961 0.362410 
2954.038007 0.362764 
2952.721052 0.362764 
2951.404097 0.362764 
2950.087143 0.362277 
2948.770188 0.360708 
2947.453233 0.360708 
2946.136279 0.359962 
2944.819324 0.358652 
2943.502369 0.358652 
2942.185415 0.358652 
2940.868460 0.358652 
2939.551506 0.360708 
2938.234551 0.360708 
2936.917596 0.360708 
2935.600642 0.360708 
2934.283687 0.360708 
2932.966732 0.360708 
2931.649778 0.359989 
2930.332823 0.358652 
2929.015868 0.356600 
2927.698914 0.355572 
2926.381959 0.354548 
2925.065004 0.352024 
2923.748050 0.349329 
2922.431095 0.346447 
2921.114140 0.343755 
2919.797186 0.340941 
2918.480231 0.338196 
2917.163276 0.335455 
2915.846322 0.334187 
2914.529367 0.329802 
2913.212412 0.327144 
2911.895458 0.324312 
2910.578503 0.321643 
2909.261549 0.317683 
2907.944594 0.314158 
2906.627639 0.308870 
2905.310685 0.303353 
2903.993730 0.298130 
2902.676775 0.292529 
2901.359821 0.287340 
2900.042866 0.281770 
2898.725911 0.276413 
2897.408957 0.271087 
2896.092002 0.265875 
2894.775047 0.261680 
2893.458093 0.257309 
2892.141138 0.251846 
2890.824183 0.246782 
2889.507229 0.241349 
2888.190274 0.236316 
2886.873319 0.230994 
2885.556365 0.227757 
2884.239410 0.222450 
2882.922455 0.219130 
2881.605501 0.215902 
2880.288546 0.212095 
2878.971592 0.209380 
2877.654637 0.205089 
2876.337682 0.203867 
2875.020728 0.201850 
2873.703773 0.199306 
2872.386818 0.196748 
2871.069864 0.196131 
2869.752909 0.193523 
2868.435954 0.190896 
2867.119000 0.188448 
2865.802045 0.185886 
2864.485090 0.183392 
2863.168136 0.180895 
2861.851181 0.179730 
2860.534226 0.177887 
2859.217272 0.176996 
2857.900317 0.176044 
2856.583362 0.176044 
2855.266408 0.176044 
2853.949453 0.176044 
2852.632498 0.178435 
2851.315544 0.179730 
2849.998589 0.183423 
2848.681635 0.187592 
2847.364680 0.193557 
2846.047725 0.203140 
2844.730771 0.213903 
2843.413816 0.227167 
2842.096861 0.244738 
2840.779907 0.263564 
2839.462952 0.283365 
2838.145997 0.307769 
2836.829043 0.330243 
2835.512088 0.353951 
2834.195133 0.375682 
2832.878179 0.397345 
2831.561224 0.414416 
2830.244269 0.427920 
2828.927315 0.435904 
2827.610360 0.438154 
2826.293405 0.432542 
2824.976451 0.421197 
2823.659496 0.405785 
2822.342542 0.386871 
2821.025587 0.367881 
2819.708632 0.349222 
2818.391678 0.332474 
2817.074723 0.316686 
2815.757768 0.301628 
2814.440814 0.287705 
2813.123859 0.273824 
2811.806904 0.260389 
2810.489950 0.247380 
2809.172995 0.236331 
2807.856040 0.224620 
2806.539086 0.214744 
2805.222131 0.205908 
2803.905176 0.199028 
2802.588222 0.189647 
2801.271267 0.183312 
2799.954312 0.176379 
2798.637358 0.170928 
2797.320403 0.164524 
2796.003448 0.157774 
2794.686494 0.151876 
2793.369539 0.146048 
2792.052585 0.140668 
2790.735630 0.134405 
2789.418675 0.129376 
2788.101721 0.122847 
2786.784766 0.117958 
2785.467811 0.113134 
2784.150857 0.106617 
2782.833902 0.101724 
2781.516947 0.096748 
2780.199993 0.092138 
2778.883038 0.087261 
2777.566083 0.084344 
2776.249129 0.079597 
2774.932174 0.074857 
2773.615219 0.071963 
2772.298265 0.067147 
2770.981310 0.064197 
2769.664355 0.060047 
2768.347401 0.057667 
2767.030446 0.053659 
2765.713491 0.051336 
2764.396537 0.048995 
2763.079582 0.045028 
2761.762628 0.042644 
2760.445673 0.040413 
2759.128718 0.038472 
2757.811764 0.037478 
2756.494809 0.035083 
2755.177854 0.032860 
2753.860900 0.030522 
2752.543945 0.029928 
2751.226990 0.027553 
2749.910036 0.025344 
2748.593081 0.024644 
2747.276126 0.023311 
2745.959172 0.021747 
2744.642217 0.021206 
2743.325262 0.019961 
2742.008308 0.018305 
2740.691353 0.017715 
2739.374398 0.016618 
2738.057444 0.016379 
2736.740489 0.014947 
2735.423535 0.014947 
2734.106580 0.013279 
2732.789625 0.012335 
2731.472671 0.011616 
2730.155716 0.011616 
2728.838761 0.011616 
2727.521807 0.009990 
2726.204852 0.009952 
2724.887897 0.008768 
2723.570943 0.008288 
2722.253988 0.008288 
2720.937033 0.008288 
2719.620079 0.007957 
2718.303124 0.006628 
2716.986169 0.006628 
2715.669215 0.006080 
2714.352260 0.004968 
2713.035305 0.004968 
2711.718351 0.004968 
2710.401396 0.004968 
2709.084441 0.004968 
2707.767487 0.004085 
2706.450532 0.003308 
2705.133578 0.004527 
2703.816623 0.003308 
2702.499668 0.003308 
2701.182714 0.003308 
2699.865759 0.003308 
2698.548804 0.001656 
2697.231850 0.001656 
2695.914895 0.001656 
2694.597940 0.001656 
2693.280986 0.001656 
2691.964031 0.001656 
2690.647076 0.001656 
2689.330122 0.001656 
2688.013167 0.001656 
2686.696212 0.001656 
2685.379258 0.001656 
2684.062303 0.001656 
2682.745348 0.001656 
2681.428394 0.000377 
2680.111439 0.001344 
2678.794484 0.000929 
2677.477530 0.001656 
2676.160575 0.001656 
2674.843621 0.001656 
2673.526666 0.001656 
2672.209711 0.001656 
2670.892757 0.001656 
2669.575802 0.001656 
2668.258847 0.001656 
2666.941893 0.001656 
2665.624938 0.001656 
2664.307983 0.002635 
2662.991029 0.003308 
2661.674074 0.003308 
2660.357119 0.003308 
2659.040165 0.003407 
2657.723210 0.004968 
2656.406255 0.004968 
2655.089301 0.004968 
2653.772346 0.005756 
2652.455391 0.006628 
2651.138437 0.006628 
2649.821482 0.007588 
2648.504528 0.008288 
2647.187573 0.008810 
2645.870618 0.009952 
2644.553664 0.010028 
2643.236709 0.011616 
2641.919754 0.012914 
2640.602800 0.013279 
2639.285845 0.014136 
2637.968890 0.014947 
2636.651936 0.016618 
2635.334981 0.016618 
2634.018026 0.018259 
2632.701072 0.018846 
2631.384117 0.019961 
2630.067162 0.019961 
2628.750208 0.020715 
2627.433253 0.021636 
2626.116298 0.021945 
2624.799344 0.023311 
2623.482389 0.024838 
2622.165434 0.024990 
2620.848480 0.024990 
2619.531525 0.026616 
2618.214571 0.026669 
2616.897616 0.026669 
2615.580661 0.026871 
2614.263707 0.027617 
2612.946752 0.028074 
2611.629797 0.028348 
2610.312843 0.028348 
2608.995888 0.028348 
2607.678933 0.030035 
2606.361979 0.030035 
2605.045024 0.030035 
2603.728069 0.030035 
2602.411115 0.030035 
2601.094160 0.030035 
2599.777205 0.030035 
2598.460251 0.030035 
2597.143296 0.031718 
2595.826341 0.031718 
2594.509387 0.030218 
2593.192432 0.031718 
2591.875477 0.031718 
2590.558523 0.030103 
2589.241568 0.031048 
2587.924614 0.030035 
2586.607659 0.030035 
2585.290704 0.030035 
2583.973750 0.030035 
2582.656795 0.030035 
2581.339840 0.030035 
2580.022886 0.028390 
2578.705931 0.028348 
2577.388976 0.028348 
2576.072022 0.028348 
2574.755067 0.028348 
2573.438112 0.028348 
2572.121158 0.028348 
2570.804203 0.028348 
2569.487248 0.028348 
2568.170294 0.028348 
2566.853339 0.028348 
2565.536384 0.029974 
2564.219430 0.028874 
2562.902475 0.030035 
2561.585521 0.030035 
2560.268566 0.030762 
2558.951611 0.030317 
2557.634657 0.031718 
2556.317702 0.031718 
2555.000747 0.031718 
2553.683793 0.033404 
2552.366838 0.033404 
2551.049883 0.033404 
2549.732929 0.034025 
2548.415974 0.035091 
2547.099019 0.035091 
2545.782065 0.035875 
2544.465110 0.036781 
2543.148155 0.036781 
2541.831201 0.037744 
2540.514246 0.038472 
2539.197291 0.038472 
2537.880337 0.039522 
2536.563382 0.040166 
2535.246427 0.040166 
2533.929473 0.040166 
2532.612518 0.041860 
2531.295564 0.041860 
2529.978609 0.041860 
2528.661654 0.041860 
2527.344700 0.041860 
2526.027745 0.041860 
2524.710790 0.041860 
2523.393836 0.041860 
2522.076881 0.041822 
2520.759926 0.040166 
2519.442972 0.040166 
2518.126017 0.040025 
2516.809062 0.038472 
2515.492108 0.038472 
2514.175153 0.036781 
2512.858198 0.035765 
2511.541244 0.035091 
2510.224289 0.033404 
2508.907334 0.032235 
2507.590380 0.030035 
2506.273425 0.029315 
2504.956470 0.028348 
2503.639516 0.026399 
2502.322561 0.024990 
2501.005607 0.023490 
2499.688652 0.022919 
2498.371697 0.020585 
2497.054743 0.019961 
2495.737788 0.018290 
2494.420833 0.017155 
2493.103879 0.016458 
2491.786924 0.014947 
2490.469969 0.013595 
2489.153015 0.013009 
2487.836060 0.011616 
2486.519105 0.011616 
2485.202151 0.011121 
2483.885196 0.009952 
2482.568241 0.009952 
2481.251287 0.009952 
2479.934332 0.008722 
2478.617377 0.008288 
2477.300423 0.008288 
2475.983468 0.008288 
2474.666514 0.008288 
2473.349559 0.008288 
2472.032604 0.006689 
2470.715650 0.006628 
2469.398695 0.006628 
2468.081740 0.006628 
2466.764786 0.006628 
2465.447831 0.006628 
2464.130876 0.006628 
2462.813922 0.006628 
2461.496967 0.006628 
2460.180012 0.006628 
2458.863058 0.006628 
2457.546103 0.006628 
2456.229148 0.006628 
2454.912194 0.006628 
2453.595239 0.006628 
2452.278284 0.006628 
2450.961330 0.006628 
2449.644375 0.006628 
2448.327420 0.006628 
2447.010466 0.006628 
2445.693511 0.006628 
2444.376557 0.006628 
2443.059602 0.006628 
2441.742647 0.006628 
2440.425693 0.006628 
2439.108738 0.006628 
2437.791783 0.006628 
2436.474829 0.006628 
2435.157874 0.006628 
2433.840919 0.006628 
2432.523965 0.006628 
2431.207010 0.006628 
2429.890055 0.006628 
2428.573101 0.006583 
2427.256146 0.004968 
2425.939191 0.004968 
2424.622237 0.004968 
2423.305282 0.004968 
2421.988327 0.004968 
2420.671373 0.004968 
2419.354418 0.004968 
2418.037463 0.003537 
2416.720509 0.004504 
2415.403554 0.003308 
2414.086600 0.003308 
2412.769645 0.003308 
2411.452690 0.003308 
2410.135736 0.003308 
2408.818781 0.003308 
2407.501826 0.003308 
2406.184872 0.001656 
2404.867917 0.001656 
2403.550962 0.001656 
2402.234008 0.001656 
2400.917053 0.001656 
2399.600098 0.001656 
2398.283144 0.001656 
2396.966189 0.001656 
2395.649234 0.001656 
2394.332280 0.001656 
2393.015325 0.001656 
2391.698370 0.001656 
2390.381416 0.001656 
2389.064461 0.001656 
2387.747507 0.001656 
2386.430552 0.001656 
2385.113597 0.000145 
2383.796643 0.000990 
2382.479688 0.001325 
2381.162733 0.000000 
2379.845779 0.000838 
2378.528824 0.001656 
2377.211869 0.001656 
2375.894915 0.001656 
2374.577960 0.001656 
2373.261005 0.001656 
2371.944051 0.001656 
2370.627096 0.001656 
2369.310141 0.001656 
2367.993187 0.001656 
2366.676232 0.001656 
2365.359277 0.001656 
2364.042323 0.001656 
2362.725368 0.001656 
2361.408413 0.001656 
2360.091459 0.001656 
2358.774504 0.001656 
2357.457550 0.001656 
2356.140595 0.001656 
2354.823640 0.000868 
2353.506686 0.001313 
2352.189731 0.000346 
2350.872776 0.000784 
2349.555822 0.000000 
2348.238867 0.000000 
2346.921912 0.001062 
2345.604958 0.000008 
2344.288003 0.000000 
2342.971048 0.000000 
2341.654094 0.001416 
2340.337139 0.000765 
2339.020184 0.001656 
2337.703230 0.001656 
2336.386275 0.000712 
2335.069320 0.001542 
2333.752366 0.000457 
2332.435411 0.001656 
2331.118456 0.001656 
2329.801502 0.001656 
2328.484547 0.000472 
2327.167593 0.001656 
2325.850638 0.001656 
2324.533683 0.000221 
2323.216729 0.001317 
2321.899774 0.000994 
2320.582819 0.001656 
2319.265865 0.001656 
2317.948910 0.000579 
2316.631955 0.001656 
2315.315001 0.001656 
2313.998046 0.001656 
2312.681091 0.001656 
2311.364137 0.001656 
2310.047182 0.001656 
2308.730227 0.001656 
2307.413273 0.001656 
2306.096318 0.001656 
2304.779363 0.001656 
2303.462409 0.001656 
2302.145454 0.001656 
2300.828499 0.000971 
2299.511545 0.001306 
2298.194590 0.001656 
2296.877636 0.001656 
2295.560681 0.001656 
2294.243726 0.001656 
2292.926772 0.001656 
2291.609817 0.001656 
2290.292862 0.001656 
2288.975908 0.001656 
2287.658953 0.001656 
2286.341998 0.001656 
2285.025044 0.001656 
2283.708089 0.001656 
2282.391134 0.001656 
2281.074180 0.001656 
2279.757225 0.001656 
2278.440270 0.002745 
2277.123316 0.003308 
2275.806361 0.003308 
2274.489406 0.003308 
2273.172452 0.003308 
2271.855497 0.003308 
2270.538543 0.003308 
2269.221588 0.003308 
2267.904633 0.003308 
2266.587679 0.004824 
2265.270724 0.004968 
2263.953769 0.004968 
2262.636815 0.004968 
2261.319860 0.004968 
2260.002905 0.004968 
2258.685951 0.004968 
2257.368996 0.005764 
2256.052041 0.006628 
2254.735087 0.006628 
2253.418132 0.006628 
2252.101177 0.006628 
2250.784223 0.006628 
2249.467268 0.006628 
2248.150313 0.008288 
2246.833359 0.008288 
2245.516404 0.008288 
2244.199449 0.008288 
2242.882495 0.008288 
2241.565540 0.008288 
2240.248586 0.008288 
2238.931631 0.008288 
2237.614676 0.008288 
2236.297722 0.008288 
2234.980767 0.008288 
2233.663812 0.008288 
2232.346858 0.008288 
2231.029903 0.008288 
2229.712948 0.008288 
2228.395994 0.008288 
2227.079039 0.008288 
2225.762084 0.008288 
2224.445130 0.007264 
2223.128175 0.008243 
2221.811220 0.006628 
2220.494266 0.006628 
2219.177311 0.006628 
2217.860356 0.006628 
2216.543402 0.005231 
2215.226447 0.004968 
2213.909492 0.004968 
2212.592538 0.004968 
2211.275583 0.004968 
2209.958629 0.003902 
2208.641674 0.003308 
2207.324719 0.003308 
2206.007765 0.003308 
2204.690810 0.003308 
2203.373855 0.002528 
2202.056901 0.001656 
2200.739946 0.001656 
2199.422991 0.001656 
2198.106037 0.001656 
2196.789082 0.001656 
2195.472127 0.001656 
2194.155173 0.001656 
2192.838218 0.001656 
2191.521263 0.001656 
2190.204309 0.001656 
2188.887354 0.001656 
2187.570399 0.001656 
2186.253445 0.001656 
2184.936490 0.001656 
2183.619536 0.001656 
2182.302581 0.001656 
2180.985626 0.001656 
2179.668672 0.001656 
2178.351717 0.001656 
2177.034762 0.001656 
2175.717808 0.001656 
2174.400853 0.001656 
2173.083898 0.001656 
2171.766944 0.001656 
2170.449989 0.001656 
2169.133034 0.001656 
2167.816080 0.001656 
2166.499125 0.001656 
2165.182170 0.001656 
2163.865216 0.000937 
2162.548261 0.000000 
2161.231306 0.001656 
2159.914352 0.001656 
2158.597397 0.001656 
2157.280442 0.001656 
2155.963488 0.001656 
2154.646533 0.000076 
2153.329579 0.001656 
2152.012624 0.001656 
2150.695669 0.001656 
2149.378715 0.001656 
2148.061760 0.001656 
2146.744805 0.000286 
2145.427851 0.001656 
2144.110896 0.001656 
2142.793941 0.001656 
2141.476987 0.001656 
2140.160032 0.001656 
2138.843077 0.001656 
2137.526123 0.001656 
2136.209168 0.001656 
2134.892213 0.001656 
2133.575259 0.001656 
2132.258304 0.001656 
2130.941349 0.001656 
2129.624395 0.001656 
2128.307440 0.001656 
2126.990485 0.001656 
2125.673531 0.001656 
2124.356576 0.001656 
2123.039622 0.001656 
2121.722667 0.001656 
2120.405712 0.001656 
2119.088758 0.001656 
2117.771803 0.001656 
2116.454848 0.001656 
2115.137894 0.001656 
2113.820939 0.000514 
2112.503984 0.001656 
2111.187030 0.001633 
2109.870075 0.000000 
2108.553120 0.001237 
2107.236166 0.001386 
2105.919211 0.000000 
2104.602256 0.001489 
2103.285302 0.000000 
2101.968347 0.000000 
2100.651392 0.000000 
2099.334438 0.000000 
2098.017483 0.001131 
2096.700529 0.000000 
2095.383574 0.000689 
2094.066619 0.000308 
2092.749665 0.001656 
2091.432710 0.001656 
2090.115755 0.001656 
2088.798801 0.001656 
2087.481846 0.001656 
2086.164891 0.001656 
2084.847937 0.001656 
2083.530982 0.001656 
2082.214027 0.001656 
2080.897073 0.001656 
2079.580118 0.001656 
2078.263163 0.001656 
2076.946209 0.002570 
2075.629254 0.003308 
2074.312299 0.003308 
2072.995345 0.003308 
2071.678390 0.003308 
2070.361435 0.003933 
2069.044481 0.004968 
2067.727526 0.004968 
2066.410572 0.004968 
2065.093617 0.004968 
2063.776662 0.004968 
2062.459708 0.005966 
2061.142753 0.006628 
2059.825798 0.006628 
2058.508844 0.006628 
2057.191889 0.006644 
2055.874934 0.008288 
2054.557980 0.008288 
2053.241025 0.008288 
2051.924070 0.008288 
2050.607116 0.009754 
2049.290161 0.009952 
2047.973206 0.009952 
2046.656252 0.009952 
2045.339297 0.009952 
2044.022342 0.009952 
2042.705388 0.010108 
2041.388433 0.010930 
2040.071478 0.009952 
2038.754524 0.009952 
2037.437569 0.009952 
2036.120615 0.009952 
2034.803660 0.009952 
2033.486705 0.009952 
2032.169751 0.009952 
2030.852796 0.009952 
2029.535841 0.009952 
2028.218887 0.008288 
2026.901932 0.008288 
2025.584977 0.008288 
2024.268023 0.008045 
2022.951068 0.006628 
2021.634113 0.006628 
2020.317159 0.006160 
2019.000204 0.004968 
2017.683249 0.004968 
2016.366295 0.004968 
2015.049340 0.004968 
2013.732385 0.004843 
2012.415431 0.003308 
2011.098476 0.003308 
2009.781522 0.003308 
2008.464567 0.003308 
2007.147612 0.003308 
2005.830658 0.003308 
2004.513703 0.003308 
2003.196748 0.001656 
2001.879794 0.001656 
2000.562839 0.001656 
1999.245884 0.001656 
1997.928930 0.001656 
1996.611975 0.001656 
1995.295020 0.001656 
1993.978066 0.001656 
1992.661111 0.001656 
1991.344156 0.001656 
1990.027202 0.001656 
1988.710247 0.001656 
1987.393292 0.001656 
1986.076338 0.001656 
1984.759383 0.001656 
1983.442428 0.001656 
1982.125474 0.001656 
1980.808519 0.001656 
1979.491565 0.001656 
1978.174610 0.001656 
1976.857655 0.001656 
1975.540701 0.001656 
1974.223746 0.001656 
1972.906791 0.001656 
1971.589837 0.001656 
1970.272882 0.001656 
1968.955927 0.001656 
1967.638973 0.001656 
1966.322018 0.001656 
1965.005063 0.000670 
1963.688109 0.000019 
1962.371154 0.001656 
1961.054199 0.001656 
1959.737245 0.001656 
1958.420290 0.001656 
1957.103335 0.001656 
1955.786381 0.001656 
1954.469426 0.001656 
1953.152471 0.001656 
1951.835517 0.001656 
1950.518562 0.001656 
1949.201608 0.001656 
1947.884653 0.001656 
1946.567698 0.001656 
1945.250744 0.001656 
1943.933789 0.001656 
1942.616834 0.001656 
1941.299880 0.001656 
1939.982925 0.001656 
1938.665970 0.001656 
1937.349016 0.001656 
1936.032061 0.001656 
1934.715106 0.001656 
1933.398152 0.001656 
1932.081197 0.001656 
1930.764242 0.001656 
1929.447288 0.001656 
1928.130333 0.001656 
1926.813378 0.001656 
1925.496424 0.001656 
1924.179469 0.001656 
1922.862515 0.001656 
1921.545560 0.001656 
1920.228605 0.001656 
1918.911651 0.001656 
1917.594696 0.001656 
1916.277741 0.001656 
1914.960787 0.001656 
1913.643832 0.001656 
1912.326877 0.001656 
1911.009923 0.000678 
1909.692968 0.001656 
1908.376013 0.001656 
1907.059059 0.000476 
1905.742104 0.001656 
1904.425149 0.001656 
1903.108195 0.001656 
1901.791240 0.001656 
1900.474285 0.001656 
1899.157331 0.001656 
1897.840376 0.001656 
1896.523421 0.001656 
1895.206467 0.001656 
1893.889512 0.001656 
1892.572558 0.000453 
1891.255603 0.001656 
1889.938648 0.001656 
1888.621694 0.001656 
1887.304739 0.001656 
1885.987784 0.001656 
1884.670830 0.001656 
1883.353875 0.001656 
1882.036920 0.000560 
1880.719966 0.001622 
1879.403011 0.001656 
1878.086056 0.001656 
1876.769102 0.001656 
1875.452147 0.001656 
1874.135192 0.001656 
1872.818238 0.000335 
1871.501283 0.001656 
1870.184328 0.001656 
1868.867374 0.001104 
1867.550419 0.001077 
1866.233464 0.001656 
1864.916510 0.001656 
1863.599555 0.001656 
1862.282601 0.001656 
1860.965646 0.001656 
1859.648691 0.001656 
1858.331737 0.001656 
1857.014782 0.001656 
1855.697827 0.001656 
1854.380873 0.001656 
1853.063918 0.001656 
1851.746963 0.001656 
1850.430009 0.001656 
1849.113054 0.001656 
1847.796099 0.001656 
1846.479145 0.001656 
1845.162190 0.001656 
1843.845235 0.001656 
1842.528281 0.001656 
1841.211326 0.001656 
1839.894371 0.001656 
1838.577417 0.001656 
1837.260462 0.001656 
1835.943508 0.001656 
1834.626553 0.001656 
1833.309598 0.001656 
1831.992644 0.001656 
1830.675689 0.001656 
1829.358734 0.001656 
1828.041780 0.001656 
1826.724825 0.001656 
1825.407870 0.001656 
1824.090916 0.001656 
1822.773961 0.001656 
1821.457006 0.001656 
1820.140052 0.001656 
1818.823097 0.001656 
1817.506142 0.001656 
1816.189188 0.001656 
1814.872233 0.001656 
1813.555278 0.001656 
1812.238324 0.001656 
1810.921369 0.001656 
1809.604414 0.001656 
1808.287460 0.001656 
1806.970505 0.002444 
1805.653551 0.001911 
1804.336596 0.003308 
1803.019641 0.003308 
1801.702687 0.001827 
1800.385732 0.003308 
1799.068777 0.003308 
1797.751823 0.003308 
1796.434868 0.003308 
1795.117913 0.002018 
1793.800959 0.003308 
1792.484004 0.003308 
1791.167049 0.003308 
1789.850095 0.003308 
1788.533140 0.003308 
1787.216185 0.003308 
1785.899231 0.003308 
1784.582276 0.003308 
1783.265321 0.003308 
1781.948367 0.003308 
1780.631412 0.003308 
1779.314457 0.003308 
1777.997503 0.003308 
1776.680548 0.003308 
1775.363594 0.003308 
1774.046639 0.003308 
1772.729684 0.003308 
1771.412730 0.003308 
1770.095775 0.003308 
1768.778820 0.003308 
1767.461866 0.003308 
1766.144911 0.003308 
1764.827956 0.003308 
1763.511002 0.003308 
1762.194047 0.003308 
1760.877092 0.003308 
1759.560138 0.003308 
1758.243183 0.003308 
1756.926228 0.003308 
1755.609274 0.003308 
1754.292319 0.003308 
1752.975364 0.003308 
1751.658410 0.003308 
1750.341455 0.003308 
1749.024501 0.003308 
1747.707546 0.003308 
1746.390591 0.003308 
1745.073637 0.003308 
1743.756682 0.003308 
1742.439727 0.003308 
1741.122773 0.003308 
1739.805818 0.003308 
1738.488863 0.003308 
1737.171909 0.003308 
1735.854954 0.003308 
1734.537999 0.003308 
1733.221045 0.003308 
1731.904090 0.003308 
1730.587135 0.003308 
1729.270181 0.003358 
1727.953226 0.004968 
1726.636271 0.004968 
1725.319317 0.004820 
1724.002362 0.004135 
1722.685407 0.004968 
1721.368453 0.004968 
1720.051498 0.004968 
1718.734544 0.004968 
1717.417589 0.003830 
1716.100634 0.004968 
1714.783680 0.004968 
1713.466725 0.004968 
1712.149770 0.004968 
1710.832816 0.004968 
1709.515861 0.004968 
1708.198906 0.004968 
1706.881952 0.004968 
1705.564997 0.004968 
1704.248042 0.004968 
1702.931088 0.005581 
1701.614133 0.005490 
1700.297178 0.004968 
1698.980224 0.005665 
1697.663269 0.006628 
1696.346314 0.004968 
1695.029360 0.004968 
1693.712405 0.004968 
1692.395450 0.006628 
1691.078496 0.006628 
1689.761541 0.006628 
1688.444587 0.006628 
1687.127632 0.006628 
1685.810677 0.006480 
1684.493723 0.005718 
1683.176768 0.006628 
1681.859813 0.006628 
1680.542859 0.006628 
1679.225904 0.006628 
1677.908949 0.006628 
1676.591995 0.006628 
1675.275040 0.006670 
1673.958085 0.007656 
1672.641131 0.006628 
1671.324176 0.006769 
1670.007221 0.008288 
1668.690267 0.008288 
1667.373312 0.008288 
1666.056357 0.008288 
1664.739403 0.008288 
1663.422448 0.008288 
1662.105493 0.008288 
1660.788539 0.008288 
1659.471584 0.008288 
1658.154630 0.008288 
1656.837675 0.009952 
1655.520720 0.009156 
1654.203766 0.008288 
1652.886811 0.008684 
1651.569856 0.009952 
1650.252902 0.009952 
1648.935947 0.009952 
1647.618992 0.009952 
1646.302038 0.009952 
1644.985083 0.010641 
1643.668128 0.010264 
1642.351174 0.011616 
1641.034219 0.011616 
1639.717264 0.011616 
1638.400310 0.011616 
1637.083355 0.011616 
1635.766400 0.011616 
1634.449446 0.011616 
1633.132491 0.011616 
1631.815537 0.013279 
1630.498582 0.013279 
1629.181627 0.013279 
1627.864673 0.013279 
1626.547718 0.013279 
1625.230763 0.013279 
1623.913809 0.013279 
1622.596854 0.013279 
1621.279899 0.013314 
1619.962945 0.014947 
1618.645990 0.014947 
1617.329035 0.013413 
1616.012081 0.014947 
1614.695126 0.014947 
1613.378171 0.014947 
1612.061217 0.014947 
1610.744262 0.014947 
1609.427307 0.015404 
1608.110353 0.016618 
1606.793398 0.016607 
1605.476443 0.015655 
1604.159489 0.016618 
1602.842534 0.016618 
1601.525580 0.016618 
1600.208625 0.016618 
1598.891670 0.016965 
1597.574716 0.018290 
1596.257761 0.018290 
1594.940806 0.018290 
1593.623852 0.018290 
1592.306897 0.018290 
1590.989942 0.018290 
1589.672988 0.018290 
1588.356033 0.018530 
1587.039078 0.019961 
1585.722124 0.019961 
1584.405169 0.019961 
1583.088214 0.019961 
1581.771260 0.019961 
1580.454305 0.020540 
1579.137350 0.020525 
1577.820396 0.021503 
1576.503441 0.020700 
1575.186486 0.021636 
1573.869532 0.021636 
1572.552577 0.021636 
1571.235623 0.023083 
1569.918668 0.023311 
1568.601713 0.023311 
1567.284759 0.023311 
1565.967804 0.023311 
1564.650849 0.023311 
1563.333895 0.024990 
1562.016940 0.024990 
1560.699985 0.023646 
1559.383031 0.024990 
1558.066076 0.024990 
1556.749121 0.026578 
1555.432167 0.026220 
1554.115212 0.026083 
1552.798257 0.026669 
1551.481303 0.026669 
1550.164348 0.026669 
1548.847393 0.026924 
1547.530439 0.028348 
1546.213484 0.028348 
1544.896530 0.028348 
1543.579575 0.029323 
1542.262620 0.030035 
1540.945666 0.030035 
1539.628711 0.030035 
1538.311756 0.031699 
1536.994802 0.031718 
1535.677847 0.031718 
1534.360892 0.031954 
1533.043938 0.033404 
1531.726983 0.034878 
1530.410028 0.035449 
1529.093074 0.036781 
1527.776119 0.036781 
1526.459164 0.038472 
1525.142210 0.039587 
1523.825255 0.041860 
1522.508300 0.041860 
1521.191346 0.043196 
1519.874391 0.045492 
1518.557436 0.047883 
1517.240482 0.050122 
1515.923527 0.052539 
1514.606573 0.054789 
1513.289618 0.058928 
1511.972663 0.061185 
1510.655709 0.063569 
1509.338754 0.067604 
1508.021799 0.069942 
1506.704845 0.072318 
1505.387890 0.076349 
1504.070935 0.079700 
1502.753981 0.082966 
1501.437026 0.085266 
1500.120071 0.088799 
1498.803117 0.091784 
1497.486162 0.094144 
1496.169207 0.097849 
1494.852253 0.100643 
1493.535298 0.103125 
1492.218343 0.106822 
1490.901389 0.110062 
1489.584434 0.114924 
1488.267479 0.119751 
1486.950525 0.125036 
1485.633570 0.131287 
1484.316616 0.137778 
1482.999661 0.143630 
1481.682706 0.149470 
1480.365752 0.154610 
1479.048797 0.159399 
1477.731842 0.162955 
1476.414888 0.165045 
1475.097933 0.165045 
1473.780978 0.163370 
1472.464024 0.163222 
1471.147069 0.163222 
1469.830114 0.163347 
1468.513160 0.165754 
1467.196205 0.168304 
1465.879250 0.172370 
1464.562296 0.174156 
1463.245341 0.176044 
1461.928386 0.177887 
1460.611432 0.178972 
1459.294477 0.177887 
1457.977523 0.177293 
1456.660568 0.176044 
1455.343613 0.174103 
1454.026659 0.172370 
1452.709704 0.170920 
1451.392749 0.168704 
1450.075795 0.168704 
1448.758840 0.168704 
1447.441885 0.168704 
1446.124931 0.168704 
1444.807976 0.168704 
1443.491021 0.167448 
1442.174067 0.163721 
1440.857112 0.159316 
1439.540157 0.152455 
1438.223203 0.146284 
1436.906248 0.140767 
1435.589293 0.136948 
1434.272339 0.134420 
1432.955384 0.131995 
1431.638429 0.129509 
1430.321475 0.128904 
1429.004520 0.127118 
1427.687566 0.127118 
1426.370611 0.125333 
1425.053656 0.125333 
1423.736702 0.123821 
1422.419747 0.123551 
1421.102792 0.123551 
1419.785838 0.121921 
1418.468883 0.121312 
1417.151928 0.119991 
1415.834974 0.119877 
1414.518019 0.118213 
1413.201064 0.116835 
1411.884110 0.114665 
1410.567155 0.113812 
1409.250200 0.111391 
1407.933246 0.109030 
1406.616291 0.106563 
1405.299336 0.102657 
1403.982382 0.099992 
1402.665427 0.096569 
1401.348472 0.093356 
1400.031518 0.089324 
1398.714563 0.085559 
1397.397609 0.082673 
1396.080654 0.077796 
1394.763699 0.073239 
1393.446745 0.070071 
1392.129790 0.066515 
1390.812835 0.062388 
1389.495881 0.059579 
1388.178926 0.056015 
1386.861971 0.053704 
1385.545017 0.051290 
1384.228062 0.049048 
1382.911107 0.046638 
1381.594153 0.044396 
1380.277198 0.042005 
1378.960243 0.041453 
1377.643289 0.039119 
1376.326334 0.036827 
1375.009379 0.035091 
1373.692425 0.033899 
1372.375470 0.033195 
1371.058516 0.031718 
1369.741561 0.030301 
1368.424606 0.030035 
1367.107652 0.029114 
1365.790697 0.028348 
1364.473742 0.028348 
1363.156788 0.028348 
1361.839833 0.029966 
1360.522878 0.030035 
1359.205924 0.030035 
1357.888969 0.030035 
1356.572014 0.030035 
1355.255060 0.028611 
1353.938105 0.028348 
1352.621150 0.028348 
1351.304196 0.026844 
1349.987241 0.026669 
1348.670286 0.026669 
1347.353332 0.024990 
1346.036377 0.024990 
1344.719422 0.024990 
1343.402468 0.024990 
1342.085513 0.024990 
1340.768559 0.023593 
1339.451604 0.023311 
1338.134649 0.022363 
1336.817695 0.021636 
1335.500740 0.021134 
1334.183785 0.019961 
1332.866831 0.019961 
1331.549876 0.019310 
1330.232921 0.018290 
1328.915967 0.018290 
1327.599012 0.018290 
1326.282057 0.016771 
1324.965103 0.016618 
1323.648148 0.016618 
1322.331193 0.016618 
1321.014239 0.016089 
1319.697284 0.014947 
1318.380329 0.014947 
1317.063375 0.014947 
1315.746420 0.014947 
1314.429465 0.014661 
1313.112511 0.013279 
1311.795556 0.013279 
1310.478602 0.013279 
1309.161647 0.013279 
1307.844692 0.013279 
1306.527738 0.013279 
1305.210783 0.013279 
1303.893828 0.011616 
1302.576874 0.011616 
1301.259919 0.011616 
1299.942964 0.011616 
1298.626010 0.011616 
1297.309055 0.011616 
1295.992100 0.011616 
1294.675146 0.011616 
1293.358191 0.011616 
1292.041236 0.011616 
1290.724282 0.011616 
1289.407327 0.009952 
1288.090372 0.009952 
1286.773418 0.009952 
1285.456463 0.009952 
1284.139509 0.009952 
1282.822554 0.009952 
1281.505599 0.009952 
1280.188645 0.009952 
1278.871690 0.009906 
1277.554735 0.008288 
1276.237781 0.008288 
1274.920826 0.008288 
1273.603871 0.008288 
1272.286917 0.008288 
1270.969962 0.008288 
1269.653007 0.008288 
1268.336053 0.006689 
1267.019098 0.008288 
1265.702143 0.007131 
1264.385189 0.006628 
1263.068234 0.006628 
1261.751279 0.006628 
1260.434325 0.006628 
1259.117370 0.007428 
1257.800415 0.006815 
1256.483461 0.006628 
1255.166506 0.006628 
1253.849552 0.006628 
1252.532597 0.006628 
1251.215642 0.006628 
1249.898688 0.006628 
1248.581733 0.005935 
1247.264778 0.004968 
1245.947824 0.004968 
1244.630869 0.004968 
1243.313914 0.004968 
1241.996960 0.004968 
1240.680005 0.004968 
1239.363050 0.003369 
1238.046096 0.004382 
1236.729141 0.003308 
1235.412186 0.003308 
1234.095232 0.003308 
1232.778277 0.003308 
1231.461322 0.003308 
1230.144368 0.003308 
1228.827413 0.003308 
1227.510458 0.003308 
1226.193504 0.003308 
1224.876549 0.003270 
1223.559595 0.002281 
1222.242640 0.002056 
1220.925685 0.001656 
1219.608731 0.001656 
1218.291776 0.001656 
1216.974821 0.001656 
1215.657867 0.001656 
1214.340912 0.001656 
1213.023957 0.001656 
1211.707003 0.001656 
1210.390048 0.001656 
1209.073093 0.001656 
1207.756139 0.001656 
1206.439184 0.001656 
1205.122229 0.001656 
1203.805275 0.001656 
1202.488320 0.001656 
1201.171365 0.001656 
1199.854411 0.001656 
1198.537456 0.001656 
1197.220502 0.001656 
1195.903547 0.000160 
1194.586592 0.001656 
1193.269638 0.001656 
1191.952683 0.000244 
1190.635728 0.000803 
1189.318774 0.000000 
1188.001819 0.000365 
1186.684864 0.001656 
1185.367910 0.001656 
1184.050955 0.001656 
1182.734000 0.001656 
1181.417046 0.001656 
1180.100091 0.001656 
1178.783136 0.001656 
1177.466182 0.001656 
1176.149227 0.001656 
1174.832272 0.001656 
1173.515318 0.001656 
1172.198363 0.001656 
1170.881408 0.003308 
1169.564454 0.003308 
1168.247499 0.004512 
1166.930545 0.005098 
1165.613590 0.006628 
1164.296635 0.007961 
1162.979681 0.008654 
1161.662726 0.009952 
1160.345771 0.009952 
1159.028817 0.009952 
1157.711862 0.009952 
1156.394907 0.009952 
1155.077953 0.009952 
1153.760998 0.009952 
1152.444043 0.008288 
1151.127089 0.009076 
1149.810134 0.011414 
1148.493179 0.013626 
1147.176225 0.017863 
1145.859270 0.023113 
1144.542315 0.031482 
1143.225361 0.039659 
1141.908406 0.048603 
1140.591451 0.059997 
1139.274497 0.067802 
1137.957542 0.075139 
1136.640588 0.082258 
1135.323633 0.086336 
1134.006678 0.090417 
1132.689724 0.092854 
1131.372769 0.093535 
1130.055814 0.093535 
1128.738860 0.092381 
1127.421905 0.090040 
1126.104950 0.089351 
1124.787996 0.088296 
1123.471041 0.086301 
1122.154086 0.083861 
1120.837132 0.081573 
1119.520177 0.079113 
1118.203222 0.076829 
1116.886268 0.074377 
1115.569313 0.072101 
1114.252358 0.068465 
1112.935404 0.065666 
1111.618449 0.062602 
1110.301494 0.059255 
1108.984540 0.053339 
1107.667585 0.047643 
1106.350631 0.040451 
1105.033676 0.035434 
1103.716721 0.028447 
1102.399767 0.021636 
1101.082812 0.017113 
1099.765857 0.012503 
1098.448903 0.009762 
1097.131948 0.005852 
1095.814993 0.004968 
1094.498039 0.002973 
1093.181084 0.001656 
1091.864129 0.001656 
1090.547175 0.001656 
1089.230220 0.000548 
1087.913265 0.001633 
1086.596311 0.000986 
1085.279356 0.000000 
1083.962401 0.001656 
1082.645447 0.001656 
1081.328492 0.001656 
1080.011538 0.001656 
1078.694583 0.002657 
1077.377628 0.003308 
1076.060674 0.003308 
1074.743719 0.004397 
1073.426764 0.004968 
1072.109810 0.004968 
1070.792855 0.006274 
1069.475900 0.006628 
1068.158946 0.008258 
1066.841991 0.009952 
1065.525036 0.011939 
1064.208082 0.013279 
1062.891127 0.014962 
1061.574172 0.017163 
1060.257218 0.020681 
1058.940263 0.025291 
1057.623308 0.032152 
1056.306354 0.043158 
1054.989399 0.059522 
1053.672444 0.087162 
1052.355490 0.119428 
1051.038535 0.161410 
1049.721581 0.211189 
1048.404626 0.264641 
1047.087671 0.320782 
1045.770717 0.378564 
1044.453762 0.434160 
1043.136807 0.489818 
1041.819853 0.541550 
1040.502898 0.597751 
1039.185943 0.649267 
1037.868989 0.701783 
1036.552034 0.751524 
1035.235079 0.800637 
1033.918125 0.846783 
1032.601170 0.889336 
1031.284215 0.924960 
1029.967261 0.958106 
1028.650306 0.980252 
1027.333351 0.996193 
1026.016397 1.000000 
1024.699442 0.992504 
1023.382487 0.972029 
1022.065533 0.934947 
1020.748578 0.881604 
1019.431624 0.813463 
1018.114669 0.737544 
1016.797714 0.651277 
1015.480760 0.570835 
1014.163805 0.493267 
1012.846850 0.428118 
1011.529896 0.375164 
1010.212941 0.331781 
1008.895986 0.296687 
1007.579032 0.263831 
1006.262077 0.234481 
1004.945122 0.206586 
1003.628168 0.180598 
1002.311213 0.152916 
1000.994258 0.128603 
999.677304 0.104606 
998.360349 0.083442 
997.043394 0.065065 
995.726440 0.051035 
994.409485 0.037093 
993.092531 0.028367 
991.775576 0.021495 
990.458621 0.014840 
989.141667 0.011863 
987.824712 0.008627 
986.507757 0.006366 
985.190803 0.004097 
983.873848 0.003308 
982.556893 0.002890 
981.239939 0.001656 
979.922984 0.001656 
978.606029 0.001656 
977.289075 0.001656 
975.972120 0.001656 
974.655165 0.001656 
973.338211 0.001656 
972.021256 0.001367 
970.704301 0.000898 
969.387347 0.000152 
968.070392 0.000461 
966.753437 0.001656 
965.436483 0.001656 
964.119528 0.001656 
962.802574 0.001656 
961.485619 0.001656 
960.168664 0.001656 
958.851710 0.001656 
957.534755 0.001656 
956.217800 0.002589 
954.900846 0.003308 
953.583891 0.003308 
952.266936 0.003308 
950.949982 0.003343 
949.633027 0.004968 
948.316072 0.004968 
946.999118 0.004968 
945.682163 0.004968 
944.365208 0.004968 
943.048254 0.006628 
941.731299 0.006628 
940.414344 0.006628 
939.097390 0.007150 
937.780435 0.008288 
936.463480 0.008288 
935.146526 0.008970 
933.829571 0.008665 
932.512617 0.009952 
931.195662 0.009952 
929.878707 0.009952 
928.561753 0.011616 
927.244798 0.011616 
925.927843 0.013230 
924.610889 0.013279 
923.293934 0.013279 
921.976979 0.014947 
920.660025 0.014947 
919.343070 0.014947 
918.026115 0.016618 
916.709161 0.016618 
915.392206 0.018111 
914.075251 0.018290 
912.758297 0.018290 
911.441342 0.019942 
910.124387 0.019961 
908.807433 0.021168 
907.490478 0.021773 
906.173524 0.023311 
904.856569 0.023311 
903.539614 0.023311 
902.222660 0.024233 
900.905705 0.024990 
899.588750 0.026669 
898.271796 0.026669 
896.954841 0.026677 
895.637886 0.028348 
894.320932 0.029593 
893.003977 0.030035 
891.687022 0.030035 
890.370068 0.031440 
889.053113 0.032060 
887.736158 0.033404 
886.419204 0.033404 
885.102249 0.035091 
883.785294 0.035091 
882.468340 0.036781 
881.151385 0.037448 
879.834430 0.038472 
878.517476 0.038685 
877.200521 0.040166 
875.883567 0.041624 
874.566612 0.041860 
873.249657 0.041860 
871.932703 0.043482 
870.615748 0.043558 
869.298793 0.044715 
867.981839 0.045340 
866.664884 0.046958 
865.347929 0.046958 
864.030975 0.048660 
862.714020 0.048660 
861.397065 0.050152 
860.080111 0.050769 
858.763156 0.052067 
857.446201 0.052067 
856.129247 0.052067 
854.812292 0.053274 
853.495337 0.053891 
852.178383 0.055486 
850.861428 0.055486 
849.544473 0.057195 
848.227519 0.057195 
846.910564 0.058730 
845.593610 0.058909 
844.276655 0.059986 
842.959700 0.060622 
841.642746 0.060622 
840.325791 0.061863 
839.008836 0.062499 
837.691882 0.063272 
836.374927 0.063748 
835.057972 0.064380 
833.741018 0.065777 
832.424063 0.065777 
831.107108 0.066264 
829.790154 0.067498 
828.473199 0.067528 
827.156244 0.069218 
825.839290 0.069218 
824.522335 0.069409 
823.205380 0.070943 
821.888426 0.070943 
820.571471 0.072672 
819.254517 0.073661 
817.937562 0.072774 
816.620607 0.074400 
815.303653 0.074400 
813.986698 0.076132 
812.669743 0.076132 
811.352789 0.076132 
810.035834 0.077865 
808.718879 0.077865 
807.401925 0.079357 
806.084970 0.079597 
804.768015 0.079597 
803.451061 0.081257 
802.134106 0.081333 
800.817151 0.082532 
799.500197 0.083069 
798.183242 0.083069 
796.866287 0.084436 
795.549333 0.084809 
794.232378 0.085711 
792.915423 0.086553 
791.598469 0.086987 
790.281514 0.088296 
788.964560 0.088296 
787.647605 0.088894 
786.330650 0.090040 
785.013696 0.091788 
783.696741 0.091788 
782.379786 0.091788 
781.062832 0.092088 
779.745877 0.093535 
778.428922 0.095107 
777.111968 0.095286 
775.795013 0.095286 
774.478058 0.097038 
773.161104 0.097677 
771.844149 0.098793 
770.527194 0.098793 
769.210240 0.098793 
767.893285 0.100236 
766.576330 0.100548 
765.259376 0.101519 
763.942421 0.102307 
762.625466 0.102809 
761.308512 0.104066 
759.991557 0.104100 
758.674603 0.105828 
757.357648 0.105828 
756.040693 0.107591 
754.723739 0.107591 
753.406784 0.107591 
752.089829 0.109358 
750.772875 0.109358 
749.455920 0.111021 
748.138965 0.111124 
746.822011 0.111124 
745.505056 0.112895 
744.188101 0.112895 
742.871147 0.114258 
741.554192 0.114665 
740.237237 0.114665 
738.920283 0.116199 
737.603328 0.116439 
736.286373 0.117497 
734.969419 0.116511 
733.652464 0.117022 
732.335510 0.118213 
731.018555 0.119991 
729.701600 0.119991 
728.384646 0.119991 
727.067691 0.120269 
725.750736 0.121769 
724.433782 0.121769 
723.116827 0.121769 
721.799872 0.121769 
720.482918 0.123509 
719.165963 0.123551 
717.849008 0.123551 
716.532054 0.125333 
715.215099 0.125333 
713.898144 0.125333 
712.581190 0.125333 
711.264235 0.125333 
709.947280 0.126939 
708.630326 0.127118 
707.313371 0.127118 
705.996416 0.127118 
704.679462 0.127118 
703.362507 0.127118 
702.045553 0.128729 
700.728598 0.127118 
699.411643 0.128603 
698.094689 0.128904 
696.777734 0.127906 
695.460779 0.128771 
694.143825 0.128904 
692.826870 0.127739 
691.509915 0.127118 
690.192961 0.127118 
688.876006 0.127118 
687.559051 0.127118 
686.242097 0.126258 
684.925142 0.125333 
683.608187 0.125333 
682.291233 0.124297 
680.974278 0.125234 
679.657323 0.124183 
678.340369 0.122850 
677.023414 0.122146 
675.706459 0.121145 
674.389505 0.119154 
673.072550 0.118213 
671.755596 0.116881 
670.438641 0.116203 
669.121686 0.114657 
667.804732 0.114033 
666.487777 0.112506 
665.170822 0.110839 
663.853868 0.109449 
662.536913 0.107504 
661.219958 0.106415 
659.903004 0.104473 
658.586049 0.103281 
657.269094 0.101294 
655.952140 0.100076 
654.635185 0.098256 
653.318230 0.096798 
652.001276 0.095161 
650.684321 0.093116 
649.367366 0.091163 
648.050412 0.090097 
646.733457 0.088117 
645.416503 0.086176 
644.099548 0.084398 
642.782593 0.083126 
641.465639 0.081146 
640.148684 0.079464 
638.831729 0.078127 
637.514775 0.076140 
636.197820 0.074233 
634.880865 0.072333 
633.563911 0.071134 
632.246956 0.069230 
630.930001 0.067395 
629.613047 0.065651 
628.296092 0.064939 
626.979137 0.062746 
625.662183 0.061281 
624.345228 0.060001 
623.028273 0.057934 
621.711319 0.056377 
620.394364 0.055113 
619.077409 0.054363 
617.760455 0.052928 
616.443500 0.051584 
615.126546 0.050750 
613.809591 0.049436 
612.492636 0.048028 
611.175682 0.046398 
609.858727 0.045523 
608.541772 0.045481 
607.224818 0.043646 
605.907863 0.042918 
604.590908 0.040672 
603.273954 0.040326 
601.956999 0.039012 
600.640044 0.038194 
599.323090 0.036599 
598.006135 0.035711 
596.689180 0.035251 
595.372226 0.034246 
594.055271 0.033477 
592.738316 0.032232 
591.421362 0.031824 
590.104407 0.030576 
588.787452 0.029650 
587.470498 0.028809 
586.153543 0.027625 
584.836589 0.026635 
583.519634 0.025866 
582.202679 0.025314 
580.885725 0.024347 
579.568770 0.023144 
578.251815 0.023159 
576.934861 0.023007 
575.617906 0.021050 
574.300951 0.020707 
572.983997 0.019603 
571.667042 0.018914 
570.350087 0.017993 
569.033133 0.017635 
567.716178 0.017311 
566.399223 0.016325 
565.082269 0.015826 
563.765314 0.015080 
562.448359 0.014296 
561.131405 0.013771 
559.814450 0.012796 
558.497495 0.012480 
557.180541 0.012217 
555.863586 0.011939 
554.546632 0.011555 
553.229677 0.010481 
551.912722 0.009552 
550.595768 0.009716 
549.278813 0.008703 
547.961858 0.008490 
546.644904 0.007515 
545.327949 0.007443 
544.010994 0.006883 
542.694040 0.007097 
541.377085 0.006826 
540.060130 0.006826 
538.743176 0.005825 
537.426221 0.005597 
536.109266 0.003849 
534.792312 0.005094 
533.475357 0.004245 
532.158402 0.004671 
530.841448 0.004390 
529.524493 0.004237 
528.207539 0.003868 
526.890584 0.003845 
525.573629 0.004690 
524.256675 0.003400 
522.939720 0.003876 
521.622765 0.001687 
520.305811 0.003015 
518.988856 0.001629 
517.671901 0.001374 
516.354947 0.000327 
515.037992 0.001599 
513.721037 0.000811 
512.404083 0.000548 
511.087128 0.000876 
509.770173 -0.000164 
508.453219 -0.000164 
507.136264 0.000042 
505.819309 -0.000091 
504.502355 -0.000316 
503.185400 -0.000164 
501.868445 -0.000164 
500.551491 -0.000164 
499.234536 -0.000164 
497.917582 -0.000164 
496.600627 -0.000164 
495.283672 -0.000164 
493.966718 -0.000027 
492.649763 -0.000034 
491.332808 -0.000069 
490.015854 -0.000152 
488.698899 -0.000164 
487.381944 -0.000053 
486.064990 -0.000008 
484.748035 -0.000164 
483.431080 -0.000038 
482.114126 -0.000008 
480.797171 -0.000084 
479.480216 0.000000 
478.163262 0.000038 
476.846307 -0.000164 
475.529352 -0.000164 
474.212398 0.000133 
472.895443 0.000076 
471.578488 0.000114 
470.261534 0.000331 
468.944579 0.000084 
467.627625 -0.000129 
466.310670 0.000141 
464.993715 0.000228 
463.676761 0.000091 
462.359806 0.000179 
461.042851 0.000187 
459.725897 0.000247 
458.408942 0.000190 
457.091987 0.000267 
455.775033 0.000426 
454.458078 0.000415 
453.141123 0.000354 
451.824169 0.000419 
450.507214 0.000274 
449.190259 0.000404 
447.873305 0.000525 
446.556350 0.000464 
445.239395 0.000571 
443.922441 0.000701 
442.605486 0.000430 
441.288532 0.000449 
439.971577 0.000544 
438.654622 0.000640 
437.337668 0.000624 
436.020713 0.000541 
434.703758 0.000567 
433.386804 0.000590 
432.069849 0.000369 
430.752894 0.000590 
429.435940 0.000727 
428.118985 0.000445 
426.802030 0.000525 
425.485076 0.000697 
424.168121 0.000518 
422.851166 0.000464 
421.534212 0.000556 
420.217257 0.000640 
418.900302 0.000491 
417.583348 0.000396 
416.266393 0.000697 
414.949438 0.000659 
413.632484 0.000251 
412.315529 0.000556 
410.998575 0.000739 
409.681620 0.000297 
408.364665 0.000434 
407.047711 0.000586 
405.730756 0.000400 
404.413801 0.000426 
403.096847 0.000411 
401.779892 0.000468 
400.462937 0.000404 
399.145983 0.000274 
397.829028 0.000373 
396.512073 0.000381 
395.195119 0.000236 
393.878164 0.000377 
392.561209 0.000346 
391.244255 0.000209 
389.927300 0.000335 
388.610345 0.000308 
387.293391 0.000247 
385.976436 0.000388 
384.659481 0.000187 
383.342527 0.000156 
382.025572 0.000251 
380.708618 0.000171 
379.391663 0.000316 
378.074708 0.000114 
376.757754 0.000145 
375.440799 0.000263 
374.123844 0.000034 
372.806890 0.000187 
371.489935 0.000529 
370.172980 0.000110 
368.856026 0.000217 
367.539071 0.000662 
366.222116 0.000365 
364.905162 0.000259 
363.588207 0.000350 
362.271252 0.000571 
360.954298 0.000636 
359.637343 0.000335 
358.320388 0.000921 
357.003434 0.001363 
355.686479 0.000952 
354.369525 0.001374 
353.052570 0.002208 
351.735615 0.002003 
350.418661 0.002410 
349.101706 0.003069 
347.784751 0.003388 
346.467797 0.003910 
345.150842 0.004127 
343.833887 0.004862 
342.516933 0.005597 
341.199978 0.005578 
339.883023 0.006442 
338.566069 0.007272 
337.249114 0.007138 
335.932159 0.007812 
334.615205 0.008509 
333.298250 0.008597 
331.981295 0.009073 
330.664341 0.009286 
329.347386 0.009385 
328.030431 0.009548 
326.713477 0.009594 
325.396522 0.009773 
324.079568 0.009891 
322.762613 0.009838 
321.445658 0.010036 
320.128704 0.009929 
318.811749 0.009777 
317.494794 0.010021 
316.177840 0.009632 
314.860885 0.009358 
313.543930 0.009796 
312.226976 0.009369 
310.910021 0.008977 
309.593066 0.009114 
308.276112 0.009019 
306.959157 0.008737 
305.642202 0.008277 
304.325248 0.008349 
303.008293 0.007930 
301.691338 0.007557 
300.374384 0.008064 
299.057429 0.008517 
297.740474 0.007474 
296.423520 0.007561 
295.106565 0.007938 
293.789611 0.007287 
292.472656 0.007001 
291.155701 0.006057 
289.838747 0.006506 
288.521792 0.007184 
287.204837 0.006529 
285.887883 0.006864 
284.570928 0.007237 
283.253973 0.006065 
281.937019 0.006114 
280.620064 0.006864 
279.303109 0.005677 
277.986155 0.005509 
276.669200 0.006289 
275.352245 0.005859 
274.035291 0.006118 
272.718336 0.005909 
271.401381 0.005810 
270.084427 0.006084 
268.767472 0.005425 
267.450518 0.005532 
266.133563 0.005692 
264.816608 0.004984 
263.499654 0.005326 
262.182699 0.005513 
260.865744 0.005064 
259.548790 0.005806 
258.231835 0.005513 
256.914880 0.005334 
255.597926 0.006103 
254.280971 0.005231 
252.964016 0.005132 
251.647062 0.005600 
250.330107 0.005440 
249.013152 0.004873 
247.696198 0.004942 
246.379243 0.005574 
245.062288 0.006609 
243.745334 0.005642 
242.428379 0.005513 
241.111424 0.006354 
239.794470 0.005810 
238.477515 0.005741 
237.160561 0.006377 
235.843606 0.006221 
234.526651 0.006072 
233.209697 0.005635 
231.892742 0.006267 
230.575787 0.006800 
229.258833 0.005817 
227.941878 0.006012 
226.624923 0.006594 
225.307969 0.005795 
223.991014 0.006446 
222.674059 0.006743 
221.357105 0.006480 
220.040150 0.007001 
218.723195 0.006712 
217.406241 0.006746 
216.089286 0.007451 
214.772331 0.006712 
213.455377 0.007028 
212.138422 0.007991 
210.821467 0.007237 
209.504513 0.007580 
208.187558 0.007877 
206.870604 0.007177 
205.553649 0.008075 
204.236694 0.008364 
202.919740 0.008281 
201.602785 0.009149 
200.285830 0.008814 
198.968876 0.008543 
197.651921 0.009080 
196.334966 0.009377 
195.018012 0.009468 
193.701057 0.009491 
192.384102 0.009967 
191.067148 0.010508 
189.750193 0.010367 
188.433238 0.010972 
187.116284 0.012286 
185.799329 0.012035 
184.482374 0.012088 
183.165420 0.012628 
181.848465 0.013055 
180.531511 0.013386 
179.214556 0.013824 
177.897601 0.014140 
176.580647 0.015179 
175.263692 0.014696 
173.946737 0.015731 
172.629783 0.016858 
171.312828 0.015754 
169.995873 0.016272 
168.678919 0.018320 
167.361964 0.018225 
166.045009 0.018994 
164.728055 0.019329 
163.411100 0.020155 
162.094145 0.021187 
160.777191 0.021141 
159.460236 0.021861 
158.143281 0.022204 
156.826327 0.022249 
155.509372 0.023627 
154.192417 0.023304 
152.875463 0.022657 
151.558508 0.024625 
150.241554 0.024690 
148.924599 0.024240 
147.607644 0.025782 
146.290690 0.025504 
144.973735 0.025196 
143.656780 0.025740 
142.339826 0.025600 
141.022871 0.025531 
139.705916 0.024792 
138.388962 0.025158 
137.072007 0.025995 
135.755052 0.024971 
134.438098 0.024591 
133.121143 0.025424 
131.804188 0.025044 
130.487234 0.023787 
129.170279 0.024404 
127.853324 0.023780 
126.536370 0.022710 
125.219415 0.023220 
123.902460 0.023959 
122.585506 0.023978 
121.268551 0.021720 
119.951597 0.022086 
118.634642 0.022706 
117.317687 0.020882 
116.000733 0.020837 
114.683778 0.020909 
113.366823 0.019687 
112.049869 0.019759 
110.732914 0.018884 
109.415959 0.018480 
108.099005 0.017867 
106.782050 0.017475 
105.465095 0.017083 
104.148141 0.016698 
102.831186 0.016352 
101.514231 0.014966 
100.197277 0.014833 
98.880322 0.014460 
97.563367 0.014890 
96.246413 0.014277 
94.929458 0.013854 
93.612504 0.014136 
92.295549 0.013200 
90.978594 0.012244 
89.661640 0.010969 
88.344685 0.011680 
87.027730 0.011383 
85.710776 0.011159 
84.393821 0.010359 
83.076866 0.010021 
81.759912 0.009183 
80.442957 0.008825 
79.126002 0.007691 
77.809048 0.007466 
76.492093 0.006876 
75.175138 0.007123 
73.858184 0.006149 
72.541229 0.006034 
71.224274 0.005178 
69.907320 0.002536 
68.590365 0.001984 
67.273410 0.003609 
65.956456 0.002909 
64.639501 0.002612 
63.322547 0.002048 
62.005592 0.000849 
60.688637 0.001774 
59.371683 0.000708 
58.054728 0.000819 
56.737773 0.000510 
55.420819 -0.000084 
54.103864 -0.000362 
52.786909 -0.001100 
51.469955 -0.001751 
50.153000 -0.001157 
