3999.700000 0.000000 
3998.700000 0.000000 
3997.800000 0.000000 
3996.800000 0.000000 
3995.800000 0.000000 
3994.900000 0.001655 
3993.900000 0.001655 
3992.900000 0.001655 
3992.000000 0.001655 
3991.000000 0.001655 
3990.000000 0.001655 
3989.100000 0.001655 
3988.100000 0.001655 
3987.100000 0.001655 
3986.200000 0.001655 
3985.200000 0.001655 
3984.300000 0.001655 
3983.300000 0.001655 
3982.300000 0.001655 
3981.400000 0.001655 
3980.400000 0.001655 
3979.400000 0.001655 
3978.500000 0.001655 
3977.500000 0.001655 
3976.500000 0.001655 
3975.600000 0.001655 
3974.600000 0.001655 
3973.600000 0.001655 
3972.700000 0.001655 
3971.700000 0.001655 
3970.800000 0.000000 
3969.800000 0.001655 
3968.800000 0.001655 
3967.900000 0.001655 
3966.900000 0.001655 
3965.900000 0.001655 
3965.000000 0.000000 
3964.000000 0.001655 
3963.000000 0.001655 
3962.100000 0.001655 
3961.100000 0.001655 
3960.100000 0.001655 
3959.200000 0.001655 
3958.200000 0.001655 
3957.300000 0.001655 
3956.300000 0.000000 
3955.300000 0.001655 
3954.400000 0.001655 
3953.400000 0.001655 
3952.400000 0.001655 
3951.500000 0.001655 
3950.500000 0.001655 
3949.500000 0.001655 
3948.600000 0.001655 
3947.600000 0.001655 
3946.600000 0.001655 
3945.700000 0.001655 
3944.700000 0.001655 
3943.700000 0.001655 
3942.800000 0.001655 
3941.800000 0.001655 
3940.900000 0.000000 
3939.900000 0.001655 
3938.900000 0.001655 
3938.000000 0.001655 
3937.000000 0.001655 
3936.000000 0.001655 
3935.100000 0.001655 
3934.100000 0.000000 
3933.100000 0.001655 
3932.200000 0.001655 
3931.200000 0.001655 
3930.200000 0.001655 
3929.300000 0.001655 
3928.300000 0.001655 
3927.400000 0.001655 
3926.400000 0.000000 
3925.400000 0.001655 
3924.500000 0.001655 
3923.500000 0.000000 
3922.500000 0.000000 
3921.600000 0.001655 
3920.600000 0.000000 
3919.600000 0.000000 
3918.700000 0.000000 
3917.700000 0.000000 
3916.700000 0.000000 
3915.800000 0.000000 
3914.800000 0.000000 
3913.900000 0.000000 
3912.900000 0.000000 
3911.900000 0.000000 
3911.000000 0.000000 
3910.000000 0.000000 
3909.000000 0.000000 
3908.100000 0.000000 
3907.100000 0.000000 
3906.100000 0.000000 
3905.200000 0.000000 
3904.200000 0.000000 
3903.200000 0.000000 
3902.300000 0.000000 
3901.300000 0.000000 
3900.300000 0.000000 
3899.400000 0.000000 
3898.400000 0.000000 
3897.500000 0.000000 
3896.500000 0.000000 
3895.500000 0.000000 
3894.600000 0.000000 
3893.600000 0.000000 
3892.600000 0.000000 
3891.700000 0.000000 
3890.700000 0.000000 
3889.700000 0.000000 
3888.800000 0.000000 
3887.800000 0.000000 
3886.800000 0.000000 
3885.900000 0.000000 
3884.900000 0.000000 
3884.000000 0.000000 
3883.000000 0.000000 
3882.000000 0.000000 
3881.100000 0.000000 
3880.100000 0.000000 
3879.100000 0.000000 
3878.200000 0.001655 
3877.200000 0.000000 
3876.200000 0.000000 
3875.300000 0.000000 
3874.300000 0.001655 
3873.300000 0.001655 
3872.400000 0.001655 
3871.400000 0.000000 
3870.400000 0.001655 
3869.500000 0.001655 
3868.500000 0.001655 
3867.600000 0.001655 
3866.600000 0.001655 
3865.600000 0.001655 
3864.700000 0.001655 
3863.700000 0.001655 
3862.700000 0.001655 
3861.800000 0.001655 
3860.800000 0.003307 
3859.800000 0.001655 
3858.900000 0.003307 
3857.900000 0.003307 
3856.900000 0.003307 
3856.000000 0.003307 
3855.000000 0.001655 
3854.100000 0.001655 
3853.100000 0.001655 
3852.100000 0.003307 
3851.200000 0.003307 
3850.200000 0.001655 
3849.200000 0.001655 
3848.300000 0.003307 
3847.300000 0.001655 
3846.300000 0.001655 
3845.400000 0.001655 
3844.400000 0.001655 
3843.400000 0.001655 
3842.500000 0.001655 
3841.500000 0.001655 
3840.600000 0.001655 
3839.600000 0.001655 
3838.600000 0.000000 
3837.700000 0.001655 
3836.700000 0.001655 
3835.700000 0.000000 
3834.800000 0.001655 
3833.800000 0.001655 
3832.800000 0.000000 
3831.900000 0.001655 
3830.900000 0.000000 
3829.900000 0.000000 
3829.000000 0.001655 
3828.000000 0.001655 
3827.000000 0.000000 
3826.100000 0.000000 
3825.100000 0.001655 
3824.200000 0.000000 
3823.200000 0.000000 
3822.200000 0.000000 
3821.300000 0.000000 
3820.300000 0.001655 
3819.300000 0.000000 
3818.400000 0.000000 
3817.400000 0.000000 
3816.400000 0.000000 
3815.500000 0.001655 
3814.500000 0.000000 
3813.500000 0.001655 
3812.600000 0.001655 
3811.600000 0.001655 
3810.600000 0.001655 
3809.700000 0.001655 
3808.700000 0.000000 
3807.800000 0.000000 
3806.800000 0.000000 
3805.800000 0.000000 
3804.900000 0.000000 
3803.900000 0.000000 
3802.900000 0.001655 
3802.000000 0.000000 
3801.000000 0.000000 
3800.000000 0.000000 
3799.100000 0.001655 
3798.100000 0.001655 
3797.100000 0.000000 
3796.200000 0.001655 
3795.200000 0.000000 
3794.300000 0.001655 
3793.300000 0.000000 
3792.300000 0.001655 
3791.400000 0.000000 
3790.400000 0.000000 
3789.400000 0.001655 
3788.500000 0.000000 
3787.500000 0.001655 
3786.500000 0.001655 
3785.600000 0.001655 
3784.600000 0.000000 
3783.600000 0.001655 
3782.700000 0.000000 
3781.700000 0.000000 
3780.800000 0.001655 
3779.800000 0.001655 
3778.800000 0.000000 
3777.900000 0.001655 
3776.900000 0.001655 
3775.900000 0.000000 
3775.000000 0.001655 
3774.000000 0.001655 
3773.000000 0.000000 
3772.100000 0.001655 
3771.100000 0.001655 
3770.100000 0.001655 
3769.200000 0.001655 
3768.200000 0.001655 
3767.200000 0.001655 
3766.300000 0.001655 
3765.300000 0.001655 
3764.400000 0.001655 
3763.400000 0.001655 
3762.400000 0.001655 
3761.500000 0.001655 
3760.500000 0.000000 
3759.500000 0.001655 
3758.600000 0.001655 
3757.600000 0.001655 
3756.600000 0.001655 
3755.700000 0.001655 
3754.700000 0.001655 
3753.700000 0.001655 
3752.800000 0.001655 
3751.800000 0.001655 
3750.900000 0.001655 
3749.900000 0.000000 
3748.900000 0.001655 
3748.000000 0.001655 
3747.000000 0.001655 
3746.000000 0.000000 
3745.100000 0.001655 
3744.100000 0.001655 
3743.100000 0.001655 
3742.200000 0.001655 
3741.200000 0.001655 
3740.200000 0.001655 
3739.300000 0.001655 
3738.300000 0.000000 
3737.400000 0.000000 
3736.400000 0.000000 
3735.400000 0.001655 
3734.500000 0.001655 
3733.500000 0.001655 
3732.500000 0.001655 
3731.600000 0.001655 
3730.600000 0.001655 
3729.600000 0.001655 
3728.700000 0.001655 
3727.700000 0.001655 
3726.700000 0.001655 
3725.800000 0.001655 
3724.800000 0.001655 
3723.800000 0.001655 
3722.900000 0.001655 
3721.900000 0.001655 
3721.000000 0.001655 
3720.000000 0.001655 
3719.000000 0.001655 
3718.100000 0.001655 
3717.100000 0.001655 
3716.100000 0.001655 
3715.200000 0.001655 
3714.200000 0.001655 
3713.200000 0.000000 
3712.300000 0.001655 
3711.300000 0.001655 
3710.300000 0.000000 
3709.400000 0.001655 
3708.400000 0.001655 
3707.500000 0.001655 
3706.500000 0.001655 
3705.500000 0.001655 
3704.600000 0.001655 
3703.600000 0.001655 
3702.600000 0.001655 
3701.700000 0.001655 
3700.700000 0.000000 
3699.700000 0.001655 
3698.800000 0.001655 
3697.800000 0.001655 
3696.800000 0.001655 
3695.900000 0.001655 
3694.900000 0.001655 
3693.900000 0.001655 
3693.000000 0.001655 
3692.000000 0.001655 
3691.100000 0.000000 
3690.100000 0.000000 
3689.100000 0.000000 
3688.200000 0.000000 
3687.200000 0.001655 
3686.200000 0.001655 
3685.300000 0.000000 
3684.300000 0.001655 
3683.300000 0.001655 
3682.400000 0.001655 
3681.400000 0.001655 
3680.400000 0.000000 
3679.500000 0.000000 
3678.500000 0.000000 
3677.600000 0.000000 
3676.600000 0.000000 
3675.600000 0.000000 
3674.700000 0.000000 
3673.700000 0.000000 
3672.700000 0.000000 
3671.800000 0.000000 
3670.800000 0.000000 
3669.800000 0.000000 
3668.900000 0.000000 
3667.900000 0.001655 
3666.900000 0.000000 
3666.000000 0.000000 
3665.000000 0.000000 
3664.100000 0.001655 
3663.100000 0.000000 
3662.100000 0.001655 
3661.200000 0.000000 
3660.200000 0.001655 
3659.200000 0.001655 
3658.300000 0.000000 
3657.300000 0.000000 
3656.300000 0.000000 
3655.400000 0.000000 
3654.400000 0.000000 
3653.400000 0.000000 
3652.500000 0.000000 
3651.500000 0.000000 
3650.500000 0.000000 
3649.600000 0.000000 
3648.600000 0.000000 
3647.700000 0.001655 
3646.700000 0.001655 
3645.700000 0.000000 
3644.800000 0.000000 
3643.800000 0.000000 
3642.800000 0.001655 
3641.900000 0.000000 
3640.900000 0.001655 
3639.900000 0.000000 
3639.000000 0.001655 
3638.000000 0.000000 
3637.000000 0.000000 
3636.100000 0.001655 
3635.100000 0.000000 
3634.200000 0.001655 
3633.200000 0.000000 
3632.200000 0.001655 
3631.300000 0.000000 
3630.300000 0.000000 
3629.300000 0.000000 
3628.400000 0.000000 
3627.400000 0.001655 
3626.400000 0.001655 
3625.500000 0.001655 
3624.500000 0.001655 
3623.500000 0.001655 
3622.600000 0.001655 
3621.600000 0.001655 
3620.600000 0.000000 
3619.700000 0.001655 
3618.700000 0.000000 
3617.800000 0.001655 
3616.800000 0.001655 
3615.800000 0.001655 
3614.900000 0.001655 
3613.900000 0.001655 
3612.900000 0.001655 
3612.000000 0.001655 
3611.000000 0.001655 
3610.000000 0.001655 
3609.100000 0.001655 
3608.100000 0.001655 
3607.100000 0.001655 
3606.200000 0.001655 
3605.200000 0.001655 
3604.300000 0.001655 
3603.300000 0.001655 
3602.300000 0.001655 
3601.400000 0.001655 
3600.400000 0.001655 
3599.400000 0.001655 
3598.500000 0.001655 
3597.500000 0.001655 
3596.500000 0.001655 
3595.600000 0.001655 
3594.600000 0.001655 
3593.600000 0.001655 
3592.700000 0.001655 
3591.700000 0.003307 
3590.700000 0.003307 
3589.800000 0.003307 
3588.800000 0.003307 
3587.900000 0.003307 
3586.900000 0.003307 
3585.900000 0.003307 
3585.000000 0.003307 
3584.000000 0.003307 
3583.000000 0.003307 
3582.100000 0.003307 
3581.100000 0.003307 
3580.100000 0.003307 
3579.200000 0.003307 
3578.200000 0.003307 
3577.200000 0.003307 
3576.300000 0.003307 
3575.300000 0.003307 
3574.400000 0.004966 
3573.400000 0.004966 
3572.400000 0.004966 
3571.500000 0.004966 
3570.500000 0.004966 
3569.500000 0.004966 
3568.600000 0.004966 
3567.600000 0.004966 
3566.600000 0.006625 
3565.700000 0.006625 
3564.700000 0.006625 
3563.700000 0.006625 
3562.800000 0.006625 
3561.800000 0.006625 
3560.900000 0.006625 
3559.900000 0.008284 
3558.900000 0.008284 
3558.000000 0.008284 
3557.000000 0.008284 
3556.000000 0.008284 
3555.100000 0.008284 
3554.100000 0.008284 
3553.100000 0.008284 
3552.200000 0.008284 
3551.200000 0.009946 
3550.200000 0.008284 
3549.300000 0.009946 
3548.300000 0.009946 
3547.300000 0.009946 
3546.400000 0.009946 
3545.400000 0.011609 
3544.500000 0.011609 
3543.500000 0.011609 
3542.500000 0.011609 
3541.600000 0.011609 
3540.600000 0.013272 
3539.600000 0.013272 
3538.700000 0.013272 
3537.700000 0.013272 
3536.700000 0.014939 
3535.800000 0.014939 
3534.800000 0.014939 
3533.800000 0.014939 
3532.900000 0.016609 
3531.900000 0.016609 
3531.000000 0.016609 
3530.000000 0.018280 
3529.000000 0.018280 
3528.100000 0.018280 
3527.100000 0.019950 
3526.100000 0.019950 
3525.200000 0.021624 
3524.200000 0.021624 
3523.200000 0.021624 
3522.300000 0.023298 
3521.300000 0.023298 
3520.300000 0.024977 
3519.400000 0.024977 
3518.400000 0.026655 
3517.400000 0.026655 
3516.500000 0.028333 
3515.500000 0.028333 
3514.600000 0.030018 
3513.600000 0.031700 
3512.600000 0.031700 
3511.700000 0.033386 
3510.700000 0.033386 
3509.700000 0.035071 
3508.800000 0.036761 
3507.800000 0.038450 
3506.800000 0.040144 
3505.900000 0.040144 
3504.900000 0.041837 
3503.900000 0.043534 
3503.000000 0.043534 
3502.000000 0.045231 
3501.100000 0.046932 
3500.100000 0.048633 
3499.100000 0.050334 
3498.200000 0.052038 
3497.200000 0.053747 
3496.200000 0.055455 
3495.300000 0.057164 
3494.300000 0.058876 
3493.300000 0.060588 
3492.400000 0.062304 
3491.400000 0.064020 
3490.400000 0.067460 
3489.500000 0.069180 
3488.500000 0.070904 
3487.600000 0.072631 
3486.600000 0.076090 
3485.600000 0.077821 
3484.700000 0.081288 
3483.700000 0.083023 
3482.700000 0.084762 
3481.800000 0.086505 
3480.800000 0.089990 
3479.800000 0.091737 
3478.900000 0.095233 
3477.900000 0.096984 
3476.900000 0.100492 
3476.000000 0.102250 
3475.000000 0.105770 
3474.000000 0.107531 
3473.100000 0.109297 
3472.100000 0.112832 
3471.200000 0.114601 
3470.200000 0.118148 
3469.200000 0.119925 
3468.300000 0.123482 
3467.300000 0.125263 
3466.300000 0.127048 
3465.400000 0.130621 
3464.400000 0.132409 
3463.400000 0.135993 
3462.500000 0.137789 
3461.500000 0.139585 
3460.500000 0.141385 
3459.600000 0.144992 
3458.600000 0.146796 
3457.700000 0.148603 
3456.700000 0.152222 
3455.700000 0.154037 
3454.800000 0.155852 
3453.800000 0.157667 
3452.800000 0.159486 
3451.900000 0.161308 
3450.900000 0.164954 
3449.900000 0.166784 
3449.000000 0.168610 
3448.000000 0.170441 
3447.000000 0.174109 
3446.100000 0.175947 
3445.100000 0.177788 
3444.100000 0.181472 
3443.200000 0.183317 
3442.200000 0.185162 
3441.300000 0.188865 
3440.300000 0.190718 
3439.300000 0.194432 
3438.400000 0.196292 
3437.400000 0.200018 
3436.400000 0.201886 
3435.500000 0.205622 
3434.500000 0.209370 
3433.500000 0.213126 
3432.600000 0.215006 
3431.600000 0.218777 
3430.600000 0.222555 
3429.700000 0.226341 
3428.700000 0.230135 
3427.800000 0.232033 
3426.800000 0.235842 
3425.800000 0.239659 
3424.900000 0.243483 
3423.900000 0.247318 
3422.900000 0.251161 
3422.000000 0.255012 
3421.000000 0.260807 
3420.000000 0.264681 
3419.100000 0.268566 
3418.100000 0.272458 
3417.100000 0.276363 
3416.200000 0.280274 
3415.200000 0.286157 
3414.200000 0.288124 
3413.300000 0.294037 
3412.300000 0.297991 
3411.400000 0.301952 
3410.400000 0.307914 
3409.400000 0.311902 
3408.500000 0.315897 
3407.500000 0.319904 
3406.500000 0.325931 
3405.600000 0.329961 
3404.600000 0.334002 
3403.600000 0.338050 
3402.700000 0.342110 
3401.700000 0.346182 
3400.700000 0.352308 
3399.800000 0.356402 
3398.800000 0.360508 
3397.900000 0.364625 
3396.900000 0.368750 
3395.900000 0.372886 
3395.000000 0.377033 
3394.000000 0.381188 
3393.000000 0.385359 
3392.100000 0.389537 
3391.100000 0.393726 
3390.100000 0.395823 
3389.200000 0.400027 
3388.200000 0.404243 
3387.200000 0.406355 
3386.300000 0.410586 
3385.300000 0.414829 
3384.400000 0.416956 
3383.400000 0.421214 
3382.400000 0.423349 
3381.500000 0.427626 
3380.500000 0.429768 
3379.500000 0.434060 
3378.600000 0.436210 
3377.600000 0.438364 
3376.600000 0.442678 
3375.700000 0.444840 
3374.700000 0.449170 
3373.700000 0.451339 
3372.800000 0.453512 
3371.800000 0.455688 
3370.900000 0.460049 
3369.900000 0.462233 
3368.900000 0.464421 
3368.000000 0.466612 
3367.000000 0.468804 
3366.000000 0.473199 
3365.100000 0.475402 
3364.100000 0.477605 
3363.100000 0.482023 
3362.200000 0.484237 
3361.200000 0.486456 
3360.200000 0.488674 
3359.300000 0.493122 
3358.300000 0.495352 
3357.300000 0.497582 
3356.400000 0.502057 
3355.400000 0.504298 
3354.500000 0.506539 
3353.500000 0.511037 
3352.500000 0.513289 
3351.600000 0.517806 
3350.600000 0.522330 
3349.600000 0.524602 
3348.700000 0.529145 
3347.700000 0.531424 
3346.700000 0.535990 
3345.800000 0.540568 
3344.800000 0.542862 
3343.800000 0.547459 
3342.900000 0.552067 
3341.900000 0.556690 
3340.900000 0.561324 
3340.000000 0.563646 
3339.000000 0.568303 
3338.100000 0.572972 
3337.100000 0.577652 
3336.100000 0.582348 
3335.200000 0.587054 
3334.200000 0.591776 
3333.200000 0.596510 
3332.300000 0.598884 
3331.300000 0.606023 
3330.300000 0.608408 
3329.400000 0.613191 
3328.400000 0.617990 
3327.400000 0.622799 
3326.500000 0.627624 
3325.500000 0.632464 
3324.600000 0.637316 
3323.600000 0.642182 
3322.600000 0.647064 
3321.700000 0.651961 
3320.700000 0.656874 
3319.700000 0.661797 
3318.800000 0.666740 
3317.800000 0.671694 
3316.800000 0.676664 
3315.900000 0.681649 
3314.900000 0.684148 
3313.900000 0.689156 
3313.000000 0.694179 
3312.000000 0.699217 
3311.100000 0.704270 
3310.100000 0.706800 
3309.100000 0.711880 
3308.200000 0.716971 
3307.200000 0.719524 
3306.200000 0.724638 
3305.300000 0.727203 
3304.300000 0.732344 
3303.300000 0.734920 
3302.400000 0.740083 
3301.400000 0.745266 
3300.400000 0.747861 
3299.500000 0.750459 
3298.500000 0.755672 
3297.500000 0.758286 
3296.600000 0.760904 
3295.600000 0.763522 
3294.700000 0.768777 
3293.700000 0.771410 
3292.700000 0.774051 
3291.800000 0.776692 
3290.800000 0.779336 
3289.800000 0.781988 
3288.900000 0.784644 
3287.900000 0.787300 
3286.900000 0.789964 
3286.000000 0.792631 
3285.000000 0.795306 
3284.000000 0.797981 
3283.100000 0.797981 
3282.100000 0.800660 
3281.200000 0.803346 
3280.200000 0.806036 
3279.200000 0.808730 
3278.300000 0.808730 
3277.300000 0.811428 
3276.300000 0.814130 
3275.400000 0.814130 
3274.400000 0.816835 
3273.400000 0.816835 
3272.500000 0.819548 
3271.500000 0.819548 
3270.500000 0.819548 
3269.600000 0.822261 
3268.600000 0.822261 
3267.600000 0.824982 
3266.700000 0.824982 
3265.700000 0.824982 
3264.800000 0.824982 
3263.800000 0.827706 
3262.800000 0.827706 
3261.900000 0.827706 
3260.900000 0.827706 
3259.900000 0.830438 
3259.000000 0.827706 
3258.000000 0.830438 
3257.000000 0.830438 
3256.100000 0.830438 
3255.100000 0.830438 
3254.100000 0.830438 
3253.200000 0.830438 
3252.200000 0.830438 
3251.300000 0.830438 
3250.300000 0.830438 
3249.300000 0.827706 
3248.400000 0.827706 
3247.400000 0.827706 
3246.400000 0.827706 
3245.500000 0.827706 
3244.500000 0.827706 
3243.500000 0.824982 
3242.600000 0.824982 
3241.600000 0.824982 
3240.600000 0.824982 
3239.700000 0.822261 
3238.700000 0.822261 
3237.800000 0.819548 
3236.800000 0.819548 
3235.800000 0.816835 
3234.900000 0.816835 
3233.900000 0.814130 
3232.900000 0.814130 
3232.000000 0.811428 
3231.000000 0.811428 
3230.000000 0.808730 
3229.100000 0.808730 
3228.100000 0.806036 
3227.100000 0.806036 
3226.200000 0.803346 
3225.200000 0.800660 
3224.200000 0.797981 
3223.300000 0.797981 
3222.300000 0.795306 
3221.400000 0.792631 
3220.400000 0.789964 
3219.400000 0.787300 
3218.500000 0.784644 
3217.500000 0.784644 
3216.500000 0.781988 
3215.600000 0.779336 
3214.600000 0.776692 
3213.600000 0.774051 
3212.700000 0.768777 
3211.700000 0.766148 
3210.700000 0.763522 
3209.800000 0.760904 
3208.800000 0.758286 
3207.900000 0.753066 
3206.900000 0.750459 
3205.900000 0.747861 
3205.000000 0.745266 
3204.000000 0.740083 
3203.000000 0.737499 
3202.100000 0.732344 
3201.100000 0.729771 
3200.100000 0.724638 
3199.200000 0.722077 
3198.200000 0.716971 
3197.200000 0.714422 
3196.300000 0.709338 
3195.300000 0.704270 
3194.400000 0.701739 
3193.400000 0.696694 
3192.400000 0.691663 
3191.500000 0.686648 
3190.500000 0.684148 
3189.500000 0.679152 
3188.600000 0.674175 
3187.600000 0.669214 
3186.600000 0.664267 
3185.700000 0.659332 
3184.700000 0.654416 
3183.700000 0.649511 
3182.800000 0.644621 
3181.800000 0.639747 
3180.800000 0.634888 
3179.900000 0.630040 
3178.900000 0.625208 
3178.000000 0.620391 
3177.000000 0.615589 
3176.000000 0.608408 
3175.100000 0.603641 
3174.100000 0.598884 
3173.100000 0.594143 
3172.200000 0.587054 
3171.200000 0.582348 
3170.200000 0.577652 
3169.300000 0.572972 
3168.300000 0.565974 
3167.300000 0.561324 
3166.400000 0.554376 
3165.400000 0.549761 
3164.500000 0.545157 
3163.500000 0.538277 
3162.500000 0.533703 
3161.600000 0.526873 
3160.600000 0.522330 
3159.600000 0.517806 
3158.700000 0.511037 
3157.700000 0.506539 
3156.700000 0.499819 
3155.800000 0.495352 
3154.800000 0.490896 
3153.800000 0.486456 
3152.900000 0.479812 
3151.900000 0.475402 
3150.900000 0.468804 
3150.000000 0.464421 
3149.000000 0.460049 
3148.100000 0.455688 
3147.100000 0.449170 
3146.100000 0.444840 
3145.200000 0.440517 
3144.200000 0.434060 
3143.200000 0.431910 
3142.300000 0.425487 
3141.300000 0.421214 
3140.300000 0.416956 
3139.400000 0.412710 
3138.400000 0.408471 
3137.400000 0.404243 
3136.500000 0.400027 
3135.500000 0.395823 
3134.600000 0.391630 
3133.600000 0.387448 
3132.600000 0.383274 
3131.700000 0.379111 
3130.700000 0.374960 
3129.700000 0.370816 
3128.800000 0.366684 
3127.800000 0.362563 
3126.800000 0.358453 
3125.900000 0.356402 
3124.900000 0.350261 
3123.900000 0.348221 
3123.000000 0.344146 
3122.000000 0.340082 
3121.000000 0.336026 
3120.100000 0.334002 
3119.100000 0.329961 
3118.200000 0.325931 
3117.200000 0.323918 
3116.200000 0.319904 
3115.300000 0.315897 
3114.300000 0.313896 
3113.300000 0.309904 
3112.400000 0.305924 
3111.400000 0.301952 
3110.400000 0.299969 
3109.500000 0.296012 
3108.500000 0.294037 
3107.500000 0.290091 
3106.600000 0.288124 
3105.600000 0.284193 
3104.700000 0.282230 
3103.700000 0.280274 
3102.700000 0.276363 
3101.800000 0.274410 
3100.800000 0.270510 
3099.800000 0.268566 
3098.900000 0.264681 
3097.900000 0.262744 
3096.900000 0.260807 
3096.000000 0.258874 
3095.000000 0.255012 
3094.000000 0.253087 
3093.100000 0.251161 
3092.100000 0.247318 
3091.100000 0.245401 
3090.200000 0.243483 
3089.200000 0.241569 
3088.300000 0.237749 
3087.300000 0.235842 
3086.300000 0.233936 
3085.400000 0.232033 
3084.400000 0.230135 
3083.400000 0.226341 
3082.500000 0.224446 
3081.500000 0.222555 
3080.500000 0.220664 
3079.600000 0.216889 
3078.600000 0.215006 
3077.600000 0.213126 
3076.700000 0.211246 
3075.700000 0.209370 
3074.800000 0.207494 
3073.800000 0.205622 
3072.800000 0.201886 
3071.900000 0.200018 
3070.900000 0.198153 
3069.900000 0.196292 
3069.000000 0.194432 
3068.000000 0.192575 
3067.000000 0.190718 
3066.100000 0.188865 
3065.100000 0.187016 
3064.100000 0.183317 
3063.200000 0.183317 
3062.200000 0.181472 
3061.300000 0.179630 
3060.300000 0.175947 
3059.300000 0.174109 
3058.400000 0.172275 
3057.400000 0.170441 
3056.400000 0.168610 
3055.500000 0.166784 
3054.500000 0.164954 
3053.500000 0.163131 
3052.600000 0.161308 
3051.600000 0.159486 
3050.600000 0.157667 
3049.700000 0.155852 
3048.700000 0.154037 
3047.700000 0.152222 
3046.800000 0.152222 
3045.800000 0.150411 
3044.900000 0.148603 
3043.900000 0.146796 
3042.900000 0.144992 
3042.000000 0.143189 
3041.000000 0.141385 
3040.000000 0.139585 
3039.100000 0.137789 
3038.100000 0.137789 
3037.100000 0.135993 
3036.200000 0.134201 
3035.200000 0.132409 
3034.200000 0.130621 
3033.300000 0.130621 
3032.300000 0.128832 
3031.400000 0.127048 
3030.400000 0.125263 
3029.400000 0.125263 
3028.500000 0.123482 
3027.500000 0.121701 
3026.500000 0.121701 
3025.600000 0.119925 
3024.600000 0.119925 
3023.600000 0.118148 
3022.700000 0.118148 
3021.700000 0.118148 
3020.700000 0.116374 
3019.800000 0.116374 
3018.800000 0.116374 
3017.900000 0.116374 
3016.900000 0.116374 
3015.900000 0.116374 
3015.000000 0.118148 
3014.000000 0.118148 
3013.000000 0.119925 
3012.100000 0.119925 
3011.100000 0.121701 
3010.100000 0.123482 
3009.200000 0.127048 
3008.200000 0.130621 
3007.200000 0.134201 
3006.300000 0.137789 
3005.300000 0.141385 
3004.300000 0.146796 
3003.400000 0.152222 
3002.400000 0.159486 
3001.500000 0.164954 
3000.500000 0.172275 
2999.500000 0.179630 
2998.600000 0.187016 
2997.600000 0.194432 
2996.600000 0.203754 
2995.700000 0.211246 
2994.700000 0.220664 
2993.700000 0.228236 
2992.800000 0.237749 
2991.800000 0.245401 
2990.800000 0.251161 
2989.900000 0.258874 
2988.900000 0.264681 
2988.000000 0.270510 
2987.000000 0.276363 
2986.000000 0.280274 
2985.100000 0.284193 
2984.100000 0.288124 
2983.100000 0.290091 
2982.200000 0.292062 
2981.200000 0.292062 
2980.200000 0.294037 
2979.300000 0.294037 
2978.300000 0.294037 
2977.300000 0.294037 
2976.400000 0.294037 
2975.400000 0.294037 
2974.400000 0.296012 
2973.500000 0.296012 
2972.500000 0.299969 
2971.600000 0.301952 
2970.600000 0.305924 
2969.600000 0.309904 
2968.700000 0.315897 
2967.700000 0.321909 
2966.700000 0.325931 
2965.800000 0.329961 
2964.800000 0.336026 
2963.800000 0.340082 
2962.900000 0.344146 
2961.900000 0.348221 
2960.900000 0.352308 
2960.000000 0.354351 
2959.000000 0.356402 
2958.100000 0.358453 
2957.100000 0.360508 
2956.100000 0.360508 
2955.200000 0.362563 
2954.200000 0.362563 
2953.200000 0.362563 
2952.300000 0.362563 
2951.300000 0.362563 
2950.300000 0.362563 
2949.400000 0.360508 
2948.400000 0.360508 
2947.400000 0.360508 
2946.500000 0.360508 
2945.500000 0.358453 
2944.500000 0.358453 
2943.600000 0.358453 
2942.600000 0.358453 
2941.700000 0.358453 
2940.700000 0.358453 
2939.700000 0.360508 
2938.800000 0.360508 
2937.800000 0.360508 
2936.800000 0.360508 
2935.900000 0.360508 
2934.900000 0.360508 
2933.900000 0.360508 
2933.000000 0.360508 
2932.000000 0.360508 
2931.000000 0.358453 
2930.100000 0.358453 
2929.100000 0.356402 
2928.200000 0.356402 
2927.200000 0.354351 
2926.200000 0.354351 
2925.300000 0.352308 
2924.300000 0.350261 
2923.300000 0.348221 
2922.400000 0.346182 
2921.400000 0.344146 
2920.400000 0.342110 
2919.500000 0.340082 
2918.500000 0.338050 
2917.500000 0.336026 
2916.600000 0.334002 
2915.600000 0.334002 
2914.700000 0.329961 
2913.700000 0.327944 
2912.700000 0.325931 
2911.800000 0.323918 
2910.800000 0.321909 
2909.800000 0.319904 
2908.900000 0.315897 
2907.900000 0.313896 
2906.900000 0.309904 
2906.000000 0.305924 
2905.000000 0.301952 
2904.000000 0.297991 
2903.100000 0.294037 
2902.100000 0.290091 
2901.100000 0.286157 
2900.200000 0.282230 
2899.200000 0.278315 
2898.300000 0.274410 
2897.300000 0.270510 
2896.300000 0.266622 
2895.400000 0.262744 
2894.400000 0.260807 
2893.400000 0.256941 
2892.500000 0.253087 
2891.500000 0.249240 
2890.500000 0.245401 
2889.600000 0.241569 
2888.600000 0.237749 
2887.600000 0.233936 
2886.700000 0.230135 
2885.700000 0.228236 
2884.800000 0.224446 
2883.800000 0.220664 
2882.800000 0.218777 
2881.900000 0.216889 
2880.900000 0.213126 
2879.900000 0.211246 
2879.000000 0.209370 
2878.000000 0.205622 
2877.000000 0.203754 
2876.100000 0.203754 
2875.100000 0.201886 
2874.100000 0.200018 
2873.200000 0.198153 
2872.200000 0.196292 
2871.200000 0.196292 
2870.300000 0.194432 
2869.300000 0.192575 
2868.400000 0.190718 
2867.400000 0.188865 
2866.400000 0.187016 
2865.500000 0.185162 
2864.500000 0.183317 
2863.500000 0.181472 
2862.600000 0.179630 
2861.600000 0.179630 
2860.600000 0.177788 
2859.700000 0.177788 
2858.700000 0.175947 
2857.700000 0.175947 
2856.800000 0.175947 
2855.800000 0.175947 
2854.900000 0.175947 
2853.900000 0.175947 
2852.900000 0.177788 
2852.000000 0.179630 
2851.000000 0.179630 
2850.000000 0.183317 
2849.100000 0.185162 
2848.100000 0.190718 
2847.100000 0.194432 
2846.200000 0.201886 
2845.200000 0.209370 
2844.200000 0.218777 
2843.300000 0.228236 
2842.300000 0.241569 
2841.400000 0.255012 
2840.400000 0.268566 
2839.400000 0.284193 
2838.500000 0.301952 
2837.500000 0.317899 
2836.500000 0.336026 
2835.600000 0.352308 
2834.600000 0.368750 
2833.600000 0.385359 
2832.700000 0.400027 
2831.700000 0.412710 
2830.700000 0.423349 
2829.800000 0.431910 
2828.800000 0.436210 
2827.800000 0.438364 
2826.900000 0.436210 
2825.900000 0.429768 
2825.000000 0.421214 
2824.000000 0.410586 
2823.000000 0.395823 
2822.100000 0.383274 
2821.100000 0.368750 
2820.100000 0.354351 
2819.200000 0.342110 
2818.200000 0.329961 
2817.200000 0.317899 
2816.300000 0.307914 
2815.300000 0.296012 
2814.300000 0.286157 
2813.400000 0.276363 
2812.400000 0.266622 
2811.500000 0.256941 
2810.500000 0.247318 
2809.500000 0.239659 
2808.600000 0.230135 
2807.600000 0.222555 
2806.600000 0.215006 
2805.700000 0.209370 
2804.700000 0.201886 
2803.700000 0.198153 
2802.800000 0.190718 
2801.800000 0.185162 
2800.800000 0.181472 
2799.900000 0.175947 
2798.900000 0.172275 
2797.900000 0.166784 
2797.000000 0.163131 
2796.000000 0.157667 
2795.100000 0.154037 
2794.100000 0.148603 
2793.100000 0.144992 
2792.200000 0.141385 
2791.200000 0.135993 
2790.200000 0.132409 
2789.300000 0.128832 
2788.300000 0.123482 
2787.300000 0.119925 
2786.400000 0.116374 
2785.400000 0.112832 
2784.400000 0.107531 
2783.500000 0.104008 
2782.500000 0.100492 
2781.600000 0.096984 
2780.600000 0.093483 
2779.600000 0.089990 
2778.700000 0.086505 
2777.700000 0.084762 
2776.700000 0.081288 
2775.800000 0.077821 
2774.800000 0.074359 
2773.800000 0.072631 
2772.900000 0.069180 
2771.900000 0.065740 
2770.900000 0.064020 
2770.000000 0.060588 
2769.000000 0.058876 
2768.100000 0.057164 
2767.100000 0.053747 
2766.100000 0.052038 
2765.200000 0.050334 
2764.200000 0.048633 
2763.200000 0.045231 
2762.300000 0.043534 
2761.300000 0.041837 
2760.300000 0.040144 
2759.400000 0.038450 
2758.400000 0.038450 
2757.400000 0.036761 
2756.500000 0.035071 
2755.500000 0.033386 
2754.500000 0.031700 
2753.600000 0.030018 
2752.600000 0.030018 
2751.700000 0.028333 
2750.700000 0.026655 
2749.700000 0.024977 
2748.800000 0.024977 
2747.800000 0.023298 
2746.800000 0.023298 
2745.900000 0.021624 
2744.900000 0.021624 
2743.900000 0.019950 
2743.000000 0.019950 
2742.000000 0.018280 
2741.000000 0.018280 
2740.100000 0.016609 
2739.100000 0.016609 
2738.200000 0.016609 
2737.200000 0.014939 
2736.200000 0.014939 
2735.300000 0.014939 
2734.300000 0.013272 
2733.300000 0.013272 
2732.400000 0.011609 
2731.400000 0.011609 
2730.400000 0.011609 
2729.500000 0.011609 
2728.500000 0.011609 
2727.500000 0.009946 
2726.600000 0.009946 
2725.600000 0.009946 
2724.600000 0.008284 
2723.700000 0.008284 
2722.700000 0.008284 
2721.800000 0.008284 
2720.800000 0.008284 
2719.800000 0.008284 
2718.900000 0.006625 
2717.900000 0.006625 
2716.900000 0.006625 
2716.000000 0.006625 
2715.000000 0.004966 
2714.000000 0.004966 
2713.100000 0.004966 
2712.100000 0.004966 
2711.100000 0.004966 
2710.200000 0.004966 
2709.200000 0.004966 
2708.300000 0.004966 
2707.300000 0.003307 
2706.300000 0.003307 
2705.400000 0.004966 
2704.400000 0.003307 
2703.400000 0.003307 
2702.500000 0.003307 
2701.500000 0.003307 
2700.500000 0.003307 
2699.600000 0.003307 
2698.600000 0.001655 
2697.600000 0.001655 
2696.700000 0.001655 
2695.700000 0.001655 
2694.700000 0.001655 
2693.800000 0.001655 
2692.800000 0.001655 
2691.900000 0.001655 
2690.900000 0.001655 
2689.900000 0.001655 
2689.000000 0.001655 
2688.000000 0.001655 
2687.000000 0.001655 
2686.100000 0.001655 
2685.100000 0.001655 
2684.100000 0.001655 
2683.200000 0.001655 
2682.200000 0.001655 
2681.200000 0.000000 
2680.300000 0.001655 
2679.300000 0.000000 
2678.400000 0.001655 
2677.400000 0.001655 
2676.400000 0.001655 
2675.500000 0.001655 
2674.500000 0.001655 
2673.500000 0.001655 
2672.600000 0.001655 
2671.600000 0.001655 
2670.600000 0.001655 
2669.700000 0.001655 
2668.700000 0.001655 
2667.700000 0.001655 
2666.800000 0.001655 
2665.800000 0.001655 
2664.900000 0.001655 
2663.900000 0.003307 
2662.900000 0.003307 
2662.000000 0.003307 
2661.000000 0.003307 
2660.000000 0.003307 
2659.100000 0.003307 
2658.100000 0.004966 
2657.100000 0.004966 
2656.200000 0.004966 
2655.200000 0.004966 
2654.200000 0.004966 
2653.300000 0.006625 
2652.300000 0.006625 
2651.300000 0.006625 
2650.400000 0.006625 
2649.400000 0.008284 
2648.500000 0.008284 
2647.500000 0.008284 
2646.500000 0.009946 
2645.600000 0.009946 
2644.600000 0.009946 
2643.600000 0.011609 
2642.700000 0.011609 
2641.700000 0.013272 
2640.700000 0.013272 
2639.800000 0.013272 
2638.800000 0.014939 
2637.800000 0.014939 
2636.900000 0.016609 
2635.900000 0.016609 
2635.000000 0.016609 
2634.000000 0.018280 
2633.000000 0.018280 
2632.100000 0.019950 
2631.100000 0.019950 
2630.100000 0.019950 
2629.200000 0.019950 
2628.200000 0.021624 
2627.200000 0.021624 
2626.300000 0.021624 
2625.300000 0.023298 
2624.300000 0.023298 
2623.400000 0.024977 
2622.400000 0.024977 
2621.400000 0.024977 
2620.500000 0.024977 
2619.500000 0.026655 
2618.600000 0.026655 
2617.600000 0.026655 
2616.600000 0.026655 
2615.700000 0.026655 
2614.700000 0.028333 
2613.700000 0.026655 
2612.800000 0.028333 
2611.800000 0.028333 
2610.800000 0.028333 
2609.900000 0.028333 
2608.900000 0.028333 
2607.900000 0.030018 
2607.000000 0.030018 
2606.000000 0.030018 
2605.100000 0.030018 
2604.100000 0.030018 
2603.100000 0.030018 
2602.200000 0.030018 
2601.200000 0.030018 
2600.200000 0.030018 
2599.300000 0.030018 
2598.300000 0.030018 
2597.300000 0.031700 
2596.400000 0.031700 
2595.400000 0.031700 
2594.400000 0.030018 
2593.500000 0.031700 
2592.500000 0.031700 
2591.600000 0.031700 
2590.600000 0.030018 
2589.600000 0.031700 
2588.700000 0.030018 
2587.700000 0.030018 
2586.700000 0.030018 
2585.800000 0.030018 
2584.800000 0.030018 
2583.800000 0.030018 
2582.900000 0.030018 
2581.900000 0.030018 
2580.900000 0.030018 
2580.000000 0.028333 
2579.000000 0.028333 
2578.000000 0.028333 
2577.100000 0.028333 
2576.100000 0.028333 
2575.200000 0.028333 
2574.200000 0.028333 
2573.200000 0.028333 
2572.300000 0.028333 
2571.300000 0.028333 
2570.300000 0.028333 
2569.400000 0.028333 
2568.400000 0.028333 
2567.400000 0.028333 
2566.500000 0.028333 
2565.500000 0.030018 
2564.500000 0.028333 
2563.600000 0.030018 
2562.600000 0.030018 
2561.700000 0.030018 
2560.700000 0.030018 
2559.700000 0.031700 
2558.800000 0.030018 
2557.800000 0.031700 
2556.800000 0.031700 
2555.900000 0.031700 
2554.900000 0.031700 
2553.900000 0.033386 
2553.000000 0.033386 
2552.000000 0.033386 
2551.000000 0.033386 
2550.100000 0.033386 
2549.100000 0.035071 
2548.100000 0.035071 
2547.200000 0.035071 
2546.200000 0.035071 
2545.300000 0.036761 
2544.300000 0.036761 
2543.300000 0.036761 
2542.400000 0.036761 
2541.400000 0.038450 
2540.400000 0.038450 
2539.500000 0.038450 
2538.500000 0.038450 
2537.500000 0.040144 
2536.600000 0.040144 
2535.600000 0.040144 
2534.600000 0.040144 
2533.700000 0.040144 
2532.700000 0.041837 
2531.800000 0.041837 
2530.800000 0.041837 
2529.800000 0.041837 
2528.900000 0.041837 
2527.900000 0.041837 
2526.900000 0.041837 
2526.000000 0.041837 
2525.000000 0.041837 
2524.000000 0.041837 
2523.100000 0.041837 
2522.100000 0.041837 
2521.100000 0.040144 
2520.200000 0.040144 
2519.200000 0.040144 
2518.200000 0.040144 
2517.300000 0.038450 
2516.300000 0.038450 
2515.400000 0.038450 
2514.400000 0.036761 
2513.400000 0.036761 
2512.500000 0.035071 
2511.500000 0.035071 
2510.500000 0.033386 
2509.600000 0.033386 
2508.600000 0.031700 
2507.600000 0.030018 
2506.700000 0.030018 
2505.700000 0.028333 
2504.700000 0.028333 
2503.800000 0.026655 
2502.800000 0.024977 
2501.900000 0.024977 
2500.900000 0.023298 
2499.900000 0.023298 
2499.000000 0.021624 
2498.000000 0.019950 
2497.000000 0.019950 
2496.100000 0.018280 
2495.100000 0.018280 
2494.100000 0.016609 
2493.200000 0.016609 
2492.200000 0.014939 
2491.200000 0.014939 
2490.300000 0.013272 
2489.300000 0.013272 
2488.400000 0.011609 
2487.400000 0.011609 
2486.400000 0.011609 
2485.500000 0.011609 
2484.500000 0.009946 
2483.500000 0.009946 
2482.600000 0.009946 
2481.600000 0.009946 
2480.600000 0.009946 
2479.700000 0.008284 
2478.700000 0.008284 
2477.700000 0.008284 
2476.800000 0.008284 
2475.800000 0.008284 
2474.800000 0.008284 
2473.900000 0.008284 
2472.900000 0.008284 
2472.000000 0.006625 
2471.000000 0.006625 
2470.000000 0.006625 
2469.100000 0.006625 
2468.100000 0.006625 
2467.100000 0.006625 
2466.200000 0.006625 
2465.200000 0.006625 
2464.200000 0.006625 
2463.300000 0.006625 
2462.300000 0.006625 
2461.300000 0.006625 
2460.400000 0.006625 
2459.400000 0.006625 
2458.500000 0.006625 
2457.500000 0.006625 
2456.500000 0.006625 
2455.600000 0.006625 
2454.600000 0.006625 
2453.600000 0.006625 
2452.700000 0.006625 
2451.700000 0.006625 
2450.700000 0.006625 
2449.800000 0.006625 
2448.800000 0.006625 
2447.800000 0.006625 
2446.900000 0.006625 
2445.900000 0.006625 
2444.900000 0.006625 
2444.000000 0.006625 
2443.000000 0.006625 
2442.100000 0.006625 
2441.100000 0.006625 
2440.100000 0.006625 
2439.200000 0.006625 
2438.200000 0.006625 
2437.200000 0.006625 
2436.300000 0.006625 
2435.300000 0.006625 
2434.300000 0.006625 
2433.400000 0.006625 
2432.400000 0.006625 
2431.400000 0.006625 
2430.500000 0.006625 
2429.500000 0.006625 
2428.600000 0.006625 
2427.600000 0.004966 
2426.600000 0.004966 
2425.700000 0.004966 
2424.700000 0.004966 
2423.700000 0.004966 
2422.800000 0.004966 
2421.800000 0.004966 
2420.800000 0.004966 
2419.900000 0.004966 
2418.900000 0.004966 
2417.900000 0.003307 
2417.000000 0.004966 
2416.000000 0.003307 
2415.100000 0.003307 
2414.100000 0.003307 
2413.100000 0.003307 
2412.200000 0.003307 
2411.200000 0.003307 
2410.200000 0.003307 
2409.300000 0.003307 
2408.300000 0.003307 
2407.300000 0.003307 
2406.400000 0.001655 
2405.400000 0.001655 
2404.400000 0.001655 
2403.500000 0.001655 
2402.500000 0.001655 
2401.500000 0.001655 
2400.600000 0.001655 
2399.600000 0.001655 
2398.700000 0.001655 
2397.700000 0.001655 
2396.700000 0.001655 
2395.800000 0.001655 
2394.800000 0.001655 
2393.800000 0.001655 
2392.900000 0.001655 
2391.900000 0.001655 
2390.900000 0.001655 
2390.000000 0.001655 
2389.000000 0.001655 
2388.000000 0.001655 
2387.100000 0.001655 
2386.100000 0.001655 
2385.200000 0.000000 
2384.200000 0.001655 
2383.200000 0.000000 
2382.300000 0.001655 
2381.300000 0.000000 
2380.300000 0.000000 
2379.400000 0.001655 
2378.400000 0.001655 
2377.400000 0.001655 
2376.500000 0.001655 
2375.500000 0.001655 
2374.500000 0.001655 
2373.600000 0.001655 
2372.600000 0.001655 
2371.600000 0.001655 
2370.700000 0.001655 
2369.700000 0.001655 
2368.800000 0.001655 
2367.800000 0.001655 
2366.800000 0.001655 
2365.900000 0.001655 
2364.900000 0.001655 
2363.900000 0.001655 
2363.000000 0.001655 
2362.000000 0.001655 
2361.000000 0.001655 
2360.100000 0.001655 
2359.100000 0.001655 
2358.100000 0.001655 
2357.200000 0.001655 
2356.200000 0.001655 
2355.300000 0.001655 
2354.300000 0.000000 
2353.300000 0.001655 
2352.400000 0.000000 
2351.400000 0.001655 
2350.400000 0.000000 
2349.500000 0.000000 
2348.500000 0.000000 
2347.500000 0.000000 
2346.600000 0.001655 
2345.600000 0.000000 
2344.600000 0.000000 
2343.700000 0.000000 
2342.700000 0.000000 
2341.800000 0.001655 
2340.800000 0.000000 
2339.800000 0.001655 
2338.900000 0.001655 
2337.900000 0.001655 
2336.900000 0.001655 
2336.000000 0.000000 
2335.000000 0.001655 
2334.000000 0.000000 
2333.100000 0.001655 
2332.100000 0.001655 
2331.100000 0.001655 
2330.200000 0.001655 
2329.200000 0.001655 
2328.200000 0.000000 
2327.300000 0.001655 
2326.300000 0.001655 
2325.400000 0.001655 
2324.400000 0.000000 
2323.400000 0.001655 
2322.500000 0.000000 
2321.500000 0.001655 
2320.500000 0.001655 
2319.600000 0.001655 
2318.600000 0.001655 
2317.600000 0.000000 
2316.700000 0.001655 
2315.700000 0.001655 
2314.700000 0.001655 
2313.800000 0.001655 
2312.800000 0.001655 
2311.900000 0.001655 
2310.900000 0.001655 
2309.900000 0.001655 
2309.000000 0.001655 
2308.000000 0.001655 
2307.000000 0.001655 
2306.100000 0.001655 
2305.100000 0.001655 
2304.100000 0.001655 
2303.200000 0.001655 
2302.200000 0.001655 
2301.200000 0.001655 
2300.300000 0.000000 
2299.300000 0.001655 
2298.400000 0.001655 
2297.400000 0.001655 
2296.400000 0.001655 
2295.500000 0.001655 
2294.500000 0.001655 
2293.500000 0.001655 
2292.600000 0.001655 
2291.600000 0.001655 
2290.600000 0.001655 
2289.700000 0.001655 
2288.700000 0.001655 
2287.700000 0.001655 
2286.800000 0.001655 
2285.800000 0.001655 
2284.800000 0.001655 
2283.900000 0.001655 
2282.900000 0.001655 
2282.000000 0.001655 
2281.000000 0.001655 
2280.000000 0.001655 
2279.100000 0.001655 
2278.100000 0.003307 
2277.100000 0.003307 
2276.200000 0.003307 
2275.200000 0.003307 
2274.200000 0.003307 
2273.300000 0.003307 
2272.300000 0.003307 
2271.300000 0.003307 
2270.400000 0.003307 
2269.400000 0.003307 
2268.500000 0.003307 
2267.500000 0.003307 
2266.500000 0.004966 
2265.600000 0.004966 
2264.600000 0.004966 
2263.600000 0.004966 
2262.700000 0.004966 
2261.700000 0.004966 
2260.700000 0.004966 
2259.800000 0.004966 
2258.800000 0.004966 
2257.800000 0.004966 
2256.900000 0.006625 
2255.900000 0.006625 
2254.900000 0.006625 
2254.000000 0.006625 
2253.000000 0.006625 
2252.100000 0.006625 
2251.100000 0.006625 
2250.100000 0.006625 
2249.200000 0.006625 
2248.200000 0.008284 
2247.200000 0.008284 
2246.300000 0.008284 
2245.300000 0.008284 
2244.300000 0.008284 
2243.400000 0.008284 
2242.400000 0.008284 
2241.400000 0.008284 
2240.500000 0.008284 
2239.500000 0.008284 
2238.600000 0.008284 
2237.600000 0.008284 
2236.600000 0.008284 
2235.700000 0.008284 
2234.700000 0.008284 
2233.700000 0.008284 
2232.800000 0.008284 
2231.800000 0.008284 
2230.800000 0.008284 
2229.900000 0.008284 
2228.900000 0.008284 
2227.900000 0.008284 
2227.000000 0.008284 
2226.000000 0.008284 
2225.000000 0.008284 
2224.100000 0.006625 
2223.100000 0.008284 
2222.200000 0.006625 
2221.200000 0.006625 
2220.200000 0.006625 
2219.300000 0.006625 
2218.300000 0.006625 
2217.300000 0.006625 
2216.400000 0.004966 
2215.400000 0.004966 
2214.400000 0.004966 
2213.500000 0.004966 
2212.500000 0.004966 
2211.500000 0.004966 
2210.600000 0.004966 
2209.600000 0.003307 
2208.700000 0.003307 
2207.700000 0.003307 
2206.700000 0.003307 
2205.800000 0.003307 
2204.800000 0.003307 
2203.800000 0.003307 
2202.900000 0.001655 
2201.900000 0.001655 
2200.900000 0.001655 
2200.000000 0.001655 
2199.000000 0.001655 
2198.000000 0.001655 
2197.100000 0.001655 
2196.100000 0.001655 
2195.200000 0.001655 
2194.200000 0.001655 
2193.200000 0.001655 
2192.300000 0.001655 
2191.300000 0.001655 
2190.300000 0.001655 
2189.400000 0.001655 
2188.400000 0.001655 
2187.400000 0.001655 
2186.500000 0.001655 
2185.500000 0.001655 
2184.500000 0.001655 
2183.600000 0.001655 
2182.600000 0.001655 
2181.600000 0.001655 
2180.700000 0.001655 
2179.700000 0.001655 
2178.800000 0.001655 
2177.800000 0.001655 
2176.800000 0.001655 
2175.900000 0.001655 
2174.900000 0.001655 
2173.900000 0.001655 
2173.000000 0.001655 
2172.000000 0.001655 
2171.000000 0.001655 
2170.100000 0.001655 
2169.100000 0.001655 
2168.100000 0.001655 
2167.200000 0.001655 
2166.200000 0.001655 
2165.300000 0.001655 
2164.300000 0.001655 
2163.300000 0.000000 
2162.400000 0.000000 
2161.400000 0.001655 
2160.400000 0.001655 
2159.500000 0.001655 
2158.500000 0.001655 
2157.500000 0.001655 
2156.600000 0.001655 
2155.600000 0.001655 
2154.600000 0.000000 
2153.700000 0.001655 
2152.700000 0.001655 
2151.800000 0.001655 
2150.800000 0.001655 
2149.800000 0.001655 
2148.900000 0.001655 
2147.900000 0.001655 
2146.900000 0.000000 
2146.000000 0.001655 
2145.000000 0.001655 
2144.000000 0.001655 
2143.100000 0.001655 
2142.100000 0.001655 
2141.100000 0.001655 
2140.200000 0.001655 
2139.200000 0.001655 
2138.200000 0.001655 
2137.300000 0.001655 
2136.300000 0.001655 
2135.400000 0.001655 
2134.400000 0.001655 
2133.400000 0.001655 
2132.500000 0.001655 
2131.500000 0.001655 
2130.500000 0.001655 
2129.600000 0.001655 
2128.600000 0.001655 
2127.600000 0.001655 
2126.700000 0.001655 
2125.700000 0.001655 
2124.700000 0.001655 
2123.800000 0.001655 
2122.800000 0.001655 
2121.900000 0.001655 
2120.900000 0.001655 
2119.900000 0.001655 
2119.000000 0.001655 
2118.000000 0.001655 
2117.000000 0.001655 
2116.100000 0.001655 
2115.100000 0.001655 
2114.100000 0.000000 
2113.200000 0.001655 
2112.200000 0.001655 
2111.200000 0.001655 
2110.300000 0.000000 
2109.300000 0.000000 
2108.300000 0.001655 
2107.400000 0.001655 
2106.400000 0.000000 
2105.500000 0.000000 
2104.500000 0.001655 
2103.500000 0.000000 
2102.600000 0.000000 
2101.600000 0.000000 
2100.600000 0.000000 
2099.700000 0.000000 
2098.700000 0.000000 
2097.700000 0.001655 
2096.800000 0.000000 
2095.800000 0.000000 
2094.800000 0.001655 
2093.900000 0.000000 
2092.900000 0.001655 
2092.000000 0.001655 
2091.000000 0.001655 
2090.000000 0.001655 
2089.100000 0.001655 
2088.100000 0.001655 
2087.100000 0.001655 
2086.200000 0.001655 
2085.200000 0.001655 
2084.200000 0.001655 
2083.300000 0.001655 
2082.300000 0.001655 
2081.300000 0.001655 
2080.400000 0.001655 
2079.400000 0.001655 
2078.400000 0.001655 
2077.500000 0.001655 
2076.500000 0.003307 
2075.600000 0.003307 
2074.600000 0.003307 
2073.600000 0.003307 
2072.700000 0.003307 
2071.700000 0.003307 
2070.700000 0.003307 
2069.800000 0.004966 
2068.800000 0.004966 
2067.800000 0.004966 
2066.900000 0.004966 
2065.900000 0.004966 
2064.900000 0.004966 
2064.000000 0.004966 
2063.000000 0.004966 
2062.100000 0.006625 
2061.100000 0.006625 
2060.100000 0.006625 
2059.200000 0.006625 
2058.200000 0.006625 
2057.200000 0.006625 
2056.300000 0.008284 
2055.300000 0.008284 
2054.300000 0.008284 
2053.400000 0.008284 
2052.400000 0.008284 
2051.400000 0.008284 
2050.500000 0.009946 
2049.500000 0.009946 
2048.600000 0.009946 
2047.600000 0.009946 
2046.600000 0.009946 
2045.700000 0.009946 
2044.700000 0.009946 
2043.700000 0.009946 
2042.800000 0.009946 
2041.800000 0.011609 
2040.800000 0.009946 
2039.900000 0.009946 
2038.900000 0.009946 
2037.900000 0.009946 
2037.000000 0.009946 
2036.000000 0.009946 
2035.000000 0.009946 
2034.100000 0.009946 
2033.100000 0.009946 
2032.200000 0.009946 
2031.200000 0.009946 
2030.200000 0.009946 
2029.300000 0.009946 
2028.300000 0.008284 
2027.300000 0.008284 
2026.400000 0.008284 
2025.400000 0.008284 
2024.400000 0.008284 
2023.500000 0.006625 
2022.500000 0.006625 
2021.500000 0.006625 
2020.600000 0.006625 
2019.600000 0.004966 
2018.700000 0.004966 
2017.700000 0.004966 
2016.700000 0.004966 
2015.800000 0.004966 
2014.800000 0.004966 
2013.800000 0.004966 
2012.900000 0.003307 
2011.900000 0.003307 
2010.900000 0.003307 
2010.000000 0.003307 
2009.000000 0.003307 
2008.000000 0.003307 
2007.100000 0.003307 
2006.100000 0.003307 
2005.100000 0.003307 
2004.200000 0.003307 
2003.200000 0.001655 
2002.300000 0.001655 
2001.300000 0.001655 
2000.300000 0.001655 
1999.400000 0.001655 
1998.400000 0.001655 
1997.400000 0.001655 
1996.500000 0.001655 
1995.500000 0.001655 
1994.500000 0.001655 
1993.600000 0.001655 
1992.600000 0.001655 
1991.600000 0.001655 
1990.700000 0.001655 
1989.700000 0.001655 
1988.800000 0.001655 
1987.800000 0.001655 
1986.800000 0.001655 
1985.900000 0.001655 
1984.900000 0.001655 
1983.900000 0.001655 
1983.000000 0.001655 
1982.000000 0.001655 
1981.000000 0.001655 
1980.100000 0.001655 
1979.100000 0.001655 
1978.100000 0.001655 
1977.200000 0.001655 
1976.200000 0.001655 
1975.300000 0.001655 
1974.300000 0.001655 
1973.300000 0.001655 
1972.400000 0.001655 
1971.400000 0.001655 
1970.400000 0.001655 
1969.500000 0.001655 
1968.500000 0.001655 
1967.500000 0.001655 
1966.600000 0.001655 
1965.600000 0.001655 
1964.600000 0.000000 
1963.700000 0.000000 
1962.700000 0.001655 
1961.700000 0.001655 
1960.800000 0.001655 
1959.800000 0.001655 
1958.900000 0.001655 
1957.900000 0.001655 
1956.900000 0.001655 
1956.000000 0.001655 
1955.000000 0.001655 
1954.000000 0.001655 
1953.100000 0.001655 
1952.100000 0.001655 
1951.100000 0.001655 
1950.200000 0.001655 
1949.200000 0.001655 
1948.200000 0.001655 
1947.300000 0.001655 
1946.300000 0.001655 
1945.400000 0.001655 
1944.400000 0.001655 
1943.400000 0.001655 
1942.500000 0.001655 
1941.500000 0.001655 
1940.500000 0.001655 
1939.600000 0.001655 
1938.600000 0.001655 
1937.600000 0.001655 
1936.700000 0.001655 
1935.700000 0.001655 
1934.700000 0.001655 
1933.800000 0.001655 
1932.800000 0.001655 
1931.800000 0.001655 
1930.900000 0.001655 
1929.900000 0.001655 
1929.000000 0.001655 
1928.000000 0.001655 
1927.000000 0.001655 
1926.100000 0.001655 
1925.100000 0.001655 
1924.100000 0.001655 
1923.200000 0.001655 
1922.200000 0.001655 
1921.200000 0.001655 
1920.300000 0.001655 
1919.300000 0.001655 
1918.300000 0.001655 
1917.400000 0.001655 
1916.400000 0.001655 
1915.500000 0.001655 
1914.500000 0.001655 
1913.500000 0.001655 
1912.600000 0.001655 
1911.600000 0.001655 
1910.600000 0.000000 
1909.700000 0.001655 
1908.700000 0.001655 
1907.700000 0.001655 
1906.800000 0.000000 
1905.800000 0.001655 
1904.800000 0.001655 
1903.900000 0.001655 
1902.900000 0.001655 
1901.900000 0.001655 
1901.000000 0.001655 
1900.000000 0.001655 
1899.100000 0.001655 
1898.100000 0.001655 
1897.100000 0.001655 
1896.200000 0.001655 
1895.200000 0.001655 
1894.200000 0.001655 
1893.300000 0.001655 
1892.300000 0.000000 
1891.300000 0.001655 
1890.400000 0.001655 
1889.400000 0.001655 
1888.400000 0.001655 
1887.500000 0.001655 
1886.500000 0.001655 
1885.600000 0.001655 
1884.600000 0.001655 
1883.600000 0.001655 
1882.700000 0.001655 
1881.700000 0.000000 
1880.700000 0.001655 
1879.800000 0.001655 
1878.800000 0.001655 
1877.800000 0.001655 
1876.900000 0.001655 
1875.900000 0.001655 
1874.900000 0.001655 
1874.000000 0.001655 
1873.000000 0.000000 
1872.100000 0.001655 
1871.100000 0.001655 
1870.100000 0.001655 
1869.200000 0.001655 
1868.200000 0.000000 
1867.200000 0.001655 
1866.300000 0.001655 
1865.300000 0.001655 
1864.300000 0.001655 
1863.400000 0.001655 
1862.400000 0.001655 
1861.400000 0.001655 
1860.500000 0.001655 
1859.500000 0.001655 
1858.500000 0.001655 
1857.600000 0.001655 
1856.600000 0.001655 
1855.700000 0.001655 
1854.700000 0.001655 
1853.700000 0.001655 
1852.800000 0.001655 
1851.800000 0.001655 
1850.800000 0.001655 
1849.900000 0.001655 
1848.900000 0.001655 
1847.900000 0.001655 
1847.000000 0.001655 
1846.000000 0.001655 
1845.000000 0.001655 
1844.100000 0.001655 
1843.100000 0.001655 
1842.200000 0.001655 
1841.200000 0.001655 
1840.200000 0.001655 
1839.300000 0.001655 
1838.300000 0.001655 
1837.300000 0.001655 
1836.400000 0.001655 
1835.400000 0.001655 
1834.400000 0.001655 
1833.500000 0.001655 
1832.500000 0.001655 
1831.500000 0.001655 
1830.600000 0.001655 
1829.600000 0.001655 
1828.600000 0.001655 
1827.700000 0.001655 
1826.700000 0.001655 
1825.800000 0.001655 
1824.800000 0.001655 
1823.800000 0.001655 
1822.900000 0.001655 
1821.900000 0.001655 
1820.900000 0.001655 
1820.000000 0.001655 
1819.000000 0.001655 
1818.000000 0.001655 
1817.100000 0.001655 
1816.100000 0.001655 
1815.100000 0.001655 
1814.200000 0.001655 
1813.200000 0.001655 
1812.300000 0.001655 
1811.300000 0.001655 
1810.300000 0.001655 
1809.400000 0.001655 
1808.400000 0.001655 
1807.400000 0.001655 
1806.500000 0.003307 
1805.500000 0.001655 
1804.500000 0.003307 
1803.600000 0.003307 
1802.600000 0.003307 
1801.600000 0.001655 
1800.700000 0.003307 
1799.700000 0.003307 
1798.800000 0.003307 
1797.800000 0.003307 
1796.800000 0.003307 
1795.900000 0.003307 
1794.900000 0.001655 
1793.900000 0.003307 
1793.000000 0.003307 
1792.000000 0.003307 
1791.000000 0.003307 
1790.100000 0.003307 
1789.100000 0.003307 
1788.100000 0.003307 
1787.200000 0.003307 
1786.200000 0.003307 
1785.200000 0.003307 
1784.300000 0.003307 
1783.300000 0.003307 
1782.400000 0.003307 
1781.400000 0.003307 
1780.400000 0.003307 
1779.500000 0.003307 
1778.500000 0.003307 
1777.500000 0.003307 
1776.600000 0.003307 
1775.600000 0.003307 
1774.600000 0.003307 
1773.700000 0.003307 
1772.700000 0.003307 
1771.700000 0.003307 
1770.800000 0.003307 
1769.800000 0.003307 
1768.900000 0.003307 
1767.900000 0.003307 
1766.900000 0.003307 
1766.000000 0.003307 
1765.000000 0.003307 
1764.000000 0.003307 
1763.100000 0.003307 
1762.100000 0.003307 
1761.100000 0.003307 
1760.200000 0.003307 
1759.200000 0.003307 
1758.200000 0.003307 
1757.300000 0.003307 
1756.300000 0.003307 
1755.300000 0.003307 
1754.400000 0.003307 
1753.400000 0.003307 
1752.500000 0.003307 
1751.500000 0.003307 
1750.500000 0.003307 
1749.600000 0.003307 
1748.600000 0.003307 
1747.600000 0.003307 
1746.700000 0.003307 
1745.700000 0.003307 
1744.700000 0.003307 
1743.800000 0.003307 
1742.800000 0.003307 
1741.800000 0.003307 
1740.900000 0.003307 
1739.900000 0.003307 
1739.000000 0.003307 
1738.000000 0.003307 
1737.000000 0.003307 
1736.100000 0.003307 
1735.100000 0.003307 
1734.100000 0.003307 
1733.200000 0.003307 
1732.200000 0.003307 
1731.200000 0.003307 
1730.300000 0.003307 
1729.300000 0.003307 
1728.300000 0.004966 
1727.400000 0.004966 
1726.400000 0.004966 
1725.400000 0.004966 
1724.500000 0.003307 
1723.500000 0.004966 
1722.600000 0.004966 
1721.600000 0.004966 
1720.600000 0.004966 
1719.700000 0.004966 
1718.700000 0.004966 
1717.700000 0.003307 
1716.800000 0.004966 
1715.800000 0.004966 
1714.800000 0.004966 
1713.900000 0.004966 
1712.900000 0.004966 
1711.900000 0.004966 
1711.000000 0.004966 
1710.000000 0.004966 
1709.100000 0.004966 
1708.100000 0.004966 
1707.100000 0.004966 
1706.200000 0.004966 
1705.200000 0.004966 
1704.200000 0.004966 
1703.300000 0.004966 
1702.300000 0.006625 
1701.300000 0.004966 
1700.400000 0.004966 
1699.400000 0.004966 
1698.400000 0.006625 
1697.500000 0.006625 
1696.500000 0.004966 
1695.600000 0.004966 
1694.600000 0.004966 
1693.600000 0.004966 
1692.700000 0.006625 
1691.700000 0.006625 
1690.700000 0.006625 
1689.800000 0.006625 
1688.800000 0.006625 
1687.800000 0.006625 
1686.900000 0.006625 
1685.900000 0.006625 
1684.900000 0.004966 
1684.000000 0.006625 
1683.000000 0.006625 
1682.000000 0.006625 
1681.100000 0.006625 
1680.100000 0.006625 
1679.200000 0.006625 
1678.200000 0.006625 
1677.200000 0.006625 
1676.300000 0.006625 
1675.300000 0.006625 
1674.300000 0.008284 
1673.400000 0.006625 
1672.400000 0.006625 
1671.400000 0.006625 
1670.500000 0.008284 
1669.500000 0.008284 
1668.500000 0.008284 
1667.600000 0.008284 
1666.600000 0.008284 
1665.700000 0.008284 
1664.700000 0.008284 
1663.700000 0.008284 
1662.800000 0.008284 
1661.800000 0.008284 
1660.800000 0.008284 
1659.900000 0.008284 
1658.900000 0.008284 
1657.900000 0.008284 
1657.000000 0.009946 
1656.000000 0.009946 
1655.000000 0.008284 
1654.100000 0.008284 
1653.100000 0.008284 
1652.200000 0.009946 
1651.200000 0.009946 
1650.200000 0.009946 
1649.300000 0.009946 
1648.300000 0.009946 
1647.300000 0.009946 
1646.400000 0.009946 
1645.400000 0.009946 
1644.400000 0.011609 
1643.500000 0.009946 
1642.500000 0.011609 
1641.500000 0.011609 
1640.600000 0.011609 
1639.600000 0.011609 
1638.600000 0.011609 
1637.700000 0.011609 
1636.700000 0.011609 
1635.800000 0.011609 
1634.800000 0.011609 
1633.800000 0.011609 
1632.900000 0.011609 
1631.900000 0.013272 
1630.900000 0.013272 
1630.000000 0.013272 
1629.000000 0.013272 
1628.000000 0.013272 
1627.100000 0.013272 
1626.100000 0.013272 
1625.100000 0.013272 
1624.200000 0.013272 
1623.200000 0.013272 
1622.300000 0.013272 
1621.300000 0.013272 
1620.300000 0.014939 
1619.400000 0.014939 
1618.400000 0.014939 
1617.400000 0.013272 
1616.500000 0.014939 
1615.500000 0.014939 
1614.500000 0.014939 
1613.600000 0.014939 
1612.600000 0.014939 
1611.600000 0.014939 
1610.700000 0.014939 
1609.700000 0.014939 
1608.700000 0.016609 
1607.800000 0.016609 
1606.800000 0.016609 
1605.900000 0.014939 
1604.900000 0.016609 
1603.900000 0.016609 
1603.000000 0.016609 
1602.000000 0.016609 
1601.000000 0.016609 
1600.100000 0.016609 
1599.100000 0.016609 
1598.100000 0.018280 
1597.200000 0.018280 
1596.200000 0.018280 
1595.200000 0.018280 
1594.300000 0.018280 
1593.300000 0.018280 
1592.400000 0.018280 
1591.400000 0.018280 
1590.400000 0.018280 
1589.500000 0.018280 
1588.500000 0.018280 
1587.500000 0.019950 
1586.600000 0.019950 
1585.600000 0.019950 
1584.600000 0.019950 
1583.700000 0.019950 
1582.700000 0.019950 
1581.700000 0.019950 
1580.800000 0.019950 
1579.800000 0.021624 
1578.800000 0.019950 
1577.900000 0.021624 
1576.900000 0.019950 
1576.000000 0.021624 
1575.000000 0.021624 
1574.000000 0.021624 
1573.100000 0.021624 
1572.100000 0.021624 
1571.100000 0.023298 
1570.200000 0.023298 
1569.200000 0.023298 
1568.200000 0.023298 
1567.300000 0.023298 
1566.300000 0.023298 
1565.300000 0.023298 
1564.400000 0.023298 
1563.400000 0.024977 
1562.500000 0.024977 
1561.500000 0.024977 
1560.500000 0.023298 
1559.600000 0.024977 
1558.600000 0.024977 
1557.600000 0.024977 
1556.700000 0.026655 
1555.700000 0.026655 
1554.700000 0.024977 
1553.800000 0.026655 
1552.800000 0.026655 
1551.800000 0.026655 
1550.900000 0.026655 
1549.900000 0.026655 
1549.000000 0.026655 
1548.000000 0.028333 
1547.000000 0.028333 
1546.100000 0.028333 
1545.100000 0.028333 
1544.100000 0.028333 
1543.200000 0.030018 
1542.200000 0.030018 
1541.200000 0.030018 
1540.300000 0.030018 
1539.300000 0.030018 
1538.300000 0.031700 
1537.400000 0.031700 
1536.400000 0.031700 
1535.400000 0.031700 
1534.500000 0.031700 
1533.500000 0.033386 
1532.600000 0.033386 
1531.600000 0.035071 
1530.600000 0.035071 
1529.700000 0.036761 
1528.700000 0.036761 
1527.700000 0.036761 
1526.800000 0.038450 
1525.800000 0.038450 
1524.800000 0.040144 
1523.900000 0.041837 
1522.900000 0.041837 
1521.900000 0.041837 
1521.000000 0.043534 
1520.000000 0.045231 
1519.100000 0.046932 
1518.100000 0.048633 
1517.100000 0.050334 
1516.200000 0.052038 
1515.200000 0.053747 
1514.200000 0.055455 
1513.300000 0.058876 
1512.300000 0.060588 
1511.300000 0.062304 
1510.400000 0.064020 
1509.400000 0.067460 
1508.400000 0.069180 
1507.500000 0.070904 
1506.500000 0.072631 
1505.500000 0.076090 
1504.600000 0.077821 
1503.600000 0.081288 
1502.700000 0.083023 
1501.700000 0.084762 
1500.700000 0.086505 
1499.800000 0.089990 
1498.800000 0.091737 
1497.800000 0.093483 
1496.900000 0.095233 
1495.900000 0.098738 
1494.900000 0.100492 
1494.000000 0.102250 
1493.000000 0.104008 
1492.000000 0.107531 
1491.100000 0.109297 
1490.100000 0.112832 
1489.200000 0.116374 
1488.200000 0.119925 
1487.200000 0.123482 
1486.300000 0.128832 
1485.300000 0.132409 
1484.300000 0.137789 
1483.400000 0.141385 
1482.400000 0.146796 
1481.400000 0.150411 
1480.500000 0.154037 
1479.500000 0.157667 
1478.500000 0.161308 
1477.600000 0.163131 
1476.600000 0.164954 
1475.700000 0.164954 
1474.700000 0.164954 
1473.700000 0.163131 
1472.800000 0.163131 
1471.800000 0.163131 
1470.800000 0.163131 
1469.900000 0.163131 
1468.900000 0.164954 
1467.900000 0.166784 
1467.000000 0.168610 
1466.000000 0.172275 
1465.000000 0.172275 
1464.100000 0.175947 
1463.100000 0.175947 
1462.100000 0.177788 
1461.200000 0.177788 
1460.200000 0.179630 
1459.300000 0.177788 
1458.300000 0.177788 
1457.300000 0.175947 
1456.400000 0.175947 
1455.400000 0.174109 
1454.400000 0.172275 
1453.500000 0.172275 
1452.500000 0.170441 
1451.500000 0.168610 
1450.600000 0.168610 
1449.600000 0.168610 
1448.600000 0.168610 
1447.700000 0.168610 
1446.700000 0.168610 
1445.800000 0.168610 
1444.800000 0.168610 
1443.800000 0.168610 
1442.900000 0.164954 
1441.900000 0.163131 
1440.900000 0.159486 
1440.000000 0.154037 
1439.000000 0.150411 
1438.000000 0.144992 
1437.100000 0.141385 
1436.100000 0.137789 
1435.100000 0.135993 
1434.200000 0.134201 
1433.200000 0.132409 
1432.300000 0.130621 
1431.300000 0.128832 
1430.300000 0.128832 
1429.400000 0.127048 
1428.400000 0.127048 
1427.400000 0.127048 
1426.500000 0.125263 
1425.500000 0.125263 
1424.500000 0.125263 
1423.600000 0.123482 
1422.600000 0.123482 
1421.600000 0.123482 
1420.700000 0.123482 
1419.700000 0.121701 
1418.700000 0.121701 
1417.800000 0.119925 
1416.800000 0.119925 
1415.900000 0.119925 
1414.900000 0.118148 
1413.900000 0.118148 
1413.000000 0.116374 
1412.000000 0.114601 
1411.000000 0.114601 
1410.100000 0.112832 
1409.100000 0.111062 
1408.100000 0.109297 
1407.200000 0.107531 
1406.200000 0.105770 
1405.200000 0.102250 
1404.300000 0.100492 
1403.300000 0.098738 
1402.300000 0.095233 
1401.400000 0.093483 
1400.400000 0.089990 
1399.500000 0.088247 
1398.500000 0.084762 
1397.500000 0.083023 
1396.600000 0.079553 
1395.600000 0.076090 
1394.600000 0.072631 
1393.700000 0.070904 
1392.700000 0.067460 
1391.700000 0.065740 
1390.800000 0.062304 
1389.800000 0.060588 
1388.800000 0.057164 
1387.900000 0.055455 
1386.900000 0.053747 
1386.000000 0.052038 
1385.000000 0.050334 
1384.000000 0.048633 
1383.100000 0.046932 
1382.100000 0.045231 
1381.100000 0.043534 
1380.200000 0.041837 
1379.200000 0.041837 
1378.200000 0.040144 
1377.300000 0.038450 
1376.300000 0.036761 
1375.300000 0.035071 
1374.400000 0.035071 
1373.400000 0.033386 
1372.500000 0.033386 
1371.500000 0.031700 
1370.500000 0.031700 
1369.600000 0.030018 
1368.600000 0.030018 
1367.600000 0.030018 
1366.700000 0.028333 
1365.700000 0.028333 
1364.700000 0.028333 
1363.800000 0.028333 
1362.800000 0.028333 
1361.800000 0.030018 
1360.900000 0.030018 
1359.900000 0.030018 
1358.900000 0.030018 
1358.000000 0.030018 
1357.000000 0.030018 
1356.100000 0.030018 
1355.100000 0.028333 
1354.100000 0.028333 
1353.200000 0.028333 
1352.200000 0.028333 
1351.200000 0.026655 
1350.300000 0.026655 
1349.300000 0.026655 
1348.300000 0.026655 
1347.400000 0.024977 
1346.400000 0.024977 
1345.400000 0.024977 
1344.500000 0.024977 
1343.500000 0.024977 
1342.600000 0.024977 
1341.600000 0.024977 
1340.600000 0.023298 
1339.700000 0.023298 
1338.700000 0.023298 
1337.700000 0.021624 
1336.800000 0.021624 
1335.800000 0.021624 
1334.800000 0.019950 
1333.900000 0.019950 
1332.900000 0.019950 
1331.900000 0.019950 
1331.000000 0.018280 
1330.000000 0.018280 
1329.100000 0.018280 
1328.100000 0.018280 
1327.100000 0.018280 
1326.200000 0.016609 
1325.200000 0.016609 
1324.200000 0.016609 
1323.300000 0.016609 
1322.300000 0.016609 
1321.300000 0.016609 
1320.400000 0.014939 
1319.400000 0.014939 
1318.400000 0.014939 
1317.500000 0.014939 
1316.500000 0.014939 
1315.500000 0.014939 
1314.600000 0.014939 
1313.600000 0.013272 
1312.700000 0.013272 
1311.700000 0.013272 
1310.700000 0.013272 
1309.800000 0.013272 
1308.800000 0.013272 
1307.800000 0.013272 
1306.900000 0.013272 
1305.900000 0.013272 
1304.900000 0.013272 
1304.000000 0.011609 
1303.000000 0.011609 
1302.000000 0.011609 
1301.100000 0.011609 
1300.100000 0.011609 
1299.200000 0.011609 
1298.200000 0.011609 
1297.200000 0.011609 
1296.300000 0.011609 
1295.300000 0.011609 
1294.300000 0.011609 
1293.400000 0.011609 
1292.400000 0.011609 
1291.400000 0.011609 
1290.500000 0.011609 
1289.500000 0.009946 
1288.500000 0.009946 
1287.600000 0.009946 
1286.600000 0.009946 
1285.600000 0.009946 
1284.700000 0.009946 
1283.700000 0.009946 
1282.800000 0.009946 
1281.800000 0.009946 
1280.800000 0.009946 
1279.900000 0.009946 
1278.900000 0.009946 
1277.900000 0.008284 
1277.000000 0.008284 
1276.000000 0.008284 
1275.000000 0.008284 
1274.100000 0.008284 
1273.100000 0.008284 
1272.100000 0.008284 
1271.200000 0.008284 
1270.200000 0.008284 
1269.300000 0.008284 
1268.300000 0.006625 
1267.300000 0.008284 
1266.400000 0.008284 
1265.400000 0.006625 
1264.400000 0.006625 
1263.500000 0.006625 
1262.500000 0.006625 
1261.500000 0.006625 
1260.600000 0.006625 
1259.600000 0.006625 
1258.600000 0.008284 
1257.700000 0.006625 
1256.700000 0.006625 
1255.800000 0.006625 
1254.800000 0.006625 
1253.800000 0.006625 
1252.900000 0.006625 
1251.900000 0.006625 
1250.900000 0.006625 
1250.000000 0.006625 
1249.000000 0.006625 
1248.000000 0.004966 
1247.100000 0.004966 
1246.100000 0.004966 
1245.100000 0.004966 
1244.200000 0.004966 
1243.200000 0.004966 
1242.200000 0.004966 
1241.300000 0.004966 
1240.300000 0.004966 
1239.400000 0.003307 
1238.400000 0.004966 
1237.400000 0.003307 
1236.500000 0.003307 
1235.500000 0.003307 
1234.500000 0.003307 
1233.600000 0.003307 
1232.600000 0.003307 
1231.600000 0.003307 
1230.700000 0.003307 
1229.700000 0.003307 
1228.700000 0.003307 
1227.800000 0.003307 
1226.800000 0.003307 
1225.900000 0.003307 
1224.900000 0.003307 
1223.900000 0.001655 
1223.000000 0.003307 
1222.000000 0.001655 
1221.000000 0.001655 
1220.100000 0.001655 
1219.100000 0.001655 
1218.100000 0.001655 
1217.200000 0.001655 
1216.200000 0.001655 
1215.200000 0.001655 
1214.300000 0.001655 
1213.300000 0.001655 
1212.300000 0.001655 
1211.400000 0.001655 
1210.400000 0.001655 
1209.500000 0.001655 
1208.500000 0.001655 
1207.500000 0.001655 
1206.600000 0.001655 
1205.600000 0.001655 
1204.600000 0.001655 
1203.700000 0.001655 
1202.700000 0.001655 
1201.700000 0.001655 
1200.800000 0.001655 
1199.800000 0.001655 
1198.800000 0.001655 
1197.900000 0.001655 
1196.900000 0.001655 
1196.000000 0.000000 
1195.000000 0.001655 
1194.000000 0.001655 
1193.100000 0.001655 
1192.100000 0.000000 
1191.100000 0.001655 
1190.200000 0.000000 
1189.200000 0.000000 
1188.200000 0.000000 
1187.300000 0.001655 
1186.300000 0.001655 
1185.300000 0.001655 
1184.400000 0.001655 
1183.400000 0.001655 
1182.400000 0.001655 
1181.500000 0.001655 
1180.500000 0.001655 
1179.600000 0.001655 
1178.600000 0.001655 
1177.600000 0.001655 
1176.700000 0.001655 
1175.700000 0.001655 
1174.700000 0.001655 
1173.800000 0.001655 
1172.800000 0.001655 
1171.800000 0.001655 
1170.900000 0.003307 
1169.900000 0.003307 
1168.900000 0.003307 
1168.000000 0.004966 
1167.000000 0.004966 
1166.100000 0.006625 
1165.100000 0.006625 
1164.100000 0.008284 
1163.200000 0.008284 
1162.200000 0.009946 
1161.200000 0.009946 
1160.300000 0.009946 
1159.300000 0.009946 
1158.300000 0.009946 
1157.400000 0.009946 
1156.400000 0.009946 
1155.400000 0.009946 
1154.500000 0.009946 
1153.500000 0.009946 
1152.600000 0.008284 
1151.600000 0.008284 
1150.600000 0.009946 
1149.700000 0.011609 
1148.700000 0.013272 
1147.700000 0.014939 
1146.800000 0.019950 
1145.800000 0.023298 
1144.800000 0.030018 
1143.900000 0.035071 
1142.900000 0.041837 
1141.900000 0.048633 
1141.000000 0.057164 
1140.000000 0.064020 
1139.000000 0.069180 
1138.100000 0.074359 
1137.100000 0.079553 
1136.200000 0.084762 
1135.200000 0.086505 
1134.200000 0.089990 
1133.300000 0.091737 
1132.300000 0.093483 
1131.300000 0.093483 
1130.400000 0.093483 
1129.400000 0.093483 
1128.400000 0.091737 
1127.500000 0.089990 
1126.500000 0.089990 
1125.500000 0.088247 
1124.600000 0.088247 
1123.600000 0.086505 
1122.700000 0.084762 
1121.700000 0.083023 
1120.700000 0.081288 
1119.800000 0.079553 
1118.800000 0.077821 
1117.800000 0.076090 
1116.900000 0.074359 
1115.900000 0.072631 
1114.900000 0.070904 
1114.000000 0.067460 
1113.000000 0.065740 
1112.000000 0.064020 
1111.100000 0.060588 
1110.100000 0.058876 
1109.100000 0.053747 
1108.200000 0.050334 
1107.200000 0.045231 
1106.300000 0.040144 
1105.300000 0.036761 
1104.300000 0.031700 
1103.400000 0.026655 
1102.400000 0.021624 
1101.400000 0.018280 
1100.500000 0.014939 
1099.500000 0.011609 
1098.500000 0.009946 
1097.600000 0.006625 
1096.600000 0.004966 
1095.600000 0.004966 
1094.700000 0.003307 
1093.700000 0.001655 
1092.800000 0.001655 
1091.800000 0.001655 
1090.800000 0.001655 
1089.900000 0.001655 
1088.900000 0.000000 
1087.900000 0.001655 
1087.000000 0.001655 
1086.000000 0.000000 
1085.000000 0.000000 
1084.100000 0.001655 
1083.100000 0.001655 
1082.100000 0.001655 
1081.200000 0.001655 
1080.200000 0.001655 
1079.300000 0.001655 
1078.300000 0.003307 
1077.300000 0.003307 
1076.400000 0.003307 
1075.400000 0.003307 
1074.400000 0.004966 
1073.500000 0.004966 
1072.500000 0.004966 
1071.500000 0.004966 
1070.600000 0.006625 
1069.600000 0.006625 
1068.600000 0.006625 
1067.700000 0.009946 
1066.700000 0.009946 
1065.700000 0.011609 
1064.800000 0.013272 
1063.800000 0.013272 
1062.900000 0.014939 
1061.900000 0.016609 
1060.900000 0.018280 
1060.000000 0.021624 
1059.000000 0.024977 
1058.000000 0.030018 
1057.100000 0.035071 
1056.100000 0.045231 
1055.100000 0.057164 
1054.200000 0.076090 
1053.200000 0.096984 
1052.200000 0.123482 
1051.300000 0.152222 
1050.300000 0.187016 
1049.400000 0.224446 
1048.400000 0.264681 
1047.400000 0.305924 
1046.500000 0.348221 
1045.500000 0.389537 
1044.500000 0.431910 
1043.600000 0.471000 
1042.600000 0.511037 
1041.600000 0.549761 
1040.700000 0.589414 
1039.700000 0.630040 
1038.700000 0.666740 
1037.800000 0.704270 
1036.800000 0.742670 
1035.800000 0.776692 
1034.900000 0.814130 
1033.900000 0.846907 
1033.000000 0.877538 
1032.000000 0.905882 
1031.000000 0.931817 
1030.100000 0.955214 
1029.100000 0.972984 
1028.100000 0.987938 
1027.200000 0.996979 
1026.200000 1.000000 
1025.200000 0.996979 
1024.300000 0.987938 
1023.300000 0.970008 
1022.300000 0.943476 
1021.400000 0.908743 
1020.400000 0.866332 
1019.500000 0.816835 
1018.500000 0.760904 
1017.500000 0.699217 
1016.600000 0.637316 
1015.600000 0.577652 
1014.600000 0.517806 
1013.700000 0.466612 
1012.700000 0.421214 
1011.700000 0.381188 
1010.800000 0.348221 
1009.800000 0.319904 
1008.800000 0.294037 
1007.900000 0.270510 
1006.900000 0.249240 
1006.000000 0.228236 
1005.000000 0.207494 
1004.000000 0.188865 
1003.100000 0.168610 
1002.100000 0.148603 
1001.100000 0.130621 
1000.200000 0.112832 
999.200000 0.096984 
998.230000 0.081288 
997.270000 0.067460 
996.310000 0.057164 
995.340000 0.046932 
994.380000 0.036761 
993.410000 0.030018 
992.450000 0.024977 
991.480000 0.019950 
990.520000 0.014939 
989.550000 0.013272 
988.590000 0.009946 
987.630000 0.008284 
986.660000 0.006625 
985.700000 0.004966 
984.730000 0.003307 
983.770000 0.003307 
982.800000 0.003307 
981.840000 0.001655 
980.870000 0.001655 
979.910000 0.001655 
978.940000 0.001655 
977.980000 0.001655 
977.020000 0.001655 
976.050000 0.001655 
975.090000 0.001655 
974.120000 0.001655 
973.160000 0.001655 
972.190000 0.001655 
971.230000 0.000000 
970.260000 0.001655 
969.300000 0.000000 
968.340000 0.000000 
967.370000 0.001655 
966.410000 0.001655 
965.440000 0.001655 
964.480000 0.001655 
963.510000 0.001655 
962.550000 0.001655 
961.580000 0.001655 
960.620000 0.001655 
959.660000 0.001655 
958.690000 0.001655 
957.730000 0.001655 
956.760000 0.001655 
955.800000 0.003307 
954.830000 0.003307 
953.870000 0.003307 
952.900000 0.003307 
951.940000 0.003307 
950.970000 0.003307 
950.010000 0.004966 
949.050000 0.004966 
948.080000 0.004966 
947.120000 0.004966 
946.150000 0.004966 
945.190000 0.004966 
944.220000 0.004966 
943.260000 0.006625 
942.290000 0.006625 
941.330000 0.006625 
940.370000 0.006625 
939.400000 0.006625 
938.440000 0.008284 
937.470000 0.008284 
936.510000 0.008284 
935.540000 0.008284 
934.580000 0.009946 
933.610000 0.008284 
932.650000 0.009946 
931.680000 0.009946 
930.720000 0.009946 
929.760000 0.009946 
928.790000 0.011609 
927.830000 0.011609 
926.860000 0.011609 
925.900000 0.013272 
924.930000 0.013272 
923.970000 0.013272 
923.010000 0.013272 
922.040000 0.014939 
921.080000 0.014939 
920.110000 0.014939 
919.150000 0.014939 
918.180000 0.016609 
917.220000 0.016609 
916.250000 0.016609 
915.290000 0.018280 
914.330000 0.018280 
913.360000 0.018280 
912.400000 0.018280 
911.430000 0.019950 
910.470000 0.019950 
909.500000 0.019950 
908.540000 0.021624 
907.570000 0.021624 
906.610000 0.023298 
905.640000 0.023298 
904.680000 0.023298 
903.720000 0.023298 
902.750000 0.023298 
901.790000 0.024977 
900.820000 0.024977 
899.860000 0.026655 
898.890000 0.026655 
897.930000 0.026655 
896.960000 0.026655 
896.000000 0.028333 
895.030000 0.028333 
894.070000 0.030018 
893.110000 0.030018 
892.140000 0.030018 
891.180000 0.030018 
890.210000 0.031700 
889.250000 0.031700 
888.280000 0.033386 
887.320000 0.033386 
886.350000 0.033386 
885.390000 0.035071 
884.430000 0.035071 
883.460000 0.035071 
882.500000 0.036761 
881.530000 0.036761 
880.570000 0.038450 
879.600000 0.038450 
878.640000 0.038450 
877.670000 0.040144 
876.710000 0.040144 
875.750000 0.041837 
874.780000 0.041837 
873.820000 0.041837 
872.850000 0.041837 
871.890000 0.043534 
870.920000 0.043534 
869.960000 0.043534 
868.990000 0.045231 
868.030000 0.045231 
867.070000 0.046932 
866.100000 0.046932 
865.140000 0.046932 
864.170000 0.048633 
863.210000 0.048633 
862.240000 0.048633 
861.280000 0.050334 
860.310000 0.050334 
859.350000 0.052038 
858.380000 0.052038 
857.420000 0.052038 
856.460000 0.052038 
855.490000 0.052038 
854.530000 0.053747 
853.560000 0.053747 
852.600000 0.055455 
851.630000 0.055455 
850.670000 0.055455 
849.700000 0.057164 
848.740000 0.057164 
847.780000 0.057164 
846.810000 0.058876 
845.850000 0.058876 
844.880000 0.058876 
843.920000 0.060588 
842.950000 0.060588 
841.990000 0.060588 
841.020000 0.060588 
840.060000 0.062304 
839.100000 0.062304 
838.130000 0.064020 
837.170000 0.062304 
836.200000 0.064020 
835.240000 0.064020 
834.270000 0.065740 
833.310000 0.065740 
832.340000 0.065740 
831.380000 0.065740 
830.420000 0.067460 
829.450000 0.067460 
828.490000 0.067460 
827.520000 0.069180 
826.560000 0.069180 
825.590000 0.069180 
824.630000 0.069180 
823.660000 0.070904 
822.700000 0.070904 
821.730000 0.070904 
820.770000 0.072631 
819.810000 0.072631 
818.840000 0.074359 
817.880000 0.072631 
816.910000 0.074359 
815.950000 0.074359 
814.980000 0.074359 
814.020000 0.076090 
813.050000 0.076090 
812.090000 0.076090 
811.130000 0.076090 
810.160000 0.077821 
809.200000 0.077821 
808.230000 0.077821 
807.270000 0.079553 
806.300000 0.079553 
805.340000 0.079553 
804.370000 0.079553 
803.410000 0.081288 
802.450000 0.081288 
801.480000 0.081288 
800.520000 0.083023 
799.550000 0.083023 
798.590000 0.083023 
797.620000 0.083023 
796.660000 0.084762 
795.690000 0.084762 
794.730000 0.084762 
793.770000 0.086505 
792.800000 0.086505 
791.840000 0.086505 
790.870000 0.088247 
789.910000 0.088247 
788.940000 0.088247 
787.980000 0.088247 
787.010000 0.089990 
786.050000 0.089990 
785.090000 0.091737 
784.120000 0.091737 
783.160000 0.091737 
782.190000 0.091737 
781.230000 0.091737 
780.260000 0.093483 
779.300000 0.093483 
778.330000 0.095233 
777.370000 0.095233 
776.400000 0.095233 
775.440000 0.095233 
774.480000 0.096984 
773.510000 0.096984 
772.550000 0.098738 
771.580000 0.098738 
770.620000 0.098738 
769.650000 0.098738 
768.690000 0.098738 
767.720000 0.100492 
766.760000 0.100492 
765.790000 0.100492 
764.830000 0.102250 
763.870000 0.102250 
762.900000 0.102250 
761.940000 0.104008 
760.970000 0.104008 
760.010000 0.104008 
759.040000 0.105770 
758.080000 0.105770 
757.110000 0.105770 
756.150000 0.107531 
755.190000 0.107531 
754.220000 0.107531 
753.260000 0.107531 
752.290000 0.109297 
751.330000 0.109297 
750.360000 0.109297 
749.400000 0.111062 
748.430000 0.111062 
747.470000 0.111062 
746.510000 0.111062 
745.540000 0.112832 
744.580000 0.112832 
743.610000 0.112832 
742.650000 0.114601 
741.680000 0.114601 
740.720000 0.114601 
739.750000 0.114601 
738.790000 0.116374 
737.830000 0.116374 
736.860000 0.116374 
735.900000 0.118148 
734.930000 0.116374 
733.970000 0.116374 
733.000000 0.118148 
732.040000 0.118148 
731.070000 0.119925 
730.110000 0.119925 
729.150000 0.119925 
728.180000 0.119925 
727.220000 0.119925 
726.250000 0.121701 
725.290000 0.121701 
724.320000 0.121701 
723.360000 0.121701 
722.390000 0.121701 
721.430000 0.121701 
720.460000 0.123482 
719.500000 0.123482 
718.540000 0.123482 
717.570000 0.123482 
716.610000 0.125263 
715.640000 0.125263 
714.680000 0.125263 
713.710000 0.125263 
712.750000 0.125263 
711.780000 0.125263 
710.820000 0.125263 
709.850000 0.127048 
708.890000 0.127048 
707.930000 0.127048 
706.960000 0.127048 
706.000000 0.127048 
705.030000 0.127048 
704.070000 0.127048 
703.100000 0.127048 
702.140000 0.128832 
701.180000 0.127048 
700.210000 0.127048 
699.250000 0.128832 
698.280000 0.128832 
697.320000 0.128832 
696.350000 0.127048 
695.390000 0.128832 
694.420000 0.128832 
693.460000 0.128832 
692.490000 0.127048 
691.530000 0.127048 
690.570000 0.127048 
689.600000 0.127048 
688.640000 0.127048 
687.670000 0.127048 
686.710000 0.127048 
685.740000 0.125263 
684.780000 0.125263 
683.810000 0.125263 
682.850000 0.125263 
681.890000 0.123482 
680.920000 0.125263 
679.960000 0.124338 
678.990000 0.123623 
678.030000 0.122379 
677.060000 0.122093 
676.100000 0.121667 
675.130000 0.120210 
674.170000 0.118753 
673.210000 0.118326 
672.240000 0.117067 
671.280000 0.116568 
670.310000 0.116074 
669.350000 0.114693 
668.380000 0.114266 
667.420000 0.113772 
666.450000 0.112390 
665.490000 0.110941 
664.530000 0.110446 
663.560000 0.108928 
662.600000 0.107482 
661.630000 0.106915 
660.670000 0.105610 
659.700000 0.104099 
658.740000 0.103464 
657.770000 0.101953 
656.810000 0.100580 
655.840000 0.099948 
654.880000 0.098582 
653.920000 0.097090 
652.950000 0.096531 
651.990000 0.095093 
651.020000 0.093590 
650.060000 0.092087 
649.090000 0.090724 
648.130000 0.090165 
647.160000 0.088734 
646.200000 0.087235 
645.240000 0.085877 
644.270000 0.084450 
643.310000 0.083894 
642.340000 0.082399 
641.380000 0.080976 
640.410000 0.079553 
639.450000 0.079069 
638.480000 0.077525 
637.520000 0.076105 
636.550000 0.074686 
635.590000 0.073339 
634.630000 0.071924 
633.660000 0.071235 
632.700000 0.069819 
631.730000 0.068476 
630.770000 0.067133 
629.800000 0.065721 
628.840000 0.065173 
627.870000 0.064690 
626.910000 0.062559 
625.950000 0.061155 
624.980000 0.061463 
624.020000 0.059199 
623.050000 0.057932 
622.090000 0.056532 
621.120000 0.056053 
620.160000 0.054770 
619.190000 0.054496 
618.230000 0.053096 
617.270000 0.052689 
616.300000 0.051357 
615.340000 0.051015 
614.370000 0.049687 
613.410000 0.049211 
612.440000 0.047933 
611.480000 0.046745 
610.510000 0.045554 
609.550000 0.045471 
608.590000 0.045539 
607.620000 0.043872 
606.660000 0.043264 
605.690000 0.042788 
604.730000 0.040688 
603.760000 0.040414 
602.800000 0.040197 
601.830000 0.038808 
600.870000 0.038469 
599.900000 0.037217 
598.940000 0.036152 
597.980000 0.035680 
597.010000 0.035342 
596.050000 0.035007 
595.080000 0.033892 
594.120000 0.033538 
593.150000 0.032358 
592.190000 0.032020 
591.220000 0.031750 
590.260000 0.030623 
589.300000 0.030220 
588.330000 0.029109 
587.370000 0.028755 
586.400000 0.027712 
585.440000 0.027309 
584.470000 0.026202 
583.510000 0.025848 
582.540000 0.025715 
581.580000 0.024539 
580.620000 0.024254 
579.650000 0.023082 
578.690000 0.023652 
577.720000 0.022530 
576.760000 0.023097 
575.790000 0.021088 
574.830000 0.020802 
573.860000 0.020604 
572.900000 0.019497 
571.940000 0.019216 
570.970000 0.018112 
570.010000 0.017910 
569.040000 0.017625 
568.080000 0.017427 
567.110000 0.017092 
566.150000 0.016042 
565.180000 0.015841 
564.220000 0.015624 
563.260000 0.014455 
562.290000 0.014258 
561.330000 0.013972 
560.360000 0.012941 
559.400000 0.012675 
558.430000 0.012458 
557.470000 0.012256 
556.500000 0.012108 
555.540000 0.011841 
554.570000 0.011575 
553.610000 0.010529 
552.650000 0.010395 
551.680000 0.009281 
550.720000 0.009844 
549.750000 0.008797 
548.790000 0.008599 
547.820000 0.008466 
546.860000 0.007355 
545.890000 0.008052 
544.930000 0.007005 
543.960000 0.006872 
543.000000 0.007420 
542.040000 0.006393 
541.070000 0.007020 
540.110000 0.006872 
539.140000 0.005909 
538.180000 0.005696 
537.210000 0.005563 
536.250000 0.003756 
535.290000 0.004383 
534.320000 0.005761 
533.360000 0.004037 
532.390000 0.004718 
531.430000 0.004517 
530.460000 0.004304 
529.500000 0.004235 
528.530000 0.004151 
527.570000 0.003307 
526.600000 0.004071 
525.640000 0.004749 
524.680000 0.003855 
523.710000 0.002812 
522.750000 0.004136 
521.780000 0.001324 
520.820000 0.003523 
519.850000 0.002565 
518.890000 0.001522 
517.920000 0.002085 
516.960000 -0.000662 
516.000000 0.000909 
515.030000 0.001602 
514.070000 0.000563 
513.100000 0.001256 
512.140000 0.000282 
511.170000 0.000974 
510.210000 -0.000164 
509.240000 -0.000164 
508.280000 -0.000164 
507.310000 0.000049 
506.350000 0.000000 
505.390000 -0.000164 
504.420000 -0.000331 
503.460000 -0.000164 
502.490000 -0.000164 
501.530000 -0.000164 
500.560000 -0.000164 
499.600000 -0.000164 
498.640000 -0.000164 
497.670000 -0.000164 
496.710000 -0.000164 
495.740000 -0.000164 
494.780000 -0.000164 
493.810000 0.000000 
492.850000 0.000000 
491.880000 -0.000164 
490.920000 0.000000 
489.950000 -0.000164 
488.990000 -0.000164 
488.030000 -0.000164 
487.060000 0.000000 
486.100000 0.000000 
485.130000 -0.000164 
484.170000 -0.000164 
483.200000 0.000000 
482.240000 0.000015 
481.270000 -0.000164 
480.310000 0.000000 
479.350000 0.000000 
478.380000 0.000099 
477.420000 -0.000164 
476.450000 -0.000164 
475.490000 -0.000164 
474.520000 0.000164 
473.560000 0.000065 
472.590000 0.000084 
471.630000 0.000099 
470.670000 0.000381 
469.700000 0.000263 
468.740000 0.000034 
467.770000 -0.000164 
466.810000 0.000065 
465.840000 0.000213 
464.880000 0.000232 
463.910000 0.000114 
462.950000 0.000015 
461.980000 0.000282 
461.020000 0.000183 
460.060000 0.000331 
459.090000 0.000084 
458.130000 0.000232 
457.160000 0.000247 
456.200000 0.000529 
455.230000 0.000297 
454.270000 0.000445 
453.300000 0.000331 
452.340000 0.000479 
451.380000 0.000365 
450.410000 0.000263 
449.450000 0.000396 
448.480000 0.000430 
447.520000 0.000578 
446.550000 0.000464 
445.590000 0.000613 
444.620000 0.000495 
443.660000 0.000776 
442.700000 0.000415 
441.730000 0.000563 
440.770000 0.000316 
439.800000 0.000594 
438.840000 0.000613 
437.870000 0.000761 
436.910000 0.000514 
435.940000 0.000544 
434.980000 0.000563 
434.020000 0.000578 
433.050000 0.000594 
432.090000 0.000365 
431.120000 0.000628 
430.160000 0.000529 
429.190000 0.000795 
428.230000 0.000430 
427.260000 0.000578 
426.300000 0.000464 
425.330000 0.000742 
424.370000 0.000514 
423.410000 0.000529 
422.440000 0.000415 
421.480000 0.000563 
420.510000 0.000712 
419.550000 0.000479 
418.580000 0.000495 
417.620000 0.000381 
416.650000 0.000795 
415.690000 0.000544 
414.720000 0.000693 
413.760000 0.000198 
412.800000 0.000613 
411.830000 0.000495 
410.870000 0.000776 
409.900000 0.000263 
408.940000 0.000415 
407.970000 0.000445 
407.010000 0.000594 
406.050000 0.000479 
405.080000 0.000232 
404.120000 0.000514 
403.150000 0.000396 
402.190000 0.000677 
401.220000 0.000183 
400.260000 0.000464 
399.290000 0.000213 
398.330000 0.000628 
397.360000 0.000133 
396.400000 0.000415 
395.440000 0.000164 
394.470000 0.000445 
393.510000 0.000331 
392.540000 0.000346 
391.580000 0.000247 
390.610000 0.000133 
389.650000 0.000415 
388.680000 0.000297 
387.720000 0.000445 
386.760000 0.000000 
385.790000 0.000479 
384.830000 0.000114 
383.860000 0.000529 
382.900000 -0.000164 
381.930000 0.000297 
380.970000 0.000065 
380.000000 0.000464 
379.040000 0.000232 
378.080000 0.000114 
377.110000 0.000133 
376.150000 0.000164 
375.180000 0.000297 
374.220000 0.000000 
373.250000 0.000346 
372.290000 0.000000 
371.320000 0.000643 
370.360000 0.000015 
369.400000 0.000495 
368.430000 0.000000 
367.470000 0.000712 
366.500000 0.000297 
365.540000 0.000529 
364.570000 0.000114 
363.610000 0.000346 
362.640000 0.000578 
361.680000 0.000563 
360.710000 0.000662 
359.750000 0.000247 
358.790000 0.000993 
357.820000 0.000845 
356.860000 0.001454 
355.890000 0.000795 
354.930000 0.001537 
353.960000 0.001256 
353.000000 0.002264 
352.030000 0.001853 
351.070000 0.002333 
350.110000 0.002447 
349.140000 0.003059 
348.180000 0.003291 
347.210000 0.003523 
346.250000 0.004022 
345.280000 0.003988 
344.320000 0.005000 
343.350000 0.004718 
342.390000 0.005727 
341.420000 0.005312 
340.460000 0.006457 
339.500000 0.006423 
338.530000 0.007302 
337.570000 0.006887 
336.600000 0.007637 
335.640000 0.007884 
334.670000 0.008501 
333.710000 0.008599 
332.740000 0.008580 
331.780000 0.009197 
330.820000 0.009182 
329.850000 0.009794 
328.890000 0.008999 
327.920000 0.009612 
326.960000 0.009330 
325.990000 0.010342 
325.030000 0.009414 
324.060000 0.009897 
323.100000 0.009612 
322.140000 0.010243 
321.170000 0.009946 
320.210000 0.009927 
319.240000 0.009897 
318.280000 0.009612 
317.310000 0.010110 
316.350000 0.009562 
315.380000 0.009927 
314.420000 0.008866 
313.460000 0.009878 
312.490000 0.009197 
311.530000 0.009813 
310.560000 0.008501 
309.600000 0.009113 
308.630000 0.008832 
307.670000 0.009330 
306.700000 0.008516 
305.740000 0.008234 
304.770000 0.008599 
303.810000 0.008052 
302.850000 0.007903 
301.880000 0.007355 
300.920000 0.008367 
299.950000 0.007819 
298.990000 0.008565 
298.020000 0.007252 
297.060000 0.008002 
296.090000 0.007321 
295.130000 0.007953 
294.170000 0.007138 
293.200000 0.007504 
292.240000 0.006838 
291.270000 0.006027 
290.310000 0.006259 
289.340000 0.006758 
288.380000 0.007252 
287.410000 0.006309 
286.450000 0.007321 
285.480000 0.006526 
284.520000 0.007271 
283.560000 0.005826 
282.590000 0.006575 
281.630000 0.005894 
280.660000 0.006906 
279.700000 0.005845 
278.730000 0.005430 
277.770000 0.005529 
276.810000 0.006290 
275.840000 0.006259 
274.880000 0.005464 
273.910000 0.006210 
272.950000 0.005662 
271.980000 0.006674 
271.020000 0.005232 
270.050000 0.006111 
269.090000 0.005049 
268.120000 0.006176 
267.160000 0.005247 
266.200000 0.005746 
265.230000 0.004931 
264.270000 0.005049 
263.300000 0.005396 
262.340000 0.005514 
261.370000 0.005479 
260.410000 0.004684 
259.440000 0.005944 
258.480000 0.005281 
257.520000 0.006160 
256.550000 0.004832 
255.590000 0.006111 
254.620000 0.004916 
253.660000 0.005795 
252.690000 0.004867 
251.730000 0.005612 
250.760000 0.005445 
249.800000 0.005430 
248.840000 0.004749 
247.870000 0.004734 
246.910000 0.005860 
245.940000 0.005331 
244.980000 0.006724 
244.010000 0.005396 
243.050000 0.006275 
242.080000 0.005080 
241.120000 0.006358 
240.150000 0.005430 
239.190000 0.006442 
238.230000 0.005495 
237.260000 0.006393 
236.300000 0.006225 
235.330000 0.006210 
234.370000 0.006042 
233.400000 0.005380 
232.440000 0.006640 
231.480000 0.005978 
230.510000 0.006857 
229.550000 0.005396 
228.580000 0.006788 
227.620000 0.005612 
226.650000 0.006625 
225.690000 0.005297 
224.720000 0.006556 
223.760000 0.006408 
222.790000 0.006773 
221.830000 0.006491 
220.870000 0.006457 
219.900000 0.007089 
218.940000 0.006541 
217.970000 0.007287 
217.010000 0.006358 
216.040000 0.007504 
215.080000 0.006309 
214.110000 0.007568 
213.150000 0.006773 
212.180000 0.008033 
211.220000 0.006971 
210.260000 0.007603 
209.290000 0.007568 
208.330000 0.007934 
207.360000 0.007519 
206.400000 0.006838 
205.430000 0.008249 
204.470000 0.008086 
203.500000 0.009231 
202.540000 0.007652 
201.580000 0.009182 
200.610000 0.008383 
199.650000 0.009646 
198.680000 0.008067 
197.720000 0.009079 
196.750000 0.009048 
195.790000 0.009794 
194.820000 0.009380 
193.860000 0.009364 
192.900000 0.010110 
191.930000 0.009829 
190.970000 0.010578 
190.000000 0.010026 
189.040000 0.011309 
188.070000 0.010761 
187.110000 0.012290 
186.140000 0.011625 
185.180000 0.012758 
184.220000 0.011826 
183.250000 0.012591 
182.290000 0.012941 
181.320000 0.013173 
180.360000 0.013424 
179.390000 0.013774 
178.430000 0.014006 
177.460000 0.014239 
176.500000 0.015258 
175.530000 0.014189 
174.570000 0.015993 
173.610000 0.015574 
172.640000 0.016860 
171.680000 0.015658 
170.710000 0.015890 
169.750000 0.016392 
168.780000 0.018310 
167.820000 0.018295 
166.850000 0.018127 
165.890000 0.019147 
164.930000 0.018999 
163.960000 0.020536 
163.000000 0.019851 
162.030000 0.021270 
161.070000 0.020585 
160.100000 0.022393 
159.140000 0.021575 
158.170000 0.022210 
157.210000 0.021521 
156.240000 0.023333 
155.280000 0.023702 
154.320000 0.023416 
153.350000 0.022461 
152.390000 0.022830 
151.420000 0.024908 
150.460000 0.024623 
149.490000 0.024859 
148.530000 0.023786 
147.570000 0.025848 
146.600000 0.025159 
145.640000 0.026183 
144.670000 0.024725 
143.710000 0.025749 
142.740000 0.025327 
141.780000 0.025951 
140.810000 0.025395 
139.850000 0.024725 
138.880000 0.025094 
137.920000 0.025193 
136.960000 0.026084 
135.990000 0.024741 
135.030000 0.025631 
134.060000 0.023903 
133.100000 0.025445 
132.130000 0.024908 
131.170000 0.025262 
130.200000 0.023146 
129.240000 0.024421 
128.280000 0.024002 
127.310000 0.023466 
126.350000 0.022511 
125.380000 0.023013 
124.420000 0.024170 
123.450000 0.023751 
122.490000 0.023987 
121.520000 0.021339 
120.560000 0.022747 
119.590000 0.021674 
118.630000 0.022697 
117.670000 0.020452 
116.700000 0.021605 
115.740000 0.020536 
114.770000 0.021019 
113.810000 0.019684 
112.840000 0.019665 
111.880000 0.019767 
110.910000 0.018831 
109.950000 0.019063 
108.990000 0.017994 
108.020000 0.017846 
107.060000 0.017545 
106.090000 0.017260 
105.130000 0.016974 
104.160000 0.016693 
103.200000 0.016407 
102.240000 0.016240 
101.270000 0.014524 
100.310000 0.014889 
99.341000 0.014341 
98.377000 0.014573 
97.412000 0.014939 
96.448000 0.014140 
95.483000 0.014756 
94.519000 0.013173 
93.554000 0.014189 
92.590000 0.012724 
91.625000 0.014258 
90.661000 0.011244 
89.696000 0.010959 
88.732000 0.011058 
87.767000 0.012591 
86.803000 0.011008 
85.838000 0.011244 
84.874000 0.010559 
83.909000 0.010144 
82.945000 0.009996 
81.980000 0.008797 
81.016000 0.010460 
80.051000 0.007701 
79.087000 0.007686 
78.122000 0.007005 
77.158000 0.008417 
76.193000 0.006176 
75.229000 0.007188 
74.264000 0.005993 
73.300000 0.006358 
72.335000 0.005944 
71.371000 0.005396 
70.406000 0.003953 
69.442000 0.001206 
68.478000 0.002085 
67.514000 0.003227 
66.549000 0.004749 
65.585000 0.001754 
64.620000 0.002629 
63.656000 0.001705 
62.691000 0.002694 
61.727000 0.000099 
60.762000 0.001884 
59.798000 0.000430 
58.833000 0.001058 
57.869000 0.000761 
56.904000 0.000495 
55.940000 0.000594 
54.975000 -0.000662 
54.011000 -0.000331 
53.046000 -0.001320 
52.082000 -0.000495 
51.117000 -0.002477 
50.153000 -0.001157 
