6000.125000 0.000310 
5998.145191 0.000310 
5996.165381 0.000309 
5994.185572 0.000309 
5992.205763 0.000308 
5990.225954 0.000308 
5988.246144 0.000307 
5986.266335 0.000306 
5984.286526 0.000306 
5982.306717 0.000305 
5980.326907 0.000305 
5978.347098 0.000301 
5976.367289 0.000293 
5974.387479 0.000294 
5972.407670 0.000304 
5970.427861 0.000308 
5968.448052 0.000299 
5966.468242 0.000285 
5964.488433 0.000295 
5962.508624 0.000306 
5960.528815 0.000299 
5958.549005 0.000301 
5956.569196 0.000306 
5954.589387 0.000292 
5952.609578 0.000280 
5950.629768 0.000287 
5948.649959 0.000300 
5946.670150 0.000297 
5944.690340 0.000302 
5942.710531 0.000298 
5940.730722 0.000307 
5938.750913 0.000305 
5936.771103 0.000294 
5934.791294 0.000289 
5932.811485 0.000292 
5930.831676 0.000287 
5928.851866 0.000292 
5926.872057 0.000291 
5924.892248 0.000300 
5922.912438 0.000288 
5920.932629 0.000294 
5918.952820 0.000287 
5916.973011 0.000286 
5914.993201 0.000299 
5913.013392 0.000294 
5911.033583 0.000296 
5909.053774 0.000294 
5907.073964 0.000285 
5905.094155 0.000278 
5903.114346 0.000282 
5901.134537 0.000284 
5899.154727 0.000295 
5897.174918 0.000286 
5895.195109 0.000276 
5893.215299 0.000282 
5891.235490 0.000284 
5889.255681 0.000289 
5887.275872 0.000290 
5885.296062 0.000292 
5883.316253 0.000291 
5881.336444 0.000292 
5879.356635 0.000296 
5877.376825 0.000286 
5875.397016 0.000286 
5873.417207 0.000283 
5871.437397 0.000286 
5869.457588 0.000284 
5867.477779 0.000278 
5865.497970 0.000280 
5863.518160 0.000282 
5861.538351 0.000275 
5859.558542 0.000278 
5857.578733 0.000285 
5855.598923 0.000279 
5853.619114 0.000262 
5851.639305 0.000266 
5849.659495 0.000271 
5847.679686 0.000279 
5845.699877 0.000282 
5843.720068 0.000274 
5841.740258 0.000269 
5839.760449 0.000272 
5837.780640 0.000286 
5835.800831 0.000282 
5833.821021 0.000269 
5831.841212 0.000278 
5829.861403 0.000275 
5827.881594 0.000271 
5825.901784 0.000277 
5823.921975 0.000273 
5821.942166 0.000269 
5819.962356 0.000272 
5817.982547 0.000263 
5816.002738 0.000259 
5814.022929 0.000262 
5812.043119 0.000252 
5810.063310 0.000259 
5808.083501 0.000271 
5806.103692 0.000259 
5804.123882 0.000264 
5802.144073 0.000261 
5800.164264 0.000256 
5798.184454 0.000256 
5796.204645 0.000260 
5794.224836 0.000268 
5792.245027 0.000274 
5790.265217 0.000265 
5788.285408 0.000269 
5786.305599 0.000263 
5784.325790 0.000258 
5782.345980 0.000263 
5780.366171 0.000255 
5778.386362 0.000264 
5776.406553 0.000265 
5774.426743 0.000264 
5772.446934 0.000258 
5770.467125 0.000256 
5768.487315 0.000254 
5766.507506 0.000253 
5764.527697 0.000253 
5762.547888 0.000260 
5760.568078 0.000264 
5758.588269 0.000258 
5756.608460 0.000263 
5754.628651 0.000263 
5752.648841 0.000261 
5750.669032 0.000257 
5748.689223 0.000255 
5746.709413 0.000259 
5744.729604 0.000251 
5742.749795 0.000249 
5740.769986 0.000246 
5738.790176 0.000248 
5736.810367 0.000245 
5734.830558 0.000252 
5732.850749 0.000252 
5730.870939 0.000246 
5728.891130 0.000247 
5726.911321 0.000244 
5724.931512 0.000246 
5722.951702 0.000246 
5720.971893 0.000244 
5718.992084 0.000237 
5717.012274 0.000246 
5715.032465 0.000249 
5713.052656 0.000245 
5711.072847 0.000242 
5709.093037 0.000246 
5707.113228 0.000241 
5705.133419 0.000238 
5703.153610 0.000239 
5701.173800 0.000241 
5699.193991 0.000240 
5697.214182 0.000238 
5695.234372 0.000224 
5693.254563 0.000233 
5691.274754 0.000238 
5689.294945 0.000230 
5687.315135 0.000228 
5685.335326 0.000229 
5683.355517 0.000231 
5681.375708 0.000235 
5679.395898 0.000233 
5677.416089 0.000227 
5675.436280 0.000228 
5673.456470 0.000227 
5671.476661 0.000227 
5669.496852 0.000227 
5667.517043 0.000225 
5665.537233 0.000227 
5663.557424 0.000233 
5661.577615 0.000232 
5659.597806 0.000230 
5657.617996 0.000221 
5655.638187 0.000219 
5653.658378 0.000225 
5651.678569 0.000222 
5649.698759 0.000218 
5647.718950 0.000214 
5645.739141 0.000212 
5643.759331 0.000213 
5641.779522 0.000215 
5639.799713 0.000209 
5637.819904 0.000215 
5635.840094 0.000220 
5633.860285 0.000215 
5631.880476 0.000212 
5629.900667 0.000211 
5627.920857 0.000208 
5625.941048 0.000209 
5623.961239 0.000214 
5621.981429 0.000210 
5620.001620 0.000208 
5618.021811 0.000210 
5616.042002 0.000208 
5614.062192 0.000206 
5612.082383 0.000205 
5610.102574 0.000206 
5608.122765 0.000206 
5606.142955 0.000202 
5604.163146 0.000205 
5602.183337 0.000202 
5600.203528 0.000203 
5598.223718 0.000202 
5596.243909 0.000202 
5594.264100 0.000201 
5592.284290 0.000199 
5590.304481 0.000201 
5588.324672 0.000205 
5586.344863 0.000204 
5584.365053 0.000199 
5582.385244 0.000196 
5580.405435 0.000197 
5578.425626 0.000200 
5576.445816 0.000196 
5574.466007 0.000194 
5572.486198 0.000192 
5570.506388 0.000196 
5568.526579 0.000195 
5566.546770 0.000194 
5564.566961 0.000192 
5562.587151 0.000193 
5560.607342 0.000189 
5558.627533 0.000188 
5556.647724 0.000188 
5554.667914 0.000186 
5552.688105 0.000189 
5550.708296 0.000187 
5548.728486 0.000184 
5546.748677 0.000186 
5544.768868 0.000186 
5542.789059 0.000184 
5540.809249 0.000182 
5538.829440 0.000183 
5536.849631 0.000182 
5534.869822 0.000178 
5532.890012 0.000182 
5530.910203 0.000182 
5528.930394 0.000179 
5526.950585 0.000178 
5524.970775 0.000179 
5522.990966 0.000179 
5521.011157 0.000179 
5519.031347 0.000174 
5517.051538 0.000174 
5515.071729 0.000174 
5513.091920 0.000174 
5511.112110 0.000172 
5509.132301 0.000173 
5507.152492 0.000170 
5505.172683 0.000168 
5503.192873 0.000169 
5501.213064 0.000166 
5499.233255 0.000168 
5497.253445 0.000169 
5495.273636 0.000168 
5493.293827 0.000165 
5491.314018 0.000165 
5489.334208 0.000168 
5487.354399 0.000166 
5485.374590 0.000166 
5483.394781 0.000164 
5481.414971 0.000164 
5479.435162 0.000164 
5477.455353 0.000161 
5475.475544 0.000162 
5473.495734 0.000163 
5471.515925 0.000163 
5469.536116 0.000162 
5467.556306 0.000161 
5465.576497 0.000162 
5463.596688 0.000158 
5461.616879 0.000156 
5459.637069 0.000157 
5457.657260 0.000159 
5455.677451 0.000159 
5453.697642 0.000158 
5451.717832 0.000159 
5449.738023 0.000156 
5447.758214 0.000154 
5445.778404 0.000154 
5443.798595 0.000153 
5441.818786 0.000154 
5439.838977 0.000151 
5437.859167 0.000151 
5435.879358 0.000151 
5433.899549 0.000151 
5431.919740 0.000152 
5429.939930 0.000152 
5427.960121 0.000149 
5425.980312 0.000151 
5424.000503 0.000149 
5422.020693 0.000147 
5420.040884 0.000145 
5418.061075 0.000144 
5416.081265 0.000146 
5414.101456 0.000145 
5412.121647 0.000145 
5410.141838 0.000142 
5408.162028 0.000141 
5406.182219 0.000143 
5404.202410 0.000142 
5402.222601 0.000137 
5400.242791 0.000136 
5398.262982 0.000138 
5396.283173 0.000137 
5394.303363 0.000137 
5392.323554 0.000137 
5390.343745 0.000136 
5388.363936 0.000133 
5386.384126 0.000134 
5384.404317 0.000135 
5382.424508 0.000135 
5380.444699 0.000137 
5378.464889 0.000133 
5376.485080 0.000130 
5374.505271 0.000128 
5372.525461 0.000129 
5370.545652 0.000129 
5368.565843 0.000129 
5366.586034 0.000129 
5364.606224 0.000128 
5362.626415 0.000128 
5360.646606 0.000127 
5358.666797 0.000125 
5356.686987 0.000125 
5354.707178 0.000175 
5352.727369 0.000217 
5350.747560 0.000132 
5348.767750 0.000133 
5346.787941 0.000125 
5344.808132 0.000339 
5342.828322 0.000120 
5340.848513 0.000122 
5338.868704 0.000309 
5336.888895 0.000120 
5334.909085 0.000118 
5332.929276 0.000128 
5330.949467 0.000131 
5328.969658 0.000126 
5326.989848 0.000194 
5325.010039 0.000119 
5323.030230 0.000115 
5321.050420 0.000117 
5319.070611 0.000126 
5317.090802 0.000135 
5315.110993 0.000117 
5313.131183 0.000114 
5311.151374 0.000112 
5309.171565 0.000113 
5307.191756 0.000162 
5305.211946 0.000114 
5303.232137 0.000110 
5301.252328 0.000112 
5299.272519 0.000110 
5297.292709 0.000110 
5295.312900 0.000109 
5293.333091 0.000110 
5291.353281 0.000109 
5289.373472 0.000179 
5287.393663 0.000106 
5285.413854 0.000115 
5283.434044 0.000109 
5281.454235 0.000109 
5279.474426 0.000132 
5277.494617 0.000129 
5275.514807 0.000122 
5273.534998 0.000129 
5271.555189 0.000133 
5269.575379 0.000140 
5267.595570 0.000119 
5265.615761 0.000135 
5263.635952 0.000322 
5261.656142 0.000186 
5259.676333 0.000107 
5257.696524 0.000109 
5255.716715 0.000159 
5253.736905 0.000196 
5251.757096 0.000100 
5249.777287 0.000120 
5247.797477 0.000284 
5245.817668 0.000188 
5243.837859 0.000270 
5241.858050 0.000189 
5239.878240 0.000186 
5237.898431 0.000233 
5235.918622 0.000184 
5233.938813 0.000215 
5231.959003 0.000222 
5229.979194 0.000203 
5227.999385 0.000153 
5226.019576 0.000207 
5224.039766 0.000202 
5222.059957 0.000149 
5220.080148 0.000139 
5218.100338 0.000156 
5216.120529 0.000123 
5214.140720 0.000115 
5212.160911 0.000111 
5210.181101 0.000101 
5208.201292 0.000160 
5206.221483 0.000245 
5204.241674 0.000088 
5202.261864 0.000117 
5200.282055 0.000102 
5198.302246 0.000099 
5196.322436 0.000149 
5194.342627 0.000135 
5192.362818 0.000152 
5190.383009 0.000148 
5188.403199 0.000128 
5186.423390 0.000143 
5184.443581 0.000160 
5182.463772 0.000127 
5180.483962 0.000152 
5178.504153 0.000136 
5176.524344 0.000101 
5174.544535 0.000109 
5172.564725 0.000120 
5170.584916 0.000148 
5168.605107 0.000120 
5166.625297 0.000122 
5164.645488 0.000150 
5162.665679 0.000152 
5160.685870 0.000151 
5158.706060 0.000144 
5156.726251 0.000179 
5154.746442 0.000182 
5152.766633 0.000151 
5150.786823 0.000189 
5148.807014 0.000129 
5146.827205 0.000136 
5144.847395 0.000181 
5142.867586 0.000178 
5140.887777 0.000147 
5138.907968 0.000151 
5136.928158 0.000147 
5134.948349 0.000140 
5132.968540 0.000193 
5130.988731 0.000149 
5129.008921 0.000164 
5127.029112 0.000160 
5125.049303 0.000167 
5123.069493 0.000200 
5121.089684 0.000188 
5119.109875 0.000225 
5117.130066 0.000205 
5115.150256 0.000244 
5113.170447 0.000257 
5111.190638 0.000257 
5109.210829 0.000257 
5107.231019 0.000270 
5105.251210 0.000245 
5103.271401 0.000276 
5101.291592 0.000254 
5099.311782 0.000289 
5097.331973 0.000325 
5095.352164 0.000340 
5093.372354 0.000383 
5091.392545 0.000414 
5089.412736 0.000461 
5087.432927 0.000480 
5085.453117 0.000538 
5083.473308 0.000567 
5081.493499 0.000604 
5079.513690 0.000676 
5077.533880 0.000768 
5075.554071 0.000833 
5073.574262 0.000922 
5071.594452 0.001011 
5069.614643 0.001158 
5067.634834 0.001300 
5065.655025 0.001502 
5063.675215 0.001657 
5061.695406 0.001842 
5059.715597 0.001977 
5057.735788 0.002129 
5055.755978 0.002321 
5053.776169 0.002526 
5051.796360 0.002737 
5049.816551 0.002948 
5047.836741 0.003150 
5045.856932 0.003418 
5043.877123 0.003659 
5041.897313 0.003881 
5039.917504 0.004158 
5037.937695 0.004414 
5035.957886 0.004674 
5033.978076 0.004984 
5031.998267 0.005197 
5030.018458 0.005501 
5028.038649 0.005734 
5026.058839 0.005987 
5024.079030 0.006288 
5022.099221 0.006561 
5020.119411 0.006884 
5018.139602 0.007213 
5016.159793 0.007502 
5014.179984 0.007877 
5012.200174 0.008196 
5010.220365 0.008568 
5008.240556 0.008931 
5006.260747 0.009296 
5004.280937 0.009650 
5002.301128 0.009981 
5000.321319 0.010317 
4998.341510 0.010633 
4996.361700 0.010876 
4994.381891 0.011016 
4992.402082 0.011164 
4990.422272 0.011152 
4988.442463 0.011186 
4986.462654 0.011087 
4984.482845 0.010998 
4982.503035 0.010788 
4980.523226 0.010563 
4978.543417 0.010319 
4976.563608 0.010066 
4974.583798 0.009755 
4972.603989 0.009458 
4970.624180 0.009090 
4968.644370 0.008774 
4966.664561 0.008433 
4964.684752 0.008067 
4962.704943 0.007684 
4960.725133 0.007311 
4958.745324 0.006975 
4956.765515 0.006600 
4954.785706 0.006303 
4952.805896 0.005952 
4950.826087 0.005677 
4948.846278 0.005371 
4946.866468 0.005132 
4944.886659 0.004863 
4942.906850 0.004632 
4940.927041 0.004386 
4938.947231 0.004182 
4936.967422 0.004009 
4934.987613 0.003795 
4933.007804 0.003614 
4931.027994 0.003464 
4929.048185 0.003284 
4927.068376 0.003149 
4925.088567 0.003016 
4923.108757 0.002871 
4921.128948 0.002802 
4919.149139 0.002666 
4917.169329 0.002585 
4915.189520 0.002447 
4913.209711 0.002336 
4911.229902 0.002299 
4909.250092 0.002163 
4907.270283 0.002083 
4905.290474 0.001994 
4903.310665 0.001916 
4901.330855 0.001849 
4899.351046 0.001765 
4897.371237 0.001715 
4895.391427 0.001651 
4893.411618 0.001591 
4891.431809 0.001523 
4889.452000 0.001489 
4887.472190 0.001419 
4885.492381 0.001370 
4883.512572 0.001299 
4881.532763 0.001259 
4879.552953 0.001210 
4877.573144 0.001154 
4875.593335 0.001080 
4873.613526 0.001055 
4871.633716 0.001021 
4869.653907 0.000994 
4867.674098 0.000923 
4865.694288 0.000870 
4863.714479 0.000861 
4861.734670 0.000822 
4859.754861 0.000791 
4857.775051 0.000718 
4855.795242 0.000709 
4853.815433 0.000665 
4851.835624 0.000625 
4849.855814 0.000609 
4847.876005 0.000565 
4845.896196 0.000515 
4843.916386 0.000510 
4841.936577 0.000434 
4839.956768 0.000484 
4837.976959 0.000467 
4835.997149 0.000406 
4834.017340 0.000407 
4832.037531 0.000357 
4830.057722 0.000329 
4828.077912 0.000303 
4826.098103 0.000262 
4824.118294 0.000209 
4822.138484 0.000194 
4820.158675 0.000176 
4818.178866 0.000182 
4816.199057 0.000168 
4814.219247 0.000156 
4812.239438 0.000140 
4810.259629 0.000123 
4808.279820 0.000093 
4806.300010 0.000050 
4804.320201 0.000057 
4802.340392 0.000034 
4800.360583 0.000013 
4798.380773 0.000013 
4796.400964 0.000028 
4794.421155 0.000015 
4792.441345 0.000022 
4790.461536 0.000015 
4788.481727 0.000019 
4786.501918 0.000080 
4784.522108 0.000035 
4782.542299 0.000046 
4780.562490 0.000081 
4778.582681 0.000016 
4776.602871 0.000025 
4774.623062 0.000025 
4772.643253 0.000014 
4770.663443 0.000024 
4768.683634 0.000009 
4766.703825 0.000009 
4764.724016 0.000008 
4762.744206 0.000008 
4760.764397 0.000008 
4758.784588 0.000008 
4756.804779 0.000008 
4754.824969 0.000008 
4752.845160 0.000007 
4750.865351 0.000007 
4748.885542 0.000007 
4746.905732 0.000007 
4744.925923 0.000007 
4742.946114 0.000007 
4740.966304 0.000007 
4738.986495 0.000007 
4737.006686 0.000007 
4735.026877 0.000015 
4733.047067 0.000006 
4731.067258 0.000006 
4729.087449 0.000011 
4727.107640 0.000012 
4725.127830 0.000006 
4723.148021 0.000011 
4721.168212 0.000016 
4719.188402 0.000018 
4717.208593 0.000019 
4715.228784 0.000037 
4713.248975 0.000033 
4711.269165 0.000033 
4709.289356 0.000042 
4707.309547 0.000026 
4705.329738 0.000034 
4703.349928 0.000011 
4701.370119 0.000004 
4699.390310 0.000004 
4697.410501 0.000004 
4695.430691 0.000004 
4693.450882 0.000005 
4691.471073 0.000006 
4689.491263 0.000003 
4687.511454 0.000009 
4685.531645 0.000003 
4683.551836 0.000012 
4681.572026 0.000028 
4679.592217 0.000013 
4677.612408 0.000012 
4675.632599 0.000007 
4673.652789 0.000002 
4671.672980 0.000008 
4669.693171 0.000002 
4667.713361 0.000002 
4665.733552 0.000002 
4663.753743 0.000002 
4661.773934 0.000002 
4659.794124 0.000002 
4657.814315 0.000002 
4655.834506 0.000001 
4653.854697 0.000001 
4651.874887 0.000001 
4649.895078 0.000001 
4647.915269 0.000002 
4645.935459 0.000001 
4643.955650 0.000001 
4641.975841 0.000005 
4639.996032 0.000007 
4638.016222 0.000023 
4636.036413 0.000024 
4634.056604 0.000030 
4632.076795 0.000018 
4630.096985 0.000044 
4628.117176 0.000032 
4626.137367 0.000020 
4624.157558 0.000031 
4622.177748 0.000001 
4620.197939 0.000016 
4618.218130 0.000000 
4616.238320 0.000000 
4614.258511 0.000000 
4612.278702 0.000027 
4610.298893 0.000000 
4608.319083 0.000001 
4606.339274 0.000000 
4604.359465 0.000002 
4602.379656 0.000005 
4600.399846 0.000000 
4598.420037 0.000000 
4596.440228 0.000000 
4594.460418 0.000000 
4592.480609 0.000000 
4590.500800 0.000000 
4588.520991 0.000001 
4586.541181 0.000000 
4584.561372 0.000006 
4582.581563 0.000009 
4580.601754 0.000016 
4578.621944 0.000019 
4576.642135 0.000014 
4574.662326 0.000023 
4572.682517 0.000009 
4570.702707 0.000029 
4568.722898 0.000056 
4566.743089 0.000024 
4564.763279 0.000077 
4562.783470 0.000072 
4560.803661 0.000079 
4558.823852 0.000140 
4556.844042 0.000166 
4554.864233 0.000181 
4552.884424 0.000247 
4550.904615 0.000282 
4548.924805 0.000368 
4546.944996 0.000455 
4544.965187 0.000531 
4542.985377 0.000670 
4541.005568 0.000823 
4539.025759 0.000948 
4537.045950 0.001086 
4535.066140 0.001288 
4533.086331 0.001477 
4531.106522 0.001657 
4529.126713 0.001824 
4527.146903 0.002036 
4525.167094 0.002255 
4523.187285 0.002556 
4521.207475 0.002981 
4519.227666 0.003538 
4517.247857 0.004216 
4515.268048 0.004924 
4513.288238 0.005525 
4511.308429 0.006111 
4509.328620 0.006510 
4507.348811 0.006815 
4505.369001 0.007030 
4503.389192 0.007219 
4501.409383 0.007363 
4499.429574 0.007506 
4497.449764 0.007694 
4495.469955 0.007879 
4493.490146 0.008109 
4491.510336 0.008338 
4489.530527 0.008505 
4487.550718 0.008628 
4485.570909 0.008722 
4483.591099 0.008811 
4481.611290 0.008815 
4479.631481 0.008813 
4477.651672 0.008831 
4475.671862 0.008862 
4473.692053 0.008950 
4471.712244 0.009129 
4469.732434 0.009558 
4467.752625 0.010045 
4465.772816 0.010359 
4463.793007 0.010384 
4461.813197 0.010263 
4459.833388 0.010022 
4457.853579 0.009610 
4455.873770 0.009073 
4453.893960 0.008450 
4451.914151 0.007841 
4449.934342 0.007321 
4447.954533 0.006879 
4445.974723 0.006486 
4443.994914 0.006187 
4442.015105 0.005974 
4440.035295 0.005814 
4438.055486 0.005634 
4436.075677 0.005361 
4434.095868 0.005100 
4432.116058 0.004850 
4430.136249 0.004609 
4428.156440 0.004315 
4426.176631 0.004038 
4424.196821 0.003760 
4422.217012 0.003537 
4420.237203 0.003310 
4418.257393 0.003048 
4416.277584 0.002860 
4414.297775 0.002667 
4412.317966 0.002490 
4410.338156 0.002312 
4408.358347 0.002153 
4406.378538 0.002055 
4404.398729 0.002002 
4402.418919 0.001949 
4400.439110 0.001921 
4398.459301 0.001885 
4396.479491 0.001886 
4394.499682 0.001886 
4392.519873 0.001864 
4390.540064 0.001869 
4388.560254 0.001898 
4386.580445 0.001879 
4384.600636 0.001882 
4382.620827 0.001911 
4380.641017 0.001903 
4378.661208 0.001903 
4376.681399 0.001941 
4374.701590 0.001954 
4372.721780 0.001955 
4370.741971 0.001998 
4368.762162 0.002026 
4366.782352 0.002083 
4364.802543 0.002066 
4362.822734 0.002103 
4360.842925 0.002134 
4358.863115 0.002153 
4356.883306 0.002236 
4354.903497 0.002283 
4352.923688 0.002294 
4350.943878 0.002357 
4348.964069 0.002386 
4346.984260 0.002377 
4345.004450 0.002378 
4343.024641 0.002357 
4341.044832 0.002342 
4339.065023 0.002320 
4337.085213 0.002279 
4335.105404 0.002226 
4333.125595 0.002212 
4331.145786 0.002116 
4329.165976 0.002058 
4327.186167 0.001949 
4325.206358 0.001882 
4323.226549 0.001820 
4321.246739 0.001782 
4319.266930 0.001682 
4317.287121 0.001621 
4315.307311 0.001578 
4313.327502 0.001536 
4311.347693 0.001445 
4309.367884 0.001448 
4307.388074 0.001387 
4305.408265 0.001361 
4303.428456 0.001304 
4301.448647 0.001235 
4299.468837 0.001182 
4297.489028 0.001114 
4295.509219 0.001038 
4293.529409 0.000990 
4291.549600 0.000933 
4289.569791 0.000855 
4287.589982 0.000837 
4285.610172 0.000806 
4283.630363 0.000747 
4281.650554 0.000726 
4279.670745 0.000673 
4277.690935 0.000699 
4275.711126 0.000605 
4273.731317 0.000556 
4271.751508 0.000489 
4269.771698 0.000448 
4267.791889 0.000461 
4265.812080 0.000391 
4263.832270 0.000371 
4261.852461 0.000342 
4259.872652 0.000335 
4257.892843 0.000334 
4255.913033 0.000280 
4253.933224 0.000275 
4251.953415 0.000263 
4249.973606 0.000242 
4247.993796 0.000221 
4246.013987 0.000231 
4244.034178 0.000172 
4242.054368 0.000142 
4240.074559 0.000158 
4238.094750 0.000119 
4236.114941 0.000122 
4234.135131 0.000117 
4232.155322 0.000140 
4230.175513 0.000147 
4228.195704 0.000155 
4226.215894 0.000154 
4224.236085 0.000146 
4222.256276 0.000126 
4220.276466 0.000087 
4218.296657 0.000108 
4216.316848 0.000056 
4214.337039 0.000102 
4212.357229 0.000118 
4210.377420 0.000160 
4208.397611 0.000152 
4206.417802 0.000132 
4204.437992 0.000175 
4202.458183 0.000167 
4200.478374 0.000170 
4198.498565 0.000156 
4196.518755 0.000140 
4194.538946 0.000091 
4192.559137 0.000076 
4190.579327 0.000061 
4188.599518 0.000097 
4186.619709 0.000095 
4184.639900 0.000146 
4182.660090 0.000126 
4180.680281 0.000109 
4178.700472 0.000120 
4176.720663 0.000126 
4174.740853 0.000110 
4172.761044 0.000094 
4170.781235 0.000118 
4168.801425 0.000082 
4166.821616 0.000101 
4164.841807 0.000069 
4162.861998 0.000138 
4160.882188 0.000155 
4158.902379 0.000166 
4156.922570 0.000170 
4154.942761 0.000152 
4152.962951 0.000189 
4150.983142 0.000161 
4149.003333 0.000103 
4147.023524 0.000104 
4145.043714 0.000119 
4143.063905 0.000106 
4141.084096 0.000134 
4139.104286 0.000155 
4137.124477 0.000189 
4135.144668 0.000213 
4133.164859 0.000226 
4131.185049 0.000202 
4129.205240 0.000199 
4127.225431 0.000237 
4125.245622 0.000211 
4123.265812 0.000204 
4121.286003 0.000164 
4119.306194 0.000180 
4117.326384 0.000205 
4115.346575 0.000206 
4113.366766 0.000248 
4111.386957 0.000270 
4109.407147 0.000222 
4107.427338 0.000209 
4105.447529 0.000227 
4103.467720 0.000200 
4101.487910 0.000206 
4099.508101 0.000183 
4097.528292 0.000208 
4095.548482 0.000175 
4093.568673 0.000202 
4091.588864 0.000192 
4089.609055 0.000200 
4087.629245 0.000207 
4085.649436 0.000232 
4083.669627 0.000219 
4081.689818 0.000244 
4079.710008 0.000246 
4077.730199 0.000259 
4075.750390 0.000261 
4073.770581 0.000214 
4071.790771 0.000190 
4069.810962 0.000187 
4067.831153 0.000144 
4065.851343 0.000191 
4063.871534 0.000187 
4061.891725 0.000217 
4059.911916 0.000209 
4057.932106 0.000210 
4055.952297 0.000246 
4053.972488 0.000259 
4051.992679 0.000236 
4050.012869 0.000254 
4048.033060 0.000225 
4046.053251 0.000230 
4044.073441 0.000246 
4042.093632 0.000216 
4040.113823 0.000227 
4038.134014 0.000183 
4036.154204 0.000203 
4034.174395 0.000253 
4032.194586 0.000266 
4030.214777 0.000227 
4028.234967 0.000311 
4026.255158 0.000286 
4024.275349 0.000270 
4022.295540 0.000234 
4020.315730 0.000183 
4018.335921 0.000210 
4016.356112 0.000193 
4014.376302 0.000180 
4012.396493 0.000193 
4010.416684 0.000192 
4008.436875 0.000237 
4006.457065 0.000242 
4004.477256 0.000243 
4002.497447 0.000260 
4000.517638 0.000268 
3998.537828 0.000243 
3996.558019 0.000215 
3994.578210 0.000191 
3992.598400 0.000219 
3990.618591 0.000190 
3988.638782 0.000230 
3986.658973 0.000214 
3984.679163 0.000259 
3982.699354 0.000261 
3980.719545 0.000233 
3978.739736 0.000296 
3976.759926 0.000251 
3974.780117 0.000221 
3972.800308 0.000277 
3970.820498 0.000218 
3968.840689 0.000240 
3966.860880 0.000249 
3964.881071 0.000233 
3962.901261 0.000263 
3960.921452 0.000271 
3958.941643 0.000263 
3956.961834 0.000241 
3954.982024 0.000246 
3953.002215 0.000174 
3951.022406 0.000148 
3949.042597 0.000150 
3947.062787 0.000151 
3945.082978 0.000151 
3943.103169 0.000153 
3941.123359 0.000154 
3939.143550 0.000155 
3937.163741 0.000156 
3935.183932 0.000157 
3933.204122 0.000159 
3931.224313 0.000160 
3929.244504 0.000161 
3927.264695 0.000163 
3925.284885 0.000164 
3923.305076 0.000164 
3921.325267 0.000165 
3919.345457 0.000167 
3917.365648 0.000169 
3915.385839 0.000170 
3913.406030 0.000172 
3911.426220 0.000172 
3909.446411 0.000172 
3907.466602 0.000174 
3905.486793 0.000176 
3903.506983 0.000177 
3901.527174 0.000178 
3899.547365 0.000180 
3897.567556 0.000180 
3895.587746 0.000182 
3893.607937 0.000183 
3891.628128 0.000184 
3889.648318 0.000184 
3887.668509 0.000185 
3885.688700 0.000188 
3883.708891 0.000189 
3881.729081 0.000191 
3879.749272 0.000192 
3877.769463 0.000193 
3875.789654 0.000194 
3873.809844 0.000195 
3871.830035 0.000196 
3869.850226 0.000199 
3867.870416 0.000199 
3865.890607 0.000201 
3863.910798 0.000202 
3861.930989 0.000203 
3859.951179 0.000205 
3857.971370 0.000206 
3855.991561 0.000207 
3854.011752 0.000211 
3852.031942 0.000212 
3850.052133 0.000212 
3848.072324 0.000213 
3846.092515 0.000215 
3844.112705 0.000216 
3842.132896 0.000218 
3840.153087 0.000218 
3838.173277 0.000221 
3836.193468 0.000222 
3834.213659 0.000224 
3832.233850 0.000225 
3830.254040 0.000226 
3828.274231 0.000227 
3826.294422 0.000229 
3824.314613 0.000229 
3822.334803 0.000231 
3820.354994 0.000234 
3818.375185 0.000236 
3816.395375 0.000238 
3814.415566 0.000239 
3812.435757 0.000240 
3810.455948 0.000241 
3808.476138 0.000242 
3806.496329 0.000244 
3804.516520 0.000246 
3802.536711 0.000248 
3800.556901 0.000251 
3798.577092 0.000251 
3796.597283 0.000253 
3794.617473 0.000255 
3792.637664 0.000255 
3790.657855 0.000256 
3788.678046 0.000258 
3786.698236 0.000261 
3784.718427 0.000262 
3782.738618 0.000264 
3780.758809 0.000267 
3778.778999 0.000267 
3776.799190 0.000270 
3774.819381 0.000272 
3772.839572 0.000273 
3770.859762 0.000274 
3768.879953 0.000276 
3766.900144 0.000279 
3764.920334 0.000282 
3762.940525 0.000284 
3760.960716 0.000284 
3758.980907 0.000286 
3757.001097 0.000288 
3755.021288 0.000289 
3753.041479 0.000293 
3751.061670 0.000295 
3749.081860 0.000297 
3747.102051 0.000298 
3745.122242 0.000303 
3743.142432 0.000306 
3741.162623 0.000305 
3739.182814 0.000307 
3737.203005 0.000310 
3735.223195 0.000313 
3733.243386 0.000314 
3731.263577 0.000317 
3729.283768 0.000318 
3727.303958 0.000321 
3725.324149 0.000324 
3723.344340 0.000326 
3721.364531 0.000328 
3719.384721 0.000329 
3717.404912 0.000331 
3715.425103 0.000334 
3713.445293 0.000336 
3711.465484 0.000339 
3709.485675 0.000342 
3707.505866 0.000344 
3705.526056 0.000346 
3703.546247 0.000349 
3701.566438 0.000351 
3699.586629 0.000353 
3697.606819 0.000355 
3695.627010 0.000359 
3693.647201 0.000361 
3691.667391 0.000364 
3689.687582 0.000367 
3687.707773 0.000370 
3685.727964 0.000372 
3683.748154 0.000376 
3681.768345 0.000379 
3679.788536 0.000380 
3677.808727 0.000384 
3675.828917 0.000387 
3673.849108 0.000390 
3671.869299 0.000393 
3669.889489 0.000397 
3667.909680 0.000401 
3665.929871 0.000404 
3663.950062 0.000409 
3661.970252 0.000410 
3659.990443 0.000412 
3658.010634 0.000416 
3656.030825 0.000421 
3654.051015 0.000424 
3652.071206 0.000428 
3650.091397 0.000433 
3648.111588 0.000438 
3646.131778 0.000440 
3644.151969 0.000443 
3642.172160 0.000446 
3640.192350 0.000450 
3638.212541 0.000454 
3636.232732 0.000457 
3634.252923 0.000461 
3632.273113 0.000466 
3630.293304 0.000472 
3628.313495 0.000478 
3626.333686 0.000482 
3624.353876 0.000485 
3622.374067 0.000489 
3620.394258 0.000494 
3618.414448 0.000499 
3616.434639 0.000504 
3614.454830 0.000509 
3612.475021 0.000514 
3610.495211 0.000518 
3608.515402 0.000525 
3606.535593 0.000530 
3604.555784 0.000535 
3602.575974 0.000540 
3600.596165 0.000546 
3598.616356 0.000550 
3596.636547 0.000557 
3594.656737 0.000562 
3592.676928 0.000565 
3590.697119 0.000572 
3588.717309 0.000579 
3586.737500 0.000584 
3584.757691 0.000590 
3582.777882 0.000651 
3580.798072 0.000932 
3578.818263 0.001010 
3576.838454 0.001031 
3574.858645 0.001083 
3572.878835 0.001074 
3570.899026 0.001133 
3568.919217 0.001334 
3566.939407 0.001593 
3564.959598 0.001483 
3562.979789 0.001565 
3560.999980 0.001769 
3559.020170 0.001926 
3557.040361 0.002220 
3555.060552 0.002466 
3553.080743 0.002840 
3551.100933 0.003029 
3549.121124 0.003313 
3547.141315 0.003621 
3545.161506 0.003940 
3543.181696 0.004010 
3541.201887 0.004136 
3539.222078 0.004206 
3537.242268 0.004333 
3535.262459 0.004322 
3533.282650 0.004336 
3531.302841 0.004357 
3529.323031 0.004400 
3527.343222 0.004505 
3525.363413 0.004488 
3523.383604 0.004647 
3521.403794 0.004699 
3519.423985 0.004863 
3517.444176 0.004991 
3515.464366 0.005042 
3513.484557 0.005176 
3511.504748 0.005199 
3509.524939 0.005346 
3507.545129 0.005326 
3505.565320 0.005374 
3503.585511 0.005452 
3501.605702 0.005490 
3499.625892 0.005473 
3497.646083 0.005541 
3495.666274 0.005630 
3493.686464 0.005615 
3491.706655 0.005665 
3489.726846 0.005706 
3487.747037 0.005735 
3485.767227 0.005826 
3483.787418 0.005804 
3481.807609 0.005913 
3479.827800 0.005852 
3477.847990 0.005919 
3475.868181 0.005901 
3473.888372 0.005934 
3471.908563 0.005895 
3469.928753 0.005899 
3467.948944 0.005901 
3465.969135 0.005902 
3463.989325 0.005903 
3462.009516 0.005885 
3460.029707 0.005862 
3458.049898 0.005863 
3456.070088 0.005852 
3454.090279 0.005855 
3452.110470 0.005841 
3450.130661 0.005941 
3448.150851 0.005912 
3446.171042 0.005922 
3444.191233 0.005934 
3442.211423 0.006022 
3440.231614 0.006081 
3438.251805 0.006119 
3436.271996 0.006224 
3434.292186 0.006286 
3432.312377 0.006398 
3430.332568 0.006508 
3428.352759 0.006653 
3426.372949 0.006817 
3424.393140 0.007075 
3422.413331 0.007398 
3420.433522 0.007892 
3418.453712 0.008311 
3416.473903 0.008974 
3414.494094 0.009863 
3412.514284 0.011157 
3410.534475 0.012736 
3408.554666 0.014637 
3406.574857 0.017199 
3404.595047 0.020557 
3402.615238 0.025173 
3400.635429 0.031809 
3398.655620 0.042911 
3396.675810 0.061198 
3394.696001 0.079514 
3392.716192 0.101135 
3390.736382 0.126122 
3388.756573 0.152456 
3386.776764 0.180627 
3384.796955 0.213246 
3382.817145 0.256683 
3380.837336 0.294350 
3378.857527 0.305777 
3376.877718 0.294132 
3374.897908 0.278870 
3372.918099 0.263102 
3370.938290 0.253041 
3368.958480 0.248611 
3366.978671 0.246774 
3364.998862 0.244573 
3363.019053 0.239265 
3361.039243 0.229532 
3359.059434 0.216575 
3357.079625 0.204440 
3355.099816 0.192812 
3353.120006 0.181099 
3351.140197 0.168521 
3349.160388 0.155486 
3347.180579 0.143119 
3345.200769 0.131827 
3343.220960 0.122442 
3341.241151 0.114327 
3339.261341 0.107419 
3337.281532 0.101671 
3335.301723 0.096511 
3333.321914 0.092243 
3331.342104 0.088528 
3329.362295 0.085376 
3327.382486 0.082761 
3325.402677 0.080549 
3323.422867 0.078809 
3321.443058 0.077319 
3319.463249 0.076031 
3317.483439 0.075116 
3315.503630 0.074495 
3313.523821 0.073941 
3311.544012 0.073639 
3309.564202 0.073397 
3307.584393 0.073270 
3305.604584 0.073205 
3303.624775 0.073019 
3301.644965 0.073003 
3299.665156 0.072833 
3297.685347 0.072800 
3295.705538 0.072686 
3293.725728 0.072368 
3291.745919 0.072034 
3289.766110 0.071596 
3287.786300 0.070978 
3285.806491 0.070466 
3283.826682 0.069846 
3281.846873 0.069189 
3279.867063 0.068479 
3277.887254 0.067623 
3275.907445 0.066940 
3273.927636 0.066107 
3271.947826 0.065428 
3269.968017 0.064678 
3267.988208 0.063862 
3266.008398 0.062947 
3264.028589 0.062026 
3262.048780 0.061152 
3260.068971 0.060304 
3258.089161 0.059469 
3256.109352 0.058706 
3254.129543 0.057934 
3252.149734 0.057226 
3250.169924 0.056511 
3248.190115 0.055799 
3246.210306 0.055144 
3244.230496 0.054579 
3242.250687 0.053980 
3240.270878 0.053669 
3238.291069 0.053408 
3236.311259 0.053374 
3234.331450 0.053587 
3232.351641 0.054053 
3230.371832 0.054705 
3228.392022 0.055843 
3226.412213 0.057221 
3224.432404 0.058759 
3222.452595 0.060536 
3220.472785 0.062276 
3218.492976 0.063923 
3216.513167 0.065124 
3214.533357 0.066101 
3212.553548 0.066802 
3210.573739 0.066986 
3208.593930 0.066701 
3206.614120 0.065942 
3204.634311 0.064586 
3202.654502 0.062945 
3200.674693 0.060890 
3198.694883 0.058607 
3196.715074 0.056024 
3194.735265 0.052999 
3192.755455 0.049484 
3190.775646 0.045886 
3188.795837 0.042275 
3186.816028 0.038795 
3184.836218 0.035499 
3182.856409 0.032392 
3180.876600 0.029414 
3178.896791 0.026613 
3176.916981 0.024070 
3174.937172 0.021700 
3172.957363 0.019559 
3170.977554 0.017560 
3168.997744 0.015753 
3167.017935 0.014112 
3165.038126 0.012639 
3163.058316 0.011336 
3161.078507 0.010134 
3159.098698 0.009097 
3157.118889 0.008182 
3155.139079 0.007387 
3153.159270 0.006702 
3151.179461 0.006039 
3149.199652 0.005495 
3147.219842 0.005027 
3145.240033 0.004602 
3143.260224 0.004190 
3141.280414 0.003866 
3139.300605 0.003565 
3137.320796 0.003261 
3135.340987 0.003028 
3133.361177 0.002771 
3131.381368 0.002595 
3129.401559 0.002369 
3127.421750 0.002209 
3125.441940 0.002044 
3123.462131 0.001866 
3121.482322 0.001762 
3119.502513 0.001616 
3117.522703 0.001498 
3115.542894 0.001368 
3113.563085 0.001293 
3111.583275 0.001208 
3109.603466 0.001097 
3107.623657 0.001016 
3105.643848 0.000969 
3103.664038 0.000888 
3101.684229 0.000817 
3099.704420 0.000720 
3097.724611 0.000644 
3095.744801 0.000578 
3093.764992 0.000499 
3091.785183 0.000423 
3089.805373 0.000362 
3087.825564 0.000362 
3085.845755 0.000322 
3083.865946 0.000324 
3081.886136 0.000294 
3079.906327 0.000251 
3077.926518 0.000258 
3075.946709 0.000220 
3073.966899 0.000175 
3071.987090 0.000152 
3070.007281 0.000145 
3068.027471 0.000087 
3066.047662 0.000091 
3064.067853 0.000025 
3062.088044 0.000056 
3060.108234 0.000051 
3058.128425 0.000073 
3056.148616 0.000044 
3054.168807 0.000041 
3052.188997 0.000031 
3050.209188 0.000036 
3048.229379 0.000057 
3046.249570 0.000013 
3044.269760 0.000049 
3042.289951 0.000055 
3040.310142 0.000104 
3038.330332 0.000079 
3036.350523 0.000064 
3034.370714 0.000089 
3032.390905 0.000085 
3030.411095 0.000059 
3028.431286 0.000028 
3026.451477 -0.000005 
3024.471668 0.000061 
3022.491858 0.000004 
3020.512049 -0.000008 
3018.532240 -0.000007 
3016.552430 0.000001 
3014.572621 0.000059 
3012.592812 0.000092 
3010.613003 0.000073 
3008.633193 0.000106 
3006.653384 0.000112 
3004.673575 0.000135 
3002.693766 0.000075 
3000.713956 0.000091 
2998.734147 0.000103 
2996.754338 0.000105 
2994.774529 0.000123 
2992.794719 0.000105 
2990.814910 0.000114 
2988.835101 0.000123 
2986.855291 0.000173 
2984.875482 0.000146 
2982.895673 0.000144 
2980.915864 0.000150 
2978.936054 0.000154 
2976.956245 0.000148 
2974.976436 0.000134 
2972.996627 0.000104 
2971.016817 0.000110 
2969.037008 0.000110 
2967.057199 0.000104 
2965.077389 0.000053 
2963.097580 0.000081 
2961.117771 0.000121 
2959.137962 0.000111 
2957.158152 0.000097 
2955.178343 0.000115 
2953.198534 0.000182 
2951.218725 0.000187 
2949.238915 0.000198 
2947.259106 0.000170 
2945.279297 0.000190 
2943.299487 0.000193 
2941.319678 0.000169 
2939.339869 0.000168 
2937.360060 0.000124 
2935.380250 0.000160 
2933.400441 0.000170 
2931.420632 0.000163 
2929.440823 0.000140 
2927.461013 0.000159 
2925.481204 0.000174 
2923.501395 0.000176 
2921.521586 0.000132 
2919.541776 0.000132 
2917.561967 0.000201 
2915.582158 0.000207 
2913.602348 0.000205 
2911.622539 0.000200 
2909.642730 0.000199 
2907.662921 0.000250 
2905.683111 0.000266 
2903.703302 0.000254 
2901.723493 0.000266 
2899.743684 0.000253 
2897.763874 0.000251 
2895.784065 0.000263 
2893.804256 0.000217 
2891.824446 0.000228 
2889.844637 0.000263 
2887.864828 0.000227 
2885.885019 0.000273 
2883.905209 0.000212 
2881.925400 0.000233 
2879.945591 0.000260 
2877.965782 0.000222 
2875.985972 0.000178 
2874.006163 0.000182 
2872.026354 0.000207 
2870.046545 0.000206 
2868.066735 0.000176 
2866.086926 0.000182 
2864.107117 0.000210 
2862.127307 0.000220 
2860.147498 0.000219 
2858.167689 0.000239 
2856.187880 0.000265 
2854.208070 0.000291 
2852.228261 0.000313 
2850.248452 0.000327 
2848.268643 0.000335 
2846.288833 0.000340 
2844.309024 0.000349 
2842.329215 0.000366 
2840.349405 0.000389 
2838.369596 0.000412 
2836.389787 0.000429 
2834.409978 0.000441 
2832.430168 0.000450 
2830.450359 0.000463 
2828.470550 0.000480 
2826.490741 0.000496 
2824.510931 0.000509 
2822.531122 0.000524 
2820.551313 0.000542 
2818.571504 0.000561 
2816.591694 0.000580 
2814.611885 0.000598 
2812.632076 0.000619 
2810.652266 0.000639 
2808.672457 0.000660 
2806.692648 0.000680 
2804.712839 0.000707 
2802.733029 0.000737 
2800.753220 0.000766 
2798.773411 0.000791 
2796.793602 0.000809 
2794.813792 0.000826 
2792.833983 0.000842 
2790.854174 0.000860 
2788.874364 0.000873 
2786.894555 0.000882 
2784.914746 0.000892 
2782.934937 0.000905 
2780.955127 0.000926 
2778.975318 0.000951 
2776.995509 0.000977 
2775.015700 0.001004 
2773.035890 0.001030 
2771.056081 0.001052 
2769.076272 0.001071 
2767.096462 0.001087 
2765.116653 0.001098 
2763.136844 0.001107 
2761.157035 0.001118 
2759.177225 0.001130 
2757.197416 0.001141 
2755.217607 0.001151 
2753.237798 0.001163 
2751.257988 0.001177 
2749.278179 0.001193 
2747.298370 0.001206 
2745.318561 0.001214 
2743.338751 0.001217 
2741.358942 0.001220 
2739.379133 0.001224 
2737.399323 0.001233 
2735.419514 0.001249 
2733.439705 0.001271 
2731.459896 0.001298 
2729.480086 0.001322 
2727.500277 0.001342 
2725.520468 0.001354 
2723.540659 0.001358 
2721.560849 0.001359 
2719.581040 0.001356 
2717.601231 0.001356 
2715.621421 0.001358 
2713.641612 0.001365 
2711.661803 0.001379 
2709.681994 0.001401 
2707.702184 0.001423 
2705.722375 0.001442 
2703.742566 0.001452 
2701.762757 0.001455 
2699.782947 0.001459 
2697.803138 0.001466 
2695.823329 0.001475 
2693.843520 0.001486 
2691.863710 0.001502 
2689.883901 0.001520 
2687.904092 0.001533 
2685.924282 0.001538 
2683.944473 0.001536 
2681.964664 0.001532 
2679.984855 0.001534 
2678.005045 0.001544 
2676.025236 0.001558 
2674.045427 0.001569 
2672.065618 0.001577 
2670.085808 0.001585 
2668.105999 0.001594 
2666.126190 0.001609 
2664.146380 0.001624 
2662.166571 0.001643 
2660.186762 0.001660 
2658.206953 0.001676 
2656.227143 0.001684 
2654.247334 0.001692 
2652.267525 0.001700 
2650.287716 0.001713 
2648.307906 0.001732 
2646.328097 0.001758 
2644.348288 0.001787 
2642.368478 0.001817 
2640.388669 0.001840 
2638.408860 0.001858 
2636.429051 0.001872 
2634.449241 0.001890 
2632.469432 0.001918 
2630.489623 0.001957 
2628.509814 0.001996 
2626.530004 0.002026 
2624.550195 0.002046 
2622.570386 0.002060 
2620.590577 0.002076 
2618.610767 0.002094 
2616.630958 0.002115 
2614.651149 0.002139 
2612.671339 0.002163 
2610.691530 0.002184 
2608.711721 0.002199 
2606.731912 0.002214 
2604.752102 0.002228 
2602.772293 0.002244 
2600.792484 0.002261 
2598.812675 0.002273 
2596.832865 0.002282 
2594.853056 0.002294 
2592.873247 0.002305 
2590.893437 0.002318 
2588.913628 0.002332 
2586.933819 0.002347 
2584.954010 0.002363 
2582.974200 0.002373 
2580.994391 0.002381 
2579.014582 0.002393 
2577.034773 0.002409 
2575.054963 0.002429 
2573.075154 0.002445 
2571.095345 0.002462 
2569.115536 0.002481 
2567.135726 0.002502 
2565.155917 0.002528 
2563.176108 0.002544 
2561.196298 0.002556 
2559.216489 0.002562 
2557.236680 0.002569 
2555.256871 0.002583 
2553.277061 0.002598 
2551.297252 0.002610 
2549.317443 0.002622 
2547.337634 0.002634 
2545.357824 0.002652 
2543.378015 0.002679 
2541.398206 0.002704 
2539.418396 0.002723 
2537.438587 0.002731 
2535.458778 0.002734 
2533.478969 0.002734 
2531.499159 0.002736 
2529.519350 0.002743 
2527.539541 0.002756 
2525.559732 0.002775 
2523.579922 0.002795 
2521.600113 0.002811 
2519.620304 0.002822 
2517.640494 0.002832 
2515.660685 0.002842 
2513.680876 0.002851 
2511.701067 0.002863 
2509.721257 0.002880 
2507.741448 0.002899 
2505.761639 0.002919 
2503.781830 0.002938 
2501.802020 0.002950 
2499.822211 0.002955 
2497.842402 0.002955 
2495.862593 0.002958 
2493.882783 0.002966 
2491.902974 0.002969 
2489.923165 0.002971 
2487.943355 0.002973 
2485.963546 0.002976 
2483.983737 0.002976 
2482.003928 0.002977 
2480.024118 0.002982 
2478.044309 0.002989 
2476.064500 0.003002 
2474.084691 0.003022 
2472.104881 0.003040 
2470.125072 0.003052 
2468.145263 0.003055 
2466.165453 0.003051 
2464.185644 0.003048 
2462.205835 0.003047 
2460.226026 0.003058 
2458.246216 0.003072 
2456.266407 0.003091 
2454.286598 0.003101 
2452.306789 0.003104 
2450.326979 0.003106 
2448.347170 0.003112 
2446.367361 0.003120 
2444.387552 0.003125 
2442.407742 0.003133 
2440.427933 0.003136 
2438.448124 0.003139 
2436.468314 0.003140 
2434.488505 0.003138 
2432.508696 0.003140 
2430.528887 0.003144 
2428.549077 0.003147 
2426.569268 0.003141 
2424.589459 0.003132 
2422.609650 0.003120 
2420.629840 0.003113 
2418.650031 0.003110 
2416.670222 0.003110 
2414.690412 0.003105 
2412.710603 0.003098 
2410.730794 0.003090 
2408.750985 0.003082 
2406.771175 0.003072 
2404.791366 0.003062 
2402.811557 0.003054 
2400.831748 0.003043 
2398.851938 0.003034 
2396.872129 0.003025 
2394.892320 0.003017 
2392.912511 0.003006 
2390.932701 0.002999 
2388.952892 0.002989 
2386.973083 0.002981 
2384.993273 0.002973 
2383.013464 0.002965 
2381.033655 0.002958 
2379.053846 0.002950 
2377.074036 0.002940 
2375.094227 0.002933 
2373.114418 0.002925 
2371.134609 0.002913 
2369.154799 0.002897 
2367.174990 0.002881 
2365.195181 0.002860 
2363.215371 0.002839 
2361.235562 0.002822 
2359.255753 0.002805 
2357.275944 0.002790 
2355.296134 0.002775 
2353.316325 0.002765 
2351.336516 0.002763 
2349.356707 0.002765 
2347.376897 0.002765 
2345.397088 0.002755 
2343.417279 0.002743 
2341.437469 0.002728 
2339.457660 0.002712 
2337.477851 0.002698 
2335.498042 0.002685 
2333.518232 0.002671 
2331.538423 0.002660 
2329.558614 0.002650 
2327.578805 0.002638 
2325.598995 0.002625 
2323.619186 0.002616 
2321.639377 0.002608 
2319.659568 0.002597 
2317.679758 0.002591 
2315.699949 0.002584 
2313.720140 0.002577 
2311.740330 0.002571 
2309.760521 0.002562 
2307.780712 0.002554 
2305.800903 0.002546 
2303.821093 0.002540 
2301.841284 0.002530 
2299.861475 0.002522 
2297.881666 0.002515 
2295.901856 0.002508 
2293.922047 0.002502 
2291.942238 0.002494 
2289.962428 0.002487 
2287.982619 0.002478 
2286.002810 0.002469 
2284.023001 0.002463 
2282.043191 0.002457 
2280.063382 0.002452 
2278.083573 0.002457 
2276.103764 0.002465 
2274.123954 0.002470 
2272.144145 0.002471 
2270.164336 0.002467 
2268.184527 0.002456 
2266.204717 0.002443 
2264.224908 0.002429 
2262.245099 0.002418 
2260.265289 0.002415 
2258.285480 0.002416 
2256.305671 0.002419 
2254.325862 0.002418 
2252.346052 0.002410 
2250.366243 0.002398 
2248.386434 0.002390 
2246.406625 0.002384 
2244.426815 0.002382 
2242.447006 0.002385 
2240.467197 0.002385 
2238.487387 0.002385 
2236.507578 0.002379 
2234.527769 0.002367 
2232.547960 0.002355 
2230.568150 0.002343 
2228.588341 0.002340 
2226.608532 0.002340 
2224.628723 0.002337 
2222.648913 0.002338 
2220.669104 0.002338 
2218.689295 0.002341 
2216.709485 0.002342 
2214.729676 0.002348 
2212.749867 0.002353 
2210.770058 0.002354 
2208.790248 0.002352 
2206.810439 0.002357 
2204.830630 0.002369 
2202.850821 0.002382 
2200.871011 0.002393 
2198.891202 0.002403 
2196.911393 0.002411 
2194.931584 0.002415 
2192.951774 0.002416 
2190.971965 0.002421 
2188.992156 0.002428 
2187.012346 0.002435 
2185.032537 0.002440 
2183.052728 0.002449 
2181.072919 0.002457 
2179.093109 0.002461 
2177.113300 0.002467 
2175.133491 0.002470 
2173.153682 0.002469 
2171.173872 0.002464 
2169.194063 0.002456 
2167.214254 0.002446 
2165.234444 0.002436 
2163.254635 0.002431 
2161.274826 0.002428 
2159.295017 0.002429 
2157.315207 0.002425 
2155.335398 0.002419 
2153.355589 0.002411 
2151.375780 0.002406 
2149.395970 0.002401 
2147.416161 0.002397 
2145.436352 0.002394 
2143.456543 0.002390 
2141.476733 0.002393 
2139.496924 0.002398 
2137.517115 0.002403 
2135.537305 0.002403 
2133.557496 0.002398 
2131.577687 0.002389 
2129.597878 0.002375 
2127.618068 0.002364 
2125.638259 0.002359 
2123.658450 0.002360 
2121.678641 0.002367 
2119.698831 0.002372 
2117.719022 0.002375 
2115.739213 0.002381 
2113.759403 0.002385 
2111.779594 0.002385 
2109.799785 0.002380 
2107.819976 0.002373 
2105.840166 0.002366 
2103.860357 0.002358 
2101.880548 0.002353 
2099.900739 0.002353 
2097.920929 0.002352 
2095.941120 0.002352 
2093.961311 0.002352 
2091.981502 0.002353 
2090.001692 0.002355 
2088.021883 0.002362 
2086.042074 0.002367 
2084.062264 0.002367 
2082.082455 0.002364 
2080.102646 0.002365 
2078.122837 0.002365 
2076.143027 0.002366 
2074.163218 0.002363 
2072.183409 0.002358 
2070.203600 0.002358 
2068.223790 0.002359 
2066.243981 0.002367 
2064.264172 0.002375 
2062.284362 0.002383 
2060.304553 0.002384 
2058.324744 0.002379 
2056.344935 0.002378 
2054.365125 0.002381 
2052.385316 0.002388 
2050.405507 0.002394 
2048.425698 0.002397 
2046.445888 0.002403 
2044.466079 0.002410 
2042.486270 0.002417 
2040.506460 0.002423 
2038.526651 0.002421 
2036.546842 0.002420 
2034.567033 0.002419 
2032.587223 0.002422 
2030.607414 0.002427 
2028.627605 0.002433 
2026.647796 0.002443 
2024.667986 0.002451 
2022.688177 0.002457 
2020.708368 0.002460 
2018.728559 0.002465 
2016.748749 0.002472 
2014.768940 0.002480 
2012.789131 0.002488 
2010.809321 0.002497 
2008.829512 0.002509 
2006.849703 0.002521 
2004.869894 0.002529 
2002.890084 0.002536 
2000.910275 0.002549 
1998.930466 0.002572 
1996.950657 0.002598 
1994.970847 0.002625 
1992.991038 0.002651 
1991.011229 0.002673 
1989.031419 0.002694 
1987.051610 0.002711 
1985.071801 0.002733 
1983.091992 0.002755 
1981.112182 0.002778 
1979.132373 0.002805 
1977.152564 0.002833 
1975.172755 0.002857 
1973.192945 0.002886 
1971.213136 0.002918 
1969.233327 0.002953 
1967.253518 0.002989 
1965.273708 0.003025 
1963.293899 0.003059 
1961.314090 0.003099 
1959.334280 0.003141 
1957.354471 0.003182 
1955.374662 0.003227 
1953.394853 0.003266 
1951.415043 0.003296 
1949.435234 0.003324 
1947.455425 0.003355 
1945.475616 0.003390 
1943.495806 0.003433 
1941.515997 0.003481 
1939.536188 0.003528 
1937.556378 0.003576 
1935.576569 0.003623 
1933.596760 0.003667 
1931.616951 0.003708 
1929.637141 0.003748 
1927.657332 0.003786 
1925.677523 0.003825 
1923.697714 0.003863 
1921.717904 0.003901 
1919.738095 0.003935 
1917.758286 0.003966 
1915.778476 0.003999 
1913.798667 0.004032 
1911.818858 0.004069 
1909.839049 0.004109 
1907.859239 0.004149 
1905.879430 0.004188 
1903.899621 0.004221 
1901.919812 0.004249 
1899.940002 0.004273 
1897.960193 0.004287 
1895.980384 0.004295 
1894.000575 0.004303 
1892.020765 0.004313 
1890.040956 0.004325 
1888.061147 0.004337 
1886.081337 0.004344 
1884.101528 0.004342 
1882.121719 0.004334 
1880.141910 0.004320 
1878.162100 0.004306 
1876.182291 0.004296 
1874.202482 0.004290 
1872.222673 0.004284 
1870.242863 0.004276 
1868.263054 0.004258 
1866.283245 0.004230 
1864.303435 0.004193 
1862.323626 0.004151 
1860.343817 0.004105 
1858.364008 0.004063 
1856.384198 0.004022 
1854.404389 0.003979 
1852.424580 0.003934 
1850.444771 0.003881 
1848.464961 0.003824 
1846.485152 0.003762 
1844.505343 0.003695 
1842.525534 0.003627 
1840.545724 0.003562 
1838.565915 0.003496 
1836.586106 0.003428 
1834.606296 0.003366 
1832.626487 0.003307 
1830.646678 0.003249 
1828.666869 0.003190 
1826.687059 0.003125 
1824.707250 0.003061 
1822.727441 0.002996 
1820.747632 0.002928 
1818.767822 0.002861 
1816.788013 0.002792 
1814.808204 0.002721 
1812.828394 0.002652 
1810.848585 0.002590 
1808.868776 0.002531 
1806.888967 0.002479 
1804.909157 0.002425 
1802.929348 0.002377 
1800.949539 0.002334 
1798.969730 0.002285 
1796.989920 0.002237 
1795.010111 0.002193 
1793.030302 0.002155 
1791.050492 0.002118 
1789.070683 0.002086 
1787.090874 0.002052 
1785.111065 0.002023 
1783.131255 0.002004 
1781.151446 0.001987 
1779.171637 0.001969 
1777.191828 0.001947 
1775.212018 0.001913 
1773.232209 0.001873 
1771.252400 0.001837 
1769.272591 0.001810 
1767.292781 0.001794 
1765.312972 0.001782 
1763.333163 0.001776 
1761.353353 0.001775 
1759.373544 0.001780 
1757.393735 0.001786 
1755.413926 0.001789 
1753.434116 0.001785 
1751.454307 0.001780 
1749.474498 0.001774 
1747.494689 0.001770 
1745.514879 0.001772 
1743.535070 0.001779 
1741.555261 0.001790 
1739.575451 0.001804 
1737.595642 0.001820 
1735.615833 0.001839 
1733.636024 0.001858 
1731.656214 0.001876 
1729.676405 0.001888 
1727.696596 0.001901 
1725.716787 0.001913 
1723.736977 0.001929 
1721.757168 0.001947 
1719.777359 0.001971 
1717.797550 0.002001 
1715.817740 0.002040 
1713.837931 0.002085 
1711.858122 0.002135 
1709.878312 0.002197 
1707.898503 0.002274 
1705.918694 0.002373 
1703.938885 0.002500 
1701.959075 0.002685 
1699.979266 0.002949 
1697.999457 0.003310 
1696.019648 0.003797 
1694.039838 0.004433 
1692.060029 0.005219 
1690.080220 0.006159 
1688.100410 0.007211 
1686.120601 0.008341 
1684.140792 0.009516 
1682.160983 0.010707 
1680.181173 0.011901 
1678.201364 0.013082 
1676.221555 0.014258 
1674.241746 0.015434 
1672.261936 0.016608 
1670.282127 0.017791 
1668.302318 0.018990 
1666.322509 0.020208 
1664.342699 0.021453 
1662.362890 0.022729 
1660.383081 0.024030 
1658.403271 0.025356 
1656.423462 0.026701 
1654.443653 0.028056 
1652.463844 0.029412 
1650.484034 0.030760 
1648.504225 0.032099 
1646.524416 0.033424 
1644.544607 0.034717 
1642.564797 0.035970 
1640.584988 0.037173 
1638.605179 0.038313 
1636.625369 0.039375 
1634.645560 0.040323 
1632.665751 0.041133 
1630.685942 0.041761 
1628.706132 0.042162 
1626.726323 0.042297 
1624.746514 0.042093 
1622.766705 0.041502 
1620.786895 0.040512 
1618.807086 0.039103 
1616.827277 0.037348 
1614.847467 0.035373 
1612.867658 0.033303 
1610.887849 0.031287 
1608.908040 0.029424 
1606.928230 0.027777 
1604.948421 0.026360 
1602.968612 0.025142 
1600.988803 0.024103 
1599.008993 0.023204 
1597.029184 0.022415 
1595.049375 0.021724 
1593.069566 0.021111 
1591.089756 0.020555 
1589.109947 0.020057 
1587.130138 0.019599 
1585.150328 0.019170 
1583.170519 0.018771 
1581.190710 0.018397 
1579.210901 0.018047 
1577.231091 0.017723 
1575.251282 0.017417 
1573.271473 0.017128 
1571.291664 0.016858 
1569.311854 0.016601 
1567.332045 0.016349 
1565.352236 0.016100 
1563.372426 0.015858 
1561.392617 0.015625 
1559.412808 0.015402 
1557.432999 0.015186 
1555.453189 0.014984 
1553.473380 0.014802 
1551.493571 0.014636 
1549.513762 0.014485 
1547.533952 0.014341 
1545.554143 0.014197 
1543.574334 0.014053 
1541.594525 0.013907 
1539.614715 0.013763 
1537.634906 0.013618 
1535.655097 0.013475 
1533.675287 0.013339 
1531.695478 0.013210 
1529.715669 0.013082 
1527.735860 0.012953 
1525.756050 0.012825 
1523.776241 0.012701 
1521.796432 0.012591 
1519.816623 0.012499 
1517.836813 0.012412 
1515.857004 0.012327 
1513.877195 0.012231 
1511.897385 0.012123 
1509.917576 0.012011 
1507.937767 0.011904 
1505.957958 0.011808 
1503.978148 0.011714 
1501.998339 0.011627 
1500.018530 0.011544 
1498.038721 0.011462 
1496.058911 0.011375 
1494.079102 0.011283 
1492.099293 0.011188 
1490.119483 0.011099 
1488.139674 0.011017 
1486.159865 0.010939 
1484.180056 0.010868 
1482.200246 0.010801 
1480.220437 0.010738 
1478.240628 0.010670 
1476.260819 0.010597 
1474.281009 0.010521 
1472.301200 0.010443 
1470.321391 0.010361 
1468.341582 0.010280 
1466.361772 0.010203 
1464.381963 0.010133 
1462.402154 0.010063 
1460.422344 0.009990 
1458.442535 0.009917 
1456.462726 0.009846 
1454.482917 0.009778 
1452.503107 0.009713 
1450.523298 0.009651 
1448.543489 0.009585 
1446.563680 0.009514 
1444.583870 0.009439 
1442.604061 0.009368 
1440.624252 0.009300 
1438.644442 0.009233 
1436.664633 0.009170 
1434.684824 0.009107 
1432.705015 0.009040 
1430.725205 0.008967 
1428.745396 0.008890 
1426.765587 0.008811 
1424.785778 0.008732 
1422.805968 0.008655 
1420.826159 0.008577 
1418.846350 0.008507 
1416.866541 0.008445 
1414.886731 0.008390 
1412.906922 0.008334 
1410.927113 0.008280 
1408.947303 0.008223 
1406.967494 0.008163 
1404.987685 0.008098 
1403.007876 0.008030 
1401.028066 0.007959 
1399.048257 0.007884 
1397.068448 0.007810 
1395.088639 0.007743 
1393.108829 0.007688 
1391.129020 0.007637 
1389.149211 0.007585 
1387.169401 0.007532 
1385.189592 0.007477 
1383.209783 0.007418 
1381.229974 0.007362 
1379.250164 0.007307 
1377.270355 0.007250 
1375.290546 0.007196 
1373.310737 0.007147 
1371.330927 0.007103 
1369.351118 0.007058 
1367.371309 0.007011 
1365.391499 0.006952 
1363.411690 0.006890 
1361.431881 0.006832 
1359.452072 0.006773 
1357.472262 0.006720 
1355.492453 0.006673 
1353.512644 0.006634 
1351.532835 0.006599 
1349.553025 0.006565 
1347.573216 0.006522 
1345.593407 0.006471 
1343.613598 0.006423 
1341.633788 0.006379 
1339.653979 0.006345 
1337.674170 0.006322 
1335.694360 0.006299 
1333.714551 0.006273 
1331.734742 0.006248 
1329.754933 0.006222 
1327.775123 0.006190 
1325.795314 0.006158 
1323.815505 0.006127 
1321.835696 0.006097 
1319.855886 0.006079 
1317.876077 0.006065 
1315.896268 0.006047 
1313.916458 0.006024 
1311.936649 0.005999 
1309.956840 0.005978 
1307.977031 0.005962 
1305.997221 0.005950 
1304.017412 0.005944 
1302.037603 0.005942 
1300.057794 0.005932 
1298.077984 0.005916 
1296.098175 0.005899 
1294.118366 0.005877 
1292.138557 0.005850 
1290.158747 0.005831 
1288.178938 0.005824 
1286.199129 0.005833 
1284.219319 0.005851 
1282.239510 0.005871 
1280.259701 0.005894 
1278.279892 0.005921 
1276.300082 0.005943 
1274.320273 0.005962 
1272.340464 0.005974 
1270.360655 0.005989 
1268.380845 0.006019 
1266.401036 0.006049 
1264.421227 0.006074 
1262.441417 0.006091 
1260.461608 0.006108 
1258.481799 0.006125 
1256.501990 0.006153 
1254.522180 0.006192 
1252.542371 0.006245 
1250.562562 0.006309 
1248.582753 0.006371 
1246.602943 0.006425 
1244.623134 0.006473 
1242.643325 0.006515 
1240.663516 0.006558 
1238.683706 0.006604 
1236.703897 0.006667 
1234.724088 0.006738 
1232.744278 0.006810 
1230.764469 0.006886 
1228.784660 0.006968 
1226.804851 0.007057 
1224.825041 0.007155 
1222.845232 0.007251 
1220.865423 0.007349 
1218.885614 0.007447 
1216.905804 0.007547 
1214.925995 0.007640 
1212.946186 0.007742 
1210.966376 0.007865 
1208.986567 0.007992 
1207.006758 0.008129 
1205.026949 0.008284 
1203.047139 0.008461 
1201.067330 0.008649 
1199.087521 0.008849 
1197.107712 0.009066 
1195.127902 0.009304 
1193.148093 0.009576 
1191.168284 0.009894 
1189.188474 0.010255 
1187.208665 0.010664 
1185.228856 0.011140 
1183.249047 0.011692 
1181.269237 0.012317 
1179.289428 0.013033 
1177.309619 0.013846 
1175.329810 0.014764 
1173.350000 0.015809 
1171.370191 0.016980 
1169.390382 0.018276 
1167.410573 0.019702 
1165.430763 0.021276 
1163.450954 0.022983 
1161.471145 0.024833 
1159.491335 0.026817 
1157.511526 0.028924 
1155.531717 0.031161 
1153.551908 0.033528 
1151.572098 0.036016 
1149.592289 0.038620 
1147.612480 0.041337 
1145.632671 0.044154 
1143.652861 0.047079 
1141.673052 0.050122 
1139.693243 0.053278 
1137.713433 0.056558 
1135.733624 0.059967 
1133.753815 0.063510 
1131.774006 0.067191 
1129.794196 0.071027 
1127.814387 0.074999 
1125.834578 0.079099 
1123.854769 0.083328 
1121.874959 0.087676 
1119.895150 0.092154 
1117.915341 0.096762 
1115.935532 0.101480 
1113.955722 0.106290 
1111.975913 0.111183 
1109.996104 0.116123 
1108.016294 0.121092 
1106.036485 0.126090 
1104.056676 0.131111 
1102.076867 0.136146 
1100.097057 0.141183 
1098.117248 0.146167 
1096.137439 0.151103 
1094.157630 0.155972 
1092.177820 0.160702 
1090.198011 0.165229 
1088.218202 0.169459 
1086.238392 0.173373 
1084.258583 0.176877 
1082.278774 0.179855 
1080.298965 0.182420 
1078.319155 0.184389 
1076.339346 0.185670 
1074.359537 0.186315 
1072.379728 0.186227 
1070.399918 0.185143 
1068.420109 0.183116 
1066.440300 0.180246 
1064.460490 0.176473 
1062.480681 0.171836 
1060.500872 0.166291 
1058.521063 0.159820 
1056.541253 0.152690 
1054.561444 0.144894 
1052.581635 0.136566 
1050.601826 0.127894 
1048.622016 0.118923 
1046.642207 0.109800 
1044.662398 0.100667 
1042.682589 0.091603 
1040.702779 0.082814 
1038.722970 0.074430 
1036.743161 0.066524 
1034.763351 0.059137 
1032.783542 0.052308 
1030.803733 0.046074 
1028.823924 0.040438 
1026.844114 0.035345 
1024.864305 0.030816 
1022.884496 0.026837 
1020.904687 0.023324 
1018.924877 0.020265 
1016.945068 0.017623 
1014.965259 0.015331 
1012.985449 0.013355 
1011.005640 0.011665 
1009.025831 0.010203 
1007.046022 0.008945 
1005.066212 0.007871 
1003.086403 0.006936 
1001.106594 0.006124 
999.126785 0.005425 
997.146975 0.004827 
995.167166 0.004326 
993.187357 0.003922 
991.207548 0.003585 
989.227738 0.003301 
987.247929 0.003058 
985.268120 0.002847 
983.288310 0.002669 
981.308501 0.002527 
979.328692 0.002406 
977.348883 0.002305 
975.369073 0.002226 
973.389264 0.002169 
971.409455 0.002123 
969.429646 0.002076 
967.449836 0.002022 
965.470027 0.001965 
963.490218 0.001914 
961.510408 0.001874 
959.530599 0.001847 
957.550790 0.001835 
955.570981 0.001832 
953.591171 0.001837 
951.611362 0.001849 
949.631553 0.001865 
947.651744 0.001877 
945.671934 0.001882 
943.692125 0.001886 
941.712316 0.001893 
939.732507 0.001913 
937.752697 0.001938 
935.772888 0.001961 
933.793079 0.001976 
931.813269 0.001982 
929.833460 0.001980 
927.853651 0.001979 
925.873842 0.001985 
923.894032 0.002000 
921.914223 0.002016 
919.934414 0.002031 
917.954605 0.002046 
915.974795 0.002063 
913.994986 0.002082 
912.015177 0.002101 
910.035367 0.002114 
908.055558 0.002119 
906.075749 0.002123 
904.095940 0.002132 
902.116130 0.002149 
900.136321 0.002178 
898.156512 0.002210 
896.176703 0.002228 
894.196893 0.002233 
892.217084 0.002234 
890.237275 0.002239 
888.257465 0.002251 
886.277656 0.002267 
884.297847 0.002286 
882.318038 0.002311 
880.338228 0.002336 
878.358419 0.002357 
876.378610 0.002379 
874.398801 0.002406 
872.418991 0.002437 
870.439182 0.002469 
868.459373 0.002495 
866.479564 0.002518 
864.499754 0.002542 
862.519945 0.002567 
860.540136 0.002599 
858.560326 0.002635 
856.580517 0.002672 
854.600708 0.002707 
852.620899 0.002731 
850.641089 0.002741 
848.661280 0.002740 
846.681471 0.002733 
844.701662 0.002727 
842.721852 0.002736 
840.742043 0.002764 
838.762234 0.002805 
836.782424 0.002846 
834.802615 0.002873 
832.822806 0.002883 
830.842997 0.002875 
828.863187 0.002862 
826.883378 0.002850 
824.903569 0.002853 
822.923760 0.002868 
820.943950 0.002895 
818.964141 0.002926 
816.984332 0.002955 
815.004523 0.002980 
813.024713 0.003001 
811.044904 0.003014 
809.065095 0.003020 
807.085285 0.003024 
805.105476 0.003028 
803.125667 0.003034 
801.145858 0.003034 
799.166048 0.003015 
797.186239 0.002996 
795.206430 0.002988 
793.226621 0.002999 
791.246811 0.003024 
789.267002 0.003058 
787.287193 0.003108 
785.307383 0.003169 
783.327574 0.003235 
781.347765 0.003288 
779.367956 0.003319 
777.388146 0.003338 
775.408337 0.003365 
773.428528 0.003402 
771.448719 0.003432 
769.468909 0.003452 
767.489100 0.003463 
765.509291 0.003468 
763.529481 0.003476 
761.549672 0.003501 
759.569863 0.003537 
757.590054 0.003573 
755.610244 0.003608 
753.630435 0.003642 
751.650626 0.003670 
749.670817 0.003685 
747.691007 0.003698 
745.711198 0.003712 
743.731389 0.003726 
741.751580 0.003735 
739.771770 0.003743 
737.791961 0.003751 
735.812152 0.003754 
733.832342 0.003764 
731.852533 0.003794 
729.872724 0.003847 
727.892915 0.003917 
725.913105 0.003989 
723.933296 0.004050 
721.953487 0.004096 
719.973678 0.004124 
717.993868 0.004135 
716.014059 0.004129 
714.034250 0.004111 
712.054440 0.004090 
710.074631 0.004084 
708.094822 0.004101 
706.115013 0.004143 
704.135203 0.004199 
702.155394 0.004246 
700.175585 0.004280 
698.195776 0.004301 
696.215966 0.004324 
694.236157 0.004363 
692.256348 0.004424 
690.276539 0.004511 
688.296729 0.004602 
686.316920 0.004683 
684.337111 0.004748 
682.357301 0.004797 
680.377492 0.004821 
678.397683 0.004827 
676.417874 0.004830 
674.438064 0.004842 
672.458255 0.004867 
670.478446 0.004901 
668.498637 0.004928 
666.518827 0.004940 
664.539018 0.004975 
662.559209 0.005018 
660.579399 0.005066 
658.599590 0.005126 
656.619781 0.005196 
654.639972 0.005261 
652.660162 0.005322 
650.680353 0.005376 
648.700544 0.005408 
646.720735 0.005426 
644.740925 0.005446 
642.761116 0.005484 
640.781307 0.005530 
638.801497 0.005588 
636.821688 0.005652 
634.841879 0.005720 
632.862070 0.005795 
630.882260 0.005872 
628.902451 0.005951 
626.922642 0.006027 
624.942833 0.006092 
622.963023 0.006151 
620.983214 0.006216 
619.003405 0.006295 
617.023596 0.006373 
615.043786 0.006451 
613.063977 0.006529 
611.084168 0.006630 
609.104358 0.006772 
607.124549 0.006974 
605.144740 0.007199 
603.164931 0.007409 
601.185121 0.007681 
599.205312 0.007704 
597.225503 0.007742 
595.245694 0.007740 
593.265884 0.007665 
591.286075 0.007565 
589.306266 0.007553 
587.326456 0.007697 
585.346647 0.008008 
583.366838 0.008439 
581.387029 0.008892 
579.407219 0.009313 
577.427410 0.009692 
575.447601 0.010069 
573.467792 0.010485 
571.487982 0.010992 
569.508173 0.011606 
567.528364 0.012315 
565.548555 0.013041 
563.568745 0.013674 
561.588936 0.014151 
559.609127 0.014477 
557.629317 0.014771 
555.649508 0.015173 
553.669699 0.015836 
551.689890 0.016720 
549.710080 0.017684 
547.730271 0.018518 
545.750462 0.019154 
543.770653 0.019613 
541.790843 0.019958 
539.811034 0.020294 
537.831225 0.020711 
535.851415 0.021279 
533.871606 0.021975 
531.891797 0.022767 
529.911988 0.023605 
527.932178 0.024401 
525.952369 0.025081 
523.972560 0.025631 
521.992751 0.026145 
520.012941 0.026690 
518.033132 0.027295 
516.053323 0.027961 
514.073514 0.028705 
512.093704 0.029519 
510.113895 0.030337 
508.134086 0.031105 
506.154276 0.031781 
504.174467 0.032380 
502.194658 0.032928 
500.214849 0.033479 
498.235039 0.034079 
496.255230 0.034730 
494.275421 0.035384 
492.295612 0.036001 
490.315802 0.036581 
488.335993 0.037147 
486.356184 0.037708 
484.376374 0.038243 
482.396565 0.038705 
480.416756 0.039091 
478.436947 0.039443 
476.457137 0.039831 
474.477328 0.040289 
472.497519 0.040812 
470.517710 0.041353 
468.537900 0.041846 
466.558091 0.042258 
464.578282 0.042605 
462.598472 0.042951 
460.618663 0.043328 
458.638854 0.043719 
456.659045 0.044081 
454.679235 0.044388 
452.699426 0.044648 
450.719617 0.044886 
448.739808 0.045112 
446.759998 0.045328 
444.780189 0.045534 
442.800380 0.045736 
440.820571 0.045935 
438.840761 0.046120 
436.860952 0.046276 
434.881143 0.046396 
432.901333 0.046501 
430.921524 0.046618 
428.941715 0.046771 
426.961906 0.046952 
424.982096 0.047145 
423.002287 0.047328 
421.022478 0.047475 
419.042669 0.047560 
417.062859 0.047562 
415.083050 0.047511 
413.103241 0.047432 
411.123431 0.047349 
409.143622 0.047269 
407.163813 0.047195 
405.184004 0.047124 
403.204194 0.047052 
401.224385 0.046964 
399.244576 0.046819 
397.264767 0.046603 
395.284957 0.046332 
393.305148 0.046054 
391.325339 0.045810 
389.345530 0.045599 
387.365720 0.045392 
385.385911 0.045155 
383.406102 0.044881 
381.426292 0.044594 
379.446483 0.044327 
377.466674 0.044083 
375.486865 0.043823 
373.507055 0.043517 
371.527246 0.043170 
369.547437 0.042812 
367.567628 0.042461 
365.587818 0.042119 
363.608009 0.041788 
361.628200 0.041474 
359.648390 0.041175 
357.668581 0.040880 
355.688772 0.040571 
353.708963 0.040238 
351.729153 0.039881 
349.749344 0.039520 
347.769535 0.039170 
345.789726 0.038818 
343.809916 0.038441 
341.830107 0.038031 
339.850298 0.037617 
337.870488 0.037240 
335.890679 0.036914 
333.910870 0.036630 
331.931061 0.036371 
329.951251 0.036122 
327.971442 0.035846 
325.991633 0.035490 
324.011824 0.035031 
322.032014 0.034501 
320.052205 0.034001 
318.072396 0.033588 
316.092587 0.033261 
314.112777 0.032953 
312.132968 0.032637 
310.153159 0.032317 
308.173349 0.032014 
306.193540 0.031720 
304.213731 0.031376 
302.233922 0.030947 
300.254112 0.030449 
298.274303 0.029960 
296.294494 0.029538 
294.314685 0.029181 
292.334875 0.028832 
290.355066 0.028432 
288.375257 0.027974 
286.395447 0.027503 
284.415638 0.027087 
282.435829 0.026759 
280.456020 0.026503 
278.476210 0.026239 
276.496401 0.025907 
274.516592 0.025478 
272.536783 0.024994 
270.556973 0.024497 
268.577164 0.024028 
266.597355 0.023601 
264.617546 0.023230 
262.637736 0.022936 
260.657927 0.022706 
258.678118 0.022526 
256.698308 0.022368 
254.718499 0.022207 
252.738690 0.022036 
250.758881 0.021848 
248.779071 0.021625 
246.799262 0.021347 
244.819453 0.021008 
242.839644 0.020658 
240.859834 0.020344 
238.880025 0.020091 
236.900216 0.019859 
234.920406 0.019604 
232.940597 0.019291 
230.960788 0.018935 
228.980979 0.018556 
227.001169 0.018181 
225.021360 0.017833 
223.041551 0.017537 
221.061742 0.017316 
219.081932 0.017138 
217.102123 0.016967 
215.122314 0.016753 
213.142505 0.016480 
211.162695 0.016158 
209.182886 0.015830 
207.203077 0.015547 
205.223267 0.015324 
203.243458 0.015149 
201.263649 0.014981 
199.283840 0.014794 
197.304030 0.014560 
195.324221 0.014291 
193.344412 0.014057 
191.364603 0.013824 
189.384793 0.013593 
187.404984 0.013364 
185.425175 0.013137 
183.445365 0.012911 
181.465556 0.012687 
179.485747 0.012464 
177.505938 0.012244 
175.526128 0.012024 
173.546319 0.011808 
171.566510 0.011592 
169.586701 0.011379 
167.606891 0.011167 
165.627082 0.010956 
163.647273 0.010748 
161.667463 0.010541 
159.687654 0.010336 
157.707845 0.010133 
155.728036 0.009932 
153.748226 0.009732 
151.768417 0.009534 
149.788608 0.009338 
147.808799 0.009144 
145.828989 0.008951 
143.849180 0.008761 
141.869371 0.008572 
139.889562 0.008385 
137.909752 0.008200 
135.929943 0.008016 
133.950134 0.007834 
131.970324 0.007655 
129.990515 0.007477 
128.010706 0.007300 
126.030897 0.007126 
124.051087 0.006954 
122.071278 0.006783 
120.091469 0.006614 
118.111660 0.006447 
116.131850 0.006282 
114.152041 0.006119 
112.172232 0.005958 
110.192422 0.005798 
108.212613 0.005640 
106.232804 0.005484 
104.252995 0.005331 
102.273185 0.005179 
100.293376 0.005028 
98.313567 0.004880 
96.333758 0.004734 
94.353948 0.004590 
92.374139 0.004447 
90.394330 0.004307 
88.414521 0.004168 
86.434711 0.004031 
84.454902 0.003896 
82.475093 0.003764 
80.495283 0.003633 
78.515474 0.003504 
76.535665 0.003376 
74.555856 0.003251 
72.576046 0.003128 
70.596237 0.003007 
68.616428 0.002888 
66.636619 0.002771 
64.656809 0.002655 
62.677000 0.002542 
