3999.922000 -0.000295 
3998.990000 -0.000170 
3998.058000 -0.000035 
3997.126000 -0.000067 
3996.194000 -0.000302 
3995.262000 -0.000619 
3994.330000 -0.001027 
3993.398000 -0.001278 
3992.466000 -0.000963 
3991.534000 -0.000495 
3990.602000 -0.000401 
3989.670000 -0.000116 
3988.739000 0.000538 
3987.807000 0.000929 
3986.875000 0.000867 
3985.943000 0.000913 
3985.011000 0.001455 
3984.079000 0.002146 
3983.147000 0.002690 
3982.215000 0.003112 
3981.283000 0.003750 
3980.351000 0.004260 
3979.419000 0.004307 
3978.487000 0.004319 
3977.555000 0.004723 
3976.623000 0.005029 
3975.691000 0.005076 
3974.759000 0.005277 
3973.827000 0.005563 
3972.895000 0.005287 
3971.963000 0.004633 
3971.031000 0.004167 
3970.100000 0.003902 
3969.167000 0.003647 
3968.236000 0.003153 
3967.304000 0.002575 
3966.372000 0.002161 
3965.440000 0.001793 
3964.508000 0.001041 
3963.576000 0.000134 
3962.644000 -0.000325 
3961.712000 -0.000453 
3960.780000 -0.000675 
3959.848000 -0.001183 
3958.916000 -0.001651 
3957.984000 -0.001704 
3957.052000 -0.001594 
3956.120000 -0.001778 
3955.188000 -0.001841 
3954.256000 -0.001547 
3953.324000 -0.001469 
3952.393000 -0.001573 
3951.460000 -0.001558 
3950.529000 -0.001644 
3949.597000 -0.001898 
3948.665000 -0.001845 
3947.733000 -0.001410 
3946.801000 -0.001205 
3945.869000 -0.001257 
3944.937000 -0.001109 
3944.005000 -0.000900 
3943.073000 -0.001396 
3942.141000 -0.002310 
3941.209000 -0.002344 
3940.277000 -0.001448 
3939.345000 -0.000751 
3938.413000 -0.000759 
3937.481000 -0.000893 
3936.549000 -0.000854 
3935.617000 -0.000897 
3934.686000 -0.000787 
3933.754000 -0.000696 
3932.822000 -0.000911 
3931.890000 -0.001261 
3930.958000 -0.000990 
3930.026000 -0.000528 
3929.094000 -0.000430 
3928.162000 -0.000445 
3927.230000 -0.000127 
3926.298000 0.000318 
3925.366000 0.000615 
3924.434000 0.000617 
3923.502000 0.000343 
3922.570000 0.000305 
3921.638000 0.000788 
3920.706000 0.000766 
3919.774000 -0.000175 
3918.842000 -0.000797 
3917.910000 -0.000667 
3916.979000 -0.001011 
3916.047000 -0.001900 
3915.115000 -0.002219 
3914.183000 -0.001698 
3913.251000 -0.001063 
3912.319000 -0.000852 
3911.387000 -0.001062 
3910.455000 -0.001249 
3909.523000 -0.001301 
3908.591000 -0.001008 
3907.659000 -0.000757 
3906.727000 0.000101 
3905.795000 0.000653 
3904.863000 -0.000157 
3903.931000 -0.001040 
3902.999000 -0.001266 
3902.067000 -0.001311 
3901.135000 -0.001696 
3900.203000 -0.001510 
3899.271000 -0.001415 
3898.340000 -0.001681 
3897.407000 -0.001784 
3896.476000 -0.001543 
3895.544000 -0.000989 
3894.612000 -0.000732 
3893.680000 -0.000467 
3892.748000 -0.000340 
3891.816000 -0.000888 
3890.884000 -0.001778 
3889.952000 -0.002064 
3889.020000 -0.002269 
3888.088000 -0.001744 
3887.156000 -0.000846 
3886.224000 -0.000702 
3885.292000 -0.001264 
3884.360000 -0.001402 
3883.428000 -0.001481 
3882.496000 -0.001132 
3881.564000 -0.000423 
3880.633000 -0.000791 
3879.700000 -0.001945 
3878.769000 -0.001911 
3877.837000 -0.001474 
3876.905000 -0.001413 
3875.973000 -0.000862 
3875.041000 0.000149 
3874.109000 0.000192 
3873.177000 -0.000824 
3872.245000 -0.000904 
3871.313000 -0.000024 
3870.381000 0.000319 
3869.449000 -0.000782 
3868.517000 -0.002134 
3867.585000 -0.002138 
3866.653000 -0.000982 
3865.721000 -0.000435 
3864.789000 -0.001097 
3863.857000 -0.001360 
3862.926000 -0.000932 
3861.994000 -0.000964 
3861.062000 -0.001797 
3860.130000 -0.002004 
3859.198000 -0.000637 
3858.266000 0.000885 
3857.334000 0.000988 
3856.402000 0.001765 
3855.470000 0.002472 
3854.538000 0.001768 
3853.606000 -0.000400 
3852.674000 -0.001646 
3851.742000 -0.002471 
3850.810000 -0.002857 
3849.878000 -0.002578 
3848.946000 -0.002310 
3848.014000 -0.002112 
3847.082000 -0.002156 
3846.150000 -0.001590 
3845.219000 -0.000389 
3844.287000 0.000049 
3843.354000 -0.000271 
3842.423000 0.000483 
3841.491000 0.000997 
3840.559000 0.000230 
3839.627000 -0.000041 
3838.695000 -0.000021 
3837.763000 -0.001091 
3836.831000 -0.001962 
3835.899000 -0.001746 
3834.967000 -0.002325 
3834.035000 -0.002754 
3833.103000 -0.001833 
3832.171000 -0.000828 
3831.239000 -0.000825 
3830.307000 -0.001121 
3829.375000 -0.001229 
3828.443000 -0.001080 
3827.511000 -0.000899 
3826.580000 -0.000868 
3825.647000 -0.000726 
3824.716000 -0.000439 
3823.784000 0.000105 
3822.852000 0.000952 
3821.920000 0.001078 
3820.988000 0.000045 
3820.056000 -0.001416 
3819.124000 -0.002221 
3818.192000 -0.001435 
3817.260000 -0.000045 
3816.328000 0.000110 
3815.396000 -0.001118 
3814.464000 -0.001715 
3813.532000 -0.001640 
3812.600000 -0.001468 
3811.668000 -0.000784 
3810.736000 -0.000092 
3809.804000 0.000071 
3808.873000 0.000277 
3807.940000 0.000396 
3807.009000 -0.000336 
3806.077000 -0.001235 
3805.145000 -0.001093 
3804.213000 -0.000358 
3803.281000 0.000539 
3802.349000 0.000871 
3801.417000 0.000131 
3800.485000 -0.001017 
3799.553000 -0.001486 
3798.621000 -0.001108 
3797.689000 -0.000579 
3796.757000 -0.000621 
3795.825000 -0.001287 
3794.893000 -0.001509 
3793.961000 -0.001137 
3793.029000 -0.000769 
3792.097000 -0.000677 
3791.166000 -0.000633 
3790.233000 -0.000438 
3789.302000 -0.000132 
3788.370000 -0.000222 
3787.438000 -0.000609 
3786.506000 -0.000535 
3785.574000 -0.000207 
3784.642000 -0.000081 
3783.710000 -0.000261 
3782.778000 -0.000373 
3781.846000 0.000016 
3780.914000 0.000544 
3779.982000 0.000476 
3779.050000 -0.000150 
3778.118000 -0.000343 
3777.186000 -0.000275 
3776.254000 -0.000412 
3775.322000 -0.000415 
3774.390000 0.000137 
3773.458000 0.000210 
3772.527000 -0.000015 
3771.594000 0.000273 
3770.663000 0.000930 
3769.731000 0.000634 
3768.799000 -0.000295 
3767.867000 -0.000309 
3766.935000 -0.000038 
3766.003000 -0.000518 
3765.071000 -0.001205 
3764.139000 -0.000861 
3763.207000 -0.000470 
3762.275000 -0.000136 
3761.343000 0.000535 
3760.411000 0.000855 
3759.479000 0.000121 
3758.547000 -0.000120 
3757.615000 0.000429 
3756.683000 0.000838 
3755.751000 0.000504 
3754.820000 0.000760 
3753.887000 0.002236 
3752.956000 0.002342 
3752.024000 0.000531 
3751.092000 -0.000974 
3750.160000 -0.000811 
3749.228000 -0.000380 
3748.296000 -0.000368 
3747.364000 0.000241 
3746.432000 0.001757 
3745.500000 0.002512 
3744.568000 0.000547 
3743.636000 -0.002031 
3742.704000 -0.002385 
3741.772000 -0.001552 
3740.840000 -0.000891 
3739.908000 -0.000170 
3738.976000 0.000691 
3738.044000 0.000870 
3737.113000 0.001391 
3736.180000 0.001495 
3735.249000 0.000040 
3734.317000 -0.001529 
3733.385000 -0.001466 
3732.453000 -0.000721 
3731.521000 -0.000965 
3730.589000 -0.001274 
3729.657000 -0.001179 
3728.725000 -0.000467 
3727.793000 0.000154 
3726.861000 0.000235 
3725.929000 -0.000413 
3724.997000 -0.000934 
3724.065000 -0.000818 
3723.133000 -0.000303 
3722.201000 -0.000391 
3721.269000 -0.000607 
3720.337000 -0.000360 
3719.406000 -0.000414 
3718.473000 -0.001148 
3717.542000 -0.001378 
3716.610000 -0.000666 
3715.678000 -0.000481 
3714.746000 -0.000329 
3713.814000 0.000834 
3712.882000 0.001369 
3711.950000 0.000311 
3711.018000 -0.000440 
3710.086000 -0.000160 
3709.154000 -0.000654 
3708.222000 -0.001437 
3707.290000 -0.001314 
3706.358000 -0.000725 
3705.426000 -0.000527 
3704.494000 -0.000455 
3703.562000 -0.000028 
3702.630000 0.000395 
3701.698000 0.000166 
3700.767000 -0.000167 
3699.834000 -0.000144 
3698.903000 -0.000058 
3697.971000 -0.000259 
3697.039000 -0.000428 
3696.107000 -0.000160 
3695.175000 0.000165 
3694.243000 -0.000141 
3693.311000 0.000248 
3692.379000 0.001236 
3691.447000 0.001171 
3690.515000 0.000639 
3689.583000 0.000564 
3688.651000 0.000022 
3687.719000 -0.001445 
3686.787000 -0.001746 
3685.855000 -0.001323 
3684.923000 -0.001080 
3683.991000 -0.000942 
3683.060000 -0.000808 
3682.127000 -0.000616 
3681.196000 -0.000122 
3680.264000 0.000423 
3679.332000 0.000362 
3678.400000 0.000115 
3677.468000 0.000559 
3676.536000 0.001039 
3675.604000 0.000670 
3674.672000 -0.000734 
3673.740000 -0.001709 
3672.808000 -0.000445 
3671.876000 0.001257 
3670.944000 0.001651 
3670.012000 0.000519 
3669.080000 -0.000022 
3668.148000 -0.000127 
3667.216000 0.000227 
3666.284000 0.000707 
3665.353000 0.000866 
3664.420000 0.000760 
3663.489000 0.000395 
3662.557000 0.000145 
3661.625000 0.000376 
3660.693000 0.001136 
3659.761000 0.001187 
3658.829000 0.001007 
3657.897000 0.001401 
3656.965000 0.001713 
3656.033000 0.001148 
3655.101000 0.000631 
3654.169000 0.001205 
3653.237000 0.002694 
3652.305000 0.004122 
3651.373000 0.004877 
3650.441000 0.003919 
3649.509000 0.002531 
3648.577000 0.001507 
3647.646000 0.001317 
3646.713000 0.001096 
3645.781000 0.000922 
3644.850000 0.001175 
3643.918000 0.001643 
3642.986000 0.002254 
3642.054000 0.002534 
3641.122000 0.002307 
3640.190000 0.002072 
3639.258000 0.002385 
3638.326000 0.002925 
3637.394000 0.002932 
3636.462000 0.002869 
3635.530000 0.003344 
3634.598000 0.004138 
3633.666000 0.004428 
3632.734000 0.004114 
3631.802000 0.004461 
3630.870000 0.005938 
3629.938000 0.006891 
3629.007000 0.005789 
3628.074000 0.004447 
3627.143000 0.004633 
3626.211000 0.005549 
3625.279000 0.005987 
3624.347000 0.006625 
3623.415000 0.007338 
3622.483000 0.008058 
3621.551000 0.009033 
3620.619000 0.009873 
3619.687000 0.010358 
3618.755000 0.010307 
3617.823000 0.010033 
3616.891000 0.010251 
3615.959000 0.011065 
3615.027000 0.012005 
3614.095000 0.012850 
3613.163000 0.013359 
3612.231000 0.013207 
3611.300000 0.013884 
3610.367000 0.015025 
3609.436000 0.015670 
3608.504000 0.016103 
3607.572000 0.017103 
3606.640000 0.017652 
3605.708000 0.018169 
3604.776000 0.019215 
3603.844000 0.020078 
3602.912000 0.020780 
3601.980000 0.021659 
3601.048000 0.022901 
3600.116000 0.024016 
3599.184000 0.024623 
3598.252000 0.025213 
3597.320000 0.026722 
3596.388000 0.028400 
3595.456000 0.029532 
3594.524000 0.030363 
3593.593000 0.031515 
3592.660000 0.032458 
3591.729000 0.033502 
3590.797000 0.035849 
3589.865000 0.038456 
3588.933000 0.040305 
3588.001000 0.040973 
3587.069000 0.041247 
3586.137000 0.041496 
3585.205000 0.042435 
3584.273000 0.043934 
3583.341000 0.045238 
3582.409000 0.046450 
3581.477000 0.047727 
3580.545000 0.048626 
3579.613000 0.049461 
3578.681000 0.050582 
3577.749000 0.051598 
3576.817000 0.052275 
3575.885000 0.052841 
3574.953000 0.053290 
3574.021000 0.053413 
3573.090000 0.053737 
3572.158000 0.054126 
3571.226000 0.054542 
3570.294000 0.055879 
3569.362000 0.057408 
3568.430000 0.057984 
3567.498000 0.057083 
3566.566000 0.055420 
3565.634000 0.053700 
3564.702000 0.053032 
3563.770000 0.053196 
3562.838000 0.053155 
3561.906000 0.052949 
3560.974000 0.052451 
3560.042000 0.051436 
3559.110000 0.050321 
3558.178000 0.049513 
3557.246000 0.048746 
3556.314000 0.048080 
3555.383000 0.047452 
3554.451000 0.046580 
3553.519000 0.045368 
3552.587000 0.044000 
3551.655000 0.042625 
3550.723000 0.041212 
3549.791000 0.040117 
3548.859000 0.039489 
3547.927000 0.039036 
3546.995000 0.038254 
3546.063000 0.036936 
3545.131000 0.035487 
3544.199000 0.034223 
3543.267000 0.033290 
3542.335000 0.032333 
3541.403000 0.031377 
3540.471000 0.030476 
3539.540000 0.029544 
3538.607000 0.028759 
3537.676000 0.028230 
3536.744000 0.027647 
3535.812000 0.026950 
3534.880000 0.026378 
3533.948000 0.025970 
3533.016000 0.025620 
3532.084000 0.025307 
3531.152000 0.025126 
3530.220000 0.025119 
3529.288000 0.025213 
3528.356000 0.025066 
3527.424000 0.024713 
3526.492000 0.024541 
3525.560000 0.024908 
3524.628000 0.025689 
3523.696000 0.026271 
3522.764000 0.026221 
3521.833000 0.026017 
3520.900000 0.026411 
3519.969000 0.027275 
3519.037000 0.027876 
3518.105000 0.028130 
3517.173000 0.028499 
3516.241000 0.028997 
3515.309000 0.029378 
3514.377000 0.029856 
3513.445000 0.030529 
3512.513000 0.031120 
3511.581000 0.031787 
3510.649000 0.032477 
3509.717000 0.032739 
3508.785000 0.032606 
3507.853000 0.032837 
3506.921000 0.033294 
3505.989000 0.033586 
3505.057000 0.033874 
3504.125000 0.034215 
3503.193000 0.034066 
3502.261000 0.033381 
3501.330000 0.032773 
3500.398000 0.032466 
3499.466000 0.032275 
3498.534000 0.032043 
3497.602000 0.031601 
3496.670000 0.030902 
3495.738000 0.030290 
3494.806000 0.029731 
3493.874000 0.028929 
3492.942000 0.028002 
3492.010000 0.027428 
3491.078000 0.026961 
3490.146000 0.026182 
3489.214000 0.025091 
3488.282000 0.023962 
3487.350000 0.022873 
3486.418000 0.021702 
3485.486000 0.020417 
3484.554000 0.019233 
3483.623000 0.018435 
3482.691000 0.017825 
3481.759000 0.017031 
3480.827000 0.016072 
3479.895000 0.015345 
3478.963000 0.014675 
3478.031000 0.013862 
3477.099000 0.013027 
3476.167000 0.012480 
3475.235000 0.011979 
3474.303000 0.011263 
3473.371000 0.010449 
3472.439000 0.009739 
3471.507000 0.009078 
3470.575000 0.008506 
3469.643000 0.008239 
3468.711000 0.008200 
3467.780000 0.007970 
3466.847000 0.007345 
3465.916000 0.006642 
3464.984000 0.006155 
3464.052000 0.006017 
3463.120000 0.006075 
3462.188000 0.006032 
3461.256000 0.005702 
3460.324000 0.005363 
3459.392000 0.005136 
3458.460000 0.004947 
3457.528000 0.004796 
3456.596000 0.004646 
3455.664000 0.004463 
3454.732000 0.004354 
3453.800000 0.004447 
3452.868000 0.004463 
3451.936000 0.004344 
3451.004000 0.004216 
3450.073000 0.004124 
3449.140000 0.004060 
3448.208000 0.003931 
3447.277000 0.003814 
3446.345000 0.003764 
3445.413000 0.003771 
3444.481000 0.003727 
3443.549000 0.003685 
3442.617000 0.003708 
3441.685000 0.003803 
3440.753000 0.003939 
3439.821000 0.004065 
3438.889000 0.004113 
3437.957000 0.004035 
3437.025000 0.003848 
3436.093000 0.003721 
3435.161000 0.003739 
3434.229000 0.003718 
3433.297000 0.003673 
3432.365000 0.003773 
3431.433000 0.003906 
3430.501000 0.003818 
3429.570000 0.003598 
3428.638000 0.003502 
3427.706000 0.003606 
3426.774000 0.003622 
3425.842000 0.003514 
3424.910000 0.003472 
3423.978000 0.003630 
3423.046000 0.003709 
3422.114000 0.003603 
3421.182000 0.003406 
3420.250000 0.003251 
3419.318000 0.003155 
3418.386000 0.003118 
3417.454000 0.003164 
3416.522000 0.003201 
3415.590000 0.003311 
3414.658000 0.003381 
3413.726000 0.003424 
3412.794000 0.003343 
3411.863000 0.003251 
3410.931000 0.003057 
3409.999000 0.002861 
3409.067000 0.002886 
3408.135000 0.003117 
3407.203000 0.003267 
3406.271000 0.003318 
3405.339000 0.003506 
3404.407000 0.003723 
3403.475000 0.003784 
3402.543000 0.003712 
3401.611000 0.003816 
3400.679000 0.004018 
3399.747000 0.004203 
3398.815000 0.004268 
3397.883000 0.004420 
3396.951000 0.004544 
3396.019000 0.004594 
3395.087000 0.004649 
3394.156000 0.004764 
3393.224000 0.004968 
3392.292000 0.005205 
3391.360000 0.005320 
3390.428000 0.005142 
3389.496000 0.004941 
3388.564000 0.004849 
3387.632000 0.004865 
3386.700000 0.004825 
3385.768000 0.004683 
3384.836000 0.004485 
3383.904000 0.004289 
3382.972000 0.003901 
3382.040000 0.003461 
3381.108000 0.003294 
3380.176000 0.003292 
3379.244000 0.002995 
3378.313000 0.002489 
3377.380000 0.002110 
3376.448000 0.001867 
3375.517000 0.001641 
3374.585000 0.001359 
3373.653000 0.001138 
3372.721000 0.000959 
3371.789000 0.000958 
3370.857000 0.000982 
3369.925000 0.000925 
3368.993000 0.000711 
3368.061000 0.000587 
3367.129000 0.000562 
3366.197000 0.000523 
3365.265000 0.000497 
3364.333000 0.000650 
3363.401000 0.000768 
3362.469000 0.000573 
3361.537000 0.000333 
3360.605000 0.000277 
3359.673000 0.000263 
3358.741000 0.000148 
3357.810000 0.000274 
3356.878000 0.000509 
3355.946000 0.000571 
3355.014000 0.000345 
3354.082000 0.000124 
3353.150000 0.000112 
3352.218000 0.000351 
3351.286000 0.000489 
3350.354000 0.000278 
3349.422000 0.000021 
3348.490000 -0.000023 
3347.558000 0.000130 
3346.626000 0.000113 
3345.694000 0.000006 
3344.762000 -0.000073 
3343.830000 0.000055 
3342.898000 0.000093 
3341.966000 0.000088 
3341.034000 0.000165 
3340.103000 0.000431 
3339.171000 0.000704 
3338.239000 0.000889 
3337.307000 0.000872 
3336.375000 0.000918 
3335.443000 0.001212 
3334.511000 0.001554 
3333.579000 0.001792 
3332.647000 0.001960 
3331.715000 0.002096 
3330.783000 0.002181 
3329.851000 0.002384 
3328.919000 0.002448 
3327.987000 0.002299 
3327.055000 0.002203 
3326.123000 0.002231 
3325.191000 0.002128 
3324.259000 0.001929 
3323.327000 0.001865 
3322.396000 0.001783 
3321.464000 0.001572 
3320.531000 0.001164 
3319.600000 0.000943 
3318.668000 0.000872 
3317.736000 0.000810 
3316.804000 0.000575 
3315.872000 0.000406 
3314.940000 0.000270 
3314.008000 0.000235 
3313.076000 0.000201 
3312.144000 0.000027 
3311.212000 -0.000220 
3310.280000 -0.000206 
3309.348000 0.000015 
3308.416000 0.000150 
3307.484000 0.000131 
3306.552000 0.000067 
3305.620000 0.000116 
3304.688000 0.000212 
3303.757000 0.000438 
3302.824000 0.000577 
3301.893000 0.000694 
3300.961000 0.000776 
3300.029000 0.000861 
3299.097000 0.000760 
3298.165000 0.000690 
3297.233000 0.000879 
3296.301000 0.001043 
3295.369000 0.001018 
3294.437000 0.000979 
3293.505000 0.001073 
3292.573000 0.001104 
3291.641000 0.001010 
3290.709000 0.000836 
3289.777000 0.000837 
3288.845000 0.000999 
3287.913000 0.001077 
3286.981000 0.000840 
3286.050000 0.000786 
3285.118000 0.001087 
3284.186000 0.001395 
3283.254000 0.001323 
3282.322000 0.001093 
3281.390000 0.000975 
3280.458000 0.000945 
3279.526000 0.000861 
3278.594000 0.000687 
3277.662000 0.000695 
3276.730000 0.000854 
3275.798000 0.000950 
3274.866000 0.000817 
3273.934000 0.000625 
3273.002000 0.000505 
3272.070000 0.000440 
3271.138000 0.000422 
3270.206000 0.000590 
3269.274000 0.000814 
3268.343000 0.000783 
3267.411000 0.000577 
3266.479000 0.000483 
3265.547000 0.000470 
3264.615000 0.000444 
3263.683000 0.000524 
3262.751000 0.000578 
3261.819000 0.000532 
3260.887000 0.000449 
3259.955000 0.000521 
3259.023000 0.000662 
3258.091000 0.000695 
3257.159000 0.000481 
3256.227000 0.000250 
3255.295000 0.000245 
3254.363000 0.000333 
3253.431000 0.000295 
3252.499000 0.000220 
3251.567000 0.000250 
3250.635000 0.000288 
3249.704000 0.000330 
3248.771000 0.000363 
3247.840000 0.000310 
3246.908000 0.000128 
3245.976000 -0.000012 
3245.044000 -0.000125 
3244.112000 -0.000098 
3243.180000 0.000007 
3242.248000 -0.000076 
3241.316000 -0.000369 
3240.384000 -0.000452 
3239.452000 -0.000198 
3238.520000 -0.000060 
3237.588000 -0.000127 
3236.656000 -0.000216 
3235.724000 -0.000160 
3234.792000 -0.000108 
3233.860000 -0.000151 
3232.928000 -0.000236 
3231.997000 -0.000210 
3231.064000 -0.000176 
3230.133000 -0.000179 
3229.201000 -0.000159 
3228.269000 -0.000060 
3227.337000 -0.000149 
3226.405000 -0.000358 
3225.473000 -0.000349 
3224.541000 -0.000078 
3223.609000 0.000129 
3222.677000 0.000121 
3221.745000 0.000159 
3220.813000 0.000323 
3219.881000 0.000451 
3218.949000 0.000459 
3218.017000 0.000614 
3217.085000 0.000999 
3216.153000 0.001417 
3215.221000 0.001773 
3214.290000 0.002235 
3213.358000 0.002782 
3212.426000 0.003257 
3211.494000 0.003772 
3210.562000 0.004461 
3209.630000 0.005252 
3208.698000 0.005962 
3207.766000 0.006603 
3206.834000 0.007293 
3205.902000 0.008080 
3204.970000 0.008816 
3204.038000 0.009501 
3203.106000 0.010218 
3202.174000 0.010942 
3201.242000 0.011408 
3200.310000 0.011469 
3199.378000 0.011230 
3198.446000 0.010987 
3197.514000 0.010758 
3196.583000 0.010355 
3195.651000 0.009803 
3194.719000 0.009237 
3193.787000 0.008627 
3192.855000 0.007932 
3191.923000 0.007247 
3190.991000 0.006594 
3190.059000 0.005896 
3189.127000 0.005188 
3188.195000 0.004601 
3187.263000 0.004022 
3186.331000 0.003371 
3185.399000 0.002830 
3184.467000 0.002552 
3183.535000 0.002440 
3182.603000 0.002446 
3181.671000 0.002562 
3180.739000 0.002752 
3179.807000 0.003075 
3178.875000 0.003482 
3177.944000 0.003926 
3177.011000 0.004626 
3176.080000 0.005781 
3175.148000 0.007229 
3174.216000 0.008748 
3173.284000 0.010438 
3172.352000 0.012559 
3171.420000 0.015046 
3170.488000 0.017674 
3169.556000 0.020366 
3168.624000 0.023156 
3167.692000 0.025789 
3166.760000 0.027946 
3165.828000 0.029683 
3164.896000 0.031137 
3163.964000 0.031947 
3163.032000 0.031774 
3162.100000 0.030783 
3161.168000 0.029355 
3160.237000 0.027542 
3159.304000 0.025316 
3158.373000 0.022626 
3157.441000 0.019721 
3156.509000 0.017048 
3155.577000 0.014594 
3154.645000 0.012153 
3153.713000 0.010011 
3152.781000 0.008617 
3151.849000 0.007747 
3150.917000 0.007020 
3149.985000 0.006278 
3149.053000 0.005568 
3148.121000 0.005074 
3147.189000 0.004996 
3146.257000 0.005116 
3145.325000 0.005094 
3144.393000 0.004964 
3143.461000 0.004970 
3142.530000 0.005128 
3141.598000 0.005333 
3140.666000 0.005561 
3139.734000 0.005783 
3138.802000 0.006092 
3137.870000 0.006457 
3136.938000 0.006729 
3136.006000 0.006798 
3135.074000 0.006872 
3134.142000 0.006904 
3133.210000 0.006802 
3132.278000 0.006669 
3131.346000 0.006726 
3130.414000 0.006868 
3129.482000 0.006828 
3128.550000 0.006623 
3127.618000 0.006582 
3126.686000 0.006908 
3125.754000 0.007135 
3124.823000 0.006946 
3123.891000 0.006649 
3122.958000 0.006757 
3122.027000 0.007013 
3121.095000 0.007060 
3120.163000 0.007018 
3119.231000 0.007169 
3118.299000 0.007329 
3117.367000 0.007351 
3116.435000 0.007397 
3115.503000 0.007578 
3114.571000 0.007649 
3113.639000 0.007481 
3112.707000 0.007375 
3111.775000 0.007616 
3110.843000 0.007956 
3109.911000 0.007937 
3108.979000 0.007687 
3108.047000 0.007557 
3107.115000 0.007604 
3106.184000 0.007552 
3105.251000 0.007480 
3104.320000 0.007611 
3103.388000 0.007862 
3102.456000 0.007837 
3101.524000 0.007544 
3100.592000 0.007405 
3099.660000 0.007557 
3098.728000 0.007696 
3097.796000 0.007577 
3096.864000 0.007481 
3095.932000 0.007507 
3095.000000 0.007462 
3094.068000 0.007226 
3093.136000 0.007214 
3092.204000 0.007451 
3091.272000 0.007563 
3090.340000 0.007351 
3089.408000 0.007273 
3088.477000 0.007410 
3087.544000 0.007453 
3086.613000 0.007404 
3085.681000 0.007493 
3084.749000 0.007639 
3083.817000 0.007533 
3082.885000 0.007401 
3081.953000 0.007417 
3081.021000 0.007505 
3080.089000 0.007491 
3079.157000 0.007469 
3078.225000 0.007463 
3077.293000 0.007424 
3076.361000 0.007367 
3075.429000 0.007420 
3074.497000 0.007605 
3073.565000 0.007753 
3072.633000 0.007587 
3071.701000 0.007198 
3070.770000 0.007125 
3069.837000 0.007388 
3068.906000 0.007512 
3067.974000 0.007362 
3067.042000 0.007374 
3066.110000 0.007614 
3065.178000 0.007712 
3064.246000 0.007472 
3063.314000 0.007283 
3062.382000 0.007378 
3061.450000 0.007464 
3060.518000 0.007228 
3059.586000 0.007028 
3058.654000 0.007148 
3057.722000 0.007272 
3056.790000 0.007089 
3055.858000 0.006912 
3054.926000 0.007018 
3053.994000 0.007072 
3053.063000 0.006819 
3052.131000 0.006510 
3051.198000 0.006485 
3050.267000 0.006453 
3049.335000 0.006191 
3048.403000 0.005969 
3047.471000 0.006034 
3046.539000 0.006083 
3045.607000 0.005958 
3044.675000 0.005959 
3043.743000 0.006142 
3042.811000 0.006153 
3041.879000 0.005902 
3040.947000 0.005730 
3040.015000 0.005756 
3039.083000 0.005773 
3038.151000 0.005629 
3037.219000 0.005673 
3036.287000 0.006000 
3035.355000 0.006276 
3034.424000 0.006176 
3033.491000 0.006062 
3032.560000 0.006321 
3031.628000 0.006798 
3030.696000 0.007214 
3029.764000 0.007765 
3028.832000 0.008609 
3027.900000 0.009601 
3026.968000 0.010605 
3026.036000 0.011933 
3025.104000 0.013955 
3024.172000 0.016629 
3023.240000 0.019804 
3022.308000 0.023576 
3021.376000 0.028312 
3020.444000 0.033947 
3019.512000 0.040355 
3018.580000 0.047689 
3017.648000 0.056265 
3016.717000 0.066008 
3015.784000 0.076499 
3014.853000 0.087880 
3013.921000 0.100435 
3012.989000 0.113945 
3012.057000 0.127646 
3011.125000 0.141446 
3010.193000 0.155300 
3009.261000 0.168820 
3008.329000 0.181253 
3007.397000 0.192726 
3006.465000 0.203498 
3005.533000 0.213234 
3004.601000 0.220996 
3003.669000 0.226450 
3002.737000 0.229609 
3001.805000 0.230184 
3000.873000 0.227950 
2999.941000 0.223264 
2999.010000 0.216611 
2998.077000 0.207440 
2997.146000 0.195406 
2996.214000 0.180801 
2995.282000 0.164938 
2994.350000 0.148417 
2993.418000 0.131567 
2992.486000 0.114458 
2991.554000 0.097684 
2990.622000 0.081952 
2989.690000 0.067649 
2988.758000 0.054853 
2987.826000 0.043752 
2986.894000 0.034590 
2985.962000 0.027170 
2985.030000 0.021020 
2984.098000 0.016063 
2983.166000 0.012462 
2982.234000 0.009905 
2981.302000 0.007879 
2980.371000 0.006196 
2979.438000 0.004992 
2978.507000 0.004082 
2977.575000 0.003249 
2976.643000 0.002588 
2975.711000 0.002243 
2974.779000 0.001955 
2973.847000 0.001568 
2972.915000 0.001341 
2971.983000 0.001411 
2971.051000 0.001396 
2970.119000 0.001161 
2969.187000 0.000964 
2968.255000 0.001051 
2967.323000 0.001142 
2966.391000 0.001066 
2965.459000 0.001049 
2964.527000 0.001204 
2963.595000 0.001264 
2962.664000 0.001134 
2961.731000 0.001175 
2960.800000 0.001527 
2959.868000 0.001852 
2958.936000 0.001891 
2958.004000 0.001979 
2957.072000 0.002632 
2956.140000 0.003841 
2955.208000 0.005462 
2954.276000 0.007815 
2953.344000 0.011528 
2952.412000 0.016758 
2951.480000 0.023747 
2950.548000 0.032923 
2949.616000 0.044643 
2948.684000 0.058570 
2947.752000 0.074024 
2946.820000 0.090431 
2945.888000 0.107254 
2944.957000 0.123121 
2944.024000 0.136182 
2943.093000 0.145136 
2942.161000 0.149236 
2941.229000 0.147862 
2940.297000 0.140505 
2939.365000 0.127723 
2938.433000 0.110855 
2937.501000 0.091983 
2936.569000 0.073019 
2935.637000 0.055804 
2934.705000 0.041672 
2933.773000 0.030877 
2932.841000 0.022786 
2931.909000 0.016851 
2930.977000 0.012745 
2930.045000 0.009942 
2929.113000 0.007823 
2928.181000 0.006217 
2927.250000 0.005142 
2926.317000 0.004440 
2925.385000 0.003813 
2924.454000 0.003288 
2923.522000 0.003068 
2922.590000 0.003090 
2921.658000 0.003027 
2920.726000 0.002889 
2919.794000 0.002965 
2918.862000 0.003197 
2917.930000 0.003305 
2916.998000 0.003254 
2916.066000 0.003352 
2915.134000 0.003441 
2914.202000 0.003300 
2913.270000 0.002933 
2912.338000 0.002619 
2911.406000 0.002444 
2910.474000 0.002279 
2909.542000 0.002162 
2908.611000 0.002206 
2907.678000 0.002491 
2906.747000 0.002669 
2905.815000 0.002478 
2904.883000 0.002064 
2903.951000 0.001948 
2903.019000 0.002154 
2902.087000 0.002314 
2901.155000 0.002347 
2900.223000 0.002441 
2899.291000 0.002637 
2898.359000 0.002649 
2897.427000 0.002434 
2896.495000 0.002208 
2895.563000 0.002194 
2894.631000 0.002186 
2893.699000 0.002249 
2892.767000 0.002488 
2891.835000 0.002782 
2890.904000 0.002792 
2889.971000 0.002664 
2889.040000 0.002642 
2888.108000 0.002811 
2887.176000 0.002949 
2886.244000 0.003090 
2885.312000 0.003358 
2884.380000 0.003655 
2883.448000 0.003722 
2882.516000 0.003668 
2881.584000 0.003804 
2880.652000 0.004072 
2879.720000 0.004299 
2878.788000 0.004306 
2877.856000 0.004255 
2876.924000 0.004307 
2875.992000 0.004366 
2875.060000 0.004152 
2874.128000 0.003848 
2873.197000 0.003616 
2872.264000 0.003383 
2871.333000 0.003200 
2870.401000 0.003308 
2869.469000 0.003516 
2868.537000 0.003409 
2867.605000 0.003139 
2866.673000 0.003030 
2865.741000 0.003149 
2864.809000 0.003065 
2863.877000 0.002753 
2862.945000 0.002454 
2862.013000 0.002362 
2861.081000 0.002310 
2860.149000 0.002260 
2859.217000 0.002190 
2858.285000 0.002115 
2857.353000 0.001931 
2856.421000 0.001718 
2855.490000 0.001676 
2854.557000 0.001790 
2853.625000 0.001822 
2852.694000 0.001669 
2851.762000 0.001685 
2850.830000 0.001876 
2849.898000 0.001941 
2848.966000 0.001680 
2848.034000 0.001452 
2847.102000 0.001496 
2846.170000 0.001588 
2845.238000 0.001496 
2844.306000 0.001431 
2843.374000 0.001579 
2842.442000 0.001744 
2841.510000 0.001751 
2840.578000 0.001597 
2839.646000 0.001321 
2838.714000 0.000993 
2837.782000 0.000824 
2836.850000 0.000792 
2835.918000 0.000815 
2834.987000 0.000707 
2834.055000 0.000523 
2833.123000 0.000364 
2832.191000 0.000310 
2831.259000 0.000303 
2830.327000 0.000267 
2829.395000 0.000173 
2828.463000 0.000129 
2827.531000 0.000229 
2826.599000 0.000242 
2825.667000 0.000113 
2824.735000 0.000013 
2823.803000 0.000044 
2822.871000 -0.000009 
2821.939000 -0.000093 
2821.007000 -0.000069 
2820.075000 0.000048 
2819.144000 -0.000033 
2818.211000 -0.000211 
2817.280000 -0.000174 
2816.348000 -0.000011 
2815.416000 -0.000051 
2814.484000 -0.000125 
2813.552000 0.000041 
2812.620000 0.000224 
2811.688000 0.000170 
2810.756000 -0.000029 
2809.824000 -0.000060 
2808.892000 0.000022 
2807.960000 0.000092 
2807.028000 0.000138 
2806.096000 0.000319 
2805.164000 0.000412 
2804.232000 0.000243 
2803.300000 0.000054 
2802.368000 0.000225 
2801.437000 0.000568 
2800.504000 0.000602 
2799.573000 0.000336 
2798.641000 0.000170 
2797.709000 0.000311 
2796.777000 0.000402 
2795.845000 0.000334 
2794.913000 0.000268 
2793.981000 0.000311 
2793.049000 0.000274 
2792.117000 0.000298 
2791.185000 0.000545 
2790.253000 0.000809 
2789.321000 0.000824 
2788.389000 0.000668 
2787.457000 0.000581 
2786.525000 0.000631 
2785.593000 0.000658 
2784.661000 0.000557 
2783.729000 0.000553 
2782.797000 0.000676 
2781.865000 0.000666 
2780.934000 0.000458 
2780.002000 0.000427 
2779.070000 0.000529 
2778.138000 0.000518 
2777.206000 0.000347 
2776.274000 0.000234 
2775.342000 0.000276 
2774.410000 0.000367 
2773.478000 0.000308 
2772.546000 0.000149 
2771.614000 0.000058 
2770.682000 -0.000017 
2769.750000 -0.000188 
2768.818000 -0.000329 
2767.886000 -0.000253 
2766.954000 -0.000239 
2766.022000 -0.000431 
2765.090000 -0.000688 
2764.158000 -0.000738 
2763.227000 -0.000711 
2762.295000 -0.000700 
2761.363000 -0.000695 
2760.431000 -0.000598 
2759.499000 -0.000481 
2758.567000 -0.000452 
2757.635000 -0.000465 
2756.703000 -0.000405 
2755.771000 -0.000321 
2754.839000 -0.000334 
2753.907000 -0.000259 
2752.975000 -0.000013 
2752.043000 0.000259 
2751.111000 0.000351 
2750.179000 0.000382 
2749.247000 0.000353 
2748.315000 0.000225 
2747.384000 0.000105 
2746.451000 0.000242 
2745.520000 0.000546 
2744.588000 0.000858 
2743.656000 0.001062 
2742.724000 0.001141 
2741.792000 0.001278 
2740.860000 0.001519 
2739.928000 0.001781 
2738.996000 0.001949 
2738.064000 0.002192 
2737.132000 0.002410 
2736.200000 0.002469 
2735.268000 0.002406 
2734.336000 0.002474 
2733.404000 0.002617 
2732.472000 0.002713 
2731.540000 0.002711 
2730.608000 0.002791 
2729.677000 0.002940 
2728.744000 0.003021 
2727.813000 0.002916 
2726.881000 0.002750 
2725.949000 0.002714 
2725.017000 0.002720 
2724.085000 0.002660 
2723.153000 0.002516 
2722.221000 0.002464 
2721.289000 0.002374 
2720.357000 0.002140 
2719.425000 0.001879 
2718.493000 0.001827 
2717.561000 0.001815 
2716.629000 0.001682 
2715.697000 0.001601 
2714.765000 0.001675 
2713.833000 0.001652 
2712.901000 0.001355 
2711.969000 0.001115 
2711.037000 0.001091 
2710.105000 0.001114 
2709.174000 0.000948 
2708.242000 0.000866 
2707.310000 0.000961 
2706.378000 0.001086 
2705.446000 0.000876 
2704.514000 0.000546 
2703.582000 0.000426 
2702.650000 0.000492 
2701.718000 0.000410 
2700.786000 0.000247 
2699.854000 0.000252 
2698.922000 0.000335 
2697.990000 0.000319 
2697.058000 0.000205 
2696.126000 0.000238 
2695.194000 0.000334 
2694.262000 0.000340 
2693.330000 0.000171 
2692.398000 0.000193 
2691.467000 0.000309 
2690.535000 0.000344 
2689.603000 0.000194 
2688.671000 0.000168 
2687.739000 0.000251 
2686.807000 0.000223 
2685.875000 0.000146 
2684.943000 0.000189 
2684.011000 0.000394 
2683.079000 0.000468 
2682.147000 0.000564 
2681.215000 0.000709 
2680.283000 0.000938 
2679.351000 0.000963 
2678.419000 0.000842 
2677.487000 0.000617 
2676.555000 0.000574 
2675.624000 0.000628 
2674.691000 0.000662 
2673.760000 0.000611 
2672.828000 0.000626 
2671.896000 0.000659 
2670.964000 0.000614 
2670.032000 0.000603 
2669.100000 0.000549 
2668.168000 0.000458 
2667.236000 0.000281 
2666.304000 0.000273 
2665.372000 0.000360 
2664.440000 0.000430 
2663.508000 0.000299 
2662.576000 0.000167 
2661.644000 0.000172 
2660.712000 0.000248 
2659.780000 0.000216 
2658.848000 0.000126 
2657.917000 0.000218 
2656.984000 0.000391 
2656.052000 0.000460 
2655.121000 0.000271 
2654.189000 0.000185 
2653.257000 0.000205 
2652.325000 0.000344 
2651.393000 0.000368 
2650.461000 0.000426 
2649.529000 0.000525 
2648.597000 0.000712 
2647.665000 0.000881 
2646.733000 0.001154 
2645.801000 0.001412 
2644.869000 0.001522 
2643.937000 0.001667 
2643.005000 0.002074 
2642.073000 0.002708 
2641.141000 0.003262 
2640.209000 0.003864 
2639.277000 0.004511 
2638.345000 0.005227 
2637.414000 0.005800 
2636.482000 0.006489 
2635.550000 0.007247 
2634.618000 0.007923 
2633.686000 0.008324 
2632.754000 0.008629 
2631.822000 0.008907 
2630.890000 0.008969 
2629.958000 0.008668 
2629.026000 0.007969 
2628.094000 0.007211 
2627.162000 0.006263 
2626.230000 0.005181 
2625.298000 0.003957 
2624.366000 0.003020 
2623.434000 0.002249 
2622.502000 0.001691 
2621.570000 0.001202 
2620.638000 0.000931 
2619.707000 0.000834 
2618.775000 0.000822 
2617.843000 0.000660 
2616.911000 0.000421 
2615.979000 0.000347 
2615.047000 0.000355 
2614.115000 0.000347 
2613.183000 0.000224 
2612.251000 0.000317 
2611.319000 0.000368 
2610.387000 0.000398 
2609.455000 0.000323 
2608.523000 0.000405 
2607.591000 0.000468 
2606.659000 0.000471 
2605.727000 0.000400 
2604.795000 0.000360 
2603.863000 0.000372 
2602.931000 0.000297 
2602.000000 0.000305 
2601.068000 0.000340 
2600.135000 0.000487 
2599.204000 0.000455 
2598.272000 0.000511 
2597.340000 0.000517 
2596.408000 0.000565 
2595.476000 0.000477 
2594.544000 0.000496 
2593.612000 0.000504 
2592.680000 0.000448 
2591.748000 0.000264 
2590.816000 0.000126 
2589.884000 0.000163 
2588.952000 0.000257 
2588.020000 0.000289 
2587.088000 0.000114 
2586.156000 0.000058 
2585.224000 0.000076 
2584.292000 0.000146 
2583.361000 0.000044 
2582.429000 0.000074 
2581.497000 0.000163 
2580.565000 0.000232 
2579.633000 0.000128 
2578.701000 0.000009 
2577.769000 0.000038 
2576.837000 0.000164 
2575.905000 0.000278 
2574.973000 0.000181 
2574.041000 0.000199 
2573.109000 0.000137 
2572.177000 0.000037 
2571.245000 -0.000144 
2570.313000 -0.000003 
2569.381000 0.000159 
2568.449000 0.000283 
2567.517000 0.000229 
2566.585000 0.000314 
2565.654000 0.000375 
2564.722000 0.000347 
2563.790000 0.000277 
2562.858000 0.000333 
2561.926000 0.000408 
2560.994000 0.000359 
2560.062000 0.000344 
2559.130000 0.000266 
2558.198000 0.000361 
2557.266000 0.000434 
2556.334000 0.000500 
2555.402000 0.000374 
2554.470000 0.000370 
2553.538000 0.000341 
2552.606000 0.000252 
2551.674000 0.000190 
2550.742000 0.000270 
2549.810000 0.000395 
2548.878000 0.000337 
2547.947000 0.000308 
2547.015000 0.000239 
2546.083000 0.000241 
2545.151000 0.000139 
2544.219000 0.000148 
2543.287000 0.000086 
2542.355000 0.000125 
2541.423000 0.000019 
2540.491000 -0.000023 
2539.559000 -0.000055 
2538.627000 0.000057 
2537.695000 0.000132 
2536.763000 0.000130 
2535.831000 0.000172 
2534.899000 0.000245 
2533.967000 0.000327 
2533.035000 0.000279 
2532.103000 0.000309 
2531.171000 0.000248 
2530.240000 0.000283 
2529.308000 0.000292 
2528.375000 0.000289 
2527.444000 0.000096 
2526.512000 -0.000014 
2525.580000 -0.000004 
2524.648000 0.000119 
2523.716000 0.000237 
2522.784000 0.000276 
2521.852000 0.000315 
2520.920000 0.000337 
2519.988000 0.000463 
2519.056000 0.000447 
2518.124000 0.000477 
2517.192000 0.000474 
2516.260000 0.000633 
2515.328000 0.000628 
2514.396000 0.000700 
2513.464000 0.000796 
2512.532000 0.000953 
2511.601000 0.000989 
2510.668000 0.001061 
2509.737000 0.001259 
2508.805000 0.001462 
2507.873000 0.001579 
2506.941000 0.001631 
2506.009000 0.001928 
2505.077000 0.002197 
2504.145000 0.002330 
2503.213000 0.002272 
2502.281000 0.002429 
2501.349000 0.002641 
2500.417000 0.002865 
2499.485000 0.002997 
2498.553000 0.003216 
2497.621000 0.003482 
2496.689000 0.003642 
2495.757000 0.003692 
2494.825000 0.003747 
2493.894000 0.003988 
2492.962000 0.004100 
2492.030000 0.004137 
2491.098000 0.004151 
2490.166000 0.004419 
2489.234000 0.004506 
2488.302000 0.004531 
2487.370000 0.004622 
2486.438000 0.004870 
2485.506000 0.004931 
2484.574000 0.004934 
2483.642000 0.004994 
2482.710000 0.005101 
2481.778000 0.005132 
2480.846000 0.005020 
2479.914000 0.004975 
2478.982000 0.004973 
2478.050000 0.004988 
2477.118000 0.004764 
2476.187000 0.004599 
2475.255000 0.004499 
2474.323000 0.004482 
2473.391000 0.004212 
2472.459000 0.003870 
2471.527000 0.003718 
2470.595000 0.003776 
2469.663000 0.003703 
2468.731000 0.003507 
2467.799000 0.003461 
2466.867000 0.003339 
2465.935000 0.003108 
2465.003000 0.002956 
2464.071000 0.003168 
2463.139000 0.003330 
2462.207000 0.003427 
2461.275000 0.003446 
2460.343000 0.003647 
2459.411000 0.003817 
2458.479000 0.003876 
2457.548000 0.003785 
2456.615000 0.003928 
2455.684000 0.004288 
2454.752000 0.004532 
2453.820000 0.004634 
2452.888000 0.004834 
2451.956000 0.005312 
2451.024000 0.005729 
2450.092000 0.006042 
2449.160000 0.006243 
2448.228000 0.006505 
2447.296000 0.006568 
2446.364000 0.006478 
2445.432000 0.006325 
2444.500000 0.006255 
2443.568000 0.006060 
2442.636000 0.005663 
2441.704000 0.005198 
2440.772000 0.004837 
2439.841000 0.004588 
2438.908000 0.004262 
2437.977000 0.003988 
2437.045000 0.003862 
2436.113000 0.003963 
2435.181000 0.004021 
2434.249000 0.004262 
2433.317000 0.004700 
2432.385000 0.005150 
2431.453000 0.005323 
2430.521000 0.005670 
2429.589000 0.006387 
2428.657000 0.007185 
2427.725000 0.007734 
2426.793000 0.008250 
2425.861000 0.009043 
2424.929000 0.010002 
2423.997000 0.010835 
2423.065000 0.011495 
2422.134000 0.012314 
2421.202000 0.013187 
2420.270000 0.013889 
2419.338000 0.014289 
2418.406000 0.014774 
2417.474000 0.015358 
2416.542000 0.015917 
2415.610000 0.016365 
2414.678000 0.016860 
2413.746000 0.017148 
2412.814000 0.017061 
2411.882000 0.016869 
2410.950000 0.016859 
2410.018000 0.016904 
2409.086000 0.016612 
2408.154000 0.016136 
2407.222000 0.015747 
2406.290000 0.015458 
2405.358000 0.014757 
2404.427000 0.013901 
2403.495000 0.013241 
2402.563000 0.012738 
2401.631000 0.011908 
2400.699000 0.010957 
2399.767000 0.010170 
2398.835000 0.009473 
2397.903000 0.008569 
2396.971000 0.007577 
2396.039000 0.006789 
2395.107000 0.006145 
2394.175000 0.005474 
2393.243000 0.004693 
2392.311000 0.004105 
2391.379000 0.003584 
2390.447000 0.002963 
2389.515000 0.002208 
2388.583000 0.001775 
2387.651000 0.001534 
2386.719000 0.001273 
2385.788000 0.000872 
2384.855000 0.000598 
2383.924000 0.000451 
2382.992000 0.000239 
2382.060000 -0.000096 
2381.128000 -0.000336 
2380.196000 -0.000279 
2379.264000 -0.000300 
2378.332000 -0.000450 
2377.400000 -0.000529 
2376.468000 -0.000319 
2375.536000 -0.000387 
2374.604000 -0.000744 
2373.672000 -0.001071 
2372.740000 -0.001067 
2371.808000 -0.001029 
2370.876000 -0.001125 
2369.944000 -0.001368 
2369.012000 -0.001507 
2368.081000 -0.001531 
2367.148000 -0.001730 
2366.217000 -0.002003 
2365.285000 -0.002037 
2364.353000 -0.001826 
2363.421000 -0.001927 
2362.489000 -0.002113 
2361.557000 -0.002067 
2360.625000 -0.001568 
2359.693000 -0.001316 
2358.761000 -0.001317 
2357.829000 -0.001291 
2356.897000 -0.000980 
2355.965000 -0.000729 
2355.033000 -0.000442 
2354.101000 -0.000036 
2353.169000 0.000226 
2352.237000 0.000311 
2351.305000 0.000623 
2350.374000 0.001512 
2349.442000 0.002248 
2348.510000 0.002352 
2347.578000 0.001935 
2346.646000 0.001820 
2345.714000 0.001933 
2344.782000 0.002113 
2343.850000 0.002046 
2342.918000 0.001870 
2341.986000 0.001520 
2341.054000 0.001005 
2340.122000 0.000524 
2339.190000 0.000389 
2338.258000 0.000536 
2337.326000 0.000362 
2336.394000 -0.000057 
2335.462000 -0.000423 
2334.530000 -0.000340 
2333.598000 -0.000350 
2332.667000 -0.000454 
2331.735000 -0.000585 
2330.802000 -0.000492 
2329.871000 -0.000600 
2328.939000 -0.000802 
2328.007000 -0.000820 
2327.075000 -0.000753 
2326.143000 -0.000900 
2325.211000 -0.001290 
2324.279000 -0.001189 
2323.347000 -0.001026 
2322.415000 -0.001113 
2321.483000 -0.001569 
2320.551000 -0.001422 
2319.619000 -0.001134 
2318.687000 -0.000928 
2317.755000 -0.001060 
2316.823000 -0.000906 
2315.891000 -0.000649 
2314.959000 -0.000532 
2314.028000 -0.000653 
2313.095000 -0.000519 
2312.164000 0.000158 
2311.232000 0.000861 
2310.300000 0.001582 
2309.368000 0.002508 
2308.436000 0.004142 
2307.504000 0.005876 
2306.572000 0.007836 
2305.640000 0.010228 
2304.708000 0.013686 
2303.776000 0.017712 
2302.844000 0.022189 
2301.912000 0.027250 
2300.980000 0.033289 
2300.048000 0.039981 
2299.116000 0.046776 
2298.184000 0.053914 
2297.252000 0.061520 
2296.321000 0.069360 
2295.388000 0.076603 
2294.457000 0.083438 
2293.525000 0.089792 
2292.593000 0.095725 
2291.661000 0.100443 
2290.729000 0.103921 
2289.797000 0.106112 
2288.865000 0.106940 
2287.933000 0.105887 
2287.001000 0.103003 
2286.069000 0.098870 
2285.137000 0.093286 
2284.205000 0.086218 
2283.273000 0.077811 
2282.341000 0.069140 
2281.409000 0.060219 
2280.477000 0.051262 
2279.545000 0.042251 
2278.614000 0.034191 
2277.681000 0.027196 
2276.750000 0.021381 
2275.818000 0.016389 
2274.886000 0.012646 
2273.954000 0.010077 
2273.022000 0.008272 
2272.090000 0.006910 
2271.158000 0.006244 
2270.226000 0.006471 
2269.294000 0.006851 
2268.362000 0.007272 
2267.430000 0.007967 
2266.498000 0.009640 
2265.566000 0.011662 
2264.634000 0.014130 
2263.702000 0.017642 
2262.770000 0.023918 
2261.838000 0.034479 
2260.906000 0.052104 
2259.975000 0.080694 
2259.042000 0.123992 
2258.111000 0.183717 
2257.179000 0.257843 
2256.247000 0.341564 
2255.315000 0.425586 
2254.383000 0.497890 
2253.451000 0.545262 
2252.519000 0.559410 
2251.587000 0.537582 
2250.655000 0.484484 
2249.723000 0.409464 
2248.791000 0.324956 
2247.859000 0.242473 
2246.927000 0.170479 
2245.995000 0.113612 
2245.063000 0.072663 
2244.131000 0.045892 
2243.199000 0.029232 
2242.268000 0.019243 
2241.335000 0.013182 
2240.404000 0.009880 
2239.472000 0.007769 
2238.540000 0.006293 
2237.608000 0.005010 
2236.676000 0.004491 
2235.744000 0.004208 
2234.812000 0.003853 
2233.880000 0.003302 
2232.948000 0.003195 
2232.016000 0.003490 
2231.084000 0.003533 
2230.152000 0.003482 
2229.220000 0.003710 
2228.288000 0.004422 
2227.356000 0.004655 
2226.424000 0.004604 
2225.492000 0.004459 
2224.561000 0.004551 
2223.628000 0.004105 
2222.697000 0.003449 
2221.765000 0.002910 
2220.833000 0.002772 
2219.901000 0.002513 
2218.969000 0.002100 
2218.037000 0.001990 
2217.105000 0.002177 
2216.173000 0.002214 
2215.241000 0.001724 
2214.309000 0.001568 
2213.377000 0.001745 
2212.445000 0.002034 
2211.513000 0.001956 
2210.581000 0.002229 
2209.649000 0.002839 
2208.717000 0.003641 
2207.785000 0.004289 
2206.854000 0.005330 
2205.921000 0.006847 
2204.990000 0.008223 
2204.058000 0.009055 
2203.126000 0.009480 
2202.194000 0.009756 
2201.262000 0.009199 
2200.330000 0.007959 
2199.398000 0.006384 
2198.466000 0.005227 
2197.534000 0.004016 
2196.602000 0.002863 
2195.670000 0.001911 
2194.738000 0.001705 
2193.806000 0.001596 
2192.874000 0.001199 
2191.942000 0.000821 
2191.010000 0.000867 
2190.078000 0.001001 
2189.146000 0.000732 
2188.215000 0.000638 
2187.282000 0.000783 
2186.351000 0.001011 
2185.419000 0.000745 
2184.487000 0.000559 
2183.555000 0.000549 
2182.623000 0.000721 
2181.691000 0.000554 
2180.759000 0.000433 
2179.827000 0.000507 
2178.895000 0.000597 
2177.963000 0.000442 
2177.031000 0.000245 
2176.099000 0.000419 
2175.167000 0.000532 
2174.235000 0.000415 
2173.303000 0.000063 
2172.371000 0.000167 
2171.439000 0.000249 
2170.508000 0.000180 
2169.575000 -0.000118 
2168.644000 0.000008 
2167.712000 0.000236 
2166.780000 0.000223 
2165.848000 -0.000099 
2164.916000 -0.000218 
2163.984000 -0.000030 
2163.052000 -0.000035 
2162.120000 -0.000147 
2161.188000 -0.000127 
2160.256000 0.000158 
2159.324000 0.000087 
2158.392000 -0.000024 
2157.460000 -0.000019 
2156.528000 0.000220 
2155.596000 0.000081 
2154.664000 -0.000203 
2153.732000 -0.000309 
2152.801000 -0.000062 
2151.868000 0.000137 
2150.937000 0.000012 
2150.005000 -0.000036 
2149.073000 0.000073 
2148.141000 0.000201 
2147.209000 0.000040 
2146.277000 0.000073 
2145.345000 0.000202 
2144.413000 0.000370 
2143.481000 0.000206 
2142.549000 0.000110 
2141.617000 0.000099 
2140.685000 0.000176 
2139.753000 0.000109 
2138.821000 0.000142 
2137.889000 0.000357 
2136.957000 0.000439 
2136.025000 0.000332 
2135.094000 0.000228 
2134.161000 0.000412 
2133.229000 0.000376 
2132.298000 0.000173 
2131.366000 -0.000007 
2130.434000 0.000269 
2129.502000 0.000450 
2128.570000 0.000372 
2127.638000 0.000229 
2126.706000 0.000446 
2125.774000 0.000650 
2124.842000 0.000526 
2123.910000 0.000378 
2122.978000 0.000511 
2122.046000 0.000766 
2121.114000 0.000654 
2120.182000 0.000536 
2119.250000 0.000613 
2118.318000 0.000875 
2117.386000 0.000731 
2116.455000 0.000567 
2115.522000 0.000648 
2114.591000 0.000987 
2113.659000 0.001007 
2112.727000 0.000852 
2111.795000 0.000846 
2110.863000 0.000992 
2109.931000 0.000967 
2108.999000 0.000754 
2108.067000 0.000797 
2107.135000 0.000959 
2106.203000 0.001054 
2105.271000 0.000927 
2104.339000 0.000991 
2103.407000 0.001073 
2102.475000 0.001123 
2101.543000 0.001047 
2100.611000 0.001165 
2099.679000 0.001329 
2098.748000 0.001363 
2097.815000 0.001293 
2096.884000 0.001387 
2095.952000 0.001581 
2095.020000 0.001413 
2094.088000 0.001133 
2093.156000 0.001204 
2092.224000 0.001643 
2091.292000 0.001736 
2090.360000 0.001627 
2089.428000 0.001636 
2088.496000 0.001885 
2087.564000 0.001941 
2086.632000 0.001909 
2085.700000 0.002014 
2084.768000 0.002389 
2083.836000 0.002590 
2082.904000 0.002518 
2081.972000 0.002616 
2081.041000 0.002925 
2080.108000 0.003077 
2079.177000 0.002887 
2078.245000 0.002913 
2077.313000 0.003226 
2076.381000 0.003550 
2075.449000 0.003469 
2074.517000 0.003370 
2073.585000 0.003454 
2072.653000 0.003596 
2071.721000 0.003523 
2070.789000 0.003515 
2069.857000 0.003718 
2068.925000 0.003855 
2067.993000 0.003733 
2067.061000 0.003540 
2066.129000 0.003558 
2065.197000 0.003502 
2064.265000 0.003266 
2063.333000 0.002939 
2062.401000 0.002791 
2061.469000 0.002542 
2060.538000 0.002106 
2059.606000 0.001619 
2058.674000 0.001438 
2057.742000 0.001260 
2056.810000 0.000879 
2055.878000 0.000483 
2054.946000 0.000408 
2054.014000 0.000455 
2053.082000 0.000316 
2052.150000 0.000201 
2051.218000 0.000294 
2050.286000 0.000457 
2049.354000 0.000276 
2048.422000 0.000032 
2047.490000 -0.000016 
2046.558000 0.000144 
2045.626000 0.000066 
2044.694000 -0.000088 
2043.762000 -0.000073 
2042.831000 0.000033 
2041.899000 -0.000119 
2040.967000 -0.000299 
2040.035000 -0.000119 
2039.103000 0.000137 
2038.171000 0.000105 
2037.239000 -0.000094 
2036.307000 -0.000065 
2035.375000 0.000010 
2034.443000 -0.000053 
2033.511000 -0.000255 
2032.579000 -0.000197 
2031.647000 -0.000009 
2030.715000 0.000047 
2029.783000 -0.000195 
2028.851000 -0.000288 
2027.919000 -0.000190 
2026.987000 -0.000222 
2026.056000 -0.000454 
2025.124000 -0.000463 
2024.192000 -0.000245 
2023.260000 -0.000257 
2022.328000 -0.000450 
2021.396000 -0.000460 
2020.464000 -0.000191 
2019.532000 -0.000187 
2018.600000 -0.000526 
2017.668000 -0.000806 
2016.736000 -0.000656 
2015.804000 -0.000581 
2014.872000 -0.000686 
2013.940000 -0.000690 
2013.008000 -0.000422 
2012.076000 -0.000286 
2011.144000 -0.000402 
2010.212000 -0.000577 
2009.280000 -0.000593 
2008.349000 -0.000553 
2007.417000 -0.000699 
2006.485000 -0.000746 
2005.553000 -0.000565 
2004.621000 -0.000399 
2003.689000 -0.000669 
2002.757000 -0.000875 
2001.825000 -0.000783 
2000.893000 -0.000598 
1999.961000 -0.000743 
1999.029000 -0.000871 
1998.097000 -0.000788 
1997.165000 -0.000676 
1996.233000 -0.000764 
1995.301000 -0.000792 
1994.369000 -0.000509 
1993.437000 -0.000429 
1992.505000 -0.000666 
1991.573000 -0.000879 
1990.641000 -0.000677 
1989.709000 -0.000628 
1988.778000 -0.000723 
1987.846000 -0.000810 
1986.914000 -0.000628 
1985.982000 -0.000550 
1985.050000 -0.000670 
1984.118000 -0.000825 
1983.186000 -0.000708 
1982.254000 -0.000593 
1981.322000 -0.000782 
1980.390000 -0.000909 
1979.458000 -0.000774 
1978.526000 -0.000542 
1977.594000 -0.000637 
1976.662000 -0.000757 
1975.730000 -0.000779 
1974.798000 -0.000641 
1973.866000 -0.000697 
1972.934000 -0.000714 
1972.002000 -0.000631 
1971.071000 -0.000409 
1970.139000 -0.000375 
1969.207000 -0.000536 
1968.275000 -0.000686 
1967.343000 -0.000662 
1966.411000 -0.000565 
1965.479000 -0.000596 
1964.547000 -0.000459 
1963.615000 -0.000257 
1962.683000 -0.000172 
1961.751000 -0.000462 
1960.819000 -0.000520 
1959.887000 -0.000400 
1958.955000 -0.000311 
1958.023000 -0.000535 
1957.091000 -0.000558 
1956.159000 -0.000360 
1955.227000 -0.000211 
1954.296000 -0.000290 
1953.364000 -0.000362 
1952.432000 -0.000289 
1951.500000 -0.000405 
1950.568000 -0.000575 
1949.636000 -0.000650 
1948.704000 -0.000398 
1947.772000 -0.000463 
1946.840000 -0.000650 
1945.908000 -0.000691 
1944.976000 -0.000262 
1944.044000 -0.000267 
1943.112000 -0.000657 
1942.180000 -0.000788 
1941.248000 -0.000362 
1940.316000 -0.000153 
1939.384000 -0.000467 
1938.452000 -0.000621 
1937.520000 -0.000475 
1936.589000 -0.000256 
1935.656000 -0.000449 
1934.725000 -0.000578 
1933.793000 -0.000620 
1932.861000 -0.000517 
1931.929000 -0.000695 
1930.997000 -0.000748 
1930.065000 -0.000634 
1929.133000 -0.000364 
1928.201000 -0.000349 
1927.269000 -0.000349 
1926.337000 -0.000103 
1925.405000 0.000062 
1924.473000 -0.000271 
1923.541000 -0.000871 
1922.609000 -0.000820 
1921.677000 -0.000331 
1920.745000 0.000122 
1919.813000 -0.000214 
1918.881000 -0.000714 
1917.949000 -0.000990 
1917.018000 -0.000745 
1916.086000 -0.000601 
1915.154000 -0.000502 
1914.222000 -0.000397 
1913.290000 -0.000358 
1912.358000 -0.000387 
1911.426000 -0.000386 
1910.494000 -0.000148 
1909.562000 -0.000155 
1908.630000 -0.000189 
1907.698000 -0.000231 
1906.766000 0.000029 
1905.834000 -0.000103 
1904.902000 -0.000233 
1903.970000 -0.000211 
1903.038000 0.000077 
1902.106000 -0.000053 
1901.174000 -0.000358 
1900.242000 -0.000402 
1899.311000 -0.000158 
1898.379000 -0.000013 
1897.447000 -0.000183 
1896.515000 -0.000208 
1895.583000 -0.000148 
1894.651000 -0.000003 
1893.719000 -0.000133 
1892.787000 0.000185 
1891.855000 0.000508 
1890.923000 0.000346 
1889.991000 -0.000360 
1889.059000 -0.000429 
1888.127000 0.000038 
1887.195000 0.000269 
1886.263000 0.000051 
1885.331000 -0.000092 
1884.399000 0.000137 
1883.467000 0.000175 
1882.535000 0.000002 
1881.604000 -0.000223 
1880.672000 0.000040 
1879.740000 0.000130 
1878.808000 0.000164 
1877.876000 0.000068 
1876.944000 0.000321 
1876.012000 0.000328 
1875.080000 0.000125 
1874.148000 -0.000090 
1873.216000 0.000127 
1872.284000 0.000492 
1871.352000 0.000334 
1870.420000 -0.000170 
1869.488000 -0.000552 
1868.556000 -0.000426 
1867.624000 -0.000503 
1866.692000 -0.000363 
1865.760000 -0.000124 
1864.828000 0.000230 
1863.896000 0.000041 
1862.965000 -0.000080 
1862.033000 -0.000069 
1861.101000 0.000086 
1860.169000 -0.000075 
1859.237000 -0.000211 
1858.305000 0.000027 
1857.373000 0.000292 
1856.441000 0.000402 
1855.509000 0.000419 
1854.577000 0.000813 
1853.645000 0.001020 
1852.713000 0.001109 
1851.781000 0.000969 
1850.849000 0.001427 
1849.917000 0.001909 
1848.985000 0.002159 
1848.053000 0.002202 
1847.121000 0.003036 
1846.189000 0.003618 
1845.258000 0.002998 
1844.326000 0.002168 
1843.394000 0.002483 
1842.462000 0.003485 
1841.530000 0.003805 
1840.598000 0.003854 
1839.666000 0.003887 
1838.734000 0.004167 
1837.802000 0.004028 
1836.870000 0.003845 
1835.938000 0.003723 
1835.006000 0.003917 
1834.074000 0.003966 
1833.142000 0.004213 
1832.210000 0.004685 
1831.278000 0.004486 
1830.346000 0.003664 
1829.414000 0.003137 
1828.482000 0.003943 
1827.551000 0.004603 
1826.619000 0.004130 
1825.687000 0.002818 
1824.755000 0.002433 
1823.823000 0.002599 
1822.891000 0.002499 
1821.959000 0.001826 
1821.027000 0.001424 
1820.095000 0.001217 
1819.163000 0.000929 
1818.231000 0.000418 
1817.299000 0.000117 
1816.367000 0.000283 
1815.435000 0.000351 
1814.503000 0.000328 
1813.571000 0.000306 
1812.639000 0.000477 
1811.707000 0.000166 
1810.775000 -0.000054 
1809.844000 -0.000095 
1808.911000 0.000261 
1807.980000 0.000359 
1807.048000 0.000409 
1806.116000 0.000389 
1805.184000 0.000693 
1804.252000 0.001001 
1803.320000 0.000878 
1802.388000 0.000825 
1801.456000 0.000818 
1800.524000 0.000757 
1799.592000 0.000567 
1798.660000 0.001167 
1797.728000 0.001712 
1796.796000 0.001932 
1795.864000 0.002045 
1794.932000 0.002454 
1794.000000 0.002241 
1793.068000 0.001650 
1792.136000 0.001188 
1791.205000 0.001441 
1790.273000 0.002030 
1789.341000 0.002451 
1788.409000 0.002388 
1787.477000 0.002148 
1786.545000 0.001965 
1785.613000 0.001503 
1784.681000 0.001151 
1783.749000 0.001137 
1782.817000 0.001338 
1781.885000 0.001002 
1780.953000 0.000466 
1780.021000 0.000073 
1779.089000 0.000215 
1778.157000 0.000390 
1777.225000 -0.000027 
1776.293000 -0.000450 
1775.361000 -0.000145 
1774.429000 0.000331 
1773.498000 -0.000679 
1772.566000 -0.002043 
1771.634000 -0.001944 
1770.702000 -0.000195 
1769.770000 0.000306 
1768.838000 -0.000516 
1767.906000 -0.001266 
1766.974000 -0.000728 
1766.042000 -0.000421 
1765.110000 -0.000150 
1764.178000 0.000350 
1763.246000 0.000017 
1762.314000 -0.000945 
1761.382000 -0.001244 
1760.450000 -0.000234 
1759.518000 0.000689 
1758.586000 0.000791 
1757.654000 0.000064 
1756.722000 -0.000373 
1755.791000 -0.000177 
1754.859000 0.000516 
1753.927000 0.001248 
1752.995000 0.001110 
1752.063000 0.000252 
1751.131000 -0.000098 
1750.199000 0.000272 
1749.267000 0.000293 
1748.335000 0.000064 
1747.403000 0.000145 
1746.471000 0.000560 
1745.539000 0.000801 
1744.607000 0.000448 
1743.675000 -0.000013 
1742.743000 0.000755 
1741.811000 0.001393 
1740.879000 0.000647 
1739.947000 -0.000336 
1739.015000 -0.000065 
1738.083000 0.001027 
1737.151000 0.002392 
1736.220000 0.003035 
1735.288000 0.001216 
1734.356000 -0.000858 
1733.424000 -0.000641 
1732.492000 0.001327 
1731.560000 0.001479 
1730.628000 0.000729 
1729.696000 0.000544 
1728.764000 0.001219 
1727.832000 0.001205 
1726.900000 0.000962 
1725.968000 0.000891 
1725.036000 0.000767 
1724.104000 0.000299 
1723.172000 0.000012 
1722.240000 0.000288 
1721.308000 0.001114 
1720.376000 0.002216 
1719.444000 0.001489 
1718.513000 -0.000549 
1717.581000 -0.001312 
1716.649000 -0.000202 
1715.717000 0.000305 
1714.785000 0.000180 
1713.853000 0.000624 
1712.921000 0.001506 
1711.989000 0.001840 
1711.057000 0.001924 
1710.125000 0.002128 
1709.193000 0.002768 
1708.261000 0.002938 
1707.329000 0.002667 
1706.397000 0.002308 
1705.465000 0.001643 
1704.533000 0.001145 
1703.601000 0.001777 
1702.669000 0.003856 
1701.738000 0.002026 
1700.806000 -0.001360 
1699.874000 -0.002481 
1698.942000 0.000814 
1698.010000 0.002257 
1697.078000 -0.000130 
1696.146000 -0.002695 
1695.214000 -0.002482 
1694.282000 -0.000476 
1693.350000 0.000246 
1692.418000 0.000423 
1691.486000 0.000405 
1690.554000 0.000034 
1689.622000 -0.000568 
1688.690000 -0.000510 
1687.758000 0.000547 
1686.826000 0.002018 
1685.894000 0.001178 
1684.962000 -0.001342 
1684.031000 -0.002699 
1683.099000 -0.001218 
1682.167000 0.000272 
1681.235000 0.000295 
1680.303000 -0.000292 
1679.371000 -0.000339 
1678.439000 0.000497 
1677.507000 0.001505 
1676.575000 0.000701 
1675.643000 -0.000837 
1674.711000 -0.000708 
1673.779000 0.001170 
1672.847000 0.001877 
1671.915000 0.001863 
1670.983000 0.001656 
1670.051000 0.001302 
1669.119000 0.001458 
1668.187000 0.002495 
1667.255000 0.003617 
1666.323000 0.004349 
1665.391000 0.005357 
1664.460000 0.005475 
1663.528000 0.004835 
1662.596000 0.004818 
1661.664000 0.005954 
1660.732000 0.007039 
1659.800000 0.007613 
1658.868000 0.008269 
1657.936000 0.009025 
1657.004000 0.010137 
1656.072000 0.011203 
1655.140000 0.011219 
1654.208000 0.008692 
1653.276000 0.006586 
1652.344000 0.007005 
1651.412000 0.009657 
1650.480000 0.011595 
1649.548000 0.012184 
1648.616000 0.011911 
1647.684000 0.011187 
1646.753000 0.010545 
1645.821000 0.010279 
1644.889000 0.010726 
1643.957000 0.011129 
1643.025000 0.011103 
1642.093000 0.010764 
1641.161000 0.010439 
1640.229000 0.010492 
1639.297000 0.010970 
1638.365000 0.011403 
1637.433000 0.011085 
1636.501000 0.009138 
1635.569000 0.007597 
1634.637000 0.007577 
1633.705000 0.008326 
1632.773000 0.008075 
1631.841000 0.007875 
1630.909000 0.008002 
1629.978000 0.007708 
1629.046000 0.006825 
1628.114000 0.006141 
1627.182000 0.006368 
1626.250000 0.006964 
1625.318000 0.006869 
1624.386000 0.005919 
1623.454000 0.005291 
1622.522000 0.005189 
1621.590000 0.005405 
1620.658000 0.005613 
1619.726000 0.006395 
1618.794000 0.006969 
1617.862000 0.005814 
1616.930000 0.004440 
1615.998000 0.004210 
1615.066000 0.004994 
1614.134000 0.005013 
1613.202000 0.005154 
1612.271000 0.005394 
1611.339000 0.005315 
1610.407000 0.004817 
1609.475000 0.004947 
1608.543000 0.005372 
1607.611000 0.005476 
1606.679000 0.005173 
1605.747000 0.005222 
1604.815000 0.005427 
1603.883000 0.005242 
1602.951000 0.004917 
1602.019000 0.004909 
1601.087000 0.005348 
1600.155000 0.005379 
1599.223000 0.005198 
1598.291000 0.005122 
1597.359000 0.005464 
1596.427000 0.005279 
1595.495000 0.004830 
1594.563000 0.004641 
1593.631000 0.005019 
1592.700000 0.005048 
1591.768000 0.004607 
1590.836000 0.004411 
1589.904000 0.004740 
1588.972000 0.005029 
1588.040000 0.004821 
1587.108000 0.004865 
1586.176000 0.005120 
1585.244000 0.005292 
1584.312000 0.004931 
1583.380000 0.005073 
1582.448000 0.005589 
1581.516000 0.005939 
1580.584000 0.005476 
1579.652000 0.005475 
1578.720000 0.006631 
1577.788000 0.006930 
1576.856000 0.005436 
1575.924000 0.004516 
1574.993000 0.005704 
1574.061000 0.006722 
1573.129000 0.006712 
1572.197000 0.006924 
1571.265000 0.007183 
1570.333000 0.006291 
1569.401000 0.005578 
1568.469000 0.005942 
1567.537000 0.007217 
1566.605000 0.007606 
1565.673000 0.007096 
1564.741000 0.006473 
1563.809000 0.006942 
1562.877000 0.008408 
1561.945000 0.009418 
1561.013000 0.009195 
1560.081000 0.007447 
1559.149000 0.004886 
1558.218000 0.003374 
1557.286000 0.004580 
1556.354000 0.006900 
1555.422000 0.007180 
1554.490000 0.005668 
1553.558000 0.005232 
1552.626000 0.006370 
1551.694000 0.006995 
1550.762000 0.005934 
1549.830000 0.004933 
1548.898000 0.005413 
1547.966000 0.006604 
1547.034000 0.006837 
1546.102000 0.005932 
1545.170000 0.005799 
1544.238000 0.006350 
1543.306000 0.006348 
1542.374000 0.005535 
1541.442000 0.005568 
1540.510000 0.004848 
1539.578000 0.003543 
1538.647000 0.002906 
1537.715000 0.004220 
1536.783000 0.005663 
1535.851000 0.006347 
1534.919000 0.005649 
1533.987000 0.004557 
1533.055000 0.004319 
1532.123000 0.004491 
1531.191000 0.004887 
1530.259000 0.005276 
1529.327000 0.005687 
1528.395000 0.005298 
1527.463000 0.004797 
1526.531000 0.004229 
1525.599000 0.004344 
1524.667000 0.004827 
1523.735000 0.005260 
1522.803000 0.004553 
1521.871000 0.003215 
1520.940000 0.002404 
1520.008000 0.002771 
1519.076000 0.003856 
1518.144000 0.004160 
1517.212000 0.003664 
1516.280000 0.002710 
1515.348000 0.002768 
1514.416000 0.003422 
1513.484000 0.003739 
1512.552000 0.002909 
1511.620000 0.002469 
1510.688000 0.003076 
1509.756000 0.003909 
1508.824000 0.004227 
1507.892000 0.002942 
1506.960000 0.000893 
1506.028000 -0.000251 
1505.096000 0.000563 
1504.164000 0.001426 
1503.233000 0.002001 
1502.301000 0.002255 
1501.369000 0.002618 
1500.437000 0.002267 
1499.505000 0.002104 
1498.573000 0.002015 
1497.641000 0.001691 
1496.709000 0.000701 
1495.777000 0.000487 
1494.845000 0.001028 
1493.913000 0.001249 
1492.981000 0.001401 
1492.049000 0.001603 
1491.117000 0.001047 
1490.185000 -0.000082 
1489.253000 -0.000295 
1488.321000 0.000102 
1487.389000 0.000415 
1486.457000 0.000093 
1485.526000 -0.000124 
1484.594000 -0.000027 
1483.662000 0.000376 
1482.730000 0.000139 
1481.798000 -0.000368 
1480.866000 -0.000344 
1479.934000 0.000054 
1479.002000 0.000364 
1478.070000 -0.000161 
1477.138000 -0.000406 
1476.206000 -0.000236 
1475.274000 0.000567 
1474.342000 0.000372 
1473.410000 0.000044 
1472.478000 0.000067 
1471.546000 0.000923 
1470.614000 0.001623 
1469.682000 0.002817 
1468.750000 0.004780 
1467.818000 0.007396 
1466.887000 0.010450 
1465.955000 0.016043 
1465.023000 0.024390 
1464.091000 0.034891 
1463.159000 0.047269 
1462.227000 0.062266 
1461.295000 0.078475 
1460.363000 0.095576 
1459.431000 0.112411 
1458.499000 0.131946 
1457.567000 0.157637 
1456.635000 0.184785 
1455.703000 0.207891 
1454.771000 0.226842 
1453.839000 0.246550 
1452.907000 0.266271 
1451.975000 0.284258 
1451.043000 0.299440 
1450.111000 0.311455 
1449.180000 0.323561 
1448.248000 0.331178 
1447.316000 0.333050 
1446.384000 0.329956 
1445.452000 0.324524 
1444.520000 0.314080 
1443.588000 0.297799 
1442.656000 0.277055 
1441.724000 0.251847 
1440.792000 0.223479 
1439.860000 0.195261 
1438.928000 0.172970 
1437.996000 0.153482 
1437.064000 0.132402 
1436.132000 0.112158 
1435.200000 0.100665 
1434.268000 0.096149 
1433.336000 0.094173 
1432.404000 0.093274 
1431.473000 0.095019 
1430.541000 0.097733 
1429.609000 0.100171 
1428.677000 0.102059 
1427.745000 0.104824 
1426.813000 0.107808 
1425.881000 0.109984 
1424.949000 0.112785 
1424.017000 0.116773 
1423.085000 0.121563 
1422.153000 0.125491 
1421.221000 0.130556 
1420.289000 0.139993 
1419.357000 0.150771 
1418.425000 0.160726 
1417.493000 0.170263 
1416.561000 0.182352 
1415.629000 0.194424 
1414.697000 0.205915 
1413.766000 0.216693 
1412.833000 0.227260 
1411.902000 0.236393 
1410.970000 0.242751 
1410.038000 0.245522 
1409.106000 0.245696 
1408.174000 0.241996 
1407.242000 0.234236 
1406.310000 0.220919 
1405.378000 0.201426 
1404.446000 0.176344 
1403.514000 0.148795 
1402.582000 0.121200 
1401.650000 0.096469 
1400.718000 0.074791 
1399.786000 0.054556 
1398.854000 0.036510 
1397.922000 0.024015 
1396.990000 0.017249 
1396.058000 0.012373 
1395.127000 0.008018 
1394.195000 0.004947 
1393.263000 0.004164 
1392.331000 0.003940 
1391.399000 0.003798 
1390.467000 0.004300 
1389.535000 0.006352 
1388.603000 0.009572 
1387.671000 0.014202 
1386.739000 0.020663 
1385.807000 0.029456 
1384.875000 0.040151 
1383.943000 0.052807 
1383.011000 0.068123 
1382.079000 0.086070 
1381.147000 0.105225 
1380.215000 0.124047 
1379.283000 0.142769 
1378.351000 0.160418 
1377.420000 0.175139 
1376.488000 0.186048 
1375.556000 0.194475 
1374.624000 0.200049 
1373.692000 0.200791 
1372.760000 0.196682 
1371.828000 0.189922 
1370.896000 0.181942 
1369.964000 0.171520 
1369.032000 0.158106 
1368.100000 0.142962 
1367.168000 0.128041 
1366.236000 0.113532 
1365.304000 0.099742 
1364.372000 0.085916 
1363.440000 0.072581 
1362.508000 0.059573 
1361.576000 0.047763 
1360.644000 0.037402 
1359.713000 0.029524 
1358.781000 0.023201 
1357.849000 0.017349 
1356.917000 0.012384 
1355.985000 0.009097 
1355.053000 0.007014 
1354.121000 0.004888 
1353.189000 0.003020 
1352.257000 0.002029 
1351.325000 0.001919 
1350.393000 0.001326 
1349.461000 0.000481 
1348.529000 0.000060 
1347.597000 0.000341 
1346.665000 0.000165 
1345.733000 -0.000285 
1344.801000 -0.000308 
1343.869000 0.000215 
1342.937000 0.000321 
1342.005000 -0.000163 
1341.073000 -0.000276 
1340.142000 0.000025 
1339.210000 0.000030 
1338.278000 -0.000513 
1337.346000 -0.000440 
1336.414000 0.000125 
1335.482000 0.000324 
1334.550000 -0.000188 
1333.618000 -0.000307 
1332.686000 0.000094 
1331.754000 0.000242 
1330.822000 -0.000236 
1329.890000 -0.000394 
1328.958000 0.000022 
1328.026000 0.000150 
1327.094000 -0.000263 
1326.162000 -0.000400 
1325.230000 0.000119 
1324.298000 0.000252 
1323.366000 -0.000180 
1322.435000 -0.000444 
1321.503000 0.000041 
1320.571000 0.000149 
1319.639000 -0.000374 
1318.707000 -0.000704 
1317.775000 -0.000138 
1316.843000 0.000271 
1315.911000 -0.000068 
1314.979000 -0.000381 
1314.047000 -0.000014 
1313.115000 0.000292 
1312.183000 -0.000090 
1311.251000 -0.000376 
1310.319000 0.000027 
1309.387000 0.000469 
1308.455000 0.000189 
1307.523000 -0.000134 
1306.591000 0.000063 
1305.660000 0.000378 
1304.728000 0.000077 
1303.796000 -0.000214 
1302.864000 0.000058 
1301.932000 0.000439 
1301.000000 0.000131 
1300.068000 -0.000287 
1299.136000 -0.000091 
1298.204000 0.000181 
1297.272000 -0.000156 
1296.340000 -0.000533 
1295.408000 -0.000144 
1294.476000 0.000339 
1293.544000 0.000146 
1292.612000 -0.000291 
1291.680000 -0.000018 
1290.748000 0.000379 
1289.816000 0.000090 
1288.884000 -0.000472 
1287.953000 -0.000230 
1287.021000 0.000292 
1286.089000 0.000132 
1285.157000 -0.000423 
1284.225000 -0.000297 
1283.293000 0.000251 
1282.361000 0.000213 
1281.429000 -0.000271 
1280.497000 -0.000236 
1279.565000 0.000291 
1278.633000 0.000271 
1277.701000 -0.000177 
1276.769000 -0.000158 
1275.837000 0.000394 
1274.905000 0.000379 
1273.973000 -0.000084 
1273.041000 -0.000107 
1272.109000 0.000415 
1271.177000 0.000402 
1270.245000 -0.000097 
1269.313000 -0.000132 
1268.382000 0.000426 
1267.450000 0.000488 
1266.518000 -0.000108 
1265.586000 -0.000250 
1264.654000 0.000227 
1263.722000 0.000331 
1262.790000 -0.000212 
1261.858000 -0.000224 
1260.926000 0.000362 
1259.994000 0.000556 
1259.062000 -0.000046 
1258.130000 -0.000239 
1257.198000 0.000154 
1256.266000 0.000280 
1255.334000 -0.000247 
1254.402000 -0.000386 
1253.470000 0.000108 
1252.538000 0.000260 
1251.606000 -0.000287 
1250.675000 -0.000549 
1249.743000 -0.000015 
1248.811000 0.000217 
1247.879000 -0.000232 
1246.947000 -0.000463 
1246.015000 0.000158 
1245.083000 0.000469 
1244.151000 0.000115 
1243.219000 -0.000081 
1242.287000 0.000580 
1241.355000 0.001006 
1240.423000 0.000674 
1239.491000 0.000403 
1238.559000 0.000963 
1237.627000 0.001456 
1236.695000 0.001111 
1235.763000 0.000789 
1234.831000 0.001258 
1233.900000 0.001901 
1232.968000 0.001740 
1232.036000 0.001561 
1231.104000 0.001974 
1230.172000 0.002442 
1229.240000 0.001911 
1228.308000 0.001304 
1227.376000 0.001409 
1226.444000 0.001731 
1225.512000 0.001218 
1224.580000 0.000618 
1223.648000 0.000825 
1222.716000 0.001264 
1221.784000 0.000968 
1220.852000 0.000420 
1219.920000 0.000731 
1218.988000 0.001142 
1218.056000 0.000811 
1217.124000 0.000153 
1216.193000 0.000522 
1215.260000 0.001021 
1214.329000 0.000759 
1213.397000 0.000097 
1212.465000 0.000422 
1211.533000 0.001017 
1210.601000 0.000844 
1209.669000 0.000255 
1208.737000 0.000496 
1207.805000 0.001169 
1206.873000 0.000996 
1205.941000 0.000439 
1205.009000 0.000576 
1204.077000 0.001322 
1203.145000 0.001197 
1202.213000 0.000663 
1201.281000 0.000665 
1200.349000 0.001365 
1199.417000 0.001306 
1198.485000 0.000850 
1197.553000 0.000939 
1196.622000 0.001628 
1195.690000 0.001569 
1194.758000 0.000927 
1193.826000 0.000963 
1192.894000 0.001652 
1191.962000 0.001828 
1191.030000 0.001195 
1190.098000 0.001211 
1189.166000 0.001756 
1188.234000 0.001922 
1187.302000 0.001170 
1186.370000 0.001071 
1185.438000 0.001563 
1184.506000 0.001770 
1183.574000 0.001068 
1182.642000 0.000926 
1181.710000 0.001516 
1180.778000 0.001727 
1179.846000 0.001127 
1178.915000 0.000942 
1177.983000 0.001604 
1177.051000 0.001683 
1176.119000 0.001015 
1175.187000 0.000624 
1174.255000 0.001319 
1173.323000 0.001511 
1172.391000 0.001040 
1171.459000 0.000696 
1170.527000 0.001450 
1169.595000 0.001756 
1168.663000 0.001234 
1167.731000 0.000821 
1166.799000 0.001443 
1165.867000 0.001849 
1164.935000 0.001259 
1164.003000 0.000908 
1163.071000 0.001422 
1162.140000 0.001946 
1161.208000 0.001332 
1160.276000 0.000971 
1159.344000 0.001358 
1158.412000 0.001995 
1157.480000 0.001491 
1156.548000 0.001109 
1155.616000 0.001376 
1154.684000 0.001858 
1153.752000 0.001333 
1152.820000 0.000897 
1151.888000 0.001327 
1150.956000 0.001806 
1150.024000 0.001337 
1149.092000 0.000674 
1148.160000 0.001115 
1147.228000 0.001570 
1146.296000 0.001296 
1145.364000 0.000618 
1144.432000 0.001099 
1143.500000 0.001550 
1142.569000 0.001330 
1141.637000 0.000599 
1140.705000 0.000970 
1139.773000 0.001490 
1138.841000 0.001201 
1137.909000 0.000467 
1136.977000 0.000701 
1136.045000 0.001390 
1135.113000 0.001093 
1134.181000 0.000477 
1133.249000 0.000562 
1132.317000 0.001320 
1131.385000 0.000960 
1130.453000 0.000384 
1129.521000 0.000424 
1128.589000 0.001292 
1127.657000 0.000994 
1126.725000 0.000349 
1125.793000 0.000291 
1124.862000 0.001023 
1123.930000 0.000893 
1122.998000 0.000274 
1122.066000 0.000348 
1121.134000 0.000987 
1120.202000 0.001008 
1119.270000 0.000221 
1118.338000 0.000333 
1117.406000 0.000920 
1116.474000 0.001040 
1115.542000 0.000124 
1114.610000 0.000223 
1113.678000 0.000839 
1112.746000 0.001052 
1111.814000 0.000210 
1110.882000 0.000222 
1109.950000 0.000875 
1109.018000 0.000964 
1108.086000 0.000137 
1107.155000 -0.000144 
1106.223000 0.000561 
1105.291000 0.000622 
1104.359000 0.000008 
1103.427000 -0.000332 
1102.495000 0.000577 
1101.563000 0.000739 
1100.631000 0.000224 
1099.699000 -0.000224 
1098.767000 0.000621 
1097.835000 0.000788 
1096.903000 0.000261 
1095.971000 -0.000151 
1095.039000 0.000540 
1094.107000 0.000768 
1093.175000 0.000071 
1092.243000 -0.000277 
1091.311000 0.000342 
1090.379000 0.000843 
1089.448000 0.000041 
1088.516000 -0.000329 
1087.584000 0.000072 
1086.652000 0.000601 
1085.720000 -0.000202 
1084.788000 -0.000499 
1083.856000 -0.000042 
1082.924000 0.000557 
1081.992000 -0.000154 
1081.060000 -0.000602 
1080.128000 -0.000110 
1079.196000 0.000457 
1078.264000 -0.000046 
1077.332000 -0.000623 
1076.400000 -0.000029 
1075.468000 0.000411 
1074.536000 0.000029 
1073.604000 -0.000712 
1072.672000 -0.000079 
1071.740000 0.000395 
1070.809000 0.000151 
1069.877000 -0.000668 
1068.945000 -0.000151 
1068.013000 0.000366 
1067.081000 0.000165 
1066.149000 -0.000514 
1065.217000 -0.000002 
1064.285000 0.000853 
1063.353000 0.000911 
1062.421000 0.000851 
1061.489000 0.002082 
1060.557000 0.004522 
1059.625000 0.006712 
1058.693000 0.009768 
1057.761000 0.014825 
1056.829000 0.022219 
1055.897000 0.030200 
1054.965000 0.039644 
1054.033000 0.051194 
1053.102000 0.064844 
1052.170000 0.078482 
1051.238000 0.092242 
1050.306000 0.106809 
1049.374000 0.121998 
1048.442000 0.136031 
1047.510000 0.148514 
1046.578000 0.160680 
1045.646000 0.172297 
1044.714000 0.182296 
1043.782000 0.190335 
1042.850000 0.198009 
1041.918000 0.204869 
1040.986000 0.209950 
1040.054000 0.212454 
1039.122000 0.213359 
1038.190000 0.212067 
1037.258000 0.207342 
1036.326000 0.198566 
1035.395000 0.186999 
1034.463000 0.173250 
1033.531000 0.156271 
1032.599000 0.136614 
1031.667000 0.116131 
1030.735000 0.096569 
1029.803000 0.076918 
1028.871000 0.058346 
1027.939000 0.042492 
1027.007000 0.030867 
1026.075000 0.021360 
1025.143000 0.013892 
1024.211000 0.008866 
1023.279000 0.006757 
1022.347000 0.004950 
1021.415000 0.002944 
1020.483000 0.001751 
1019.551000 0.002050 
1018.619000 0.002056 
1017.688000 0.000986 
1016.756000 0.000440 
1015.824000 0.000922 
1014.892000 0.001287 
1013.960000 0.000303 
1013.028000 -0.000082 
1012.096000 0.000421 
1011.164000 0.000978 
1010.232000 0.000130 
1009.300000 -0.000174 
1008.368000 0.000363 
1007.436000 0.000891 
1006.504000 0.000081 
1005.572000 -0.000368 
1004.640000 0.000259 
1003.708000 0.000799 
1002.776000 0.000180 
1001.844000 -0.000378 
1000.912000 0.000369 
999.980500 0.000844 
999.048500 0.000258 
998.116600 -0.000570 
997.184600 0.000074 
996.252700 0.000540 
995.320700 0.000138 
994.388800 -0.000646 
993.456800 -0.000041 
992.524900 0.000479 
991.593000 0.000057 
990.661000 -0.000718 
989.729100 -0.000262 
988.797100 0.000346 
987.865200 -0.000125 
986.933200 -0.000772 
986.001200 -0.000406 
985.069300 0.000265 
984.137300 -0.000349 
983.205400 -0.000975 
982.273400 -0.000608 
981.341500 0.000351 
980.409500 -0.000105 
979.477600 -0.000796 
978.545700 -0.000670 
977.613700 0.000138 
976.681800 -0.000280 
975.749800 -0.000955 
974.817900 -0.000682 
973.885900 0.000142 
972.954000 -0.000174 
972.022000 -0.001017 
971.090100 -0.000810 
970.158100 -0.000079 
969.226200 -0.000135 
968.294300 -0.000884 
967.362300 -0.000588 
966.430400 0.000068 
965.498400 -0.000083 
964.566500 -0.001072 
963.634500 -0.000874 
962.702500 -0.000124 
961.770600 -0.000111 
960.838600 -0.001000 
959.906700 -0.000825 
958.974700 0.000057 
958.042800 0.000151 
957.110800 -0.000737 
956.178900 -0.000879 
955.246900 -0.000125 
954.315000 -0.000129 
953.383100 -0.000920 
952.451100 -0.001100 
951.519200 -0.000218 
950.587200 -0.000066 
949.655300 -0.000671 
948.723300 -0.000892 
947.791400 -0.000093 
946.859400 0.000003 
945.927500 -0.000550 
944.995500 -0.000718 
944.063600 0.000020 
943.131700 0.000091 
942.199700 -0.000512 
941.267800 -0.000646 
940.335800 0.000085 
939.403800 0.000303 
938.471900 -0.000362 
937.539900 -0.000596 
936.608000 0.000005 
935.676000 0.000263 
934.744100 -0.000426 
933.812100 -0.000589 
932.880200 0.000076 
931.948200 0.000513 
931.016300 0.000019 
930.084400 0.000281 
929.152400 0.001867 
928.220500 0.004245 
927.288500 0.007381 
926.356600 0.013903 
925.424600 0.025332 
924.492700 0.041300 
923.560700 0.060561 
922.628800 0.083064 
921.696800 0.106731 
920.764900 0.126749 
919.832900 0.138308 
918.901000 0.139406 
917.969100 0.129889 
917.037000 0.110072 
916.105100 0.083236 
915.173200 0.055601 
914.241200 0.033138 
913.309300 0.017232 
912.377300 0.007238 
911.445400 0.002212 
910.513400 0.001093 
909.581500 0.000890 
908.649500 0.000211 
907.717600 -0.000441 
906.785600 0.000082 
905.853700 0.000515 
904.921800 0.000202 
903.989800 -0.000012 
903.057900 0.000779 
902.125900 0.001283 
901.194000 0.000559 
900.262000 -0.000176 
899.330100 -0.000018 
898.398100 0.000262 
897.466200 -0.000498 
896.534200 -0.000999 
895.602300 -0.000628 
894.670300 -0.000030 
893.738300 -0.000684 
892.806400 -0.001146 
891.874500 -0.000716 
890.942500 0.000135 
890.010600 -0.000199 
889.078600 -0.000577 
888.146700 -0.000302 
887.214700 0.000203 
886.282800 -0.000245 
885.350800 -0.000730 
884.418900 -0.000306 
883.486900 0.000281 
882.555000 0.000130 
881.623000 -0.000329 
880.691100 0.000134 
879.759200 0.000502 
878.827200 0.000242 
877.895300 -0.000480 
876.963300 -0.000066 
876.031400 0.000314 
875.099400 0.000215 
874.167500 -0.000536 
873.235500 -0.000351 
872.303600 -0.000047 
871.371600 -0.000088 
870.439600 -0.000627 
869.507700 -0.000421 
868.575700 0.000011 
867.643800 -0.000140 
866.711900 -0.000557 
865.779900 -0.000420 
864.848000 0.000133 
863.916000 -0.000253 
862.984100 -0.000667 
862.052100 -0.000626 
861.120200 0.000142 
860.188200 -0.000135 
859.256300 -0.000367 
858.324300 -0.000397 
857.392400 0.000211 
856.460400 -0.000192 
855.528500 -0.000493 
854.596600 -0.000501 
853.664600 -0.000041 
852.732700 -0.000441 
851.800700 -0.000943 
850.868800 -0.000877 
849.936800 -0.000576 
849.004900 -0.000742 
848.072900 -0.001219 
847.140900 -0.000708 
846.209000 -0.000392 
845.277000 -0.000559 
844.345100 -0.001442 
843.413100 -0.001049 
842.481200 -0.000781 
841.549300 -0.000721 
840.617300 -0.001434 
839.685400 -0.001013 
838.753400 -0.000649 
837.821500 -0.000612 
836.889500 -0.001238 
835.957600 -0.000954 
835.025600 -0.000387 
834.093700 -0.000378 
833.161700 -0.000784 
832.229800 -0.000690 
831.297900 0.000035 
830.365900 -0.000091 
829.434000 -0.000309 
828.502000 -0.000303 
827.570100 0.000632 
826.638100 0.000383 
825.706200 0.000120 
824.774200 -0.000184 
823.842200 0.000441 
822.910300 0.000076 
821.978300 0.000117 
821.046400 0.000291 
820.114400 0.001006 
819.182500 0.000700 
818.250500 0.000348 
817.318600 0.000352 
816.386700 0.000708 
815.454700 0.000700 
814.522800 0.000310 
813.590800 0.000590 
812.658900 0.000746 
811.726900 0.000831 
810.795000 0.000221 
809.863000 0.000692 
808.931100 0.000767 
807.999100 0.000933 
807.067200 0.000212 
806.135300 0.000622 
805.203300 0.000622 
804.271400 0.000751 
803.339400 0.000187 
802.407500 0.000628 
801.475500 0.000941 
800.543500 0.000935 
799.611600 0.000543 
798.679600 0.000767 
797.747700 0.001277 
796.815700 0.000963 
795.883800 0.000837 
794.951800 0.001096 
794.019900 0.002018 
793.088000 0.001532 
792.156000 0.001444 
791.224100 0.001540 
790.292100 0.002703 
789.360200 0.002402 
788.428200 0.002534 
787.496300 0.002742 
786.564300 0.003913 
785.632400 0.003868 
784.700400 0.004081 
783.768500 0.004701 
782.836500 0.005905 
781.904600 0.006190 
780.972700 0.006195 
780.040700 0.007013 
779.108800 0.007931 
778.176800 0.008646 
777.244800 0.008861 
776.312900 0.010172 
775.380900 0.011050 
774.449000 0.012144 
773.517000 0.012350 
772.585100 0.013903 
771.653100 0.015129 
770.721200 0.016736 
769.789200 0.017226 
768.857300 0.018876 
767.925400 0.020446 
766.993400 0.022303 
766.061500 0.023599 
765.129500 0.025527 
764.197600 0.027247 
763.265600 0.028414 
762.333700 0.029261 
761.401700 0.030142 
760.469800 0.030826 
759.537800 0.030075 
758.605900 0.029206 
757.674000 0.027897 
756.742000 0.026883 
755.810100 0.024044 
754.878100 0.021589 
753.946100 0.018882 
753.014200 0.017214 
752.082200 0.014243 
751.150300 0.012074 
750.218300 0.010113 
749.286400 0.009058 
748.354400 0.006932 
747.422500 0.005261 
746.490500 0.004322 
745.558600 0.003965 
744.626600 0.003065 
743.694700 0.002147 
742.762800 0.002308 
741.830800 0.002339 
740.898900 0.002090 
739.966900 0.001349 
739.035000 0.001990 
738.103000 0.001754 
737.171100 0.001390 
736.239100 0.000416 
735.307200 0.001185 
734.375200 0.001288 
733.443300 0.001784 
732.511400 0.001591 
731.579400 0.002274 
730.647400 0.001781 
729.715500 0.001401 
728.783500 0.001050 
727.851600 0.001501 
726.919600 0.001270 
725.987700 0.000845 
725.055700 0.000998 
724.123800 0.001114 
723.191800 0.000624 
722.259900 -0.000605 
721.327900 -0.000305 
720.396000 0.000325 
719.464100 0.001042 
718.532100 -0.000044 
717.600200 0.000121 
716.668200 0.000584 
715.736300 0.001561 
714.804300 0.000644 
713.872400 0.000769 
712.940400 0.001146 
712.008500 0.001801 
711.076500 0.000997 
710.144600 0.001131 
709.212600 0.001834 
708.280700 0.002360 
707.348700 0.001628 
706.416700 0.001185 
705.484800 0.001546 
704.552900 0.001600 
703.620900 0.001567 
702.689000 0.001586 
701.757000 0.002333 
700.825100 0.001963 
699.893100 0.001741 
698.961200 0.001394 
698.029200 0.001902 
697.097300 0.001311 
696.165300 0.001683 
695.233400 0.001983 
694.301500 0.002550 
693.369500 0.001589 
692.437600 0.001455 
691.505600 0.001176 
690.573700 0.001566 
689.641700 0.001454 
688.709800 0.001610 
687.777800 0.001575 
686.845900 0.001817 
685.913900 0.001585 
684.982000 0.001160 
684.050000 0.001800 
683.118000 0.002748 
682.186100 0.002524 
681.254200 0.000480 
680.322200 0.000066 
679.390300 0.000674 
678.458300 0.001337 
677.526400 0.000113 
676.594400 0.000580 
675.662500 0.001707 
674.730500 0.002608 
673.798600 0.001744 
672.866600 0.002066 
671.934700 0.002550 
671.002700 0.002708 
670.070800 0.001537 
669.138900 0.000071 
668.206900 -0.001156 
667.275000 -0.000719 
666.343000 0.000048 
665.411100 0.000543 
664.479100 0.000717 
663.547200 0.000304 
662.615200 -0.000154 
661.683300 0.000575 
660.751300 0.001955 
659.819300 0.001278 
658.887400 -0.000078 
657.955400 -0.000592 
657.023500 0.000096 
656.091600 -0.000162 
655.159600 -0.000009 
654.227700 0.000179 
653.295700 -0.000186 
652.363800 -0.001767 
651.431800 -0.001301 
650.499900 0.000179 
649.567900 0.001409 
