3999.700000 0.000000 
3998.700000 0.000000 
3997.800000 0.000000 
3996.800000 0.000435 
3995.800000 0.000435 
3994.900000 0.000435 
3993.900000 0.000435 
3992.900000 0.000435 
3992.000000 0.000435 
3991.000000 0.000435 
3990.000000 0.000435 
3989.100000 0.000435 
3988.100000 0.000435 
3987.100000 0.000435 
3986.200000 0.000435 
3985.200000 0.000435 
3984.300000 0.000435 
3983.300000 0.000435 
3982.300000 0.000435 
3981.400000 0.000435 
3980.400000 0.000435 
3979.400000 0.000435 
3978.500000 0.000435 
3977.500000 0.000435 
3976.500000 0.000435 
3975.600000 0.000435 
3974.600000 0.000435 
3973.600000 0.000435 
3972.700000 0.000435 
3971.700000 0.000435 
3970.800000 0.000435 
3969.800000 0.000435 
3968.800000 0.000435 
3967.900000 0.000000 
3966.900000 0.000435 
3965.900000 0.000435 
3965.000000 0.000000 
3964.000000 0.000435 
3963.000000 0.000435 
3962.100000 0.000435 
3961.100000 0.000435 
3960.100000 0.000435 
3959.200000 0.000000 
3958.200000 0.000435 
3957.300000 0.000435 
3956.300000 0.000435 
3955.300000 0.000435 
3954.400000 0.000435 
3953.400000 0.000435 
3952.400000 0.000435 
3951.500000 0.000435 
3950.500000 0.000435 
3949.500000 0.000435 
3948.600000 0.000435 
3947.600000 0.000435 
3946.600000 0.000000 
3945.700000 0.000435 
3944.700000 0.000435 
3943.700000 0.000435 
3942.800000 0.000435 
3941.800000 0.000435 
3940.900000 0.000435 
3939.900000 0.000435 
3938.900000 0.000435 
3938.000000 0.000435 
3937.000000 0.000435 
3936.000000 0.000435 
3935.100000 0.000000 
3934.100000 0.000000 
3933.100000 0.000435 
3932.200000 0.000435 
3931.200000 0.000000 
3930.200000 0.000000 
3929.300000 0.000435 
3928.300000 0.000000 
3927.400000 0.000000 
3926.400000 0.000000 
3925.400000 0.000000 
3924.500000 0.000000 
3923.500000 0.000000 
3922.500000 0.000435 
3921.600000 0.000000 
3920.600000 0.000435 
3919.600000 0.000435 
3918.700000 0.000000 
3917.700000 0.000435 
3916.700000 0.000435 
3915.800000 0.000435 
3914.800000 0.000000 
3913.900000 0.000000 
3912.900000 0.000000 
3911.900000 0.000000 
3911.000000 0.000435 
3910.000000 0.000000 
3909.000000 0.000000 
3908.100000 0.000000 
3907.100000 0.000435 
3906.100000 0.000000 
3905.200000 0.000435 
3904.200000 0.000000 
3903.200000 0.000000 
3902.300000 0.000000 
3901.300000 0.000000 
3900.300000 0.000000 
3899.400000 0.000435 
3898.400000 0.000435 
3897.500000 0.000000 
3896.500000 0.000000 
3895.500000 0.000000 
3894.600000 0.000000 
3893.600000 0.000000 
3892.600000 0.000435 
3891.700000 0.000000 
3890.700000 0.000000 
3889.700000 0.000000 
3888.800000 0.000000 
3887.800000 0.000000 
3886.800000 0.000435 
3885.900000 0.000000 
3884.900000 0.000000 
3884.000000 0.000000 
3883.000000 0.000435 
3882.000000 0.000000 
3881.100000 0.000000 
3880.100000 0.000000 
3879.100000 0.000000 
3878.200000 0.000000 
3877.200000 0.000000 
3876.200000 0.000435 
3875.300000 0.000435 
3874.300000 0.000000 
3873.300000 0.000435 
3872.400000 0.000435 
3871.400000 0.000435 
3870.400000 0.000435 
3869.500000 0.000435 
3868.500000 0.000435 
3867.600000 0.000435 
3866.600000 0.000435 
3865.600000 0.000435 
3864.700000 0.000435 
3863.700000 0.000435 
3862.700000 0.000435 
3861.800000 0.000435 
3860.800000 0.000435 
3859.800000 0.000435 
3858.900000 0.000435 
3857.900000 0.000435 
3856.900000 0.000435 
3856.000000 0.000435 
3855.000000 0.001305 
3854.100000 0.000435 
3853.100000 0.000869 
3852.100000 0.000435 
3851.200000 0.000435 
3850.200000 0.000435 
3849.200000 0.000435 
3848.300000 0.000435 
3847.300000 0.000435 
3846.300000 0.000435 
3845.400000 0.000435 
3844.400000 0.000435 
3843.400000 0.000435 
3842.500000 0.000435 
3841.500000 0.000435 
3840.600000 0.000435 
3839.600000 0.000435 
3838.600000 0.000869 
3837.700000 0.000435 
3836.700000 0.000435 
3835.700000 0.000435 
3834.800000 0.000435 
3833.800000 0.000000 
3832.800000 0.000435 
3831.900000 0.000000 
3830.900000 0.000000 
3829.900000 0.000435 
3829.000000 0.000435 
3828.000000 0.000000 
3827.000000 0.000435 
3826.100000 0.000000 
3825.100000 0.000435 
3824.200000 0.000435 
3823.200000 0.000435 
3822.200000 0.000435 
3821.300000 0.000435 
3820.300000 0.000000 
3819.300000 0.000435 
3818.400000 0.000435 
3817.400000 0.000435 
3816.400000 0.000435 
3815.500000 0.000435 
3814.500000 0.000000 
3813.500000 0.000000 
3812.600000 0.000000 
3811.600000 0.000000 
3810.600000 0.000000 
3809.700000 0.000000 
3808.700000 0.000000 
3807.800000 0.000435 
3806.800000 0.000000 
3805.800000 0.000000 
3804.900000 0.000000 
3803.900000 0.000435 
3802.900000 0.000435 
3802.000000 0.000435 
3801.000000 0.000435 
3800.000000 0.000435 
3799.100000 0.000435 
3798.100000 0.000435 
3797.100000 0.000435 
3796.200000 0.000000 
3795.200000 0.000000 
3794.300000 0.000435 
3793.300000 0.000435 
3792.300000 0.000435 
3791.400000 0.000435 
3790.400000 0.000000 
3789.400000 0.000000 
3788.500000 0.000435 
3787.500000 0.000435 
3786.500000 0.000435 
3785.600000 0.000435 
3784.600000 0.000435 
3783.600000 0.000000 
3782.700000 0.000435 
3781.700000 0.000435 
3780.800000 0.000435 
3779.800000 0.000435 
3778.800000 0.000435 
3777.900000 0.000000 
3776.900000 0.000435 
3775.900000 0.000435 
3775.000000 0.000435 
3774.000000 0.000000 
3773.000000 0.000435 
3772.100000 0.000435 
3771.100000 0.000435 
3770.100000 0.000435 
3769.200000 0.000000 
3768.200000 0.000435 
3767.200000 0.000435 
3766.300000 0.000435 
3765.300000 0.000435 
3764.400000 0.000435 
3763.400000 0.000435 
3762.400000 0.000435 
3761.500000 0.000435 
3760.500000 0.000435 
3759.500000 0.000435 
3758.600000 0.000435 
3757.600000 0.000435 
3756.600000 0.000000 
3755.700000 0.000000 
3754.700000 0.000435 
3753.700000 0.000435 
3752.800000 0.000435 
3751.800000 0.000435 
3750.900000 0.000435 
3749.900000 0.000435 
3748.900000 0.000435 
3748.000000 0.000435 
3747.000000 0.000435 
3746.000000 0.000435 
3745.100000 0.000869 
3744.100000 0.000435 
3743.100000 0.000000 
3742.200000 0.000435 
3741.200000 0.000000 
3740.200000 0.000000 
3739.300000 0.000435 
3738.300000 0.000435 
3737.400000 0.000435 
3736.400000 0.000435 
3735.400000 0.000435 
3734.500000 0.000000 
3733.500000 0.000435 
3732.500000 0.000435 
3731.600000 0.000000 
3730.600000 0.000000 
3729.600000 0.000435 
3728.700000 0.000435 
3727.700000 0.000435 
3726.700000 0.000000 
3725.800000 0.000000 
3724.800000 0.000000 
3723.800000 0.000000 
3722.900000 0.000435 
3721.900000 0.000435 
3721.000000 0.000435 
3720.000000 0.000435 
3719.000000 0.000435 
3718.100000 0.000435 
3717.100000 0.000435 
3716.100000 0.000435 
3715.200000 0.000435 
3714.200000 0.000435 
3713.200000 0.000869 
3712.300000 0.000869 
3711.300000 0.000869 
3710.300000 0.000869 
3709.400000 0.000435 
3708.400000 0.000869 
3707.500000 0.000869 
3706.500000 0.000869 
3705.500000 0.000435 
3704.600000 0.000435 
3703.600000 0.000435 
3702.600000 0.000869 
3701.700000 0.000435 
3700.700000 0.000435 
3699.700000 0.000435 
3698.800000 0.000435 
3697.800000 0.000435 
3696.800000 0.000435 
3695.900000 0.000435 
3694.900000 0.000435 
3693.900000 0.000435 
3693.000000 0.000435 
3692.000000 0.000435 
3691.100000 0.000435 
3690.100000 0.000435 
3689.100000 0.000869 
3688.200000 0.000435 
3687.200000 0.000435 
3686.200000 0.000435 
3685.300000 0.000435 
3684.300000 0.000435 
3683.300000 0.000435 
3682.400000 0.000435 
3681.400000 0.000435 
3680.400000 0.000435 
3679.500000 0.000435 
3678.500000 0.000435 
3677.600000 0.000435 
3676.600000 0.000869 
3675.600000 0.000869 
3674.700000 0.000435 
3673.700000 0.000869 
3672.700000 0.000435 
3671.800000 0.001305 
3670.800000 0.000869 
3669.800000 0.000869 
3668.900000 0.000869 
3667.900000 0.000869 
3666.900000 0.000869 
3666.000000 0.000869 
3665.000000 0.000869 
3664.100000 0.001305 
3663.100000 0.000869 
3662.100000 0.001305 
3661.200000 0.001305 
3660.200000 0.001305 
3659.200000 0.001305 
3658.300000 0.001305 
3657.300000 0.001741 
3656.300000 0.001741 
3655.400000 0.001741 
3654.400000 0.001741 
3653.400000 0.001741 
3652.500000 0.002177 
3651.500000 0.002177 
3650.500000 0.002177 
3649.600000 0.002177 
3648.600000 0.002177 
3647.700000 0.002614 
3646.700000 0.002614 
3645.700000 0.002614 
3644.800000 0.002614 
3643.800000 0.002614 
3642.800000 0.003051 
3641.900000 0.003051 
3640.900000 0.003051 
3639.900000 0.003488 
3639.000000 0.003488 
3638.000000 0.003488 
3637.000000 0.003488 
3636.100000 0.003926 
3635.100000 0.003926 
3634.200000 0.004365 
3633.200000 0.004365 
3632.200000 0.004365 
3631.300000 0.004365 
3630.300000 0.004804 
3629.300000 0.005243 
3628.400000 0.005243 
3627.400000 0.005243 
3626.400000 0.005243 
3625.500000 0.005683 
3624.500000 0.005683 
3623.500000 0.006123 
3622.600000 0.006123 
3621.600000 0.006123 
3620.600000 0.006564 
3619.700000 0.006564 
3618.700000 0.007005 
3617.800000 0.007005 
3616.800000 0.007446 
3615.800000 0.007446 
3614.900000 0.007889 
3613.900000 0.007889 
3612.900000 0.008331 
3612.000000 0.008331 
3611.000000 0.008774 
3610.000000 0.009217 
3609.100000 0.009217 
3608.100000 0.009661 
3607.100000 0.009661 
3606.200000 0.010105 
3605.200000 0.010105 
3604.300000 0.010550 
3603.300000 0.010995 
3602.300000 0.011441 
3601.400000 0.011441 
3600.400000 0.011887 
3599.400000 0.012334 
3598.500000 0.012781 
3597.500000 0.012781 
3596.500000 0.013228 
3595.600000 0.013676 
3594.600000 0.014125 
3593.600000 0.014574 
3592.700000 0.014574 
3591.700000 0.015473 
3590.700000 0.015923 
3589.800000 0.015923 
3588.800000 0.016374 
3587.900000 0.016825 
3586.900000 0.017277 
3585.900000 0.017729 
3585.000000 0.018181 
3584.000000 0.018634 
3583.000000 0.019088 
3582.100000 0.019542 
3581.100000 0.019997 
3580.100000 0.020452 
3579.200000 0.021363 
3578.200000 0.021819 
3577.200000 0.022276 
3576.300000 0.022734 
3575.300000 0.023650 
3574.400000 0.024109 
3573.400000 0.024568 
3572.400000 0.025488 
3571.500000 0.025949 
3570.500000 0.026872 
3569.500000 0.027334 
3568.600000 0.028260 
3567.600000 0.028724 
3566.600000 0.029653 
3565.700000 0.030584 
3564.700000 0.031050 
3563.700000 0.031984 
3562.800000 0.032920 
3561.800000 0.033389 
3560.900000 0.034328 
3559.900000 0.035269 
3558.900000 0.036212 
3558.000000 0.037157 
3557.000000 0.038105 
3556.000000 0.039054 
3555.100000 0.040005 
3554.100000 0.040959 
3553.100000 0.041914 
3552.200000 0.043351 
3551.200000 0.044312 
3550.200000 0.045275 
3549.300000 0.046240 
3548.300000 0.047692 
3547.300000 0.048662 
3546.400000 0.050122 
3545.400000 0.051098 
3544.500000 0.052566 
3543.500000 0.054039 
3542.500000 0.055024 
3541.600000 0.056505 
3540.600000 0.057496 
3539.600000 0.058986 
3538.700000 0.060481 
3537.700000 0.061981 
3536.700000 0.063486 
3535.800000 0.064997 
3534.800000 0.066513 
3533.800000 0.068034 
3532.900000 0.069560 
3531.900000 0.071092 
3531.000000 0.072630 
3530.000000 0.074172 
3529.000000 0.075721 
3528.100000 0.077794 
3527.100000 0.079355 
3526.100000 0.080922 
3525.200000 0.082494 
3524.200000 0.084600 
3523.200000 0.086186 
3522.300000 0.087778 
3521.300000 0.089376 
3520.300000 0.090979 
3519.400000 0.092589 
3518.400000 0.094204 
3517.400000 0.096367 
3516.500000 0.097997 
3515.500000 0.099633 
3514.600000 0.101275 
3513.600000 0.102923 
3512.600000 0.104577 
3511.700000 0.106238 
3510.700000 0.107905 
3509.700000 0.109579 
3508.800000 0.111259 
3507.800000 0.112383 
3506.800000 0.114074 
3505.900000 0.115771 
3504.900000 0.116907 
3503.900000 0.118615 
3503.000000 0.119758 
3502.000000 0.121478 
3501.100000 0.122629 
3500.100000 0.124360 
3499.100000 0.125518 
3498.200000 0.126679 
3497.200000 0.128427 
3496.200000 0.129596 
3495.300000 0.130768 
3494.300000 0.131944 
3493.300000 0.133122 
3492.400000 0.134896 
3491.400000 0.136083 
3490.400000 0.137272 
3489.500000 0.138466 
3488.500000 0.139662 
3487.600000 0.140261 
3486.600000 0.141463 
3485.600000 0.142668 
3484.700000 0.143876 
3483.700000 0.145087 
3482.700000 0.146302 
3481.800000 0.147520 
3480.800000 0.148742 
3479.800000 0.149967 
3478.900000 0.151195 
3477.900000 0.151811 
3476.900000 0.153045 
3476.000000 0.154282 
3475.000000 0.155523 
3474.000000 0.156767 
3473.100000 0.158015 
3472.100000 0.159267 
3471.200000 0.160522 
3470.200000 0.161151 
3469.200000 0.162412 
3468.300000 0.163676 
3467.300000 0.164944 
3466.300000 0.166216 
3465.400000 0.167491 
3464.400000 0.168130 
3463.400000 0.170053 
3462.500000 0.170696 
3461.500000 0.171985 
3460.500000 0.173277 
3459.600000 0.174574 
3458.600000 0.175874 
3457.700000 0.177178 
3456.700000 0.178486 
3455.700000 0.179799 
3454.800000 0.181115 
3453.800000 0.182435 
3452.800000 0.183759 
3451.900000 0.185087 
3450.900000 0.186419 
3449.900000 0.187087 
3449.000000 0.188425 
3448.000000 0.190440 
3447.000000 0.191114 
3446.100000 0.192465 
3445.100000 0.193820 
3444.100000 0.195179 
3443.200000 0.196543 
3442.200000 0.197911 
3441.300000 0.199283 
3440.300000 0.200659 
3439.300000 0.202040 
3438.400000 0.203426 
3437.400000 0.204815 
3436.400000 0.206210 
3435.500000 0.207608 
3434.500000 0.209012 
3433.500000 0.210419 
3432.600000 0.211832 
3431.600000 0.213249 
3430.600000 0.214670 
3429.700000 0.216096 
3428.700000 0.217527 
3427.800000 0.218963 
3426.800000 0.220404 
3425.800000 0.221849 
3424.900000 0.223299 
3423.900000 0.224754 
3422.900000 0.225483 
3422.000000 0.226945 
3421.000000 0.228413 
3420.000000 0.229885 
3419.100000 0.231362 
3418.100000 0.232844 
3417.100000 0.234331 
3416.200000 0.235824 
3415.200000 0.236572 
3414.200000 0.238072 
3413.300000 0.239578 
3412.300000 0.241088 
3411.400000 0.241845 
3410.400000 0.243364 
3409.400000 0.244888 
3408.500000 0.246417 
3407.500000 0.247184 
3406.500000 0.248721 
3405.600000 0.250264 
3404.600000 0.251037 
3403.600000 0.252588 
3402.700000 0.254145 
3401.700000 0.254925 
3400.700000 0.256490 
3399.800000 0.258061 
3398.800000 0.258848 
3397.900000 0.260428 
3396.900000 0.261219 
3395.900000 0.262807 
3395.000000 0.263603 
3394.000000 0.264401 
3393.000000 0.266001 
3392.100000 0.266803 
3391.100000 0.268411 
3390.100000 0.269218 
3389.200000 0.270026 
3388.200000 0.271646 
3387.200000 0.272459 
3386.300000 0.274088 
3385.300000 0.274905 
3384.400000 0.275724 
3383.400000 0.276544 
3382.400000 0.278189 
3381.500000 0.279014 
3380.500000 0.279841 
3379.500000 0.280669 
3378.600000 0.281498 
3377.600000 0.282329 
3376.600000 0.283162 
3375.700000 0.283997 
3374.700000 0.284833 
3373.700000 0.286509 
3372.800000 0.287350 
3371.800000 0.288193 
3370.900000 0.288193 
3369.900000 0.289037 
3368.900000 0.289883 
3368.000000 0.291579 
3367.000000 0.291579 
3366.000000 0.292430 
3365.100000 0.293282 
3364.100000 0.294136 
3363.100000 0.294992 
3362.200000 0.295849 
3361.200000 0.296709 
3360.200000 0.296709 
3359.300000 0.297569 
3358.300000 0.298432 
3357.300000 0.299296 
3356.400000 0.300162 
3355.400000 0.300162 
3354.500000 0.301030 
3353.500000 0.301899 
3352.500000 0.302771 
3351.600000 0.303644 
3350.600000 0.303644 
3349.600000 0.304518 
3348.700000 0.305395 
3347.700000 0.305395 
3346.700000 0.306273 
3345.800000 0.307153 
3344.800000 0.308035 
3343.800000 0.308035 
3342.900000 0.308919 
3341.900000 0.309804 
3340.900000 0.309804 
3340.000000 0.310691 
3339.000000 0.311580 
3338.100000 0.311580 
3337.100000 0.312471 
3336.100000 0.313364 
3335.200000 0.314258 
3334.200000 0.314258 
3333.200000 0.315155 
3332.300000 0.315155 
3331.300000 0.316053 
3330.300000 0.316953 
3329.400000 0.316953 
3328.400000 0.317855 
3327.400000 0.317855 
3326.500000 0.318759 
3325.500000 0.319664 
3324.600000 0.319664 
3323.600000 0.320572 
3322.600000 0.321482 
3321.700000 0.321482 
3320.700000 0.322393 
3319.700000 0.322393 
3318.800000 0.323306 
3317.800000 0.323306 
3316.800000 0.324222 
3315.900000 0.324222 
3314.900000 0.325139 
3313.900000 0.325139 
3313.000000 0.326058 
3312.000000 0.326058 
3311.100000 0.326979 
3310.100000 0.326979 
3309.100000 0.326979 
3308.200000 0.327902 
3307.200000 0.328827 
3306.200000 0.328827 
3305.300000 0.328827 
3304.300000 0.329754 
3303.300000 0.329754 
3302.400000 0.329754 
3301.400000 0.330683 
3300.400000 0.330683 
3299.500000 0.330683 
3298.500000 0.331614 
3297.500000 0.331614 
3296.600000 0.332547 
3295.600000 0.332547 
3294.700000 0.332547 
3293.700000 0.332547 
3292.700000 0.332547 
3291.800000 0.333482 
3290.800000 0.333482 
3289.800000 0.333482 
3288.900000 0.333482 
3287.900000 0.333482 
3286.900000 0.333482 
3286.000000 0.334419 
3285.000000 0.334419 
3284.000000 0.334419 
3283.100000 0.334419 
3282.100000 0.334419 
3281.200000 0.334419 
3280.200000 0.334419 
3279.200000 0.334419 
3278.300000 0.334419 
3277.300000 0.334419 
3276.300000 0.334419 
3275.400000 0.334419 
3274.400000 0.334419 
3273.400000 0.334419 
3272.500000 0.334419 
3271.500000 0.334419 
3270.500000 0.334419 
3269.600000 0.333482 
3268.600000 0.333482 
3267.600000 0.333482 
3266.700000 0.333482 
3265.700000 0.333482 
3264.800000 0.332547 
3263.800000 0.332547 
3262.800000 0.332547 
3261.900000 0.331614 
3260.900000 0.331614 
3259.900000 0.331614 
3259.000000 0.330683 
3258.000000 0.330683 
3257.000000 0.330683 
3256.100000 0.329754 
3255.100000 0.329754 
3254.100000 0.329754 
3253.200000 0.328827 
3252.200000 0.327902 
3251.300000 0.327902 
3250.300000 0.326979 
3249.300000 0.326979 
3248.400000 0.326058 
3247.400000 0.326058 
3246.400000 0.325139 
3245.500000 0.325139 
3244.500000 0.324222 
3243.500000 0.323306 
3242.600000 0.323306 
3241.600000 0.322393 
3240.600000 0.321482 
3239.700000 0.320572 
3238.700000 0.320572 
3237.800000 0.319664 
3236.800000 0.318759 
3235.800000 0.317855 
3234.900000 0.317855 
3233.900000 0.316953 
3232.900000 0.316053 
3232.000000 0.315155 
3231.000000 0.314258 
3230.000000 0.313364 
3229.100000 0.313364 
3228.100000 0.312471 
3227.100000 0.311580 
3226.200000 0.310691 
3225.200000 0.309804 
3224.200000 0.308919 
3223.300000 0.308035 
3222.300000 0.307153 
3221.400000 0.306273 
3220.400000 0.305395 
3219.400000 0.304518 
3218.500000 0.303644 
3217.500000 0.302771 
3216.500000 0.301899 
3215.600000 0.301030 
3214.600000 0.300162 
3213.600000 0.298432 
3212.700000 0.297569 
3211.700000 0.296709 
3210.700000 0.295849 
3209.800000 0.294992 
3208.800000 0.294136 
3207.900000 0.292430 
3206.900000 0.291579 
3205.900000 0.290730 
3205.000000 0.289883 
3204.000000 0.288193 
3203.000000 0.287350 
3202.100000 0.286509 
3201.100000 0.285670 
3200.100000 0.283997 
3199.200000 0.283162 
3198.200000 0.282329 
3197.200000 0.281498 
3196.300000 0.279841 
3195.300000 0.279014 
3194.400000 0.277366 
3193.400000 0.276544 
3192.400000 0.275724 
3191.500000 0.274088 
3190.500000 0.273273 
3189.500000 0.271646 
3188.600000 0.270835 
3187.600000 0.270026 
3186.600000 0.268411 
3185.700000 0.267606 
3184.700000 0.266001 
3183.700000 0.265200 
3182.800000 0.263603 
3181.800000 0.262807 
3180.800000 0.262013 
3179.900000 0.260428 
3178.900000 0.258848 
3178.000000 0.258061 
3177.000000 0.256490 
3176.000000 0.255707 
3175.100000 0.254145 
3174.100000 0.253366 
3173.100000 0.251812 
3172.200000 0.250264 
3171.200000 0.249492 
3170.200000 0.248721 
3169.300000 0.247184 
3168.300000 0.245652 
3167.300000 0.244888 
3166.400000 0.243364 
3165.400000 0.242604 
3164.500000 0.241088 
3163.500000 0.240332 
3162.500000 0.238824 
3161.600000 0.237321 
3160.600000 0.236572 
3159.600000 0.235077 
3158.700000 0.233587 
3157.700000 0.232844 
3156.700000 0.231362 
3155.800000 0.229885 
3154.800000 0.229148 
3153.800000 0.227678 
3152.900000 0.226214 
3151.900000 0.225483 
3150.900000 0.224026 
3150.000000 0.222573 
3149.000000 0.221849 
3148.100000 0.220404 
3147.100000 0.218963 
3146.100000 0.218245 
3145.200000 0.216811 
3144.200000 0.215383 
3143.200000 0.214670 
3142.300000 0.213249 
3141.300000 0.211832 
3140.300000 0.210419 
3139.400000 0.209715 
3138.400000 0.208309 
3137.400000 0.206908 
3136.500000 0.206210 
3135.500000 0.204815 
3134.600000 0.203426 
3133.600000 0.202732 
3132.600000 0.201349 
3131.700000 0.199971 
3130.700000 0.198596 
3129.700000 0.197911 
3128.800000 0.196543 
3127.800000 0.195179 
3126.800000 0.194499 
3125.900000 0.193142 
3124.900000 0.191789 
3123.900000 0.191114 
3123.000000 0.189767 
3122.000000 0.188425 
3121.000000 0.187087 
3120.100000 0.186419 
3119.100000 0.185087 
3118.200000 0.183759 
3117.200000 0.182435 
3116.200000 0.181774 
3115.300000 0.180456 
3114.300000 0.179142 
3113.300000 0.177832 
3112.400000 0.176526 
3111.400000 0.175874 
3110.400000 0.174574 
3109.500000 0.173277 
3108.500000 0.171985 
3107.500000 0.170696 
3106.600000 0.170053 
3105.600000 0.168770 
3104.700000 0.167491 
3103.700000 0.166216 
3102.700000 0.164944 
3101.800000 0.163676 
3100.800000 0.162412 
3099.800000 0.161151 
3098.900000 0.159894 
3097.900000 0.158641 
3096.900000 0.157391 
3096.000000 0.156145 
3095.000000 0.154902 
3094.000000 0.153663 
3093.100000 0.152427 
3092.100000 0.151195 
3091.100000 0.149967 
3090.200000 0.148742 
3089.200000 0.147520 
3088.300000 0.146302 
3087.300000 0.145087 
3086.300000 0.143876 
3085.400000 0.142668 
3084.400000 0.141463 
3083.400000 0.140261 
3082.500000 0.139063 
3081.500000 0.137272 
3080.500000 0.136083 
3079.600000 0.134896 
3078.600000 0.133713 
3077.600000 0.132533 
3076.700000 0.131356 
3075.700000 0.130182 
3074.800000 0.129011 
3073.800000 0.127844 
3072.800000 0.126098 
3071.900000 0.124939 
3070.900000 0.123782 
3069.900000 0.122629 
3069.000000 0.121478 
3068.000000 0.120331 
3067.000000 0.119186 
3066.100000 0.117475 
3065.100000 0.116339 
3064.100000 0.115205 
3063.200000 0.114074 
3062.200000 0.112946 
3061.300000 0.111259 
3060.300000 0.110138 
3059.300000 0.109020 
3058.400000 0.107905 
3057.400000 0.106793 
3056.400000 0.105684 
3055.500000 0.104577 
3054.500000 0.102923 
3053.500000 0.101824 
3052.600000 0.100727 
3051.600000 0.099633 
3050.600000 0.098542 
3049.700000 0.097453 
3048.700000 0.096367 
3047.700000 0.095284 
3046.800000 0.094204 
3045.800000 0.093126 
3044.900000 0.091515 
3043.900000 0.090444 
3042.900000 0.089376 
3042.000000 0.088310 
3041.000000 0.087247 
3040.000000 0.086186 
3039.100000 0.085128 
3038.100000 0.084073 
3037.100000 0.083020 
3036.200000 0.081970 
3035.200000 0.080922 
3034.200000 0.079877 
3033.300000 0.078834 
3032.300000 0.077794 
3031.400000 0.077275 
3030.400000 0.076238 
3029.400000 0.075204 
3028.500000 0.074172 
3027.500000 0.073143 
3026.500000 0.072630 
3025.600000 0.071604 
3024.600000 0.071092 
3023.600000 0.070070 
3022.700000 0.069560 
3021.700000 0.068542 
3020.700000 0.068034 
3019.800000 0.067526 
3018.800000 0.067019 
3017.900000 0.066513 
3016.900000 0.066007 
3015.900000 0.065502 
3015.000000 0.064997 
3014.000000 0.064997 
3013.000000 0.064493 
3012.100000 0.064493 
3011.100000 0.064493 
3010.100000 0.064493 
3009.200000 0.064493 
3008.200000 0.064997 
3007.200000 0.064997 
3006.300000 0.065502 
3005.300000 0.066007 
3004.300000 0.066513 
3003.400000 0.067019 
3002.400000 0.067526 
3001.500000 0.068542 
3000.500000 0.069051 
2999.500000 0.070070 
2998.600000 0.070581 
2997.600000 0.071604 
2996.600000 0.072117 
2995.700000 0.073143 
2994.700000 0.074172 
2993.700000 0.074688 
2992.800000 0.075204 
2991.800000 0.075721 
2990.800000 0.076238 
2989.900000 0.076756 
2988.900000 0.076756 
2988.000000 0.077275 
2987.000000 0.076756 
2986.000000 0.076756 
2985.100000 0.076756 
2984.100000 0.076238 
2983.100000 0.075721 
2982.200000 0.075721 
2981.200000 0.075204 
2980.200000 0.074688 
2979.300000 0.074172 
2978.300000 0.074172 
2977.300000 0.073658 
2976.400000 0.073658 
2975.400000 0.073658 
2974.400000 0.073658 
2973.500000 0.074172 
2972.500000 0.074172 
2971.600000 0.074688 
2970.600000 0.075204 
2969.600000 0.075721 
2968.700000 0.076238 
2967.700000 0.076756 
2966.700000 0.076756 
2965.800000 0.077275 
2964.800000 0.077794 
2963.800000 0.077794 
2962.900000 0.078314 
2961.900000 0.078314 
2960.900000 0.077794 
2960.000000 0.077794 
2959.000000 0.077275 
2958.100000 0.076756 
2957.100000 0.076238 
2956.100000 0.075721 
2955.200000 0.075204 
2954.200000 0.074172 
2953.200000 0.073658 
2952.300000 0.072630 
2951.300000 0.071604 
2950.300000 0.071092 
2949.400000 0.070581 
2948.400000 0.069560 
2947.400000 0.069560 
2946.500000 0.069051 
2945.500000 0.069051 
2944.500000 0.069051 
2943.600000 0.069560 
2942.600000 0.069560 
2941.700000 0.070070 
2940.700000 0.070581 
2939.700000 0.071092 
2938.800000 0.071604 
2937.800000 0.072117 
2936.800000 0.072117 
2935.900000 0.072630 
2934.900000 0.072630 
2933.900000 0.072117 
2933.000000 0.072117 
2932.000000 0.071604 
2931.000000 0.071092 
2930.100000 0.070581 
2929.100000 0.069560 
2928.200000 0.068542 
2927.200000 0.068034 
2926.200000 0.067019 
2925.300000 0.066007 
2924.300000 0.065502 
2923.300000 0.064493 
2922.400000 0.063989 
2921.400000 0.063486 
2920.400000 0.062984 
2919.500000 0.062482 
2918.500000 0.061981 
2917.500000 0.061981 
2916.600000 0.061480 
2915.600000 0.060980 
2914.700000 0.060980 
2913.700000 0.060481 
2912.700000 0.060481 
2911.800000 0.059982 
2910.800000 0.059484 
2909.800000 0.058986 
2908.900000 0.058489 
2907.900000 0.057992 
2906.900000 0.057496 
2906.000000 0.057000 
2905.000000 0.056011 
2904.000000 0.055517 
2903.100000 0.055024 
2902.100000 0.054039 
2901.100000 0.053548 
2900.200000 0.052566 
2899.200000 0.052076 
2898.300000 0.051587 
2897.300000 0.051098 
2896.300000 0.050122 
2895.400000 0.049635 
2894.400000 0.049149 
2893.400000 0.048662 
2892.500000 0.048177 
2891.500000 0.047692 
2890.500000 0.047208 
2889.600000 0.047208 
2888.600000 0.046724 
2887.600000 0.046240 
2886.700000 0.046240 
2885.700000 0.045757 
2884.800000 0.045757 
2883.800000 0.045275 
2882.800000 0.045275 
2881.900000 0.045275 
2880.900000 0.045275 
2879.900000 0.044793 
2879.000000 0.044793 
2878.000000 0.044793 
2877.000000 0.044793 
2876.100000 0.044793 
2875.100000 0.045275 
2874.100000 0.045275 
2873.200000 0.045757 
2872.200000 0.045757 
2871.200000 0.045757 
2870.300000 0.045757 
2869.300000 0.046240 
2868.400000 0.046724 
2867.400000 0.046724 
2866.400000 0.047208 
2865.500000 0.047208 
2864.500000 0.047692 
2863.500000 0.047692 
2862.600000 0.047692 
2861.600000 0.048177 
2860.600000 0.048662 
2859.700000 0.048662 
2858.700000 0.048662 
2857.700000 0.049149 
2856.800000 0.049149 
2855.800000 0.049149 
2854.900000 0.049635 
2853.900000 0.049635 
2852.900000 0.050122 
2852.000000 0.050122 
2851.000000 0.050122 
2850.000000 0.050610 
2849.100000 0.051098 
2848.100000 0.051587 
2847.100000 0.052076 
2846.200000 0.052566 
2845.200000 0.053548 
2844.200000 0.055024 
2843.300000 0.056011 
2842.300000 0.057496 
2841.400000 0.059484 
2840.400000 0.061981 
2839.400000 0.063989 
2838.500000 0.067019 
2837.500000 0.070070 
2836.500000 0.073143 
2835.600000 0.076238 
2834.600000 0.079355 
2833.600000 0.081970 
2832.700000 0.084600 
2831.700000 0.086186 
2830.700000 0.087247 
2829.800000 0.087247 
2828.800000 0.086716 
2827.800000 0.085657 
2826.900000 0.084073 
2825.900000 0.081970 
2825.000000 0.078834 
2824.000000 0.076238 
2823.000000 0.073143 
2822.100000 0.070070 
2821.100000 0.067019 
2820.100000 0.064493 
2819.200000 0.061981 
2818.200000 0.059484 
2817.200000 0.057496 
2816.300000 0.055024 
2815.300000 0.053057 
2814.300000 0.051587 
2813.400000 0.049635 
2812.400000 0.048177 
2811.500000 0.046724 
2810.500000 0.045275 
2809.500000 0.043832 
2808.600000 0.042393 
2807.600000 0.041436 
2806.600000 0.040005 
2805.700000 0.038579 
2804.700000 0.037631 
2803.700000 0.036212 
2802.800000 0.035269 
2801.800000 0.034328 
2800.800000 0.033389 
2799.900000 0.031984 
2798.900000 0.031050 
2797.900000 0.030118 
2797.000000 0.029188 
2796.000000 0.028260 
2795.100000 0.027334 
2794.100000 0.026410 
2793.100000 0.025488 
2792.200000 0.025028 
2791.200000 0.024109 
2790.200000 0.023192 
2789.300000 0.022734 
2788.300000 0.021819 
2787.300000 0.020907 
2786.400000 0.020452 
2785.400000 0.019542 
2784.400000 0.019088 
2783.500000 0.018634 
2782.500000 0.017729 
2781.600000 0.017277 
2780.600000 0.016825 
2779.600000 0.015923 
2778.700000 0.015473 
2777.700000 0.015023 
2776.700000 0.014574 
2775.800000 0.014125 
2774.800000 0.013676 
2773.800000 0.013228 
2772.900000 0.012781 
2771.900000 0.012334 
2770.900000 0.011887 
2770.000000 0.011441 
2769.000000 0.010995 
2768.100000 0.010995 
2767.100000 0.010550 
2766.100000 0.010105 
2765.200000 0.009661 
2764.200000 0.009661 
2763.200000 0.009217 
2762.300000 0.008774 
2761.300000 0.008774 
2760.300000 0.008331 
2759.400000 0.008331 
2758.400000 0.007889 
2757.400000 0.007446 
2756.500000 0.007446 
2755.500000 0.007446 
2754.500000 0.007005 
2753.600000 0.007005 
2752.600000 0.006564 
2751.700000 0.006564 
2750.700000 0.006123 
2749.700000 0.006123 
2748.800000 0.006123 
2747.800000 0.005683 
2746.800000 0.005683 
2745.900000 0.005243 
2744.900000 0.005243 
2743.900000 0.005243 
2743.000000 0.004804 
2742.000000 0.004804 
2741.000000 0.004804 
2740.100000 0.004365 
2739.100000 0.004365 
2738.200000 0.004365 
2737.200000 0.004365 
2736.200000 0.003926 
2735.300000 0.003926 
2734.300000 0.003926 
2733.300000 0.003488 
2732.400000 0.003488 
2731.400000 0.003488 
2730.400000 0.003488 
2729.500000 0.003488 
2728.500000 0.003051 
2727.500000 0.003051 
2726.600000 0.003051 
2725.600000 0.003051 
2724.600000 0.002614 
2723.700000 0.002614 
2722.700000 0.002614 
2721.800000 0.002614 
2720.800000 0.002614 
2719.800000 0.002614 
2718.900000 0.002177 
2717.900000 0.002177 
2716.900000 0.002177 
2716.000000 0.002177 
2715.000000 0.002177 
2714.000000 0.002177 
2713.100000 0.001741 
2712.100000 0.001741 
2711.100000 0.001741 
2710.200000 0.001741 
2709.200000 0.001741 
2708.300000 0.001741 
2707.300000 0.001741 
2706.300000 0.001741 
2705.400000 0.001305 
2704.400000 0.001305 
2703.400000 0.001305 
2702.500000 0.001305 
2701.500000 0.001305 
2700.500000 0.001305 
2699.600000 0.000869 
2698.600000 0.001305 
2697.600000 0.000869 
2696.700000 0.000869 
2695.700000 0.000869 
2694.700000 0.000869 
2693.800000 0.000869 
2692.800000 0.000869 
2691.900000 0.000869 
2690.900000 0.000869 
2689.900000 0.000869 
2689.000000 0.000869 
2688.000000 0.000869 
2687.000000 0.000435 
2686.100000 0.000435 
2685.100000 0.000435 
2684.100000 0.000435 
2683.200000 0.000435 
2682.200000 0.000435 
2681.200000 0.000435 
2680.300000 0.000435 
2679.300000 0.000435 
2678.400000 0.000435 
2677.400000 0.000435 
2676.400000 0.000435 
2675.500000 0.000435 
2674.500000 0.000435 
2673.500000 0.000435 
2672.600000 0.000435 
2671.600000 0.000435 
2670.600000 0.000435 
2669.700000 0.000435 
2668.700000 0.000435 
2667.700000 0.000435 
2666.800000 0.000435 
2665.800000 0.000435 
2664.900000 0.000435 
2663.900000 0.000435 
2662.900000 0.000435 
2662.000000 0.000435 
2661.000000 0.000000 
2660.000000 0.000435 
2659.100000 0.000435 
2658.100000 0.000435 
2657.100000 0.000000 
2656.200000 0.000435 
2655.200000 0.000435 
2654.200000 0.000435 
2653.300000 0.000435 
2652.300000 0.000435 
2651.300000 0.000435 
2650.400000 0.000435 
2649.400000 0.000435 
2648.500000 0.000869 
2647.500000 0.000869 
2646.500000 0.000869 
2645.600000 0.000869 
2644.600000 0.000869 
2643.600000 0.001305 
2642.700000 0.001305 
2641.700000 0.001305 
2640.700000 0.001305 
2639.800000 0.001741 
2638.800000 0.001741 
2637.800000 0.001741 
2636.900000 0.001741 
2635.900000 0.002177 
2635.000000 0.002177 
2634.000000 0.002177 
2633.000000 0.002614 
2632.100000 0.002614 
2631.100000 0.002614 
2630.100000 0.003051 
2629.200000 0.003051 
2628.200000 0.003051 
2627.200000 0.003488 
2626.300000 0.003488 
2625.300000 0.003926 
2624.300000 0.003926 
2623.400000 0.003926 
2622.400000 0.003926 
2621.400000 0.004365 
2620.500000 0.004365 
2619.500000 0.004365 
2618.600000 0.004804 
2617.600000 0.004804 
2616.600000 0.004804 
2615.700000 0.004804 
2614.700000 0.004804 
2613.700000 0.005243 
2612.800000 0.005243 
2611.800000 0.005243 
2610.800000 0.005243 
2609.900000 0.005243 
2608.900000 0.005243 
2607.900000 0.005243 
2607.000000 0.005243 
2606.000000 0.005243 
2605.100000 0.005243 
2604.100000 0.005243 
2603.100000 0.005243 
2602.200000 0.005243 
2601.200000 0.005683 
2600.200000 0.005683 
2599.300000 0.005683 
2598.300000 0.005683 
2597.300000 0.005683 
2596.400000 0.005683 
2595.400000 0.005683 
2594.400000 0.005683 
2593.500000 0.005243 
2592.500000 0.005243 
2591.600000 0.005243 
2590.600000 0.005243 
2589.600000 0.005243 
2588.700000 0.005243 
2587.700000 0.005243 
2586.700000 0.005243 
2585.800000 0.005243 
2584.800000 0.004804 
2583.800000 0.004804 
2582.900000 0.004804 
2581.900000 0.004804 
2580.900000 0.004804 
2580.000000 0.004804 
2579.000000 0.004804 
2578.000000 0.004804 
2577.100000 0.004804 
2576.100000 0.004804 
2575.200000 0.004804 
2574.200000 0.004804 
2573.200000 0.005243 
2572.300000 0.005243 
2571.300000 0.005243 
2570.300000 0.005243 
2569.400000 0.005243 
2568.400000 0.005243 
2567.400000 0.005243 
2566.500000 0.005243 
2565.500000 0.005243 
2564.500000 0.005683 
2563.600000 0.005683 
2562.600000 0.005683 
2561.700000 0.005683 
2560.700000 0.005683 
2559.700000 0.005683 
2558.800000 0.005683 
2557.800000 0.006123 
2556.800000 0.006123 
2555.900000 0.006123 
2554.900000 0.006123 
2553.900000 0.006123 
2553.000000 0.006564 
2552.000000 0.006564 
2551.000000 0.006564 
2550.100000 0.006564 
2549.100000 0.006564 
2548.100000 0.006564 
2547.200000 0.006564 
2546.200000 0.007005 
2545.300000 0.007005 
2544.300000 0.007005 
2543.300000 0.007005 
2542.400000 0.007005 
2541.400000 0.007005 
2540.400000 0.007005 
2539.500000 0.007005 
2538.500000 0.007005 
2537.500000 0.007005 
2536.600000 0.007005 
2535.600000 0.007005 
2534.600000 0.007005 
2533.700000 0.007005 
2532.700000 0.006564 
2531.800000 0.006564 
2530.800000 0.006564 
2529.800000 0.006564 
2528.900000 0.006123 
2527.900000 0.006123 
2526.900000 0.006123 
2526.000000 0.006123 
2525.000000 0.005683 
2524.000000 0.005683 
2523.100000 0.005683 
2522.100000 0.005683 
2521.100000 0.005243 
2520.200000 0.005243 
2519.200000 0.004804 
2518.200000 0.004804 
2517.300000 0.004804 
2516.300000 0.004365 
2515.400000 0.004365 
2514.400000 0.004365 
2513.400000 0.003926 
2512.500000 0.003926 
2511.500000 0.003488 
2510.500000 0.003488 
2509.600000 0.003488 
2508.600000 0.003051 
2507.600000 0.003051 
2506.700000 0.003051 
2505.700000 0.002614 
2504.700000 0.002614 
2503.800000 0.002614 
2502.800000 0.002177 
2501.900000 0.002177 
2500.900000 0.002177 
2499.900000 0.001741 
2499.000000 0.001741 
2498.000000 0.001741 
2497.000000 0.001741 
2496.100000 0.001305 
2495.100000 0.001305 
2494.100000 0.001305 
2493.200000 0.001305 
2492.200000 0.001305 
2491.200000 0.000869 
2490.300000 0.000869 
2489.300000 0.000869 
2488.400000 0.000869 
2487.400000 0.000869 
2486.400000 0.000869 
2485.500000 0.000435 
2484.500000 0.000435 
2483.500000 0.000435 
2482.600000 0.000435 
2481.600000 0.000435 
2480.600000 0.000435 
2479.700000 0.000435 
2478.700000 0.000435 
2477.700000 0.000435 
2476.800000 0.000435 
2475.800000 0.000435 
2474.800000 0.000435 
2473.900000 0.000435 
2472.900000 0.000000 
2472.000000 0.000435 
2471.000000 0.000000 
2470.000000 0.000435 
2469.100000 0.000000 
2468.100000 0.000435 
2467.100000 0.000435 
2466.200000 0.000435 
2465.200000 0.000435 
2464.200000 0.000435 
2463.300000 0.000435 
2462.300000 0.000435 
2461.300000 0.000435 
2460.400000 0.000435 
2459.400000 0.000435 
2458.500000 0.000435 
2457.500000 0.000435 
2456.500000 0.000435 
2455.600000 0.000435 
2454.600000 0.000435 
2453.600000 0.000435 
2452.700000 0.000435 
2451.700000 0.000435 
2450.700000 0.000435 
2449.800000 0.000435 
2448.800000 0.000435 
2447.800000 0.000435 
2446.900000 0.000435 
2445.900000 0.000435 
2444.900000 0.000435 
2444.000000 0.000435 
2443.000000 0.000435 
2442.100000 0.000435 
2441.100000 0.000435 
2440.100000 0.000435 
2439.200000 0.000435 
2438.200000 0.000435 
2437.200000 0.000435 
2436.300000 0.000435 
2435.300000 0.000435 
2434.300000 0.000435 
2433.400000 0.000435 
2432.400000 0.000435 
2431.400000 0.000435 
2430.500000 0.000435 
2429.500000 0.000435 
2428.600000 0.000435 
2427.600000 0.000435 
2426.600000 0.000435 
2425.700000 0.000435 
2424.700000 0.000435 
2423.700000 0.000435 
2422.800000 0.000435 
2421.800000 0.000435 
2420.800000 0.000435 
2419.900000 0.000435 
2418.900000 0.000435 
2417.900000 0.000435 
2417.000000 0.000435 
2416.000000 0.000435 
2415.100000 0.000435 
2414.100000 0.000435 
2413.100000 0.000435 
2412.200000 0.000000 
2411.200000 0.000435 
2410.200000 0.000435 
2409.300000 0.000435 
2408.300000 0.000435 
2407.300000 0.000435 
2406.400000 0.000435 
2405.400000 0.000000 
2404.400000 0.000435 
2403.500000 0.000435 
2402.500000 0.000435 
2401.500000 0.000000 
2400.600000 0.000000 
2399.600000 0.000435 
2398.700000 0.000000 
2397.700000 0.000435 
2396.700000 0.000000 
2395.800000 0.000000 
2394.800000 0.000435 
2393.800000 0.000000 
2392.900000 0.000435 
2391.900000 0.000435 
2390.900000 0.000000 
2390.000000 0.000435 
2389.000000 0.000435 
2388.000000 0.000435 
2387.100000 0.000435 
2386.100000 0.000435 
2385.200000 0.000435 
2384.200000 0.000435 
2383.200000 0.000435 
2382.300000 0.000435 
2381.300000 0.000435 
2380.300000 0.000435 
2379.400000 0.000435 
2378.400000 0.000435 
2377.400000 0.000869 
2376.500000 0.000435 
2375.500000 0.000869 
2374.500000 0.000869 
2373.600000 0.000869 
2372.600000 0.000869 
2371.600000 0.000869 
2370.700000 0.001305 
2369.700000 0.001305 
2368.800000 0.001305 
2367.800000 0.001305 
2366.800000 0.001305 
2365.900000 0.001741 
2364.900000 0.001741 
2363.900000 0.001305 
2363.000000 0.001305 
2362.000000 0.001741 
2361.000000 0.001741 
2360.100000 0.001305 
2359.100000 0.001741 
2358.100000 0.001741 
2357.200000 0.001305 
2356.200000 0.001741 
2355.300000 0.001741 
2354.300000 0.001305 
2353.300000 0.001305 
2352.400000 0.001305 
2351.400000 0.001305 
2350.400000 0.001305 
2349.500000 0.000869 
2348.500000 0.001305 
2347.500000 0.001305 
2346.600000 0.001741 
2345.600000 0.001305 
2344.600000 0.001741 
2343.700000 0.001741 
2342.700000 0.001741 
2341.800000 0.002177 
2340.800000 0.001741 
2339.800000 0.002177 
2338.900000 0.001741 
2337.900000 0.002177 
2336.900000 0.001741 
2336.000000 0.001741 
2335.000000 0.002177 
2334.000000 0.001741 
2333.100000 0.002614 
2332.100000 0.001741 
2331.100000 0.002614 
2330.200000 0.001741 
2329.200000 0.002614 
2328.200000 0.001741 
2327.300000 0.002614 
2326.300000 0.001741 
2325.400000 0.002614 
2324.400000 0.001741 
2323.400000 0.002177 
2322.500000 0.001741 
2321.500000 0.002177 
2320.500000 0.001741 
2319.600000 0.002177 
2318.600000 0.002177 
2317.600000 0.002177 
2316.700000 0.002177 
2315.700000 0.002177 
2314.700000 0.002177 
2313.800000 0.002177 
2312.800000 0.002177 
2311.900000 0.002177 
2310.900000 0.002177 
2309.900000 0.002177 
2309.000000 0.002177 
2308.000000 0.002177 
2307.000000 0.002177 
2306.100000 0.002177 
2305.100000 0.002177 
2304.100000 0.002177 
2303.200000 0.002614 
2302.200000 0.002177 
2301.200000 0.002614 
2300.300000 0.002614 
2299.300000 0.002614 
2298.400000 0.002614 
2297.400000 0.002614 
2296.400000 0.002614 
2295.500000 0.002614 
2294.500000 0.002614 
2293.500000 0.002614 
2292.600000 0.002614 
2291.600000 0.002614 
2290.600000 0.002614 
2289.700000 0.003051 
2288.700000 0.003051 
2287.700000 0.003051 
2286.800000 0.003051 
2285.800000 0.003051 
2284.800000 0.003051 
2283.900000 0.003051 
2282.900000 0.003051 
2282.000000 0.003488 
2281.000000 0.003051 
2280.000000 0.003488 
2279.100000 0.003488 
2278.100000 0.003488 
2277.100000 0.003488 
2276.200000 0.003488 
2275.200000 0.003926 
2274.200000 0.003926 
2273.300000 0.003926 
2272.300000 0.003926 
2271.300000 0.003926 
2270.400000 0.003926 
2269.400000 0.003926 
2268.500000 0.003926 
2267.500000 0.004365 
2266.500000 0.004365 
2265.600000 0.004365 
2264.600000 0.004365 
2263.600000 0.004365 
2262.700000 0.004365 
2261.700000 0.004804 
2260.700000 0.004804 
2259.800000 0.004804 
2258.800000 0.004804 
2257.800000 0.004804 
2256.900000 0.004804 
2255.900000 0.005243 
2254.900000 0.005243 
2254.000000 0.005243 
2253.000000 0.005243 
2252.100000 0.005243 
2251.100000 0.005683 
2250.100000 0.005683 
2249.200000 0.005683 
2248.200000 0.005683 
2247.200000 0.005683 
2246.300000 0.005683 
2245.300000 0.005683 
2244.300000 0.005683 
2243.400000 0.005683 
2242.400000 0.005683 
2241.400000 0.005683 
2240.500000 0.006123 
2239.500000 0.005683 
2238.600000 0.006123 
2237.600000 0.006123 
2236.600000 0.006123 
2235.700000 0.006123 
2234.700000 0.006123 
2233.700000 0.006123 
2232.800000 0.006123 
2231.800000 0.006123 
2230.800000 0.006123 
2229.900000 0.006123 
2228.900000 0.006123 
2227.900000 0.006123 
2227.000000 0.005683 
2226.000000 0.005683 
2225.000000 0.005683 
2224.100000 0.005683 
2223.100000 0.005683 
2222.200000 0.005683 
2221.200000 0.005683 
2220.200000 0.005683 
2219.300000 0.005683 
2218.300000 0.005683 
2217.300000 0.005683 
2216.400000 0.005683 
2215.400000 0.005683 
2214.400000 0.005243 
2213.500000 0.005243 
2212.500000 0.005243 
2211.500000 0.005243 
2210.600000 0.005243 
2209.600000 0.005243 
2208.700000 0.005243 
2207.700000 0.005243 
2206.700000 0.005243 
2205.800000 0.005243 
2204.800000 0.005243 
2203.800000 0.005243 
2202.900000 0.005243 
2201.900000 0.005243 
2200.900000 0.005243 
2200.000000 0.005243 
2199.000000 0.005243 
2198.000000 0.005243 
2197.100000 0.005243 
2196.100000 0.005243 
2195.200000 0.005243 
2194.200000 0.005243 
2193.200000 0.005243 
2192.300000 0.005243 
2191.300000 0.005243 
2190.300000 0.005243 
2189.400000 0.005243 
2188.400000 0.005243 
2187.400000 0.005243 
2186.500000 0.004804 
2185.500000 0.005243 
2184.500000 0.004804 
2183.600000 0.005243 
2182.600000 0.004804 
2181.600000 0.005243 
2180.700000 0.004804 
2179.700000 0.004804 
2178.800000 0.004804 
2177.800000 0.004804 
2176.800000 0.004804 
2175.900000 0.004804 
2174.900000 0.004804 
2173.900000 0.004804 
2173.000000 0.004804 
2172.000000 0.004804 
2171.000000 0.004804 
2170.100000 0.004365 
2169.100000 0.004365 
2168.100000 0.004365 
2167.200000 0.004365 
2166.200000 0.004365 
2165.300000 0.004365 
2164.300000 0.004365 
2163.300000 0.004365 
2162.400000 0.004365 
2161.400000 0.004365 
2160.400000 0.003926 
2159.500000 0.003926 
2158.500000 0.003926 
2157.500000 0.003926 
2156.600000 0.003926 
2155.600000 0.003926 
2154.600000 0.003926 
2153.700000 0.003926 
2152.700000 0.003926 
2151.800000 0.003926 
2150.800000 0.003926 
2149.800000 0.003488 
2148.900000 0.003488 
2147.900000 0.003488 
2146.900000 0.003488 
2146.000000 0.003488 
2145.000000 0.003488 
2144.000000 0.003926 
2143.100000 0.003926 
2142.100000 0.004365 
2141.100000 0.004804 
2140.200000 0.005243 
2139.200000 0.005683 
2138.200000 0.006564 
2137.300000 0.006564 
2136.300000 0.007005 
2135.400000 0.006564 
2134.400000 0.006564 
2133.400000 0.006123 
2132.500000 0.005243 
2131.500000 0.004804 
2130.500000 0.003926 
2129.600000 0.003488 
2128.600000 0.003051 
2127.600000 0.002614 
2126.700000 0.002614 
2125.700000 0.002177 
2124.700000 0.002177 
2123.800000 0.002177 
2122.800000 0.001741 
2121.900000 0.001741 
2120.900000 0.001741 
2119.900000 0.001741 
2119.000000 0.001741 
2118.000000 0.001741 
2117.000000 0.001741 
2116.100000 0.001305 
2115.100000 0.001305 
2114.100000 0.001305 
2113.200000 0.001305 
2112.200000 0.001305 
2111.200000 0.001305 
2110.300000 0.001305 
2109.300000 0.000869 
2108.300000 0.000869 
2107.400000 0.000869 
2106.400000 0.000869 
2105.500000 0.000869 
2104.500000 0.000869 
2103.500000 0.000869 
2102.600000 0.000869 
2101.600000 0.000869 
2100.600000 0.000869 
2099.700000 0.000869 
2098.700000 0.000869 
2097.700000 0.000869 
2096.800000 0.000435 
2095.800000 0.000435 
2094.800000 0.000435 
2093.900000 0.000435 
2092.900000 0.000435 
2092.000000 0.000435 
2091.000000 0.000435 
2090.000000 0.000435 
2089.100000 0.000435 
2088.100000 0.000435 
2087.100000 0.000435 
2086.200000 0.000435 
2085.200000 0.000435 
2084.200000 0.000435 
2083.300000 0.000435 
2082.300000 0.000435 
2081.300000 0.000435 
2080.400000 0.000435 
2079.400000 0.000435 
2078.400000 0.000435 
2077.500000 0.000435 
2076.500000 0.000435 
2075.600000 0.000435 
2074.600000 0.000435 
2073.600000 0.000435 
2072.700000 0.000435 
2071.700000 0.000435 
2070.700000 0.000435 
2069.800000 0.000435 
2068.800000 0.000435 
2067.800000 0.000435 
2066.900000 0.000435 
2065.900000 0.000435 
2064.900000 0.000435 
2064.000000 0.000435 
2063.000000 0.000435 
2062.100000 0.000435 
2061.100000 0.000435 
2060.100000 0.000435 
2059.200000 0.000435 
2058.200000 0.000869 
2057.200000 0.000869 
2056.300000 0.000869 
2055.300000 0.000869 
2054.300000 0.000869 
2053.400000 0.000869 
2052.400000 0.000869 
2051.400000 0.000869 
2050.500000 0.000869 
2049.500000 0.000869 
2048.600000 0.000869 
2047.600000 0.000869 
2046.600000 0.000869 
2045.700000 0.000869 
2044.700000 0.001305 
2043.700000 0.000869 
2042.800000 0.000869 
2041.800000 0.001305 
2040.800000 0.000869 
2039.900000 0.001305 
2038.900000 0.001305 
2037.900000 0.001305 
2037.000000 0.001305 
2036.000000 0.001305 
2035.000000 0.001305 
2034.100000 0.001305 
2033.100000 0.000869 
2032.200000 0.000869 
2031.200000 0.000869 
2030.200000 0.000869 
2029.300000 0.000869 
2028.300000 0.000869 
2027.300000 0.000869 
2026.400000 0.000869 
2025.400000 0.000869 
2024.400000 0.000869 
2023.500000 0.000869 
2022.500000 0.000869 
2021.500000 0.000869 
2020.600000 0.000869 
2019.600000 0.000869 
2018.700000 0.000869 
2017.700000 0.000869 
2016.700000 0.000869 
2015.800000 0.000869 
2014.800000 0.000869 
2013.800000 0.000869 
2012.900000 0.000869 
2011.900000 0.000869 
2010.900000 0.000869 
2010.000000 0.000869 
2009.000000 0.000869 
2008.000000 0.000869 
2007.100000 0.000869 
2006.100000 0.000869 
2005.100000 0.000869 
2004.200000 0.000869 
2003.200000 0.000869 
2002.300000 0.000869 
2001.300000 0.000869 
2000.300000 0.000435 
1999.400000 0.000435 
1998.400000 0.000435 
1997.400000 0.000435 
1996.500000 0.000435 
1995.500000 0.000435 
1994.500000 0.000435 
1993.600000 0.000435 
1992.600000 0.000435 
1991.600000 0.000435 
1990.700000 0.000435 
1989.700000 0.000435 
1988.800000 0.000435 
1987.800000 0.000435 
1986.800000 0.000435 
1985.900000 0.000435 
1984.900000 0.000435 
1983.900000 0.000435 
1983.000000 0.000435 
1982.000000 0.000435 
1981.000000 0.000435 
1980.100000 0.000435 
1979.100000 0.000435 
1978.100000 0.000435 
1977.200000 0.000435 
1976.200000 0.000000 
1975.300000 0.000435 
1974.300000 0.000000 
1973.300000 0.000435 
1972.400000 0.000000 
1971.400000 0.000435 
1970.400000 0.000435 
1969.500000 0.000435 
1968.500000 0.000435 
1967.500000 0.000435 
1966.600000 0.000435 
1965.600000 0.000435 
1964.600000 0.000435 
1963.700000 0.000435 
1962.700000 0.000435 
1961.700000 0.000435 
1960.800000 0.000435 
1959.800000 0.000435 
1958.900000 0.000000 
1957.900000 0.000435 
1956.900000 0.000435 
1956.000000 0.000435 
1955.000000 0.000435 
1954.000000 0.000435 
1953.100000 0.000435 
1952.100000 0.000435 
1951.100000 0.000435 
1950.200000 0.000435 
1949.200000 0.000435 
1948.200000 0.000435 
1947.300000 0.000435 
1946.300000 0.000435 
1945.400000 0.000435 
1944.400000 0.000435 
1943.400000 0.000435 
1942.500000 0.000435 
1941.500000 0.000435 
1940.500000 0.000435 
1939.600000 0.000435 
1938.600000 0.000435 
1937.600000 0.000435 
1936.700000 0.000435 
1935.700000 0.000435 
1934.700000 0.000435 
1933.800000 0.000435 
1932.800000 0.000435 
1931.800000 0.000435 
1930.900000 0.000435 
1929.900000 0.000435 
1929.000000 0.000435 
1928.000000 0.000435 
1927.000000 0.000435 
1926.100000 0.000435 
1925.100000 0.000435 
1924.100000 0.000435 
1923.200000 0.000435 
1922.200000 0.000435 
1921.200000 0.000435 
1920.300000 0.000435 
1919.300000 0.000435 
1918.300000 0.000435 
1917.400000 0.000435 
1916.400000 0.000435 
1915.500000 0.000435 
1914.500000 0.000435 
1913.500000 0.000435 
1912.600000 0.000435 
1911.600000 0.000435 
1910.600000 0.000435 
1909.700000 0.000435 
1908.700000 0.000435 
1907.700000 0.000435 
1906.800000 0.000435 
1905.800000 0.000435 
1904.800000 0.000435 
1903.900000 0.000435 
1902.900000 0.000435 
1901.900000 0.000435 
1901.000000 0.000435 
1900.000000 0.000435 
1899.100000 0.000435 
1898.100000 0.000435 
1897.100000 0.000435 
1896.200000 0.000435 
1895.200000 0.000435 
1894.200000 0.000435 
1893.300000 0.000435 
1892.300000 0.000435 
1891.300000 0.000435 
1890.400000 0.000435 
1889.400000 0.000435 
1888.400000 0.000435 
1887.500000 0.000435 
1886.500000 0.000435 
1885.600000 0.000435 
1884.600000 0.000435 
1883.600000 0.000435 
1882.700000 0.000435 
1881.700000 0.000435 
1880.700000 0.000435 
1879.800000 0.000435 
1878.800000 0.000435 
1877.800000 0.000435 
1876.900000 0.000435 
1875.900000 0.000435 
1874.900000 0.000435 
1874.000000 0.000435 
1873.000000 0.000435 
1872.100000 0.000435 
1871.100000 0.000435 
1870.100000 0.000435 
1869.200000 0.000435 
1868.200000 0.000435 
1867.200000 0.000435 
1866.300000 0.000435 
1865.300000 0.000435 
1864.300000 0.000435 
1863.400000 0.000435 
1862.400000 0.000435 
1861.400000 0.000435 
1860.500000 0.000435 
1859.500000 0.000435 
1858.500000 0.000435 
1857.600000 0.000435 
1856.600000 0.000435 
1855.700000 0.000435 
1854.700000 0.000435 
1853.700000 0.000435 
1852.800000 0.000435 
1851.800000 0.000435 
1850.800000 0.000435 
1849.900000 0.000435 
1848.900000 0.000435 
1847.900000 0.000435 
1847.000000 0.000435 
1846.000000 0.000435 
1845.000000 0.000435 
1844.100000 0.000435 
1843.100000 0.000435 
1842.200000 0.000435 
1841.200000 0.000435 
1840.200000 0.000435 
1839.300000 0.000435 
1838.300000 0.000435 
1837.300000 0.000435 
1836.400000 0.000435 
1835.400000 0.000435 
1834.400000 0.000435 
1833.500000 0.000435 
1832.500000 0.000435 
1831.500000 0.000435 
1830.600000 0.000435 
1829.600000 0.000435 
1828.600000 0.000435 
1827.700000 0.000000 
1826.700000 0.000435 
1825.800000 0.000435 
1824.800000 0.000000 
1823.800000 0.000435 
1822.900000 0.000435 
1821.900000 0.000435 
1820.900000 0.000435 
1820.000000 0.000000 
1819.000000 0.000435 
1818.000000 0.000435 
1817.100000 0.000000 
1816.100000 0.000000 
1815.100000 0.000435 
1814.200000 0.000000 
1813.200000 0.000435 
1812.300000 0.000435 
1811.300000 0.000435 
1810.300000 0.000435 
1809.400000 0.000000 
1808.400000 0.000000 
1807.400000 0.000435 
1806.500000 0.000435 
1805.500000 0.000435 
1804.500000 0.000435 
1803.600000 0.000435 
1802.600000 0.000435 
1801.600000 0.000435 
1800.700000 0.000435 
1799.700000 0.000435 
1798.800000 0.000435 
1797.800000 0.000435 
1796.800000 0.000435 
1795.900000 0.000435 
1794.900000 0.000435 
1793.900000 0.000435 
1793.000000 0.000435 
1792.000000 0.000435 
1791.000000 0.000435 
1790.100000 0.000435 
1789.100000 0.000435 
1788.100000 0.000435 
1787.200000 0.000435 
1786.200000 0.000435 
1785.200000 0.000435 
1784.300000 0.000435 
1783.300000 0.000435 
1782.400000 0.000435 
1781.400000 0.000435 
1780.400000 0.000435 
1779.500000 0.000435 
1778.500000 0.000435 
1777.500000 0.000435 
1776.600000 0.000435 
1775.600000 0.000435 
1774.600000 0.000869 
1773.700000 0.000869 
1772.700000 0.000869 
1771.700000 0.000869 
1770.800000 0.000869 
1769.800000 0.000869 
1768.900000 0.000869 
1767.900000 0.000869 
1766.900000 0.000869 
1766.000000 0.000869 
1765.000000 0.000869 
1764.000000 0.000869 
1763.100000 0.001305 
1762.100000 0.001305 
1761.100000 0.001305 
1760.200000 0.001305 
1759.200000 0.001305 
1758.200000 0.001741 
1757.300000 0.001741 
1756.300000 0.001741 
1755.300000 0.001741 
1754.400000 0.001741 
1753.400000 0.001741 
1752.500000 0.001741 
1751.500000 0.002177 
1750.500000 0.002177 
1749.600000 0.002177 
1748.600000 0.002177 
1747.600000 0.002614 
1746.700000 0.002614 
1745.700000 0.002614 
1744.700000 0.002614 
1743.800000 0.003051 
1742.800000 0.003051 
1741.800000 0.003051 
1740.900000 0.003488 
1739.900000 0.003488 
1739.000000 0.003488 
1738.000000 0.003926 
1737.000000 0.003926 
1736.100000 0.003926 
1735.100000 0.004365 
1734.100000 0.004804 
1733.200000 0.004804 
1732.200000 0.004804 
1731.200000 0.004804 
1730.300000 0.005243 
1729.300000 0.005243 
1728.300000 0.005683 
1727.400000 0.005683 
1726.400000 0.006123 
1725.400000 0.006123 
1724.500000 0.006564 
1723.500000 0.006564 
1722.600000 0.007005 
1721.600000 0.007005 
1720.600000 0.007446 
1719.700000 0.007889 
1718.700000 0.008331 
1717.700000 0.008774 
1716.800000 0.008774 
1715.800000 0.009217 
1714.800000 0.009217 
1713.900000 0.009217 
1712.900000 0.009661 
1711.900000 0.010105 
1711.000000 0.010550 
1710.000000 0.010550 
1709.100000 0.010995 
1708.100000 0.010995 
1707.100000 0.011887 
1706.200000 0.011887 
1705.200000 0.012334 
1704.200000 0.012781 
1703.300000 0.013228 
1702.300000 0.013228 
1701.300000 0.013676 
1700.400000 0.014574 
1699.400000 0.014574 
1698.400000 0.014574 
1697.500000 0.015023 
1696.500000 0.015923 
1695.600000 0.015923 
1694.600000 0.016374 
1693.600000 0.016374 
1692.700000 0.016825 
1691.700000 0.017277 
1690.700000 0.017729 
1689.800000 0.017729 
1688.800000 0.018181 
1687.800000 0.018181 
1686.900000 0.018634 
1685.900000 0.019088 
1684.900000 0.019542 
1684.000000 0.019088 
1683.000000 0.019542 
1682.000000 0.019542 
1681.100000 0.019542 
1680.100000 0.019997 
1679.200000 0.019997 
1678.200000 0.019997 
1677.200000 0.019997 
1676.300000 0.019997 
1675.300000 0.019997 
1674.300000 0.019997 
1673.400000 0.019542 
1672.400000 0.019542 
1671.400000 0.019542 
1670.500000 0.019542 
1669.500000 0.019542 
1668.500000 0.019088 
1667.600000 0.019088 
1666.600000 0.018634 
1665.700000 0.018634 
1664.700000 0.018181 
1663.700000 0.018181 
1662.800000 0.018181 
1661.800000 0.017729 
1660.800000 0.017277 
1659.900000 0.016825 
1658.900000 0.016825 
1657.900000 0.016825 
1657.000000 0.016374 
1656.000000 0.015923 
1655.000000 0.015923 
1654.100000 0.015923 
1653.100000 0.015473 
1652.200000 0.015023 
1651.200000 0.014574 
1650.200000 0.014125 
1649.300000 0.014125 
1648.300000 0.013676 
1647.300000 0.013676 
1646.400000 0.013676 
1645.400000 0.012781 
1644.400000 0.012781 
1643.500000 0.012334 
1642.500000 0.011887 
1641.500000 0.011887 
1640.600000 0.011441 
1639.600000 0.010995 
1638.600000 0.010995 
1637.700000 0.010550 
1636.700000 0.010550 
1635.800000 0.010550 
1634.800000 0.010105 
1633.800000 0.009661 
1632.900000 0.009217 
1631.900000 0.008774 
1630.900000 0.008774 
1630.000000 0.008331 
1629.000000 0.008331 
1628.000000 0.007889 
1627.100000 0.007889 
1626.100000 0.007446 
1625.100000 0.007446 
1624.200000 0.007005 
1623.200000 0.007005 
1622.300000 0.006564 
1621.300000 0.006564 
1620.300000 0.006123 
1619.400000 0.006123 
1618.400000 0.005683 
1617.400000 0.006123 
1616.500000 0.005683 
1615.500000 0.005243 
1614.500000 0.005243 
1613.600000 0.004804 
1612.600000 0.004804 
1611.600000 0.004804 
1610.700000 0.004804 
1609.700000 0.004365 
1608.700000 0.004365 
1607.800000 0.004365 
1606.800000 0.003926 
1605.900000 0.003926 
1604.900000 0.003926 
1603.900000 0.003926 
1603.000000 0.003926 
1602.000000 0.003926 
1601.000000 0.003488 
1600.100000 0.003488 
1599.100000 0.003488 
1598.100000 0.003488 
1597.200000 0.003488 
1596.200000 0.003488 
1595.200000 0.003488 
1594.300000 0.003488 
1593.300000 0.003051 
1592.400000 0.003051 
1591.400000 0.003051 
1590.400000 0.003051 
1589.500000 0.003051 
1588.500000 0.003051 
1587.500000 0.002614 
1586.600000 0.002614 
1585.600000 0.002614 
1584.600000 0.002614 
1583.700000 0.002614 
1582.700000 0.002614 
1581.700000 0.002614 
1580.800000 0.002614 
1579.800000 0.002177 
1578.800000 0.002177 
1577.900000 0.002177 
1576.900000 0.002614 
1576.000000 0.002614 
1575.000000 0.002177 
1574.000000 0.002177 
1573.100000 0.002177 
1572.100000 0.002177 
1571.100000 0.002177 
1570.200000 0.002177 
1569.200000 0.002177 
1568.200000 0.001741 
1567.300000 0.001741 
1566.300000 0.001741 
1565.300000 0.001741 
1564.400000 0.001741 
1563.400000 0.001741 
1562.500000 0.001741 
1561.500000 0.001741 
1560.500000 0.002177 
1559.600000 0.001741 
1558.600000 0.002177 
1557.600000 0.001741 
1556.700000 0.001305 
1555.700000 0.001305 
1554.700000 0.001741 
1553.800000 0.001305 
1552.800000 0.001305 
1551.800000 0.001305 
1550.900000 0.001305 
1549.900000 0.001305 
1549.000000 0.000869 
1548.000000 0.000869 
1547.000000 0.000869 
1546.100000 0.000869 
1545.100000 0.000869 
1544.100000 0.000869 
1543.200000 0.000869 
1542.200000 0.000869 
1541.200000 0.000869 
1540.300000 0.000869 
1539.300000 0.000869 
1538.300000 0.000869 
1537.400000 0.000435 
1536.400000 0.000435 
1535.400000 0.000435 
1534.500000 0.000435 
1533.500000 0.000435 
1532.600000 0.000435 
1531.600000 0.000435 
1530.600000 0.000435 
1529.700000 0.000435 
1528.700000 0.000000 
1527.700000 0.000435 
1526.800000 0.000000 
1525.800000 0.000435 
1524.800000 0.000435 
1523.900000 0.000000 
1522.900000 0.000435 
1521.900000 0.000435 
1521.000000 0.000435 
1520.000000 0.000435 
1519.100000 0.000435 
1518.100000 0.000435 
1517.100000 0.000869 
1516.200000 0.000869 
1515.200000 0.000869 
1514.200000 0.000869 
1513.300000 0.001305 
1512.300000 0.001305 
1511.300000 0.001305 
1510.400000 0.001741 
1509.400000 0.002177 
1508.400000 0.002177 
1507.500000 0.002614 
1506.500000 0.003051 
1505.500000 0.003051 
1504.600000 0.003051 
1503.600000 0.003488 
1502.700000 0.003926 
1501.700000 0.004365 
1500.700000 0.004804 
1499.800000 0.005683 
1498.800000 0.006123 
1497.800000 0.006564 
1496.900000 0.007446 
1495.900000 0.007889 
1494.900000 0.008774 
1494.000000 0.010105 
1493.000000 0.010995 
1492.000000 0.011887 
1491.100000 0.013228 
1490.100000 0.014574 
1489.200000 0.015473 
1488.200000 0.016825 
1487.200000 0.018181 
1486.300000 0.019542 
1485.300000 0.021363 
1484.300000 0.022276 
1483.400000 0.024109 
1482.400000 0.025028 
1481.400000 0.026410 
1480.500000 0.027334 
1479.500000 0.028260 
1478.500000 0.028724 
1477.600000 0.028724 
1476.600000 0.028724 
1475.700000 0.027797 
1474.700000 0.026872 
1473.700000 0.025949 
1472.800000 0.025028 
1471.800000 0.024109 
1470.800000 0.023650 
1469.900000 0.023650 
1468.900000 0.024109 
1467.900000 0.025028 
1467.000000 0.025949 
1466.000000 0.026872 
1465.000000 0.027797 
1464.100000 0.028260 
1463.100000 0.028260 
1462.100000 0.028260 
1461.200000 0.028260 
1460.200000 0.027797 
1459.300000 0.027797 
1458.300000 0.026872 
1457.300000 0.026872 
1456.400000 0.026410 
1455.400000 0.025949 
1454.400000 0.026410 
1453.500000 0.026410 
1452.500000 0.026872 
1451.500000 0.027334 
1450.600000 0.027797 
1449.600000 0.027797 
1448.600000 0.027797 
1447.700000 0.027797 
1446.700000 0.026872 
1445.800000 0.026410 
1444.800000 0.025488 
1443.800000 0.024568 
1442.900000 0.023650 
1441.900000 0.022734 
1440.900000 0.022276 
1440.000000 0.021819 
1439.000000 0.021819 
1438.000000 0.021819 
1437.100000 0.022276 
1436.100000 0.022276 
1435.100000 0.022276 
1434.200000 0.022734 
1433.200000 0.022734 
1432.300000 0.023192 
1431.300000 0.023650 
1430.300000 0.024109 
1429.400000 0.024109 
1428.400000 0.024568 
1427.400000 0.024568 
1426.500000 0.024568 
1425.500000 0.024568 
1424.500000 0.024568 
1423.600000 0.024109 
1422.600000 0.024109 
1421.600000 0.023650 
1420.700000 0.023650 
1419.700000 0.023650 
1418.700000 0.022734 
1417.800000 0.022734 
1416.800000 0.022276 
1415.900000 0.021819 
1414.900000 0.021363 
1413.900000 0.020452 
1413.000000 0.019997 
1412.000000 0.019542 
1411.000000 0.019088 
1410.100000 0.018181 
1409.100000 0.017729 
1408.100000 0.016825 
1407.200000 0.016374 
1406.200000 0.015473 
1405.200000 0.015023 
1404.300000 0.014574 
1403.300000 0.013676 
1402.300000 0.013228 
1401.400000 0.012334 
1400.400000 0.011887 
1399.500000 0.011441 
1398.500000 0.010550 
1397.500000 0.010105 
1396.600000 0.009661 
1395.600000 0.009217 
1394.600000 0.008774 
1393.700000 0.008331 
1392.700000 0.007446 
1391.700000 0.007446 
1390.800000 0.007005 
1389.800000 0.006123 
1388.800000 0.006123 
1387.900000 0.005683 
1386.900000 0.005243 
1386.000000 0.005243 
1385.000000 0.004804 
1384.000000 0.004365 
1383.100000 0.004365 
1382.100000 0.003926 
1381.100000 0.003488 
1380.200000 0.003488 
1379.200000 0.003051 
1378.200000 0.003051 
1377.300000 0.002614 
1376.300000 0.002614 
1375.300000 0.002614 
1374.400000 0.002614 
1373.400000 0.002177 
1372.500000 0.002177 
1371.500000 0.002177 
1370.500000 0.001741 
1369.600000 0.001741 
1368.600000 0.001741 
1367.600000 0.001741 
1366.700000 0.001741 
1365.700000 0.001741 
1364.700000 0.001305 
1363.800000 0.001305 
1362.800000 0.001305 
1361.800000 0.001305 
1360.900000 0.001305 
1359.900000 0.001305 
1358.900000 0.000869 
1358.000000 0.000869 
1357.000000 0.000869 
1356.100000 0.000869 
1355.100000 0.000869 
1354.100000 0.000869 
1353.200000 0.000869 
1352.200000 0.000869 
1351.200000 0.000869 
1350.300000 0.000869 
1349.300000 0.000435 
1348.300000 0.000435 
1347.400000 0.000435 
1346.400000 0.000435 
1345.400000 0.000435 
1344.500000 0.000435 
1343.500000 0.000435 
1342.600000 0.000435 
1341.600000 0.000435 
1340.600000 0.000435 
1339.700000 0.000435 
1338.700000 0.000435 
1337.700000 0.000435 
1336.800000 0.000435 
1335.800000 0.000435 
1334.800000 0.000435 
1333.900000 0.000435 
1332.900000 0.000435 
1331.900000 0.000435 
1331.000000 0.000435 
1330.000000 0.000435 
1329.100000 0.000435 
1328.100000 0.000435 
1327.100000 0.000435 
1326.200000 0.000435 
1325.200000 0.000435 
1324.200000 0.000435 
1323.300000 0.000435 
1322.300000 0.000435 
1321.300000 0.000000 
1320.400000 0.000435 
1319.400000 0.000435 
1318.400000 0.000000 
1317.500000 0.000435 
1316.500000 0.000435 
1315.500000 0.000435 
1314.600000 0.000435 
1313.600000 0.000435 
1312.700000 0.000435 
1311.700000 0.000435 
1310.700000 0.000435 
1309.800000 0.000435 
1308.800000 0.000435 
1307.800000 0.000435 
1306.900000 0.000000 
1305.900000 0.000435 
1304.900000 0.000435 
1304.000000 0.000435 
1303.000000 0.000435 
1302.000000 0.000435 
1301.100000 0.000435 
1300.100000 0.000435 
1299.200000 0.000435 
1298.200000 0.000435 
1297.200000 0.000435 
1296.300000 0.000435 
1295.300000 0.000435 
1294.300000 0.000435 
1293.400000 0.000435 
1292.400000 0.000435 
1291.400000 0.000435 
1290.500000 0.000435 
1289.500000 0.000435 
1288.500000 0.000435 
1287.600000 0.000435 
1286.600000 0.000435 
1285.600000 0.000435 
1284.700000 0.000435 
1283.700000 0.000435 
1282.800000 0.000435 
1281.800000 0.000435 
1280.800000 0.000435 
1279.900000 0.000435 
1278.900000 0.000435 
1277.900000 0.000435 
1277.000000 0.000435 
1276.000000 0.000435 
1275.000000 0.000000 
1274.100000 0.000435 
1273.100000 0.000000 
1272.100000 0.000435 
1271.200000 0.000435 
1270.200000 0.000435 
1269.300000 0.000000 
1268.300000 0.000000 
1267.300000 0.000435 
1266.400000 0.000000 
1265.400000 0.000435 
1264.400000 0.000435 
1263.500000 0.000435 
1262.500000 0.000000 
1261.500000 0.000435 
1260.600000 0.000435 
1259.600000 0.000435 
1258.600000 0.000435 
1257.700000 0.000435 
1256.700000 0.000435 
1255.800000 0.000435 
1254.800000 0.000435 
1253.800000 0.000435 
1252.900000 0.000435 
1251.900000 0.000435 
1250.900000 0.000435 
1250.000000 0.000435 
1249.000000 0.000435 
1248.000000 0.000435 
1247.100000 0.000435 
1246.100000 0.000435 
1245.100000 0.000435 
1244.200000 0.000435 
1243.200000 0.000435 
1242.200000 0.000435 
1241.300000 0.000435 
1240.300000 0.000435 
1239.400000 0.000435 
1238.400000 0.000435 
1237.400000 0.000435 
1236.500000 0.000435 
1235.500000 0.000435 
1234.500000 0.000000 
1233.600000 0.000435 
1232.600000 0.000435 
1231.600000 0.000435 
1230.700000 0.000435 
1229.700000 0.000435 
1228.700000 0.000435 
1227.800000 0.000435 
1226.800000 0.000435 
1225.900000 0.000435 
1224.900000 0.000435 
1223.900000 0.000435 
1223.000000 0.000435 
1222.000000 0.000435 
1221.000000 0.000435 
1220.100000 0.000435 
1219.100000 0.000435 
1218.100000 0.000435 
1217.200000 0.000435 
1216.200000 0.000435 
1215.200000 0.000435 
1214.300000 0.000435 
1213.300000 0.000435 
1212.300000 0.000435 
1211.400000 0.000435 
1210.400000 0.000435 
1209.500000 0.000435 
1208.500000 0.000435 
1207.500000 0.000435 
1206.600000 0.000435 
1205.600000 0.000435 
1204.600000 0.000435 
1203.700000 0.000435 
1202.700000 0.000435 
1201.700000 0.000435 
1200.800000 0.000435 
1199.800000 0.000435 
1198.800000 0.000435 
1197.900000 0.000435 
1196.900000 0.000435 
1196.000000 0.000435 
1195.000000 0.000435 
1194.000000 0.000435 
1193.100000 0.000435 
1192.100000 0.000435 
1191.100000 0.000435 
1190.200000 0.000435 
1189.200000 0.000435 
1188.200000 0.000435 
1187.300000 0.000435 
1186.300000 0.000435 
1185.300000 0.000435 
1184.400000 0.000435 
1183.400000 0.000435 
1182.400000 0.000435 
1181.500000 0.000435 
1180.500000 0.000435 
1179.600000 0.000435 
1178.600000 0.000435 
1177.600000 0.000435 
1176.700000 0.000435 
1175.700000 0.000435 
1174.700000 0.000435 
1173.800000 0.000435 
1172.800000 0.000869 
1171.800000 0.000869 
1170.900000 0.000869 
1169.900000 0.001305 
1168.900000 0.001305 
1168.000000 0.001741 
1167.000000 0.001741 
1166.100000 0.001741 
1165.100000 0.002177 
1164.100000 0.002177 
1163.200000 0.002177 
1162.200000 0.002614 
1161.200000 0.002614 
1160.300000 0.002614 
1159.300000 0.002614 
1158.300000 0.002614 
1157.400000 0.002177 
1156.400000 0.002177 
1155.400000 0.002177 
1154.500000 0.001741 
1153.500000 0.001741 
1152.600000 0.001741 
1151.600000 0.001741 
1150.600000 0.001741 
1149.700000 0.001741 
1148.700000 0.002177 
1147.700000 0.002614 
1146.800000 0.003051 
1145.800000 0.003488 
1144.800000 0.003926 
1143.900000 0.004804 
1142.900000 0.005683 
1141.900000 0.006564 
1141.000000 0.007889 
1140.000000 0.008774 
1139.000000 0.010105 
1138.100000 0.011441 
1137.100000 0.012334 
1136.200000 0.014125 
1135.200000 0.015023 
1134.200000 0.016374 
1133.300000 0.017277 
1132.300000 0.018634 
1131.300000 0.019542 
1130.400000 0.020452 
1129.400000 0.020907 
1128.400000 0.021819 
1127.500000 0.022276 
1126.500000 0.022734 
1125.500000 0.022734 
1124.600000 0.022734 
1123.600000 0.023192 
1122.700000 0.023192 
1121.700000 0.022734 
1120.700000 0.022276 
1119.800000 0.021819 
1118.800000 0.020907 
1117.800000 0.019997 
1116.900000 0.019088 
1115.900000 0.018181 
1114.900000 0.017277 
1114.000000 0.015923 
1113.000000 0.014574 
1112.000000 0.013676 
1111.100000 0.012334 
1110.100000 0.010995 
1109.100000 0.009661 
1108.200000 0.008774 
1107.200000 0.007446 
1106.300000 0.006564 
1105.300000 0.005683 
1104.300000 0.004804 
1103.400000 0.003926 
1102.400000 0.003488 
1101.400000 0.003051 
1100.500000 0.002614 
1099.500000 0.002177 
1098.500000 0.001741 
1097.600000 0.001305 
1096.600000 0.001305 
1095.600000 0.001305 
1094.700000 0.000869 
1093.700000 0.000869 
1092.800000 0.000869 
1091.800000 0.000869 
1090.800000 0.000869 
1089.900000 0.000435 
1088.900000 0.000435 
1087.900000 0.000435 
1087.000000 0.000435 
1086.000000 0.000435 
1085.000000 0.000435 
1084.100000 0.000000 
1083.100000 0.000435 
1082.100000 0.000435 
1081.200000 0.000435 
1080.200000 0.000435 
1079.300000 0.000465 
1078.300000 0.000491 
1077.300000 0.000521 
1076.400000 0.000552 
1075.400000 0.000578 
1074.400000 0.000608 
1073.500000 0.000635 
1072.500000 0.001100 
1071.500000 0.000695 
1070.600000 0.001157 
1069.600000 0.001187 
1068.600000 0.001218 
1067.700000 0.001244 
1066.700000 0.001274 
1065.700000 0.001736 
1064.800000 0.001767 
1063.800000 0.001797 
1062.900000 0.002260 
1061.900000 0.002290 
1060.900000 0.002753 
1060.000000 0.003221 
1059.000000 0.003252 
1058.000000 0.004154 
1057.100000 0.004624 
1056.100000 0.005529 
1055.100000 0.006440 
1054.200000 0.008238 
1053.200000 0.010039 
1052.200000 0.012298 
1051.300000 0.015464 
1050.300000 0.018657 
1049.400000 0.022331 
1048.400000 0.026955 
1047.400000 0.032101 
1046.500000 0.037778 
1045.500000 0.044014 
1044.500000 0.050830 
1043.600000 0.057749 
1042.600000 0.064281 
1041.600000 0.071420 
1040.700000 0.078163 
1039.700000 0.085012 
1038.700000 0.091966 
1037.800000 0.098493 
1036.800000 0.104009 
1035.800000 0.110161 
1034.900000 0.115267 
1033.900000 0.120428 
1033.000000 0.124499 
1032.000000 0.128608 
1031.000000 0.131573 
1030.100000 0.134564 
1029.100000 0.136975 
1028.100000 0.138209 
1027.200000 0.139446 
1026.200000 0.140082 
1025.200000 0.140123 
1024.300000 0.139560 
1023.300000 0.138406 
1022.300000 0.137255 
1021.400000 0.135507 
1020.400000 0.133772 
1019.500000 0.132038 
1018.500000 0.129731 
1017.500000 0.128019 
1016.600000 0.126307 
1015.600000 0.124031 
1014.600000 0.121760 
1013.700000 0.118935 
1012.700000 0.116129 
1011.700000 0.112208 
1010.800000 0.108329 
1009.800000 0.103375 
1008.800000 0.097937 
1007.900000 0.092030 
1006.900000 0.085667 
1006.000000 0.078881 
1005.000000 0.071681 
1004.000000 0.064604 
1003.100000 0.057144 
1002.100000 0.050293 
1001.100000 0.044033 
1000.200000 0.037858 
999.200000 0.032241 
998.230000 0.027621 
997.270000 0.023045 
996.310000 0.019883 
995.340000 0.016744 
994.380000 0.014520 
993.410000 0.012311 
992.450000 0.011000 
991.480000 0.009697 
990.520000 0.008840 
989.550000 0.007981 
988.590000 0.007570 
987.630000 0.007155 
986.660000 0.006745 
985.700000 0.006775 
984.730000 0.006361 
983.770000 0.006392 
982.800000 0.006418 
981.840000 0.006449 
980.870000 0.006480 
979.910000 0.006506 
978.940000 0.006537 
977.980000 0.006564 
977.020000 0.006595 
976.050000 0.006626 
975.090000 0.007093 
974.120000 0.007124 
973.160000 0.007151 
972.190000 0.007181 
971.230000 0.007654 
970.260000 0.007681 
969.300000 0.008154 
968.340000 0.008180 
967.370000 0.008654 
966.410000 0.008685 
965.440000 0.009155 
964.480000 0.009186 
963.510000 0.009657 
962.550000 0.009688 
961.580000 0.009719 
960.620000 0.010190 
959.660000 0.010666 
958.690000 0.010693 
957.730000 0.011169 
956.760000 0.011200 
955.800000 0.011673 
954.830000 0.012151 
953.870000 0.012182 
952.900000 0.012656 
951.940000 0.012687 
950.970000 0.013161 
950.010000 0.013192 
949.050000 0.013672 
948.080000 0.014147 
947.120000 0.014627 
946.150000 0.014654 
945.190000 0.015135 
944.220000 0.015167 
943.260000 0.015644 
942.290000 0.016126 
941.330000 0.016604 
940.370000 0.016635 
939.400000 0.017118 
938.440000 0.017598 
937.470000 0.018082 
936.510000 0.018109 
935.540000 0.018594 
934.580000 0.019079 
933.610000 0.019106 
932.650000 0.019592 
931.680000 0.020074 
930.720000 0.020561 
929.760000 0.020593 
928.790000 0.021076 
927.830000 0.021564 
926.860000 0.022048 
925.900000 0.022080 
924.930000 0.022569 
923.970000 0.023054 
923.010000 0.023545 
922.040000 0.023572 
921.080000 0.024063 
920.110000 0.024554 
919.150000 0.025042 
918.180000 0.025074 
917.220000 0.025567 
916.250000 0.026055 
915.290000 0.026549 
914.330000 0.026577 
913.360000 0.027071 
912.400000 0.027566 
911.430000 0.028057 
910.470000 0.028553 
909.500000 0.028580 
908.540000 0.029077 
907.570000 0.029574 
906.610000 0.029602 
905.640000 0.030100 
904.680000 0.030593 
903.720000 0.031092 
902.750000 0.031592 
901.790000 0.031620 
900.820000 0.032120 
899.860000 0.032616 
898.890000 0.032649 
897.930000 0.033150 
896.960000 0.033647 
896.000000 0.034149 
895.030000 0.034178 
894.070000 0.034681 
893.110000 0.035184 
892.140000 0.035684 
891.180000 0.036189 
890.210000 0.036217 
889.250000 0.036722 
888.280000 0.036755 
887.320000 0.037257 
886.350000 0.037763 
885.390000 0.038266 
884.430000 0.038299 
883.460000 0.038807 
882.500000 0.039310 
881.530000 0.039344 
880.570000 0.039853 
879.600000 0.040358 
878.640000 0.040868 
877.670000 0.041374 
876.710000 0.041407 
875.750000 0.041919 
874.780000 0.041948 
873.820000 0.042460 
872.850000 0.042968 
871.890000 0.043001 
870.920000 0.043515 
869.960000 0.044024 
868.990000 0.044057 
868.030000 0.044567 
867.070000 0.044601 
866.100000 0.045598 
865.140000 0.045627 
864.170000 0.046144 
863.210000 0.046656 
862.240000 0.046690 
861.280000 0.046724 
860.310000 0.047237 
859.350000 0.047755 
858.380000 0.047784 
857.420000 0.048303 
856.460000 0.048823 
855.490000 0.048852 
854.530000 0.049372 
853.560000 0.049402 
852.600000 0.049922 
851.630000 0.049957 
850.670000 0.050473 
849.700000 0.050996 
848.740000 0.051025 
847.780000 0.051548 
846.810000 0.051582 
845.850000 0.052101 
844.880000 0.052135 
843.920000 0.052655 
842.950000 0.052689 
841.990000 0.053214 
841.020000 0.053734 
840.060000 0.053769 
839.100000 0.054295 
838.130000 0.054325 
837.170000 0.054359 
836.200000 0.054881 
835.240000 0.054916 
834.270000 0.055443 
833.310000 0.055473 
832.340000 0.056001 
831.380000 0.056031 
830.420000 0.056065 
829.450000 0.056595 
828.490000 0.056624 
827.520000 0.057154 
826.560000 0.057184 
825.590000 0.057218 
824.630000 0.057749 
823.660000 0.057779 
822.700000 0.058310 
821.730000 0.058340 
820.770000 0.058374 
819.810000 0.058906 
818.840000 0.058936 
817.880000 0.059469 
816.910000 0.059498 
815.950000 0.059533 
814.980000 0.060067 
814.020000 0.060097 
813.050000 0.060131 
812.090000 0.060660 
811.130000 0.060695 
810.160000 0.060730 
809.200000 0.061260 
808.230000 0.061295 
807.270000 0.061325 
806.300000 0.061360 
805.340000 0.061896 
804.370000 0.061926 
803.410000 0.061961 
802.450000 0.061996 
801.480000 0.062527 
800.520000 0.062562 
799.550000 0.062592 
798.590000 0.062628 
797.620000 0.063165 
796.660000 0.063195 
795.690000 0.063230 
794.730000 0.063260 
793.770000 0.063798 
792.800000 0.063330 
791.840000 0.063863 
790.870000 0.063899 
789.910000 0.063929 
788.940000 0.063964 
787.980000 0.064503 
787.010000 0.064533 
786.050000 0.064568 
785.090000 0.064599 
784.120000 0.064634 
783.160000 0.064669 
782.190000 0.064699 
781.230000 0.064735 
780.260000 0.064765 
779.300000 0.065305 
778.330000 0.065340 
777.370000 0.065370 
776.400000 0.065406 
775.440000 0.065436 
774.480000 0.065471 
773.510000 0.065507 
772.550000 0.065537 
771.580000 0.065572 
770.620000 0.065603 
769.650000 0.066143 
768.690000 0.065673 
767.720000 0.065704 
766.760000 0.065739 
765.790000 0.065769 
764.830000 0.065805 
763.870000 0.065840 
762.900000 0.066376 
761.940000 0.066411 
760.970000 0.065941 
760.010000 0.065971 
759.040000 0.066007 
758.080000 0.066037 
757.110000 0.066073 
756.150000 0.066108 
755.190000 0.066138 
754.220000 0.066174 
753.260000 0.066204 
752.290000 0.066239 
751.330000 0.066275 
750.360000 0.066305 
749.400000 0.066341 
748.430000 0.065865 
747.470000 0.066406 
746.510000 0.065936 
745.540000 0.065966 
744.580000 0.066002 
743.610000 0.066032 
742.650000 0.066068 
741.680000 0.066103 
740.720000 0.065628 
739.750000 0.065663 
738.790000 0.065693 
737.830000 0.065729 
736.860000 0.065764 
735.900000 0.065290 
734.930000 0.065325 
733.970000 0.065355 
733.000000 0.064886 
732.040000 0.064921 
731.070000 0.064951 
730.110000 0.064987 
729.150000 0.065017 
728.180000 0.064548 
727.220000 0.064583 
726.250000 0.064614 
725.290000 0.064649 
724.320000 0.064175 
723.360000 0.064211 
722.390000 0.063743 
721.430000 0.063773 
720.460000 0.063808 
719.500000 0.063341 
718.540000 0.063371 
717.570000 0.063406 
716.610000 0.062934 
715.640000 0.062969 
714.680000 0.062502 
713.710000 0.063034 
712.750000 0.062567 
711.780000 0.062597 
710.820000 0.062131 
709.850000 0.062166 
708.890000 0.062196 
707.930000 0.061731 
706.960000 0.061761 
706.000000 0.061295 
705.030000 0.061330 
704.070000 0.061360 
703.100000 0.060895 
702.140000 0.060925 
701.180000 0.060461 
700.210000 0.060496 
699.250000 0.060526 
698.280000 0.060062 
697.320000 0.059593 
696.350000 0.059628 
695.390000 0.059663 
694.420000 0.059195 
693.460000 0.059230 
692.490000 0.058762 
691.530000 0.058797 
690.570000 0.058335 
689.600000 0.058364 
688.640000 0.058399 
687.670000 0.057932 
686.710000 0.057967 
685.740000 0.057506 
684.780000 0.057536 
683.810000 0.057075 
682.850000 0.056614 
681.890000 0.056644 
680.920000 0.056679 
679.960000 0.056327 
678.990000 0.056159 
678.030000 0.055739 
677.060000 0.055651 
676.100000 0.055320 
675.130000 0.055192 
674.170000 0.054812 
673.210000 0.054684 
672.240000 0.054310 
671.280000 0.053936 
670.310000 0.053848 
669.350000 0.053764 
668.380000 0.053675 
667.420000 0.053341 
666.450000 0.052968 
665.490000 0.052635 
664.530000 0.052302 
663.560000 0.052213 
662.600000 0.051881 
661.630000 0.051553 
660.670000 0.051465 
659.700000 0.051377 
658.740000 0.051005 
657.770000 0.050878 
656.810000 0.050508 
655.840000 0.050420 
654.880000 0.049845 
653.920000 0.049757 
652.950000 0.049630 
651.990000 0.049543 
651.020000 0.049212 
650.060000 0.048886 
649.090000 0.048799 
648.130000 0.048468 
647.160000 0.048138 
646.200000 0.048012 
645.240000 0.047682 
644.270000 0.047595 
643.310000 0.047266 
642.340000 0.046941 
641.380000 0.046854 
640.410000 0.046525 
639.450000 0.046197 
638.480000 0.046110 
637.520000 0.045984 
636.550000 0.045656 
635.590000 0.045569 
634.630000 0.045285 
633.660000 0.044919 
632.700000 0.044832 
631.730000 0.044784 
630.770000 0.044457 
629.800000 0.044370 
628.840000 0.044048 
627.870000 0.044000 
626.910000 0.043711 
625.950000 0.043385 
624.980000 0.043380 
624.020000 0.043092 
623.050000 0.042968 
622.090000 0.042603 
621.120000 0.042278 
620.160000 0.042196 
619.190000 0.042149 
618.230000 0.041862 
617.270000 0.041775 
616.300000 0.041455 
615.340000 0.041407 
614.370000 0.041121 
613.410000 0.041035 
612.440000 0.040672 
611.480000 0.040348 
610.510000 0.040267 
609.550000 0.040258 
608.590000 0.040210 
607.620000 0.039848 
606.660000 0.039529 
605.690000 0.039444 
604.730000 0.039358 
603.760000 0.039272 
602.800000 0.038911 
601.830000 0.038864 
600.870000 0.038584 
599.900000 0.038498 
598.940000 0.038451 
597.980000 0.038090 
597.010000 0.038005 
596.050000 0.037962 
595.080000 0.037441 
594.120000 0.037356 
593.150000 0.037470 
592.190000 0.037422 
591.220000 0.037143 
590.260000 0.036822 
589.300000 0.036736 
588.330000 0.036689 
587.370000 0.036410 
586.400000 0.036325 
585.440000 0.036042 
584.470000 0.035957 
583.510000 0.035915 
582.540000 0.035632 
581.580000 0.035585 
580.620000 0.035500 
579.650000 0.035222 
578.690000 0.035175 
577.720000 0.035133 
576.760000 0.035085 
575.790000 0.034765 
574.830000 0.034718 
573.860000 0.034676 
572.900000 0.034196 
571.940000 0.034347 
570.970000 0.034305 
570.010000 0.034023 
569.040000 0.033976 
568.080000 0.033699 
567.110000 0.033849 
566.150000 0.033567 
565.180000 0.033328 
564.220000 0.033319 
563.260000 0.033469 
562.290000 0.033192 
561.330000 0.032911 
560.360000 0.033098 
559.400000 0.032822 
558.430000 0.032541 
557.470000 0.032499 
556.500000 0.032452 
555.540000 0.032368 
554.570000 0.032129 
553.610000 0.032120 
552.650000 0.032073 
551.680000 0.031797 
550.720000 0.031751 
549.750000 0.031470 
548.790000 0.031428 
547.820000 0.031615 
546.860000 0.031340 
545.890000 0.031293 
544.930000 0.031013 
543.960000 0.030738 
543.000000 0.030654 
542.040000 0.030840 
541.070000 0.030603 
540.110000 0.030668 
539.140000 0.030589 
538.180000 0.030193 
537.210000 0.030151 
536.250000 0.029872 
535.290000 0.030021 
534.320000 0.029746 
533.360000 0.029235 
532.390000 0.029421 
531.430000 0.029337 
530.460000 0.029026 
529.500000 0.028901 
528.530000 0.028859 
527.570000 0.028659 
526.600000 0.028464 
525.640000 0.028344 
524.680000 0.028223 
523.710000 0.028103 
522.750000 0.027830 
521.780000 0.027714 
520.820000 0.027515 
519.850000 0.027395 
518.890000 0.027200 
517.920000 0.027080 
516.960000 0.026807 
516.000000 0.026687 
515.030000 0.026493 
514.070000 0.026300 
513.100000 0.026106 
512.140000 0.025908 
511.170000 0.025714 
510.210000 0.025521 
509.240000 0.025323 
508.280000 0.025129 
507.310000 0.024936 
506.350000 0.024665 
505.390000 0.024472 
504.420000 0.024201 
503.460000 0.024008 
502.490000 0.023811 
501.530000 0.023618 
500.560000 0.023347 
499.600000 0.023155 
498.640000 0.022963 
497.670000 0.022693 
496.710000 0.022500 
495.740000 0.022304 
494.780000 0.022112 
493.810000 0.021842 
492.850000 0.021578 
491.880000 0.021308 
490.920000 0.021117 
489.950000 0.020848 
488.990000 0.020657 
488.030000 0.020388 
487.060000 0.020197 
486.100000 0.019851 
485.130000 0.019660 
484.170000 0.019392 
483.200000 0.019279 
482.240000 0.019084 
481.270000 0.018743 
480.310000 0.018403 
479.350000 0.018213 
478.380000 0.018018 
477.420000 0.017756 
476.450000 0.017561 
475.490000 0.017299 
474.520000 0.017182 
473.560000 0.016915 
472.590000 0.016649 
471.630000 0.016532 
470.670000 0.016491 
469.700000 0.016076 
468.740000 0.015738 
467.770000 0.015477 
466.810000 0.015284 
465.840000 0.015167 
464.880000 0.014978 
463.910000 0.014789 
462.950000 0.014524 
461.980000 0.014407 
461.020000 0.014143 
460.060000 0.013954 
459.090000 0.013690 
458.130000 0.013573 
457.160000 0.013385 
456.200000 0.013269 
455.230000 0.013009 
454.270000 0.012893 
453.300000 0.012700 
452.340000 0.012512 
451.380000 0.012325 
450.410000 0.012133 
449.450000 0.012017 
448.480000 0.011829 
447.520000 0.011713 
446.550000 0.011454 
445.590000 0.011339 
444.620000 0.011223 
443.660000 0.011178 
442.700000 0.010773 
441.730000 0.010657 
440.770000 0.010394 
439.800000 0.010354 
438.840000 0.010163 
437.870000 0.010048 
436.910000 0.009861 
435.940000 0.009674 
434.980000 0.009559 
434.020000 0.009444 
433.050000 0.009257 
432.090000 0.008996 
431.120000 0.008951 
430.160000 0.008765 
429.190000 0.008721 
428.230000 0.008464 
427.260000 0.008420 
426.300000 0.008163 
425.330000 0.008119 
424.370000 0.007933 
423.410000 0.007743 
422.440000 0.007557 
421.480000 0.007517 
420.510000 0.007402 
419.550000 0.007212 
418.580000 0.007098 
417.620000 0.006842 
416.650000 0.006873 
415.690000 0.006612 
414.720000 0.006568 
413.760000 0.006238 
412.800000 0.006268 
411.830000 0.006154 
410.870000 0.006114 
409.900000 0.005854 
408.940000 0.005740 
407.970000 0.005626 
407.010000 0.005586 
406.050000 0.005472 
405.080000 0.005212 
404.120000 0.005168 
403.150000 0.004984 
402.190000 0.004944 
401.220000 0.004685 
400.260000 0.004641 
399.290000 0.004457 
398.330000 0.004488 
397.360000 0.004159 
396.400000 0.004115 
395.440000 0.003931 
394.470000 0.003961 
393.510000 0.003777 
392.540000 0.003663 
391.580000 0.003550 
390.610000 0.003361 
389.650000 0.003392 
388.680000 0.003138 
387.720000 0.003094 
386.760000 0.002697 
385.790000 0.002867 
384.830000 0.002684 
383.860000 0.002640 
382.900000 0.002098 
381.930000 0.002199 
380.970000 0.002229 
380.000000 0.002190 
379.040000 0.002002 
378.080000 0.001889 
377.110000 0.001850 
376.150000 0.001736 
375.180000 0.001767 
374.220000 0.001510 
373.250000 0.001470 
372.290000 0.001213 
371.320000 0.001314 
370.360000 0.001057 
369.400000 0.001087 
368.430000 0.000835 
367.470000 0.000935 
366.500000 0.000752 
365.540000 0.000778 
364.570000 0.000526 
363.610000 0.000482 
362.640000 0.000513 
361.680000 0.000400 
360.710000 0.000287 
359.750000 0.000035 
358.790000 0.000278 
357.820000 0.000165 
356.860000 0.000265 
355.890000 0.000009 
354.930000 0.000113 
353.960000 0.000000 
353.000000 0.000169 
352.030000 0.000000 
351.070000 0.000017 
350.110000 0.000043 
349.140000 0.000122 
348.180000 0.000274 
347.210000 0.000213 
346.250000 0.000365 
345.280000 0.000374 
344.320000 0.000665 
343.350000 0.000604 
342.390000 0.000826 
341.420000 0.000691 
340.460000 0.001131 
339.500000 0.001139 
338.530000 0.001361 
337.570000 0.001300 
336.600000 0.001523 
335.640000 0.001675 
334.670000 0.001898 
333.710000 0.001976 
332.740000 0.001989 
331.780000 0.002282 
330.820000 0.002365 
329.850000 0.002657 
328.890000 0.002452 
327.920000 0.002819 
326.960000 0.002828 
325.990000 0.003195 
325.030000 0.003059 
324.060000 0.003287 
323.100000 0.003366 
322.140000 0.003663 
321.170000 0.003742 
320.210000 0.003826 
319.240000 0.003979 
318.280000 0.004058 
317.310000 0.004426 
316.350000 0.004290 
315.380000 0.004518 
314.420000 0.004382 
313.460000 0.004751 
312.490000 0.004760 
311.530000 0.004984 
310.560000 0.004848 
309.600000 0.005076 
308.630000 0.005225 
307.670000 0.005454 
306.700000 0.005388 
305.740000 0.005327 
304.770000 0.005626 
303.810000 0.005634 
302.850000 0.005788 
301.880000 0.005652 
300.920000 0.006092 
299.950000 0.006101 
298.990000 0.006401 
298.020000 0.006194 
297.060000 0.006418 
296.090000 0.006427 
295.130000 0.006798 
294.170000 0.006736 
293.200000 0.006745 
292.240000 0.007040 
291.270000 0.007632 
290.310000 0.007782 
289.340000 0.007212 
288.380000 0.007367 
287.410000 0.007305 
286.450000 0.007676 
285.480000 0.007614 
284.520000 0.007911 
283.560000 0.007703 
282.590000 0.007928 
281.630000 0.008012 
280.660000 0.008309 
279.700000 0.008176 
278.730000 0.008185 
277.770000 0.008482 
276.810000 0.008637 
275.840000 0.008792 
274.880000 0.008654 
273.910000 0.009027 
272.950000 0.009035 
271.980000 0.009408 
271.020000 0.009275 
270.050000 0.009648 
269.090000 0.009581 
268.120000 0.009954 
267.160000 0.009963 
266.200000 0.010048 
265.230000 0.009985 
264.270000 0.009848 
263.300000 0.010368 
262.340000 0.010519 
261.370000 0.010750 
260.410000 0.010759 
259.440000 0.011205 
258.480000 0.011142 
257.520000 0.011588 
256.550000 0.011450 
255.590000 0.011829 
254.620000 0.011762 
253.660000 0.012066 
252.690000 0.011999 
251.730000 0.012155 
250.760000 0.012459 
249.800000 0.012615 
248.840000 0.012772 
247.870000 0.012924 
246.910000 0.013081 
245.940000 0.013237 
244.980000 0.013690 
244.010000 0.013551 
243.050000 0.014075 
242.080000 0.013936 
241.120000 0.014241 
240.150000 0.014322 
239.190000 0.014551 
238.230000 0.014708 
237.260000 0.014937 
236.300000 0.015243 
235.330000 0.015324 
234.370000 0.015558 
233.400000 0.015491 
232.440000 0.016090 
231.480000 0.016027 
230.510000 0.016405 
229.550000 0.016121 
228.580000 0.016572 
227.620000 0.016658 
226.650000 0.017037 
225.690000 0.016969 
224.720000 0.017128 
223.760000 0.017580 
222.790000 0.017815 
221.830000 0.018118 
220.870000 0.017756 
219.900000 0.018286 
218.940000 0.018222 
217.970000 0.018752 
217.010000 0.018390 
216.040000 0.018843 
215.080000 0.018702 
214.110000 0.019161 
213.150000 0.019097 
212.180000 0.019251 
211.220000 0.019261 
210.260000 0.019347 
209.290000 0.019651 
208.330000 0.019588 
207.360000 0.019674 
206.400000 0.019233 
205.430000 0.019837 
204.470000 0.019624 
203.500000 0.020006 
202.540000 0.019419 
201.580000 0.019878 
200.610000 0.019665 
199.650000 0.019897 
198.680000 0.019310 
197.720000 0.019320 
196.750000 0.019479 
195.790000 0.019265 
194.820000 0.019197 
193.860000 0.018761 
192.900000 0.019215 
191.930000 0.018929 
190.970000 0.019233 
190.000000 0.018426 
189.040000 0.018807 
188.070000 0.018295 
187.110000 0.018675 
186.140000 0.017797 
185.180000 0.017806 
184.220000 0.017665 
183.250000 0.017674 
182.290000 0.017684 
181.320000 0.017249 
180.360000 0.016076 
179.390000 0.015419 
178.430000 0.017128 
177.460000 0.016545 
176.500000 0.016703 
175.530000 0.015603 
174.570000 0.016058 
173.610000 0.015621 
172.640000 0.016148 
171.680000 0.015198 
170.710000 0.015059 
169.750000 0.014924 
168.780000 0.015302 
167.820000 0.015014 
166.850000 0.014506 
165.890000 0.014663 
164.930000 0.014304 
163.960000 0.014681 
163.000000 0.013734 
162.030000 0.014111 
161.070000 0.013385 
160.100000 0.013909 
159.140000 0.012964 
158.170000 0.012902 
157.210000 0.012396 
156.240000 0.012772 
155.280000 0.012709 
154.320000 0.012423 
153.350000 0.012656 
152.390000 0.012003 
151.420000 0.012307 
150.460000 0.011950 
149.490000 0.012472 
148.530000 0.011089 
147.570000 0.011611 
146.600000 0.010817 
145.640000 0.011191 
144.670000 0.010177 
143.710000 0.010550 
142.740000 0.010270 
141.780000 0.010497 
140.810000 0.009994 
139.850000 0.009497 
138.880000 0.009430 
137.920000 0.009075 
136.960000 0.009448 
135.990000 0.008805 
135.030000 0.009106 
134.060000 0.007950 
133.100000 0.008539 
132.130000 0.007897 
131.170000 0.008340 
130.200000 0.007407 
129.240000 0.007999 
128.280000 0.007787 
127.310000 0.007579 
126.350000 0.007009 
125.380000 0.006802 
124.420000 0.007248 
123.450000 0.006603 
122.490000 0.006758 
121.520000 0.005753 
120.560000 0.006630 
119.590000 0.005775 
118.630000 0.006286 
117.670000 0.005142 
116.700000 0.005872 
115.740000 0.005305 
114.770000 0.005458 
113.810000 0.004676 
112.840000 0.004755 
111.880000 0.005700 
110.910000 0.006648 
109.950000 0.005287 
108.990000 0.003931 
108.020000 0.004224 
107.060000 0.003874 
106.090000 0.005177 
105.130000 0.003677 
104.160000 0.003685 
103.200000 0.002618 
102.240000 0.003129 
101.270000 0.002710 
100.310000 0.002718 
99.341000 0.002225 
98.377000 0.002164 
97.412000 0.002103 
96.448000 0.002037 
95.483000 0.001976 
94.519000 0.001915 
93.554000 0.001850 
92.590000 0.001858 
91.625000 0.001797 
90.661000 0.001736 
89.696000 0.001671 
88.732000 0.001610 
87.767000 0.001549 
86.803000 0.001483 
85.838000 0.001422 
84.874000 0.001361 
83.909000 0.001296 
82.945000 0.001235 
81.980000 0.001030 
81.016000 0.001322 
80.051000 -0.000304 
79.087000 0.000130 
78.122000 0.000922 
77.158000 0.001719 
76.193000 0.000939 
75.229000 0.001091 
74.264000 0.000674 
73.300000 0.000896 
72.335000 0.000835 
71.371000 0.000700 
70.406000 0.000708 
69.442000 0.001074 
68.478000 0.001440 
67.514000 -0.000260 
66.549000 0.000243 
65.585000 -0.000521 
64.620000 0.000265 
63.656000 -0.000781 
62.691000 0.000139 
61.727000 -0.000130 
60.762000 0.000800 
59.798000 -0.000043 
58.833000 0.000174 
57.869000 -0.000477 
56.904000 -0.000304 
55.940000 -0.000521 
54.975000 -0.000651 
54.011000 -0.000130 
53.046000 -0.000260 
52.082000 -0.000391 
51.117000 -0.001084 
50.153000 -0.000824 
