3999.700000 0.000000 
3998.700000 0.000000 
3997.800000 0.000000 
3996.800000 0.000000 
3995.800000 0.000435 
3994.900000 0.000000 
3993.900000 0.000000 
3992.900000 0.000435 
3992.000000 0.000435 
3991.000000 0.000435 
3990.000000 0.000435 
3989.100000 0.000435 
3988.100000 0.000435 
3987.100000 0.000435 
3986.200000 0.000435 
3985.200000 0.000435 
3984.300000 0.000435 
3983.300000 0.000435 
3982.300000 0.000435 
3981.400000 0.000435 
3980.400000 0.000435 
3979.400000 0.000435 
3978.500000 0.000435 
3977.500000 0.000435 
3976.500000 0.000435 
3975.600000 0.000435 
3974.600000 0.000435 
3973.600000 0.000435 
3972.700000 0.000435 
3971.700000 0.000435 
3970.800000 0.000435 
3969.800000 0.000435 
3968.800000 0.000435 
3967.900000 0.000435 
3966.900000 0.000435 
3965.900000 0.000435 
3965.000000 0.000000 
3964.000000 0.000435 
3963.000000 0.000435 
3962.100000 0.000435 
3961.100000 0.000435 
3960.100000 0.000435 
3959.200000 0.000435 
3958.200000 0.000435 
3957.300000 0.000435 
3956.300000 0.000435 
3955.300000 0.000435 
3954.400000 0.000435 
3953.400000 0.000435 
3952.400000 0.000435 
3951.500000 0.000435 
3950.500000 0.000435 
3949.500000 0.000435 
3948.600000 0.000435 
3947.600000 0.000435 
3946.600000 0.000435 
3945.700000 0.000435 
3944.700000 0.000435 
3943.700000 0.000435 
3942.800000 0.000435 
3941.800000 0.000435 
3940.900000 0.000435 
3939.900000 0.000435 
3938.900000 0.000435 
3938.000000 0.000435 
3937.000000 0.000435 
3936.000000 0.000435 
3935.100000 0.000000 
3934.100000 0.000435 
3933.100000 0.000435 
3932.200000 0.000435 
3931.200000 0.000000 
3930.200000 0.000435 
3929.300000 0.000435 
3928.300000 0.000000 
3927.400000 0.000435 
3926.400000 0.000000 
3925.400000 0.000435 
3924.500000 0.000435 
3923.500000 0.000435 
3922.500000 0.000435 
3921.600000 0.000000 
3920.600000 0.000435 
3919.600000 0.000435 
3918.700000 0.000000 
3917.700000 0.000000 
3916.700000 0.000000 
3915.800000 0.000435 
3914.800000 0.000435 
3913.900000 0.000000 
3912.900000 0.000000 
3911.900000 0.000000 
3911.000000 0.000435 
3910.000000 0.000435 
3909.000000 0.000000 
3908.100000 0.000435 
3907.100000 0.000000 
3906.100000 0.000000 
3905.200000 0.000000 
3904.200000 0.000000 
3903.200000 0.000000 
3902.300000 0.000000 
3901.300000 0.000000 
3900.300000 0.000000 
3899.400000 0.000435 
3898.400000 0.000435 
3897.500000 0.000435 
3896.500000 0.000435 
3895.500000 0.000000 
3894.600000 0.000435 
3893.600000 0.000000 
3892.600000 0.000000 
3891.700000 0.000000 
3890.700000 0.000000 
3889.700000 0.000435 
3888.800000 0.000435 
3887.800000 0.000435 
3886.800000 -0.000434 
3885.900000 0.000000 
3884.900000 0.000435 
3884.000000 0.000435 
3883.000000 0.000435 
3882.000000 0.000000 
3881.100000 0.000000 
3880.100000 0.000000 
3879.100000 0.000435 
3878.200000 0.000435 
3877.200000 0.000000 
3876.200000 0.000435 
3875.300000 0.000000 
3874.300000 0.000435 
3873.300000 0.000435 
3872.400000 0.000435 
3871.400000 0.000000 
3870.400000 0.000000 
3869.500000 0.000000 
3868.500000 0.000435 
3867.600000 0.000435 
3866.600000 0.000435 
3865.600000 0.000000 
3864.700000 0.000435 
3863.700000 0.000435 
3862.700000 0.000435 
3861.800000 0.000435 
3860.800000 0.000435 
3859.800000 0.000435 
3858.900000 0.000435 
3857.900000 0.000435 
3856.900000 0.000435 
3856.000000 0.000000 
3855.000000 -0.001301 
3854.100000 0.000000 
3853.100000 -0.000434 
3852.100000 0.000435 
3851.200000 0.000435 
3850.200000 0.000435 
3849.200000 0.000435 
3848.300000 0.000869 
3847.300000 0.000435 
3846.300000 0.000435 
3845.400000 0.000435 
3844.400000 0.000435 
3843.400000 0.000435 
3842.500000 0.000435 
3841.500000 0.000435 
3840.600000 0.000435 
3839.600000 0.000435 
3838.600000 -0.000868 
3837.700000 0.000435 
3836.700000 0.000435 
3835.700000 0.000000 
3834.800000 0.000435 
3833.800000 0.000435 
3832.800000 0.000000 
3831.900000 0.000000 
3830.900000 0.000435 
3829.900000 0.000435 
3829.000000 0.000435 
3828.000000 0.000435 
3827.000000 0.000435 
3826.100000 0.000435 
3825.100000 0.000435 
3824.200000 0.000000 
3823.200000 0.000000 
3822.200000 0.000000 
3821.300000 0.000000 
3820.300000 0.000435 
3819.300000 0.000435 
3818.400000 0.000435 
3817.400000 -0.000434 
3816.400000 0.000000 
3815.500000 0.000435 
3814.500000 0.000000 
3813.500000 0.000435 
3812.600000 0.000000 
3811.600000 0.000435 
3810.600000 0.000000 
3809.700000 0.000435 
3808.700000 0.000435 
3807.800000 -0.000434 
3806.800000 0.000000 
3805.800000 0.000000 
3804.900000 0.000435 
3803.900000 0.000000 
3802.900000 0.000000 
3802.000000 -0.000434 
3801.000000 0.000435 
3800.000000 0.000435 
3799.100000 0.000435 
3798.100000 0.000435 
3797.100000 0.000000 
3796.200000 0.000435 
3795.200000 0.000435 
3794.300000 0.000435 
3793.300000 0.000435 
3792.300000 0.000435 
3791.400000 0.000435 
3790.400000 0.000435 
3789.400000 0.000435 
3788.500000 0.000435 
3787.500000 0.000435 
3786.500000 0.000435 
3785.600000 0.000435 
3784.600000 0.000435 
3783.600000 0.000435 
3782.700000 0.000435 
3781.700000 0.000435 
3780.800000 0.000000 
3779.800000 0.000000 
3778.800000 0.000435 
3777.900000 0.000435 
3776.900000 0.000435 
3775.900000 0.000435 
3775.000000 0.000435 
3774.000000 0.000435 
3773.000000 0.000435 
3772.100000 0.000435 
3771.100000 0.000000 
3770.100000 0.000435 
3769.200000 0.000435 
3768.200000 0.000435 
3767.200000 0.000435 
3766.300000 0.000000 
3765.300000 0.000435 
3764.400000 0.000435 
3763.400000 0.000435 
3762.400000 0.000435 
3761.500000 0.000435 
3760.500000 0.000000 
3759.500000 0.000435 
3758.600000 0.000435 
3757.600000 0.000435 
3756.600000 0.000000 
3755.700000 0.000435 
3754.700000 0.000435 
3753.700000 0.000000 
3752.800000 -0.000868 
3751.800000 0.000000 
3750.900000 0.000000 
3749.900000 -0.000434 
3748.900000 0.000000 
3748.000000 0.000435 
3747.000000 0.000000 
3746.000000 -0.000434 
3745.100000 -0.000868 
3744.100000 0.000435 
3743.100000 0.000435 
3742.200000 0.000435 
3741.200000 0.000435 
3740.200000 0.000435 
3739.300000 0.000435 
3738.300000 0.000435 
3737.400000 0.000000 
3736.400000 0.000000 
3735.400000 0.000000 
3734.500000 0.000435 
3733.500000 0.000000 
3732.500000 0.000000 
3731.600000 0.000435 
3730.600000 0.000435 
3729.600000 0.000435 
3728.700000 0.000435 
3727.700000 0.000000 
3726.700000 0.000435 
3725.800000 0.000000 
3724.800000 0.000435 
3723.800000 0.000435 
3722.900000 0.000435 
3721.900000 0.000435 
3721.000000 0.000435 
3720.000000 0.000435 
3719.000000 0.000435 
3718.100000 0.000435 
3717.100000 0.000435 
3716.100000 0.000435 
3715.200000 0.000435 
3714.200000 0.000435 
3713.200000 -0.000434 
3712.300000 0.000435 
3711.300000 0.000435 
3710.300000 0.000000 
3709.400000 0.000435 
3708.400000 0.000435 
3707.500000 0.000435 
3706.500000 0.000435 
3705.500000 0.000435 
3704.600000 0.000435 
3703.600000 0.000435 
3702.600000 0.000435 
3701.700000 0.000435 
3700.700000 0.000435 
3699.700000 0.000435 
3698.800000 0.000435 
3697.800000 0.000435 
3696.800000 0.000435 
3695.900000 0.000435 
3694.900000 0.000435 
3693.900000 0.000435 
3693.000000 0.000435 
3692.000000 0.000000 
3691.100000 0.000435 
3690.100000 0.000000 
3689.100000 -0.000434 
3688.200000 0.000435 
3687.200000 0.000435 
3686.200000 0.000435 
3685.300000 0.000435 
3684.300000 0.000435 
3683.300000 0.000435 
3682.400000 0.000435 
3681.400000 0.000435 
3680.400000 0.000435 
3679.500000 0.000435 
3678.500000 0.000435 
3677.600000 0.000000 
3676.600000 -0.000434 
3675.600000 0.000000 
3674.700000 0.000435 
3673.700000 0.000435 
3672.700000 0.000435 
3671.800000 -0.000434 
3670.800000 0.000435 
3669.800000 0.000435 
3668.900000 0.000435 
3667.900000 0.000435 
3666.900000 0.000435 
3666.000000 0.000435 
3665.000000 0.000435 
3664.100000 0.000435 
3663.100000 0.000435 
3662.100000 0.000435 
3661.200000 0.000435 
3660.200000 0.000435 
3659.200000 0.000435 
3658.300000 0.000869 
3657.300000 0.000000 
3656.300000 0.000435 
3655.400000 0.000869 
3654.400000 0.000869 
3653.400000 0.000869 
3652.500000 0.000435 
3651.500000 0.000435 
3650.500000 0.000435 
3649.600000 0.000435 
3648.600000 0.000435 
3647.700000 0.000435 
3646.700000 0.000869 
3645.700000 0.000869 
3644.800000 0.000869 
3643.800000 0.000869 
3642.800000 0.001305 
3641.900000 0.001305 
3640.900000 0.000869 
3639.900000 0.001305 
3639.000000 0.000869 
3638.000000 0.001305 
3637.000000 0.001305 
3636.100000 0.001305 
3635.100000 0.001305 
3634.200000 0.001305 
3633.200000 0.001305 
3632.200000 0.001305 
3631.300000 0.001305 
3630.300000 0.000869 
3629.300000 0.000869 
3628.400000 0.001305 
3627.400000 0.001741 
3626.400000 0.001741 
3625.500000 0.001741 
3624.500000 0.001741 
3623.500000 0.002177 
3622.600000 0.001741 
3621.600000 0.002177 
3620.600000 0.001741 
3619.700000 0.002177 
3618.700000 0.002177 
3617.800000 0.002177 
3616.800000 0.002177 
3615.800000 0.002177 
3614.900000 0.002614 
3613.900000 0.002614 
3612.900000 0.002614 
3612.000000 0.002614 
3611.000000 0.002614 
3610.000000 0.002614 
3609.100000 0.003051 
3608.100000 0.003051 
3607.100000 0.003051 
3606.200000 0.003051 
3605.200000 0.003488 
3604.300000 0.003488 
3603.300000 0.003488 
3602.300000 0.003488 
3601.400000 0.003926 
3600.400000 0.003926 
3599.400000 0.003926 
3598.500000 0.004365 
3597.500000 0.004365 
3596.500000 0.004365 
3595.600000 0.004365 
3594.600000 0.004365 
3593.600000 0.004804 
3592.700000 0.004804 
3591.700000 0.005243 
3590.700000 0.005243 
3589.800000 0.005243 
3588.800000 0.005243 
3587.900000 0.005243 
3586.900000 0.005683 
3585.900000 0.006123 
3585.000000 0.006123 
3584.000000 0.006123 
3583.000000 0.006564 
3582.100000 0.006564 
3581.100000 0.006564 
3580.100000 0.007005 
3579.200000 0.007005 
3578.200000 0.007446 
3577.200000 0.007446 
3576.300000 0.007446 
3575.300000 0.007889 
3574.400000 0.007889 
3573.400000 0.007889 
3572.400000 0.008331 
3571.500000 0.008774 
3570.500000 0.008774 
3569.500000 0.008774 
3568.600000 0.008774 
3567.600000 0.009217 
3566.600000 0.009661 
3565.700000 0.009661 
3564.700000 0.010105 
3563.700000 0.010550 
3562.800000 0.010550 
3561.800000 0.010995 
3560.900000 0.010995 
3559.900000 0.011441 
3558.900000 0.011887 
3558.000000 0.011887 
3557.000000 0.012334 
3556.000000 0.012334 
3555.100000 0.012781 
3554.100000 0.013228 
3553.100000 0.013228 
3552.200000 0.013676 
3551.200000 0.014125 
3550.200000 0.014125 
3549.300000 0.014574 
3548.300000 0.015023 
3547.300000 0.015473 
3546.400000 0.015923 
3545.400000 0.015923 
3544.500000 0.016374 
3543.500000 0.016825 
3542.500000 0.017277 
3541.600000 0.017729 
3540.600000 0.018181 
3539.600000 0.018634 
3538.700000 0.018634 
3537.700000 0.019088 
3536.700000 0.019997 
3535.800000 0.019997 
3534.800000 0.020452 
3533.800000 0.020907 
3532.900000 0.021363 
3531.900000 0.021819 
3531.000000 0.022276 
3530.000000 0.023192 
3529.000000 0.023650 
3528.100000 0.024109 
3527.100000 0.024568 
3526.100000 0.025488 
3525.200000 0.025949 
3524.200000 0.026410 
3523.200000 0.027334 
3522.300000 0.027797 
3521.300000 0.028260 
3520.300000 0.029188 
3519.400000 0.029653 
3518.400000 0.030584 
3517.400000 0.031050 
3516.500000 0.031517 
3515.500000 0.032452 
3514.600000 0.032920 
3513.600000 0.033858 
3512.600000 0.034328 
3511.700000 0.035269 
3510.700000 0.035740 
3509.700000 0.036212 
3508.800000 0.037157 
3507.800000 0.037631 
3506.800000 0.038579 
3505.900000 0.039054 
3504.900000 0.040005 
3503.900000 0.040482 
3503.000000 0.041436 
3502.000000 0.041914 
3501.100000 0.042872 
3500.100000 0.043351 
3499.100000 0.044312 
3498.200000 0.044793 
3497.200000 0.045757 
3496.200000 0.046240 
3495.300000 0.047208 
3494.300000 0.047692 
3493.300000 0.048662 
3492.400000 0.049149 
3491.400000 0.050122 
3490.400000 0.050610 
3489.500000 0.051587 
3488.500000 0.052566 
3487.600000 0.053057 
3486.600000 0.054039 
3485.600000 0.054531 
3484.700000 0.055517 
3483.700000 0.056505 
3482.700000 0.057496 
3481.800000 0.057992 
3480.800000 0.058986 
3479.800000 0.059982 
3478.900000 0.060980 
3477.900000 0.061480 
3476.900000 0.062482 
3476.000000 0.062984 
3475.000000 0.063989 
3474.000000 0.064997 
3473.100000 0.066007 
3472.100000 0.067019 
3471.200000 0.068034 
3470.200000 0.069051 
3469.200000 0.069560 
3468.300000 0.070581 
3467.300000 0.071604 
3466.300000 0.072630 
3465.400000 0.073658 
3464.400000 0.074688 
3463.400000 0.075721 
3462.500000 0.076756 
3461.500000 0.077794 
3460.500000 0.078834 
3459.600000 0.079355 
3458.600000 0.080399 
3457.700000 0.081445 
3456.700000 0.082494 
3455.700000 0.083546 
3454.800000 0.084600 
3453.800000 0.085657 
3452.800000 0.087247 
3451.900000 0.088310 
3450.900000 0.089376 
3449.900000 0.090444 
3449.000000 0.091515 
3448.000000 0.092589 
3447.000000 0.093665 
3446.100000 0.095284 
3445.100000 0.096367 
3444.100000 0.097453 
3443.200000 0.098542 
3442.200000 0.100179 
3441.300000 0.101275 
3440.300000 0.102373 
3439.300000 0.103474 
3438.400000 0.105130 
3437.400000 0.106238 
3436.400000 0.107349 
3435.500000 0.109020 
3434.500000 0.110138 
3433.500000 0.111821 
3432.600000 0.112946 
3431.600000 0.114639 
3430.600000 0.116339 
3429.700000 0.117475 
3428.700000 0.119186 
3427.800000 0.120904 
3426.800000 0.122053 
3425.800000 0.123782 
3424.900000 0.125518 
3423.900000 0.127261 
3422.900000 0.129011 
3422.000000 0.130768 
3421.000000 0.132533 
3420.000000 0.133713 
3419.100000 0.136083 
3418.100000 0.137272 
3417.100000 0.139662 
3416.200000 0.142065 
3415.200000 0.143876 
3414.200000 0.145694 
3413.300000 0.146302 
3412.300000 0.148742 
3411.400000 0.151811 
3410.400000 0.154282 
3409.400000 0.156145 
3408.500000 0.158641 
3407.500000 0.160522 
3406.500000 0.162412 
3405.600000 0.164309 
3404.600000 0.166853 
3403.600000 0.168770 
3402.700000 0.171340 
3401.700000 0.173925 
3400.700000 0.175874 
3399.800000 0.178486 
3398.800000 0.181115 
3397.900000 0.183096 
3396.900000 0.185752 
3395.900000 0.187755 
3395.000000 0.190440 
3394.000000 0.192465 
3393.000000 0.195179 
3392.100000 0.197911 
3391.100000 0.199971 
3390.100000 0.202732 
3389.200000 0.205512 
3388.200000 0.207608 
3387.200000 0.210419 
3386.300000 0.213249 
3385.300000 0.215383 
3384.400000 0.217527 
3383.400000 0.219683 
3382.400000 0.221126 
3381.500000 0.225483 
3380.500000 0.229148 
3379.500000 0.231362 
3378.600000 0.233587 
3377.600000 0.236572 
3376.600000 0.239578 
3375.700000 0.240332 
3374.700000 0.244125 
3373.700000 0.247184 
3372.800000 0.250264 
3371.800000 0.253366 
3370.900000 0.255707 
3369.900000 0.258848 
3368.900000 0.261219 
3368.000000 0.263603 
3367.000000 0.266803 
3366.000000 0.269218 
3365.100000 0.271646 
3364.100000 0.274905 
3363.100000 0.277366 
3362.200000 0.280669 
3361.200000 0.283162 
3360.200000 0.285670 
3359.300000 0.288193 
3358.300000 0.290730 
3357.300000 0.294136 
3356.400000 0.295849 
3355.400000 0.298432 
3354.500000 0.301030 
3353.500000 0.303644 
3352.500000 0.306273 
3351.600000 0.308919 
3350.600000 0.311580 
3349.600000 0.314258 
3348.700000 0.316953 
3347.700000 0.319664 
3346.700000 0.322393 
3345.800000 0.325139 
3344.800000 0.326979 
3343.800000 0.329754 
3342.900000 0.331614 
3341.900000 0.333482 
3340.900000 0.335358 
3340.000000 0.337242 
3339.000000 0.339135 
3338.100000 0.341035 
3337.100000 0.342944 
3336.100000 0.343902 
3335.200000 0.345823 
3334.200000 0.346787 
3333.200000 0.348722 
3332.300000 0.350665 
3331.300000 0.351640 
3330.300000 0.353596 
3329.400000 0.354578 
3328.400000 0.355561 
3327.400000 0.357535 
3326.500000 0.358526 
3325.500000 0.359519 
3324.600000 0.361511 
3323.600000 0.362510 
3322.600000 0.364516 
3321.700000 0.365523 
3320.700000 0.367543 
3319.700000 0.368556 
3318.800000 0.370590 
3317.800000 0.371611 
3316.800000 0.373660 
3315.900000 0.374688 
3314.900000 0.375718 
3313.900000 0.377786 
3313.000000 0.378824 
3312.000000 0.379864 
3311.100000 0.381952 
3310.100000 0.383000 
3309.100000 0.384050 
3308.200000 0.385103 
3307.200000 0.386158 
3306.200000 0.388277 
3305.300000 0.388277 
3304.300000 0.390406 
3303.300000 0.390406 
3302.400000 0.392545 
3301.400000 0.392545 
3300.400000 0.393619 
3299.500000 0.394695 
3298.500000 0.394695 
3297.500000 0.395774 
3296.600000 0.396856 
3295.600000 0.396856 
3294.700000 0.397940 
3293.700000 0.397940 
3292.700000 0.397940 
3291.800000 0.397940 
3290.800000 0.399027 
3289.800000 0.399027 
3288.900000 0.397940 
3287.900000 0.399027 
3286.900000 0.399027 
3286.000000 0.397940 
3285.000000 0.397940 
3284.000000 0.397940 
3283.100000 0.397940 
3282.100000 0.397940 
3281.200000 0.397940 
3280.200000 0.396856 
3279.200000 0.396856 
3278.300000 0.396856 
3277.300000 0.396856 
3276.300000 0.396856 
3275.400000 0.396856 
3274.400000 0.396856 
3273.400000 0.397940 
3272.500000 0.397940 
3271.500000 0.397940 
3270.500000 0.397940 
3269.600000 0.399027 
3268.600000 0.399027 
3267.600000 0.399027 
3266.700000 0.400117 
3265.700000 0.400117 
3264.800000 0.401209 
3263.800000 0.401209 
3262.800000 0.401209 
3261.900000 0.402305 
3260.900000 0.402305 
3259.900000 0.403403 
3259.000000 0.403403 
3258.000000 0.403403 
3257.000000 0.404504 
3256.100000 0.404504 
3255.100000 0.404504 
3254.100000 0.404504 
3253.200000 0.404504 
3252.200000 0.404504 
3251.300000 0.404504 
3250.300000 0.404504 
3249.300000 0.404504 
3248.400000 0.403403 
3247.400000 0.403403 
3246.400000 0.402305 
3245.500000 0.402305 
3244.500000 0.401209 
3243.500000 0.400117 
3242.600000 0.399027 
3241.600000 0.397940 
3240.600000 0.396856 
3239.700000 0.395774 
3238.700000 0.394695 
3237.800000 0.393619 
3236.800000 0.392545 
3235.800000 0.390406 
3234.900000 0.389340 
3233.900000 0.387216 
3232.900000 0.386158 
3232.000000 0.385103 
3231.000000 0.384050 
3230.000000 0.381952 
3229.100000 0.380907 
3228.100000 0.379864 
3227.100000 0.377786 
3226.200000 0.376751 
3225.200000 0.375718 
3224.200000 0.373660 
3223.300000 0.372634 
3222.300000 0.371611 
3221.400000 0.370590 
3220.400000 0.368556 
3219.400000 0.368556 
3218.500000 0.366532 
3217.500000 0.366532 
3216.500000 0.365523 
3215.600000 0.364516 
3214.600000 0.363512 
3213.600000 0.362510 
3212.700000 0.361511 
3211.700000 0.360514 
3210.700000 0.360514 
3209.800000 0.359519 
3208.800000 0.358526 
3207.900000 0.358526 
3206.900000 0.357535 
3205.900000 0.357535 
3205.000000 0.356547 
3204.000000 0.356547 
3203.000000 0.356547 
3202.100000 0.355561 
3201.100000 0.355561 
3200.100000 0.355561 
3199.200000 0.354578 
3198.200000 0.354578 
3197.200000 0.353596 
3196.300000 0.353596 
3195.300000 0.353596 
3194.400000 0.353596 
3193.400000 0.352617 
3192.400000 0.352617 
3191.500000 0.352617 
3190.500000 0.351640 
3189.500000 0.351640 
3188.600000 0.351640 
3187.600000 0.350665 
3186.600000 0.350665 
3185.700000 0.349692 
3184.700000 0.349692 
3183.700000 0.349692 
3182.800000 0.348722 
3181.800000 0.348722 
3180.800000 0.348722 
3179.900000 0.347754 
3178.900000 0.347754 
3178.000000 0.346787 
3177.000000 0.346787 
3176.000000 0.345823 
3175.100000 0.345823 
3174.100000 0.345823 
3173.100000 0.344862 
3172.200000 0.344862 
3171.200000 0.344862 
3170.200000 0.344862 
3169.300000 0.344862 
3168.300000 0.344862 
3167.300000 0.343902 
3166.400000 0.343902 
3165.400000 0.343902 
3164.500000 0.343902 
3163.500000 0.344862 
3162.500000 0.344862 
3161.600000 0.344862 
3160.600000 0.344862 
3159.600000 0.344862 
3158.700000 0.345823 
3157.700000 0.345823 
3156.700000 0.346787 
3155.800000 0.346787 
3154.800000 0.347754 
3153.800000 0.347754 
3152.900000 0.348722 
3151.900000 0.349692 
3150.900000 0.349692 
3150.000000 0.350665 
3149.000000 0.351640 
3148.100000 0.352617 
3147.100000 0.353596 
3146.100000 0.353596 
3145.200000 0.354578 
3144.200000 0.355561 
3143.200000 0.356547 
3142.300000 0.356547 
3141.300000 0.357535 
3140.300000 0.358526 
3139.400000 0.359519 
3138.400000 0.359519 
3137.400000 0.360514 
3136.500000 0.360514 
3135.500000 0.361511 
3134.600000 0.361511 
3133.600000 0.362510 
3132.600000 0.362510 
3131.700000 0.362510 
3130.700000 0.363512 
3129.700000 0.363512 
3128.800000 0.363512 
3127.800000 0.363512 
3126.800000 0.362510 
3125.900000 0.362510 
3124.900000 0.362510 
3123.900000 0.361511 
3123.000000 0.361511 
3122.000000 0.360514 
3121.000000 0.359519 
3120.100000 0.358526 
3119.100000 0.357535 
3118.200000 0.356547 
3117.200000 0.354578 
3116.200000 0.353596 
3115.300000 0.351640 
3114.300000 0.349692 
3113.300000 0.347754 
3112.400000 0.345823 
3111.400000 0.343902 
3110.400000 0.341989 
3109.500000 0.339135 
3108.500000 0.337242 
3107.500000 0.334419 
3106.600000 0.331614 
3105.600000 0.328827 
3104.700000 0.326058 
3103.700000 0.323306 
3102.700000 0.319664 
3101.800000 0.316953 
3100.800000 0.314258 
3099.800000 0.310691 
3098.900000 0.307153 
3097.900000 0.303644 
3096.900000 0.300162 
3096.000000 0.296709 
3095.000000 0.293282 
3094.000000 0.289883 
3093.100000 0.285670 
3092.100000 0.282329 
3091.100000 0.279014 
3090.200000 0.274905 
3089.200000 0.271646 
3088.300000 0.267606 
3087.300000 0.264401 
3086.300000 0.260428 
3085.400000 0.256490 
3084.400000 0.253366 
3083.400000 0.249492 
3082.500000 0.245652 
3081.500000 0.242604 
3080.500000 0.238824 
3079.600000 0.235077 
3078.600000 0.231362 
3077.600000 0.228413 
3076.700000 0.224754 
3075.700000 0.221126 
3074.800000 0.218245 
3073.800000 0.214670 
3072.800000 0.211832 
3071.900000 0.208309 
3070.900000 0.205512 
3069.900000 0.202040 
3069.000000 0.199283 
3068.000000 0.196543 
3067.000000 0.193142 
3066.100000 0.190440 
3065.100000 0.187755 
3064.100000 0.185087 
3063.200000 0.182435 
3062.200000 0.179799 
3061.300000 0.177178 
3060.300000 0.174574 
3059.300000 0.171985 
3058.400000 0.169411 
3057.400000 0.166853 
3056.400000 0.164944 
3055.500000 0.162412 
3054.500000 0.160522 
3053.500000 0.158015 
3052.600000 0.155523 
3051.600000 0.153663 
3050.600000 0.151195 
3049.700000 0.149354 
3048.700000 0.147520 
3047.700000 0.145087 
3046.800000 0.143271 
3045.800000 0.141463 
3044.900000 0.139662 
3043.900000 0.137869 
3042.900000 0.135489 
3042.000000 0.133713 
3041.000000 0.131944 
3040.000000 0.130182 
3039.100000 0.128427 
3038.100000 0.126679 
3037.100000 0.124939 
3036.200000 0.123782 
3035.200000 0.122053 
3034.200000 0.120331 
3033.300000 0.118615 
3032.300000 0.117475 
3031.400000 0.115771 
3030.400000 0.114639 
3029.400000 0.112946 
3028.500000 0.111259 
3027.500000 0.110138 
3026.500000 0.109020 
3025.600000 0.107349 
3024.600000 0.106238 
3023.600000 0.105130 
3022.700000 0.103474 
3021.700000 0.102373 
3020.700000 0.101275 
3019.800000 0.100179 
3018.800000 0.098542 
3017.900000 0.097453 
3016.900000 0.096367 
3015.900000 0.095284 
3015.000000 0.094204 
3014.000000 0.093665 
3013.000000 0.092589 
3012.100000 0.091515 
3011.100000 0.090444 
3010.100000 0.089909 
3009.200000 0.088842 
3008.200000 0.088310 
3007.200000 0.087778 
3006.300000 0.086716 
3005.300000 0.086186 
3004.300000 0.085657 
3003.400000 0.085657 
3002.400000 0.085128 
3001.500000 0.085657 
3000.500000 0.086186 
2999.500000 0.087247 
2998.600000 0.088842 
2997.600000 0.091515 
2996.600000 0.094744 
2995.700000 0.098542 
2994.700000 0.101275 
2993.700000 0.103474 
2992.800000 0.103474 
2991.800000 0.101824 
2990.800000 0.098542 
2989.900000 0.094744 
2988.900000 0.092051 
2988.000000 0.089376 
2987.000000 0.087247 
2986.000000 0.085128 
2985.100000 0.083546 
2984.100000 0.081970 
2983.100000 0.080922 
2982.200000 0.079355 
2981.200000 0.078314 
2980.200000 0.077275 
2979.300000 0.076238 
2978.300000 0.075204 
2977.300000 0.074688 
2976.400000 0.074172 
2975.400000 0.074172 
2974.400000 0.074172 
2973.500000 0.074688 
2972.500000 0.075204 
2971.600000 0.076756 
2970.600000 0.078834 
2969.600000 0.080922 
2968.700000 0.084073 
2967.700000 0.086186 
2966.700000 0.088310 
2965.800000 0.089376 
2964.800000 0.088842 
2963.800000 0.087778 
2962.900000 0.085657 
2961.900000 0.084073 
2960.900000 0.081970 
2960.000000 0.080922 
2959.000000 0.079355 
2958.100000 0.078834 
2957.100000 0.077794 
2956.100000 0.077275 
2955.200000 0.077275 
2954.200000 0.076756 
2953.200000 0.076756 
2952.300000 0.076756 
2951.300000 0.076756 
2950.300000 0.076238 
2949.400000 0.076238 
2948.400000 0.075721 
2947.400000 0.075721 
2946.500000 0.075204 
2945.500000 0.074688 
2944.500000 0.074688 
2943.600000 0.074172 
2942.600000 0.074172 
2941.700000 0.074172 
2940.700000 0.074688 
2939.700000 0.075204 
2938.800000 0.075721 
2937.800000 0.076238 
2936.800000 0.076756 
2935.900000 0.077275 
2934.900000 0.077275 
2933.900000 0.077275 
2933.000000 0.076756 
2932.000000 0.076238 
2931.000000 0.074688 
2930.100000 0.073143 
2929.100000 0.071604 
2928.200000 0.070070 
2927.200000 0.068542 
2926.200000 0.066513 
2925.300000 0.064997 
2924.300000 0.063486 
2923.300000 0.062482 
2922.400000 0.061480 
2921.400000 0.060481 
2920.400000 0.059982 
2919.500000 0.059982 
2918.500000 0.059484 
2917.500000 0.059484 
2916.600000 0.059484 
2915.600000 0.058986 
2914.700000 0.058489 
2913.700000 0.057992 
2912.700000 0.057992 
2911.800000 0.057000 
2910.800000 0.056505 
2909.800000 0.056011 
2908.900000 0.055517 
2907.900000 0.054531 
2906.900000 0.054039 
2906.000000 0.053548 
2905.000000 0.052566 
2904.000000 0.052076 
2903.100000 0.051098 
2902.100000 0.050610 
2901.100000 0.050122 
2900.200000 0.049149 
2899.200000 0.048662 
2898.300000 0.048177 
2897.300000 0.047692 
2896.300000 0.047208 
2895.400000 0.046724 
2894.400000 0.046240 
2893.400000 0.045757 
2892.500000 0.044793 
2891.500000 0.044312 
2890.500000 0.043832 
2889.600000 0.042872 
2888.600000 0.042393 
2887.600000 0.041914 
2886.700000 0.041436 
2885.700000 0.040482 
2884.800000 0.040005 
2883.800000 0.039529 
2882.800000 0.039054 
2881.900000 0.038579 
2880.900000 0.038105 
2879.900000 0.037631 
2879.000000 0.037157 
2878.000000 0.037157 
2877.000000 0.036684 
2876.100000 0.036212 
2875.100000 0.035740 
2874.100000 0.035740 
2873.200000 0.035269 
2872.200000 0.035269 
2871.200000 0.034798 
2870.300000 0.034798 
2869.300000 0.034798 
2868.400000 0.034328 
2867.400000 0.034328 
2866.400000 0.034328 
2865.500000 0.034328 
2864.500000 0.034328 
2863.500000 0.034798 
2862.600000 0.034798 
2861.600000 0.035269 
2860.600000 0.035269 
2859.700000 0.035740 
2858.700000 0.036212 
2857.700000 0.036684 
2856.800000 0.037157 
2855.800000 0.037631 
2854.900000 0.038579 
2853.900000 0.039054 
2852.900000 0.040005 
2852.000000 0.040959 
2851.000000 0.041914 
2850.000000 0.042872 
2849.100000 0.043832 
2848.100000 0.045275 
2847.100000 0.046724 
2846.200000 0.047692 
2845.200000 0.049635 
2844.200000 0.051587 
2843.300000 0.053548 
2842.300000 0.055517 
2841.400000 0.057992 
2840.400000 0.059982 
2839.400000 0.061981 
2838.500000 0.063486 
2837.500000 0.064493 
2836.500000 0.064997 
2835.600000 0.065502 
2834.600000 0.066007 
2833.600000 0.066007 
2832.700000 0.066513 
2831.700000 0.066513 
2830.700000 0.066513 
2829.800000 0.066513 
2828.800000 0.066007 
2827.800000 0.065502 
2826.900000 0.064493 
2825.900000 0.063989 
2825.000000 0.062984 
2824.000000 0.061480 
2823.000000 0.059982 
2822.100000 0.058489 
2821.100000 0.057000 
2820.100000 0.055517 
2819.200000 0.053548 
2818.200000 0.052076 
2817.200000 0.050122 
2816.300000 0.048662 
2815.300000 0.046724 
2814.300000 0.045275 
2813.400000 0.043351 
2812.400000 0.041914 
2811.500000 0.040482 
2810.500000 0.039054 
2809.500000 0.037631 
2808.600000 0.036684 
2807.600000 0.035269 
2806.600000 0.033858 
2805.700000 0.032920 
2804.700000 0.031517 
2803.700000 0.030584 
2802.800000 0.029653 
2801.800000 0.028724 
2800.800000 0.027797 
2799.900000 0.026872 
2798.900000 0.025949 
2797.900000 0.025028 
2797.000000 0.024109 
2796.000000 0.023192 
2795.100000 0.022734 
2794.100000 0.021819 
2793.100000 0.021363 
2792.200000 0.020452 
2791.200000 0.019997 
2790.200000 0.019088 
2789.300000 0.018634 
2788.300000 0.018181 
2787.300000 0.017729 
2786.400000 0.016825 
2785.400000 0.016374 
2784.400000 0.015923 
2783.500000 0.015473 
2782.500000 0.015023 
2781.600000 0.014574 
2780.600000 0.014125 
2779.600000 0.013676 
2778.700000 0.013676 
2777.700000 0.013228 
2776.700000 0.012781 
2775.800000 0.012334 
2774.800000 0.011887 
2773.800000 0.011887 
2772.900000 0.011441 
2771.900000 0.010995 
2770.900000 0.010550 
2770.000000 0.010550 
2769.000000 0.010105 
2768.100000 0.010105 
2767.100000 0.009661 
2766.100000 0.009661 
2765.200000 0.009217 
2764.200000 0.008774 
2763.200000 0.008774 
2762.300000 0.008774 
2761.300000 0.008331 
2760.300000 0.008331 
2759.400000 0.007889 
2758.400000 0.007889 
2757.400000 0.007446 
2756.500000 0.007446 
2755.500000 0.007446 
2754.500000 0.007005 
2753.600000 0.007005 
2752.600000 0.006564 
2751.700000 0.006564 
2750.700000 0.006564 
2749.700000 0.006123 
2748.800000 0.006123 
2747.800000 0.006123 
2746.800000 0.005683 
2745.900000 0.005683 
2744.900000 0.005683 
2743.900000 0.005243 
2743.000000 0.005243 
2742.000000 0.005243 
2741.000000 0.005243 
2740.100000 0.004804 
2739.100000 0.004804 
2738.200000 0.004804 
2737.200000 0.004804 
2736.200000 0.004365 
2735.300000 0.004365 
2734.300000 0.004365 
2733.300000 0.004365 
2732.400000 0.003926 
2731.400000 0.003926 
2730.400000 0.003926 
2729.500000 0.003926 
2728.500000 0.003488 
2727.500000 0.003926 
2726.600000 0.003488 
2725.600000 0.003488 
2724.600000 0.003488 
2723.700000 0.003488 
2722.700000 0.003051 
2721.800000 0.003051 
2720.800000 0.003051 
2719.800000 0.003051 
2718.900000 0.003051 
2717.900000 0.003051 
2716.900000 0.003051 
2716.000000 0.002614 
2715.000000 0.002614 
2714.000000 0.002614 
2713.100000 0.002614 
2712.100000 0.002614 
2711.100000 0.002177 
2710.200000 0.002177 
2709.200000 0.002177 
2708.300000 0.002177 
2707.300000 0.002177 
2706.300000 0.002177 
2705.400000 0.002177 
2704.400000 0.002177 
2703.400000 0.002177 
2702.500000 0.001741 
2701.500000 0.001741 
2700.500000 0.001741 
2699.600000 0.001741 
2698.600000 0.001741 
2697.600000 0.001741 
2696.700000 0.001741 
2695.700000 0.001305 
2694.700000 0.001305 
2693.800000 0.001305 
2692.800000 0.001305 
2691.900000 0.001305 
2690.900000 0.001305 
2689.900000 0.001305 
2689.000000 0.001305 
2688.000000 0.000869 
2687.000000 0.001305 
2686.100000 0.000869 
2685.100000 0.000869 
2684.100000 0.000869 
2683.200000 0.000869 
2682.200000 0.000869 
2681.200000 0.000869 
2680.300000 0.000869 
2679.300000 0.000869 
2678.400000 0.000869 
2677.400000 0.000869 
2676.400000 0.000435 
2675.500000 0.000435 
2674.500000 0.000869 
2673.500000 0.000435 
2672.600000 0.000435 
2671.600000 0.000435 
2670.600000 0.000435 
2669.700000 0.000435 
2668.700000 0.000435 
2667.700000 0.000435 
2666.800000 0.000435 
2665.800000 0.000435 
2664.900000 0.000435 
2663.900000 0.000435 
2662.900000 0.000435 
2662.000000 0.000435 
2661.000000 0.000435 
2660.000000 0.000435 
2659.100000 0.000435 
2658.100000 0.000435 
2657.100000 0.000000 
2656.200000 0.000435 
2655.200000 0.000435 
2654.200000 0.000435 
2653.300000 0.000000 
2652.300000 0.000435 
2651.300000 0.000435 
2650.400000 0.000000 
2649.400000 0.000000 
2648.500000 0.000435 
2647.500000 0.000435 
2646.500000 0.000435 
2645.600000 0.000000 
2644.600000 0.000000 
2643.600000 0.000435 
2642.700000 0.000435 
2641.700000 0.000435 
2640.700000 0.000435 
2639.800000 0.000435 
2638.800000 0.000435 
2637.800000 0.000435 
2636.900000 0.000435 
2635.900000 0.000435 
2635.000000 0.000435 
2634.000000 0.000435 
2633.000000 0.000435 
2632.100000 0.000435 
2631.100000 0.000435 
2630.100000 0.000435 
2629.200000 0.000435 
2628.200000 0.000435 
2627.200000 0.000869 
2626.300000 0.000869 
2625.300000 0.000869 
2624.300000 0.000869 
2623.400000 0.000869 
2622.400000 0.000869 
2621.400000 0.000869 
2620.500000 0.001305 
2619.500000 0.001305 
2618.600000 0.001305 
2617.600000 0.001305 
2616.600000 0.001305 
2615.700000 0.001305 
2614.700000 0.001305 
2613.700000 0.001305 
2612.800000 0.001741 
2611.800000 0.001741 
2610.800000 0.001741 
2609.900000 0.001741 
2608.900000 0.002177 
2607.900000 0.002177 
2607.000000 0.002614 
2606.000000 0.002614 
2605.100000 0.002614 
2604.100000 0.003051 
2603.100000 0.003488 
2602.200000 0.003488 
2601.200000 0.003926 
2600.200000 0.003926 
2599.300000 0.004365 
2598.300000 0.004365 
2597.300000 0.004804 
2596.400000 0.004804 
2595.400000 0.004804 
2594.400000 0.004804 
2593.500000 0.004365 
2592.500000 0.003926 
2591.600000 0.003926 
2590.600000 0.003488 
2589.600000 0.003051 
2588.700000 0.002614 
2587.700000 0.002614 
2586.700000 0.002614 
2585.800000 0.002177 
2584.800000 0.002177 
2583.800000 0.002177 
2582.900000 0.002177 
2581.900000 0.002177 
2580.900000 0.002177 
2580.000000 0.002177 
2579.000000 0.002177 
2578.000000 0.002177 
2577.100000 0.002177 
2576.100000 0.002614 
2575.200000 0.002614 
2574.200000 0.002614 
2573.200000 0.002614 
2572.300000 0.002614 
2571.300000 0.003051 
2570.300000 0.003051 
2569.400000 0.003051 
2568.400000 0.003488 
2567.400000 0.003488 
2566.500000 0.003926 
2565.500000 0.003926 
2564.500000 0.003926 
2563.600000 0.004365 
2562.600000 0.004804 
2561.700000 0.004804 
2560.700000 0.004804 
2559.700000 0.004804 
2558.800000 0.004365 
2557.800000 0.004365 
2556.800000 0.003926 
2555.900000 0.003926 
2554.900000 0.003926 
2553.900000 0.004365 
2553.000000 0.004365 
2552.000000 0.004365 
2551.000000 0.004804 
2550.100000 0.004804 
2549.100000 0.005243 
2548.100000 0.005683 
2547.200000 0.005683 
2546.200000 0.006123 
2545.300000 0.006564 
2544.300000 0.007005 
2543.300000 0.007005 
2542.400000 0.007446 
2541.400000 0.007889 
2540.400000 0.008331 
2539.500000 0.008331 
2538.500000 0.008774 
2537.500000 0.008774 
2536.600000 0.008774 
2535.600000 0.008774 
2534.600000 0.008774 
2533.700000 0.008774 
2532.700000 0.008331 
2531.800000 0.007889 
2530.800000 0.007889 
2529.800000 0.007446 
2528.900000 0.007005 
2527.900000 0.006564 
2526.900000 0.006564 
2526.000000 0.006123 
2525.000000 0.005683 
2524.000000 0.005683 
2523.100000 0.005243 
2522.100000 0.004804 
2521.100000 0.004804 
2520.200000 0.004365 
2519.200000 0.003926 
2518.200000 0.003926 
2517.300000 0.003488 
2516.300000 0.003488 
2515.400000 0.003051 
2514.400000 0.003051 
2513.400000 0.002614 
2512.500000 0.002614 
2511.500000 0.002614 
2510.500000 0.002177 
2509.600000 0.002177 
2508.600000 0.002177 
2507.600000 0.002177 
2506.700000 0.001741 
2505.700000 0.001741 
2504.700000 0.001741 
2503.800000 0.001741 
2502.800000 0.001741 
2501.900000 0.001305 
2500.900000 0.001305 
2499.900000 0.001305 
2499.000000 0.001305 
2498.000000 0.001305 
2497.000000 0.001305 
2496.100000 0.000869 
2495.100000 0.000869 
2494.100000 0.000869 
2493.200000 0.000869 
2492.200000 0.000869 
2491.200000 0.000869 
2490.300000 0.000869 
2489.300000 0.000869 
2488.400000 0.000435 
2487.400000 0.000435 
2486.400000 0.000435 
2485.500000 0.000435 
2484.500000 0.000435 
2483.500000 0.000435 
2482.600000 0.000435 
2481.600000 0.000435 
2480.600000 0.000435 
2479.700000 0.000435 
2478.700000 0.000435 
2477.700000 0.000435 
2476.800000 0.000000 
2475.800000 0.000000 
2474.800000 0.000000 
2473.900000 0.000000 
2472.900000 0.000435 
2472.000000 0.000000 
2471.000000 0.000000 
2470.000000 0.000435 
2469.100000 0.000435 
2468.100000 0.000435 
2467.100000 0.000000 
2466.200000 0.000000 
2465.200000 0.000000 
2464.200000 0.000000 
2463.300000 0.000000 
2462.300000 0.000435 
2461.300000 0.000435 
2460.400000 0.000435 
2459.400000 0.000435 
2458.500000 0.000435 
2457.500000 0.000435 
2456.500000 0.000435 
2455.600000 0.000435 
2454.600000 0.000435 
2453.600000 0.000435 
2452.700000 0.000435 
2451.700000 0.000435 
2450.700000 0.000435 
2449.800000 0.000869 
2448.800000 0.000869 
2447.800000 0.000869 
2446.900000 0.000869 
2445.900000 0.000869 
2444.900000 0.000869 
2444.000000 0.001305 
2443.000000 0.000869 
2442.100000 0.001305 
2441.100000 0.001305 
2440.100000 0.001305 
2439.200000 0.001305 
2438.200000 0.001305 
2437.200000 0.001305 
2436.300000 0.001305 
2435.300000 0.000869 
2434.300000 0.000869 
2433.400000 0.000869 
2432.400000 0.000869 
2431.400000 0.000869 
2430.500000 0.000869 
2429.500000 0.000869 
2428.600000 0.000869 
2427.600000 0.000869 
2426.600000 0.000435 
2425.700000 0.000435 
2424.700000 0.000435 
2423.700000 0.000435 
2422.800000 0.000435 
2421.800000 0.000435 
2420.800000 0.000435 
2419.900000 0.000435 
2418.900000 0.000435 
2417.900000 0.000435 
2417.000000 0.000435 
2416.000000 0.000435 
2415.100000 0.000000 
2414.100000 0.000000 
2413.100000 0.000000 
2412.200000 0.000000 
2411.200000 0.000000 
2410.200000 0.000000 
2409.300000 0.000000 
2408.300000 0.000000 
2407.300000 0.000000 
2406.400000 0.000000 
2405.400000 0.000000 
2404.400000 0.000000 
2403.500000 0.000000 
2402.500000 0.000435 
2401.500000 0.000000 
2400.600000 0.000000 
2399.600000 0.000435 
2398.700000 0.000435 
2397.700000 0.000435 
2396.700000 0.000435 
2395.800000 0.000435 
2394.800000 0.000435 
2393.800000 0.000435 
2392.900000 0.000435 
2391.900000 0.000435 
2390.900000 0.000435 
2390.000000 0.000435 
2389.000000 0.000435 
2388.000000 0.000435 
2387.100000 0.000435 
2386.100000 0.000435 
2385.200000 0.000435 
2384.200000 0.000869 
2383.200000 0.000869 
2382.300000 0.000869 
2381.300000 0.000869 
2380.300000 0.000869 
2379.400000 0.000869 
2378.400000 0.001305 
2377.400000 0.001305 
2376.500000 0.001305 
2375.500000 0.001305 
2374.500000 0.001305 
2373.600000 0.001741 
2372.600000 0.001741 
2371.600000 0.001741 
2370.700000 0.002177 
2369.700000 0.002177 
2368.800000 0.002177 
2367.800000 0.002177 
2366.800000 0.002614 
2365.900000 0.003051 
2364.900000 0.003051 
2363.900000 0.002614 
2363.000000 0.003051 
2362.000000 0.003488 
2361.000000 0.003051 
2360.100000 0.002614 
2359.100000 0.003488 
2358.100000 0.003051 
2357.200000 0.002614 
2356.200000 0.003488 
2355.300000 0.003051 
2354.300000 0.002614 
2353.300000 0.003051 
2352.400000 0.002614 
2351.400000 0.002614 
2350.400000 0.002614 
2349.500000 0.002614 
2348.500000 0.002614 
2347.500000 0.002614 
2346.600000 0.003488 
2345.600000 0.003051 
2344.600000 0.003488 
2343.700000 0.003488 
2342.700000 0.003488 
2341.800000 0.003926 
2340.800000 0.003051 
2339.800000 0.004365 
2338.900000 0.003488 
2337.900000 0.004365 
2336.900000 0.003926 
2336.000000 0.003926 
2335.000000 0.004365 
2334.000000 0.003926 
2333.100000 0.004804 
2332.100000 0.003926 
2331.100000 0.004804 
2330.200000 0.003926 
2329.200000 0.004804 
2328.200000 0.003926 
2327.300000 0.004804 
2326.300000 0.003926 
2325.400000 0.004804 
2324.400000 0.004365 
2323.400000 0.004804 
2322.500000 0.004365 
2321.500000 0.004804 
2320.500000 0.004365 
2319.600000 0.004804 
2318.600000 0.004365 
2317.600000 0.004804 
2316.700000 0.004365 
2315.700000 0.004804 
2314.700000 0.004365 
2313.800000 0.004804 
2312.800000 0.004365 
2311.900000 0.004804 
2310.900000 0.004804 
2309.900000 0.004804 
2309.000000 0.004804 
2308.000000 0.004804 
2307.000000 0.004804 
2306.100000 0.004804 
2305.100000 0.004804 
2304.100000 0.004804 
2303.200000 0.004804 
2302.200000 0.004804 
2301.200000 0.004804 
2300.300000 0.005243 
2299.300000 0.005243 
2298.400000 0.005243 
2297.400000 0.005243 
2296.400000 0.005243 
2295.500000 0.005243 
2294.500000 0.005243 
2293.500000 0.005243 
2292.600000 0.005243 
2291.600000 0.005243 
2290.600000 0.005243 
2289.700000 0.005243 
2288.700000 0.005243 
2287.700000 0.005683 
2286.800000 0.005683 
2285.800000 0.005683 
2284.800000 0.005683 
2283.900000 0.005683 
2282.900000 0.005683 
2282.000000 0.005683 
2281.000000 0.005683 
2280.000000 0.005683 
2279.100000 0.005683 
2278.100000 0.006123 
2277.100000 0.005683 
2276.200000 0.005683 
2275.200000 0.005683 
2274.200000 0.005683 
2273.300000 0.005683 
2272.300000 0.006123 
2271.300000 0.006123 
2270.400000 0.006123 
2269.400000 0.006123 
2268.500000 0.006123 
2267.500000 0.006123 
2266.500000 0.006123 
2265.600000 0.006123 
2264.600000 0.006123 
2263.600000 0.006123 
2262.700000 0.006123 
2261.700000 0.006123 
2260.700000 0.006123 
2259.800000 0.006123 
2258.800000 0.006123 
2257.800000 0.006123 
2256.900000 0.006123 
2255.900000 0.006123 
2254.900000 0.006123 
2254.000000 0.006564 
2253.000000 0.006564 
2252.100000 0.006564 
2251.100000 0.006564 
2250.100000 0.006564 
2249.200000 0.006564 
2248.200000 0.006564 
2247.200000 0.007005 
2246.300000 0.007005 
2245.300000 0.007005 
2244.300000 0.007446 
2243.400000 0.007446 
2242.400000 0.007446 
2241.400000 0.007446 
2240.500000 0.007889 
2239.500000 0.007889 
2238.600000 0.007889 
2237.600000 0.007889 
2236.600000 0.007889 
2235.700000 0.007446 
2234.700000 0.007005 
2233.700000 0.007005 
2232.800000 0.006564 
2231.800000 0.006564 
2230.800000 0.006123 
2229.900000 0.006123 
2228.900000 0.006123 
2227.900000 0.005683 
2227.000000 0.005683 
2226.000000 0.005683 
2225.000000 0.005683 
2224.100000 0.005683 
2223.100000 0.005243 
2222.200000 0.005243 
2221.200000 0.005243 
2220.200000 0.005243 
2219.300000 0.005243 
2218.300000 0.005243 
2217.300000 0.005243 
2216.400000 0.005243 
2215.400000 0.005243 
2214.400000 0.004804 
2213.500000 0.004804 
2212.500000 0.004804 
2211.500000 0.004804 
2210.600000 0.004804 
2209.600000 0.004804 
2208.700000 0.004804 
2207.700000 0.004804 
2206.700000 0.004804 
2205.800000 0.004804 
2204.800000 0.004804 
2203.800000 0.004804 
2202.900000 0.004804 
2201.900000 0.004804 
2200.900000 0.004365 
2200.000000 0.004365 
2199.000000 0.004365 
2198.000000 0.004365 
2197.100000 0.004365 
2196.100000 0.004365 
2195.200000 0.004365 
2194.200000 0.004365 
2193.200000 0.004365 
2192.300000 0.004365 
2191.300000 0.004365 
2190.300000 0.004365 
2189.400000 0.003926 
2188.400000 0.004365 
2187.400000 0.003926 
2186.500000 0.003926 
2185.500000 0.003926 
2184.500000 0.003926 
2183.600000 0.003926 
2182.600000 0.003926 
2181.600000 0.003926 
2180.700000 0.003926 
2179.700000 0.003926 
2178.800000 0.003926 
2177.800000 0.003926 
2176.800000 0.003926 
2175.900000 0.003926 
2174.900000 0.003926 
2173.900000 0.003926 
2173.000000 0.003926 
2172.000000 0.003488 
2171.000000 0.003488 
2170.100000 0.003488 
2169.100000 0.003488 
2168.100000 0.003488 
2167.200000 0.003488 
2166.200000 0.003488 
2165.300000 0.003488 
2164.300000 0.003051 
2163.300000 0.003051 
2162.400000 0.003051 
2161.400000 0.003051 
2160.400000 0.003051 
2159.500000 0.003051 
2158.500000 0.003051 
2157.500000 0.003051 
2156.600000 0.003051 
2155.600000 0.002614 
2154.600000 0.002614 
2153.700000 0.002614 
2152.700000 0.002614 
2151.800000 0.002614 
2150.800000 0.002614 
2149.800000 0.002614 
2148.900000 0.002614 
2147.900000 0.002614 
2146.900000 0.002614 
2146.000000 0.002614 
2145.000000 0.002614 
2144.000000 0.002614 
2143.100000 0.002614 
2142.100000 0.002614 
2141.100000 0.002614 
2140.200000 0.002614 
2139.200000 0.002614 
2138.200000 0.003051 
2137.300000 0.003051 
2136.300000 0.003051 
2135.400000 0.002614 
2134.400000 0.002614 
2133.400000 0.002614 
2132.500000 0.002614 
2131.500000 0.002614 
2130.500000 0.002177 
2129.600000 0.002177 
2128.600000 0.002177 
2127.600000 0.001741 
2126.700000 0.001741 
2125.700000 0.001741 
2124.700000 0.001741 
2123.800000 0.001741 
2122.800000 0.001741 
2121.900000 0.001305 
2120.900000 0.001305 
2119.900000 0.001305 
2119.000000 0.001305 
2118.000000 0.001305 
2117.000000 0.001305 
2116.100000 0.001305 
2115.100000 0.001305 
2114.100000 0.001305 
2113.200000 0.001305 
2112.200000 0.000869 
2111.200000 0.000869 
2110.300000 0.000869 
2109.300000 0.000869 
2108.300000 0.000869 
2107.400000 0.000869 
2106.400000 0.000869 
2105.500000 0.000869 
2104.500000 0.000869 
2103.500000 0.000869 
2102.600000 0.000869 
2101.600000 0.000869 
2100.600000 0.000869 
2099.700000 0.000869 
2098.700000 0.000435 
2097.700000 0.000435 
2096.800000 0.000435 
2095.800000 0.000435 
2094.800000 0.000435 
2093.900000 0.000435 
2092.900000 0.000435 
2092.000000 0.000435 
2091.000000 0.000435 
2090.000000 0.000435 
2089.100000 0.000435 
2088.100000 0.000435 
2087.100000 0.000435 
2086.200000 0.000000 
2085.200000 0.000000 
2084.200000 0.000000 
2083.300000 0.000000 
2082.300000 0.000000 
2081.300000 0.000435 
2080.400000 0.000000 
2079.400000 0.000000 
2078.400000 0.000000 
2077.500000 0.000435 
2076.500000 0.000000 
2075.600000 0.000000 
2074.600000 0.000000 
2073.600000 0.000000 
2072.700000 0.000435 
2071.700000 0.000435 
2070.700000 0.000435 
2069.800000 0.000435 
2068.800000 0.000435 
2067.800000 0.000435 
2066.900000 0.000435 
2065.900000 0.000435 
2064.900000 0.000435 
2064.000000 0.000435 
2063.000000 0.000435 
2062.100000 0.000435 
2061.100000 0.000435 
2060.100000 0.000435 
2059.200000 0.000435 
2058.200000 0.000435 
2057.200000 0.000435 
2056.300000 0.000435 
2055.300000 0.000435 
2054.300000 0.000435 
2053.400000 0.000435 
2052.400000 0.000435 
2051.400000 0.000435 
2050.500000 0.000435 
2049.500000 0.000435 
2048.600000 0.000435 
2047.600000 0.000435 
2046.600000 0.000435 
2045.700000 0.000435 
2044.700000 0.000435 
2043.700000 0.000435 
2042.800000 0.000435 
2041.800000 0.000435 
2040.800000 0.000435 
2039.900000 0.000435 
2038.900000 0.000435 
2037.900000 0.000435 
2037.000000 0.000435 
2036.000000 0.000435 
2035.000000 0.000435 
2034.100000 0.000435 
2033.100000 0.000435 
2032.200000 0.000435 
2031.200000 0.000435 
2030.200000 0.000435 
2029.300000 0.000435 
2028.300000 0.000435 
2027.300000 0.000869 
2026.400000 0.000869 
2025.400000 0.001305 
2024.400000 0.001305 
2023.500000 0.001741 
2022.500000 0.002614 
2021.500000 0.003488 
2020.600000 0.003926 
2019.600000 0.003926 
2018.700000 0.003488 
2017.700000 0.003051 
2016.700000 0.002614 
2015.800000 0.001741 
2014.800000 0.001305 
2013.800000 0.001305 
2012.900000 0.000869 
2011.900000 0.000869 
2010.900000 0.000435 
2010.000000 0.000435 
2009.000000 0.000435 
2008.000000 0.000435 
2007.100000 0.000435 
2006.100000 0.000435 
2005.100000 0.000435 
2004.200000 0.000435 
2003.200000 0.000435 
2002.300000 0.000435 
2001.300000 0.000435 
2000.300000 0.000435 
1999.400000 0.000000 
1998.400000 0.000000 
1997.400000 0.000000 
1996.500000 0.000000 
1995.500000 0.000000 
1994.500000 0.000000 
1993.600000 0.000000 
1992.600000 0.000000 
1991.600000 0.000000 
1990.700000 0.000000 
1989.700000 0.000435 
1988.800000 0.000000 
1987.800000 0.000000 
1986.800000 0.000435 
1985.900000 0.000435 
1984.900000 0.000000 
1983.900000 0.000435 
1983.000000 0.000000 
1982.000000 0.000435 
1981.000000 0.000435 
1980.100000 0.000435 
1979.100000 0.000435 
1978.100000 0.000435 
1977.200000 0.000435 
1976.200000 0.000435 
1975.300000 0.000435 
1974.300000 0.000435 
1973.300000 0.000435 
1972.400000 0.000435 
1971.400000 0.000435 
1970.400000 0.000435 
1969.500000 0.000435 
1968.500000 0.000000 
1967.500000 0.000000 
1966.600000 0.000435 
1965.600000 0.000435 
1964.600000 0.000000 
1963.700000 0.000000 
1962.700000 0.000000 
1961.700000 0.000000 
1960.800000 0.000435 
1959.800000 0.000869 
1958.900000 0.000000 
1957.900000 0.000000 
1956.900000 0.000000 
1956.000000 0.000000 
1955.000000 0.000000 
1954.000000 0.000000 
1953.100000 0.000000 
1952.100000 0.000000 
1951.100000 0.000000 
1950.200000 0.000000 
1949.200000 0.000000 
1948.200000 0.000000 
1947.300000 0.000000 
1946.300000 0.000000 
1945.400000 0.000000 
1944.400000 0.000000 
1943.400000 0.000000 
1942.500000 0.000000 
1941.500000 0.000000 
1940.500000 0.000000 
1939.600000 0.000000 
1938.600000 0.000000 
1937.600000 0.000000 
1936.700000 0.000000 
1935.700000 0.000000 
1934.700000 0.000000 
1933.800000 0.000000 
1932.800000 0.000000 
1931.800000 0.000000 
1930.900000 0.000000 
1929.900000 0.000000 
1929.000000 0.000000 
1928.000000 0.000000 
1927.000000 0.000000 
1926.100000 0.000000 
1925.100000 0.000000 
1924.100000 0.000000 
1923.200000 0.000000 
1922.200000 0.000000 
1921.200000 0.000000 
1920.300000 0.000435 
1919.300000 0.000000 
1918.300000 0.000000 
1917.400000 0.000435 
1916.400000 0.000000 
1915.500000 0.000435 
1914.500000 0.000435 
1913.500000 0.000435 
1912.600000 0.000000 
1911.600000 0.000435 
1910.600000 0.000000 
1909.700000 0.000000 
1908.700000 0.000000 
1907.700000 0.000000 
1906.800000 0.000435 
1905.800000 0.000435 
1904.800000 0.000000 
1903.900000 0.000000 
1902.900000 0.000435 
1901.900000 0.000000 
1901.000000 0.000000 
1900.000000 0.000000 
1899.100000 0.000000 
1898.100000 0.000000 
1897.100000 0.000000 
1896.200000 0.000435 
1895.200000 0.000000 
1894.200000 0.000000 
1893.300000 0.000000 
1892.300000 0.000000 
1891.300000 0.000000 
1890.400000 0.000000 
1889.400000 0.000000 
1888.400000 0.000000 
1887.500000 0.000000 
1886.500000 0.000000 
1885.600000 0.000000 
1884.600000 0.000000 
1883.600000 0.000000 
1882.700000 0.000000 
1881.700000 0.000000 
1880.700000 0.000000 
1879.800000 0.000000 
1878.800000 0.000000 
1877.800000 0.000000 
1876.900000 0.000000 
1875.900000 0.000000 
1874.900000 0.000000 
1874.000000 0.000000 
1873.000000 0.000000 
1872.100000 0.000000 
1871.100000 0.000000 
1870.100000 0.000000 
1869.200000 0.000000 
1868.200000 0.000000 
1867.200000 0.000000 
1866.300000 0.000000 
1865.300000 0.000000 
1864.300000 0.000435 
1863.400000 0.000000 
1862.400000 0.000435 
1861.400000 0.000000 
1860.500000 0.000435 
1859.500000 0.000000 
1858.500000 0.000000 
1857.600000 0.000000 
1856.600000 0.000435 
1855.700000 0.000435 
1854.700000 0.000435 
1853.700000 0.000435 
1852.800000 0.000435 
1851.800000 0.000435 
1850.800000 0.000435 
1849.900000 0.000435 
1848.900000 0.000435 
1847.900000 0.000435 
1847.000000 0.000435 
1846.000000 0.000435 
1845.000000 0.000000 
1844.100000 0.000435 
1843.100000 0.000435 
1842.200000 0.000435 
1841.200000 0.000435 
1840.200000 0.000435 
1839.300000 0.000435 
1838.300000 0.000435 
1837.300000 0.000435 
1836.400000 0.000435 
1835.400000 0.000435 
1834.400000 0.000435 
1833.500000 0.000435 
1832.500000 0.000435 
1831.500000 0.000000 
1830.600000 0.000000 
1829.600000 0.000000 
1828.600000 0.000435 
1827.700000 0.000000 
1826.700000 0.000435 
1825.800000 0.000000 
1824.800000 0.000435 
1823.800000 0.000435 
1822.900000 0.000435 
1821.900000 0.000000 
1820.900000 0.000000 
1820.000000 0.000000 
1819.000000 0.000435 
1818.000000 0.000000 
1817.100000 0.000000 
1816.100000 0.000000 
1815.100000 0.000435 
1814.200000 0.000000 
1813.200000 0.000000 
1812.300000 0.000435 
1811.300000 0.000000 
1810.300000 0.000435 
1809.400000 0.000435 
1808.400000 0.000435 
1807.400000 0.000435 
1806.500000 0.000435 
1805.500000 0.000435 
1804.500000 0.000435 
1803.600000 0.000435 
1802.600000 0.000435 
1801.600000 0.000435 
1800.700000 0.000435 
1799.700000 0.000435 
1798.800000 0.000435 
1797.800000 0.000435 
1796.800000 0.000435 
1795.900000 0.000435 
1794.900000 0.000435 
1793.900000 0.000435 
1793.000000 0.000000 
1792.000000 0.000435 
1791.000000 0.000435 
1790.100000 0.000435 
1789.100000 0.000435 
1788.100000 0.000435 
1787.200000 0.000435 
1786.200000 0.000435 
1785.200000 0.000435 
1784.300000 0.000435 
1783.300000 0.000435 
1782.400000 0.000435 
1781.400000 0.000435 
1780.400000 0.000869 
1779.500000 0.000869 
1778.500000 0.000869 
1777.500000 0.000869 
1776.600000 0.000869 
1775.600000 0.000869 
1774.600000 0.000869 
1773.700000 0.000435 
1772.700000 0.000435 
1771.700000 0.000869 
1770.800000 0.000869 
1769.800000 0.001305 
1768.900000 0.000869 
1767.900000 0.000869 
1766.900000 0.001305 
1766.000000 0.001305 
1765.000000 0.001305 
1764.000000 0.001305 
1763.100000 0.001305 
1762.100000 0.000869 
1761.100000 0.001305 
1760.200000 0.001741 
1759.200000 0.001741 
1758.200000 0.001741 
1757.300000 0.001305 
1756.300000 0.001741 
1755.300000 0.001741 
1754.400000 0.001741 
1753.400000 0.002177 
1752.500000 0.001741 
1751.500000 0.001741 
1750.500000 0.002177 
1749.600000 0.002177 
1748.600000 0.002177 
1747.600000 0.002614 
1746.700000 0.002614 
1745.700000 0.002614 
1744.700000 0.003051 
1743.800000 0.003051 
1742.800000 0.003051 
1741.800000 0.003051 
1740.900000 0.003051 
1739.900000 0.003051 
1739.000000 0.003488 
1738.000000 0.003488 
1737.000000 0.003926 
1736.100000 0.003926 
1735.100000 0.003051 
1734.100000 0.003488 
1733.200000 0.003926 
1732.200000 0.004365 
1731.200000 0.004365 
1730.300000 0.004365 
1729.300000 0.004804 
1728.300000 0.004804 
1727.400000 0.004804 
1726.400000 0.005243 
1725.400000 0.005243 
1724.500000 0.005243 
1723.500000 0.005243 
1722.600000 0.005683 
1721.600000 0.005683 
1720.600000 0.005683 
1719.700000 0.005683 
1718.700000 0.005683 
1717.700000 0.004804 
1716.800000 0.006123 
1715.800000 0.006123 
1714.800000 0.006123 
1713.900000 0.006564 
1712.900000 0.006564 
1711.900000 0.006564 
1711.000000 0.006564 
1710.000000 0.006564 
1709.100000 0.006564 
1708.100000 0.006564 
1707.100000 0.006564 
1706.200000 0.006564 
1705.200000 0.006564 
1704.200000 0.006564 
1703.300000 0.007005 
1702.300000 0.007005 
1701.300000 0.006123 
1700.400000 0.005683 
1699.400000 0.007005 
1698.400000 0.007005 
1697.500000 0.007005 
1696.500000 0.005683 
1695.600000 0.006564 
1694.600000 0.007005 
1693.600000 0.007446 
1692.700000 0.007446 
1691.700000 0.007446 
1690.700000 0.007446 
1689.800000 0.007446 
1688.800000 0.007446 
1687.800000 0.007446 
1686.900000 0.007446 
1685.900000 0.007005 
1684.900000 0.006123 
1684.000000 0.007005 
1683.000000 0.007446 
1682.000000 0.007446 
1681.100000 0.007446 
1680.100000 0.007446 
1679.200000 0.007446 
1678.200000 0.007446 
1677.200000 0.007889 
1676.300000 0.007446 
1675.300000 0.007446 
1674.300000 0.007889 
1673.400000 0.007889 
1672.400000 0.007889 
1671.400000 0.007889 
1670.500000 0.007446 
1669.500000 0.007446 
1668.500000 0.007446 
1667.600000 0.007889 
1666.600000 0.007889 
1665.700000 0.007889 
1664.700000 0.007889 
1663.700000 0.007446 
1662.800000 0.007446 
1661.800000 0.007446 
1660.800000 0.007446 
1659.900000 0.007446 
1658.900000 0.007446 
1657.900000 0.007446 
1657.000000 0.007446 
1656.000000 0.007005 
1655.000000 0.006564 
1654.100000 0.006123 
1653.100000 0.005683 
1652.200000 0.006564 
1651.200000 0.007005 
1650.200000 0.006564 
1649.300000 0.006564 
1648.300000 0.006564 
1647.300000 0.006564 
1646.400000 0.005683 
1645.400000 0.006564 
1644.400000 0.006564 
1643.500000 0.006564 
1642.500000 0.006564 
1641.500000 0.006564 
1640.600000 0.006564 
1639.600000 0.006564 
1638.600000 0.006123 
1637.700000 0.006123 
1636.700000 0.006123 
1635.800000 0.005243 
1634.800000 0.006123 
1633.800000 0.006123 
1632.900000 0.006123 
1631.900000 0.006123 
1630.900000 0.006123 
1630.000000 0.006123 
1629.000000 0.006123 
1628.000000 0.006123 
1627.100000 0.006123 
1626.100000 0.006123 
1625.100000 0.006123 
1624.200000 0.005683 
1623.200000 0.005683 
1622.300000 0.005683 
1621.300000 0.006123 
1620.300000 0.005683 
1619.400000 0.005683 
1618.400000 0.005683 
1617.400000 0.004804 
1616.500000 0.005683 
1615.500000 0.006123 
1614.500000 0.005683 
1613.600000 0.005683 
1612.600000 0.005683 
1611.600000 0.005683 
1610.700000 0.005243 
1609.700000 0.005243 
1608.700000 0.005683 
1607.800000 0.005243 
1606.800000 0.005683 
1605.900000 0.005683 
1604.900000 0.005683 
1603.900000 0.005243 
1603.000000 0.005683 
1602.000000 0.005243 
1601.000000 0.005243 
1600.100000 0.005243 
1599.100000 0.005243 
1598.100000 0.005243 
1597.200000 0.005243 
1596.200000 0.005243 
1595.200000 0.005243 
1594.300000 0.005243 
1593.300000 0.005243 
1592.400000 0.005243 
1591.400000 0.005243 
1590.400000 0.005243 
1589.500000 0.004804 
1588.500000 0.005243 
1587.500000 0.004804 
1586.600000 0.004804 
1585.600000 0.004804 
1584.600000 0.004804 
1583.700000 0.004804 
1582.700000 0.004804 
1581.700000 0.004804 
1580.800000 0.004804 
1579.800000 0.004804 
1578.800000 0.004804 
1577.900000 0.004365 
1576.900000 0.003488 
1576.000000 0.003926 
1575.000000 0.004365 
1574.000000 0.004365 
1573.100000 0.004365 
1572.100000 0.004365 
1571.100000 0.004365 
1570.200000 0.003926 
1569.200000 0.003926 
1568.200000 0.003926 
1567.300000 0.003926 
1566.300000 0.003926 
1565.300000 0.003926 
1564.400000 0.003926 
1563.400000 0.003926 
1562.500000 0.003926 
1561.500000 0.003926 
1560.500000 0.002614 
1559.600000 0.003051 
1558.600000 0.002614 
1557.600000 0.003051 
1556.700000 0.003488 
1555.700000 0.003488 
1554.700000 0.003051 
1553.800000 0.003488 
1552.800000 0.003488 
1551.800000 0.003488 
1550.900000 0.003488 
1549.900000 0.003488 
1549.000000 0.003488 
1548.000000 0.003488 
1547.000000 0.003488 
1546.100000 0.003051 
1545.100000 0.003051 
1544.100000 0.003051 
1543.200000 0.003051 
1542.200000 0.002614 
1541.200000 0.002614 
1540.300000 0.002177 
1539.300000 0.001741 
1538.300000 0.002614 
1537.400000 0.002614 
1536.400000 0.002614 
1535.400000 0.002614 
1534.500000 0.002177 
1533.500000 0.002177 
1532.600000 0.002177 
1531.600000 0.002177 
1530.600000 0.002177 
1529.700000 0.002177 
1528.700000 0.001741 
1527.700000 0.001741 
1526.800000 0.001741 
1525.800000 0.001305 
1524.800000 0.001741 
1523.900000 0.001305 
1522.900000 0.000869 
1521.900000 0.000435 
1521.000000 0.000869 
1520.000000 0.001305 
1519.100000 0.001305 
1518.100000 0.000869 
1517.100000 0.000869 
1516.200000 0.000869 
1515.200000 0.000869 
1514.200000 0.000869 
1513.300000 0.000869 
1512.300000 0.000869 
1511.300000 0.000869 
1510.400000 0.000435 
1509.400000 0.000869 
1508.400000 0.000435 
1507.500000 -0.000434 
1506.500000 0.000000 
1505.500000 0.000000 
1504.600000 0.000435 
1503.600000 0.000435 
1502.700000 0.000435 
1501.700000 0.000435 
1500.700000 0.000435 
1499.800000 0.000435 
1498.800000 0.000435 
1497.800000 0.000435 
1496.900000 0.000000 
1495.900000 0.000435 
1494.900000 0.000869 
1494.000000 0.001305 
1493.000000 0.001305 
1492.000000 0.001741 
1491.100000 0.002177 
1490.100000 0.002614 
1489.200000 0.003926 
1488.200000 0.004804 
1487.200000 0.006123 
1486.300000 0.007889 
1485.300000 0.010550 
1484.300000 0.012781 
1483.400000 0.015923 
1482.400000 0.018181 
1481.400000 0.019542 
1480.500000 0.020907 
1479.500000 0.021363 
1478.500000 0.022276 
1477.600000 0.022734 
1476.600000 0.022734 
1475.700000 0.022734 
1474.700000 0.021363 
1473.700000 0.019542 
1472.800000 0.018181 
1471.800000 0.017277 
1470.800000 0.016825 
1469.900000 0.016374 
1468.900000 0.016374 
1467.900000 0.016825 
1467.000000 0.017729 
1466.000000 0.018634 
1465.000000 0.019088 
1464.100000 0.019542 
1463.100000 0.018634 
1462.100000 0.017729 
1461.200000 0.015923 
1460.200000 0.014574 
1459.300000 0.013228 
1458.300000 0.012334 
1457.300000 0.011441 
1456.400000 0.012334 
1455.400000 0.012781 
1454.400000 0.013228 
1453.500000 0.014125 
1452.500000 0.015473 
1451.500000 0.017277 
1450.600000 0.020452 
1449.600000 0.024568 
1448.600000 0.030584 
1447.700000 0.038579 
1446.700000 0.041914 
1445.800000 0.035269 
1444.800000 0.027334 
1443.800000 0.022276 
1442.900000 0.018634 
1441.900000 0.016374 
1440.900000 0.014574 
1440.000000 0.014125 
1439.000000 0.014574 
1438.000000 0.015023 
1437.100000 0.015473 
1436.100000 0.017729 
1435.100000 0.019542 
1434.200000 0.020907 
1433.200000 0.022734 
1432.300000 0.024568 
1431.300000 0.025949 
1430.300000 0.026872 
1429.400000 0.028260 
1428.400000 0.028724 
1427.400000 0.029188 
1426.500000 0.029188 
1425.500000 0.028724 
1424.500000 0.027797 
1423.600000 0.027334 
1422.600000 0.025949 
1421.600000 0.025028 
1420.700000 0.023650 
1419.700000 0.021819 
1418.700000 0.021363 
1417.800000 0.019997 
1416.800000 0.019088 
1415.900000 0.018181 
1414.900000 0.016825 
1413.900000 0.015923 
1413.000000 0.015023 
1412.000000 0.014125 
1411.000000 0.013228 
1410.100000 0.012334 
1409.100000 0.011887 
1408.100000 0.010995 
1407.200000 0.010105 
1406.200000 0.009661 
1405.200000 0.008774 
1404.300000 0.008774 
1403.300000 0.007889 
1402.300000 0.007446 
1401.400000 0.007005 
1400.400000 0.006564 
1399.500000 0.006123 
1398.500000 0.005683 
1397.500000 0.005683 
1396.600000 0.005243 
1395.600000 0.004804 
1394.600000 0.004365 
1393.700000 0.004365 
1392.700000 0.004365 
1391.700000 0.003926 
1390.800000 0.003926 
1389.800000 0.003926 
1388.800000 0.003926 
1387.900000 0.003051 
1386.900000 0.003488 
1386.000000 0.003051 
1385.000000 0.003051 
1384.000000 0.002614 
1383.100000 0.002614 
1382.100000 0.002614 
1381.100000 0.002177 
1380.200000 0.002177 
1379.200000 0.002177 
1378.200000 0.002177 
1377.300000 0.001741 
1376.300000 0.001741 
1375.300000 0.001741 
1374.400000 0.001305 
1373.400000 0.001741 
1372.500000 0.001305 
1371.500000 0.001305 
1370.500000 0.001305 
1369.600000 0.001305 
1368.600000 0.001305 
1367.600000 0.000869 
1366.700000 0.000869 
1365.700000 0.000869 
1364.700000 0.000869 
1363.800000 0.000869 
1362.800000 0.000869 
1361.800000 0.000869 
1360.900000 0.000869 
1359.900000 0.000869 
1358.900000 0.000869 
1358.000000 0.000435 
1357.000000 0.000435 
1356.100000 0.000435 
1355.100000 0.000435 
1354.100000 0.000435 
1353.200000 0.000435 
1352.200000 0.000435 
1351.200000 0.000435 
1350.300000 0.000435 
1349.300000 0.000435 
1348.300000 0.000435 
1347.400000 0.000000 
1346.400000 0.000000 
1345.400000 0.000000 
1344.500000 -0.000434 
1343.500000 0.000000 
1342.600000 0.000000 
1341.600000 0.000000 
1340.600000 0.000000 
1339.700000 0.000000 
1338.700000 0.000000 
1337.700000 0.000000 
1336.800000 0.000000 
1335.800000 0.000000 
1334.800000 0.000000 
1333.900000 0.000000 
1332.900000 0.000000 
1331.900000 0.000000 
1331.000000 0.000000 
1330.000000 0.000000 
1329.100000 0.000000 
1328.100000 0.000000 
1327.100000 0.000000 
1326.200000 0.000000 
1325.200000 0.000000 
1324.200000 0.000000 
1323.300000 0.000000 
1322.300000 0.000000 
1321.300000 0.000000 
1320.400000 0.000000 
1319.400000 0.000000 
1318.400000 0.000000 
1317.500000 0.000000 
1316.500000 0.000000 
1315.500000 0.000000 
1314.600000 0.000435 
1313.600000 0.000000 
1312.700000 0.000000 
1311.700000 0.000435 
1310.700000 0.000000 
1309.800000 0.000000 
1308.800000 0.000435 
1307.800000 0.000435 
1306.900000 0.000435 
1305.900000 0.000435 
1304.900000 0.000435 
1304.000000 0.000435 
1303.000000 0.000000 
1302.000000 0.000000 
1301.100000 0.000435 
1300.100000 0.000000 
1299.200000 0.000435 
1298.200000 0.000000 
1297.200000 0.000000 
1296.300000 0.000435 
1295.300000 0.000435 
1294.300000 0.000000 
1293.400000 0.000435 
1292.400000 0.000000 
1291.400000 0.000435 
1290.500000 0.000435 
1289.500000 0.000435 
1288.500000 0.000435 
1287.600000 0.000435 
1286.600000 0.000435 
1285.600000 0.000435 
1284.700000 0.000435 
1283.700000 0.000435 
1282.800000 0.000435 
1281.800000 0.000000 
1280.800000 0.000000 
1279.900000 0.000435 
1278.900000 0.000435 
1277.900000 0.000435 
1277.000000 0.000000 
1276.000000 0.000435 
1275.000000 0.000435 
1274.100000 0.000435 
1273.100000 0.000000 
1272.100000 0.000000 
1271.200000 0.000000 
1270.200000 0.000000 
1269.300000 0.000000 
1268.300000 0.000000 
1267.300000 0.000000 
1266.400000 0.000000 
1265.400000 0.000000 
1264.400000 0.000435 
1263.500000 0.000435 
1262.500000 0.000435 
1261.500000 0.000435 
1260.600000 0.000435 
1259.600000 0.000435 
1258.600000 0.000435 
1257.700000 0.000435 
1256.700000 0.000435 
1255.800000 0.000435 
1254.800000 0.000435 
1253.800000 0.000435 
1252.900000 0.000435 
1251.900000 0.000435 
1250.900000 0.000000 
1250.000000 0.000435 
1249.000000 0.000435 
1248.000000 0.000435 
1247.100000 0.000435 
1246.100000 0.000435 
1245.100000 0.000435 
1244.200000 0.000435 
1243.200000 0.000435 
1242.200000 0.000435 
1241.300000 0.000435 
1240.300000 0.000435 
1239.400000 0.000435 
1238.400000 0.000869 
1237.400000 0.000869 
1236.500000 0.000869 
1235.500000 0.000869 
1234.500000 0.000435 
1233.600000 0.000435 
1232.600000 0.000435 
1231.600000 0.000435 
1230.700000 0.000435 
1229.700000 0.000435 
1228.700000 0.000435 
1227.800000 0.000435 
1226.800000 0.000435 
1225.900000 0.000869 
1224.900000 0.000435 
1223.900000 0.000435 
1223.000000 0.000435 
1222.000000 0.000435 
1221.000000 0.000435 
1220.100000 0.000435 
1219.100000 0.000435 
1218.100000 0.000435 
1217.200000 0.000435 
1216.200000 0.000435 
1215.200000 0.000435 
1214.300000 0.000435 
1213.300000 0.000435 
1212.300000 0.000435 
1211.400000 0.000435 
1210.400000 0.000435 
1209.500000 0.000435 
1208.500000 0.000435 
1207.500000 0.000435 
1206.600000 0.000435 
1205.600000 0.000435 
1204.600000 0.000435 
1203.700000 0.000435 
1202.700000 0.000869 
1201.700000 0.000869 
1200.800000 0.000435 
1199.800000 0.000435 
1198.800000 0.000435 
1197.900000 0.000435 
1196.900000 0.000435 
1196.000000 0.000435 
1195.000000 0.000435 
1194.000000 0.000435 
1193.100000 0.000435 
1192.100000 0.000435 
1191.100000 0.000435 
1190.200000 0.000435 
1189.200000 0.000435 
1188.200000 0.000435 
1187.300000 0.000435 
1186.300000 0.000435 
1185.300000 0.000000 
1184.400000 0.000435 
1183.400000 0.000435 
1182.400000 0.000435 
1181.500000 0.000435 
1180.500000 0.000000 
1179.600000 0.000000 
1178.600000 0.000000 
1177.600000 0.000000 
1176.700000 0.000000 
1175.700000 0.000000 
1174.700000 0.000435 
1173.800000 0.000435 
1172.800000 0.000435 
1171.800000 0.000435 
1170.900000 0.000435 
1169.900000 0.000435 
1168.900000 0.000435 
1168.000000 0.000869 
1167.000000 0.000869 
1166.100000 0.001305 
1165.100000 0.002177 
1164.100000 0.002177 
1163.200000 0.001741 
1162.200000 0.001741 
1161.200000 0.001305 
1160.300000 0.001305 
1159.300000 0.000869 
1158.300000 0.000869 
1157.400000 0.000869 
1156.400000 0.000869 
1155.400000 0.000869 
1154.500000 0.000869 
1153.500000 0.000869 
1152.600000 0.000869 
1151.600000 0.001305 
1150.600000 0.001305 
1149.700000 0.001305 
1148.700000 0.001741 
1147.700000 0.001741 
1146.800000 0.002177 
1145.800000 0.002177 
1144.800000 0.002614 
1143.900000 0.003051 
1142.900000 0.003488 
1141.900000 0.003926 
1141.000000 0.004365 
1140.000000 0.004804 
1139.000000 0.004804 
1138.100000 0.005243 
1137.100000 0.006123 
1136.200000 0.006564 
1135.200000 0.007446 
1134.200000 0.008331 
1133.300000 0.009217 
1132.300000 0.010550 
1131.300000 0.011887 
1130.400000 0.014125 
1129.400000 0.016374 
1128.400000 0.019997 
1127.500000 0.025949 
1126.500000 0.033858 
1125.500000 0.039054 
1124.600000 0.040005 
1123.600000 0.036212 
1122.700000 0.030584 
1121.700000 0.025028 
1120.700000 0.020452 
1119.800000 0.016374 
1118.800000 0.013228 
1117.800000 0.010995 
1116.900000 0.009217 
1115.900000 0.007446 
1114.900000 0.006564 
1114.000000 0.005683 
1113.000000 0.004804 
1112.000000 0.003926 
1111.100000 0.003051 
1110.100000 0.002614 
1109.100000 0.002177 
1108.200000 0.002177 
1107.200000 0.001741 
1106.300000 0.001741 
1105.300000 0.001305 
1104.300000 0.001305 
1103.400000 0.000869 
1102.400000 0.000869 
1101.400000 0.000869 
1100.500000 0.000869 
1099.500000 0.000869 
1098.500000 0.000869 
1097.600000 0.000435 
1096.600000 0.000435 
1095.600000 0.000435 
1094.700000 0.000435 
1093.700000 0.000435 
1092.800000 0.000435 
1091.800000 0.000435 
1090.800000 0.000435 
1089.900000 0.000435 
1088.900000 0.000435 
1087.900000 0.000435 
1087.000000 0.000435 
1086.000000 0.000435 
1085.000000 0.000435 
1084.100000 0.000000 
1083.100000 0.000435 
1082.100000 0.000000 
1081.200000 0.000000 
1080.200000 0.000435 
1079.300000 0.000443 
1078.300000 0.000452 
1077.300000 0.000465 
1076.400000 0.000474 
1075.400000 0.000482 
1074.400000 0.000495 
1073.500000 0.000504 
1072.500000 0.000517 
1071.500000 0.000526 
1070.600000 0.000539 
1069.600000 0.000983 
1068.600000 0.000556 
1067.700000 0.001004 
1066.700000 0.001449 
1065.700000 0.001462 
1064.800000 0.001470 
1063.800000 0.001483 
1062.900000 0.001928 
1061.900000 0.001937 
1060.900000 0.002386 
1060.000000 0.002832 
1059.000000 0.003283 
1058.000000 0.003729 
1057.100000 0.004181 
1056.100000 0.004628 
1055.100000 0.005516 
1054.200000 0.006409 
1053.200000 0.007743 
1052.200000 0.009084 
1051.300000 0.010871 
1050.300000 0.013116 
1049.400000 0.015819 
1048.400000 0.019447 
1047.400000 0.023567 
1046.500000 0.029114 
1045.500000 0.035208 
1044.500000 0.042340 
1043.600000 0.048624 
1042.600000 0.054995 
1041.600000 0.059469 
1040.700000 0.063481 
1039.700000 0.066012 
1038.700000 0.067547 
1037.800000 0.068064 
1036.800000 0.068588 
1035.800000 0.069107 
1034.900000 0.069632 
1033.900000 0.070152 
1033.000000 0.069652 
1032.000000 0.068649 
1031.000000 0.068659 
1030.100000 0.070203 
1029.100000 0.073287 
1028.100000 0.077955 
1027.200000 0.083720 
1026.200000 0.091167 
1025.200000 0.098749 
1024.300000 0.107015 
1023.300000 0.117151 
1022.300000 0.127523 
1021.400000 0.139950 
1020.400000 0.152119 
1019.500000 0.164005 
1018.500000 0.172340 
1017.500000 0.174944 
1016.600000 0.174314 
1015.600000 0.171740 
1014.600000 0.164088 
1013.700000 0.149152 
1012.700000 0.124759 
1011.700000 0.097301 
1010.800000 0.076103 
1009.800000 0.061365 
1008.800000 0.050508 
1007.900000 0.042307 
1006.900000 0.035665 
1006.000000 0.030519 
1005.000000 0.026360 
1004.000000 0.023609 
1003.100000 0.021336 
1002.100000 0.020433 
1001.100000 0.020903 
1000.200000 0.020001 
999.200000 0.017742 
998.230000 0.015500 
997.270000 0.013712 
996.310000 0.012383 
995.340000 0.011499 
994.380000 0.011512 
993.410000 0.011521 
992.450000 0.010639 
991.480000 0.010208 
990.520000 0.009772 
989.550000 0.009786 
988.590000 0.009350 
987.630000 0.009364 
986.660000 0.009373 
985.700000 0.009386 
984.730000 0.009395 
983.770000 0.009404 
982.800000 0.009417 
981.840000 0.009870 
980.870000 0.009883 
979.910000 0.009892 
978.940000 0.009905 
977.980000 0.010359 
977.020000 0.010368 
976.050000 0.010826 
975.090000 0.010835 
974.120000 0.011294 
973.160000 0.011303 
972.190000 0.011762 
971.230000 0.011771 
970.260000 0.012227 
969.300000 0.012687 
968.340000 0.012696 
967.370000 0.013157 
966.410000 0.013613 
965.440000 0.014075 
964.480000 0.014084 
963.510000 0.014542 
962.550000 0.015005 
961.580000 0.015014 
960.620000 0.015477 
959.660000 0.015936 
958.690000 0.016401 
957.730000 0.016861 
956.760000 0.017322 
955.800000 0.017788 
954.830000 0.018249 
953.870000 0.018716 
952.900000 0.019179 
951.940000 0.019647 
950.970000 0.019656 
950.010000 0.020119 
949.050000 0.020588 
948.080000 0.021509 
947.120000 0.021979 
946.150000 0.022446 
945.190000 0.022917 
944.220000 0.023384 
943.260000 0.023852 
942.290000 0.024784 
941.330000 0.025253 
940.370000 0.025728 
939.400000 0.026198 
938.440000 0.027136 
937.470000 0.027607 
936.510000 0.028080 
935.540000 0.028557 
934.580000 0.029495 
933.610000 0.029974 
932.650000 0.030915 
931.680000 0.031396 
930.720000 0.032340 
929.760000 0.032822 
928.790000 0.033300 
927.830000 0.034248 
926.860000 0.034732 
925.900000 0.035684 
924.930000 0.036170 
923.970000 0.036651 
923.010000 0.037612 
922.040000 0.038095 
921.080000 0.039054 
920.110000 0.039543 
919.150000 0.040505 
918.180000 0.040997 
917.220000 0.041962 
916.250000 0.042455 
915.290000 0.043423 
914.330000 0.043913 
913.360000 0.044890 
912.400000 0.045381 
911.430000 0.046361 
910.470000 0.046854 
909.500000 0.047837 
908.540000 0.048332 
907.570000 0.049314 
906.610000 0.049815 
905.640000 0.050312 
904.680000 0.051303 
903.720000 0.052292 
902.750000 0.052797 
901.790000 0.053297 
900.820000 0.054290 
899.860000 0.054797 
898.890000 0.055300 
897.930000 0.056303 
896.960000 0.056807 
896.000000 0.057813 
895.030000 0.058320 
894.070000 0.059324 
893.110000 0.059837 
892.140000 0.060845 
891.180000 0.061360 
890.210000 0.061871 
889.250000 0.062889 
888.280000 0.063401 
887.320000 0.064417 
886.350000 0.064936 
885.390000 0.065956 
884.430000 0.066477 
883.460000 0.066994 
882.500000 0.068024 
881.530000 0.068542 
880.570000 0.069571 
879.600000 0.070096 
878.640000 0.070617 
877.670000 0.071655 
876.710000 0.072178 
875.750000 0.072707 
874.780000 0.073231 
873.820000 0.074275 
872.850000 0.074801 
871.890000 0.075845 
870.920000 0.076378 
869.960000 0.077425 
868.990000 0.077960 
868.030000 0.078490 
867.070000 0.079548 
866.100000 0.080603 
865.140000 0.081136 
864.170000 0.082201 
863.210000 0.082736 
862.240000 0.083804 
861.280000 0.084342 
860.310000 0.085414 
859.350000 0.086483 
858.380000 0.087555 
857.420000 0.088102 
856.460000 0.089178 
855.490000 0.090262 
854.530000 0.091343 
853.560000 0.091896 
852.600000 0.092981 
851.630000 0.093530 
850.670000 0.094625 
849.700000 0.095717 
848.740000 0.096275 
847.780000 0.097372 
846.810000 0.098476 
845.850000 0.099032 
844.880000 0.100136 
843.920000 0.100699 
842.950000 0.101258 
841.990000 0.102373 
841.020000 0.102934 
840.060000 0.103501 
839.100000 0.104064 
838.130000 0.104627 
837.170000 0.105197 
836.200000 0.105761 
835.240000 0.106333 
834.270000 0.106344 
833.310000 0.106915 
832.340000 0.107482 
831.380000 0.108050 
830.420000 0.108067 
829.450000 0.108635 
828.490000 0.108652 
827.520000 0.109221 
826.560000 0.109797 
825.590000 0.109808 
824.630000 0.109819 
823.660000 0.110956 
822.700000 0.110967 
821.730000 0.110984 
820.770000 0.111557 
819.810000 0.111573 
818.840000 0.111585 
817.880000 0.112158 
816.910000 0.112175 
815.950000 0.112186 
814.980000 0.112203 
814.020000 0.112214 
813.050000 0.111669 
812.090000 0.111680 
811.130000 0.111697 
810.160000 0.111147 
809.200000 0.111158 
808.230000 0.110614 
807.270000 0.110066 
806.300000 0.110082 
805.340000 0.109534 
804.370000 0.108992 
803.410000 0.107889 
802.450000 0.107343 
801.480000 0.107360 
800.520000 0.106260 
799.550000 0.105169 
798.590000 0.104627 
797.620000 0.104091 
796.660000 0.103000 
795.690000 0.101911 
794.730000 0.100831 
793.770000 0.100294 
792.800000 0.099218 
791.840000 0.098139 
790.870000 0.097067 
789.910000 0.095994 
788.940000 0.095463 
787.980000 0.094398 
787.010000 0.093331 
786.050000 0.092809 
785.090000 0.091746 
784.120000 0.091226 
783.160000 0.090701 
782.190000 0.089642 
781.230000 0.089125 
780.260000 0.088070 
779.300000 0.087555 
778.330000 0.087034 
777.370000 0.085990 
776.400000 0.085472 
775.440000 0.084954 
774.480000 0.083915 
773.510000 0.083399 
772.550000 0.082889 
771.580000 0.081849 
770.620000 0.081341 
769.650000 0.080828 
768.690000 0.079793 
767.720000 0.078766 
766.760000 0.078256 
765.790000 0.077233 
764.830000 0.076725 
763.870000 0.075705 
762.900000 0.075199 
761.940000 0.074178 
760.970000 0.073164 
760.010000 0.072660 
759.040000 0.071138 
758.080000 0.070637 
757.110000 0.069632 
756.150000 0.069132 
755.190000 0.068130 
754.220000 0.067126 
753.260000 0.066629 
752.290000 0.065633 
751.330000 0.065138 
750.360000 0.064649 
749.400000 0.063652 
748.430000 0.063165 
747.470000 0.062673 
746.510000 0.061680 
745.540000 0.061195 
744.580000 0.060705 
743.610000 0.060221 
742.650000 0.059235 
741.680000 0.058752 
740.720000 0.058265 
739.750000 0.057779 
738.790000 0.057298 
737.830000 0.056318 
736.860000 0.055838 
735.900000 0.055848 
734.930000 0.054876 
733.970000 0.054394 
733.000000 0.053911 
732.040000 0.053435 
731.070000 0.052463 
730.110000 0.052478 
729.150000 0.051509 
728.180000 0.051035 
727.220000 0.051045 
726.250000 0.050566 
725.290000 0.050093 
724.320000 0.049616 
723.360000 0.049144 
722.390000 0.048667 
721.430000 0.048196 
720.460000 0.047721 
719.500000 0.047246 
718.540000 0.046777 
717.570000 0.046303 
716.610000 0.045835 
715.640000 0.045844 
714.680000 0.045376 
713.710000 0.044904 
712.750000 0.044433 
711.780000 0.044447 
710.820000 0.043976 
709.850000 0.043510 
708.890000 0.043040 
707.930000 0.042575 
706.960000 0.042106 
706.000000 0.042115 
705.030000 0.042129 
704.070000 0.041661 
703.100000 0.041197 
702.140000 0.040730 
701.180000 0.040744 
700.210000 0.040277 
699.250000 0.039815 
698.280000 0.039824 
697.320000 0.039358 
696.350000 0.038897 
695.390000 0.038907 
694.420000 0.038446 
693.460000 0.038456 
692.490000 0.037995 
691.530000 0.038005 
690.570000 0.037541 
689.600000 0.037082 
688.640000 0.037091 
687.670000 0.037105 
686.710000 0.036642 
685.740000 0.036656 
684.780000 0.036193 
683.810000 0.036203 
682.850000 0.036217 
681.890000 0.035755 
680.920000 0.035769 
679.960000 0.035778 
678.990000 0.035321 
678.030000 0.035330 
677.060000 0.034869 
676.100000 0.034413 
675.130000 0.033952 
674.170000 0.033497 
673.210000 0.033506 
672.240000 0.033051 
671.280000 0.032592 
670.310000 0.032134 
669.350000 0.032354 
668.380000 0.032485 
667.420000 0.031835 
666.450000 0.030957 
665.490000 0.030775 
664.530000 0.030207 
663.560000 0.030030 
662.600000 0.029579 
661.630000 0.029207 
660.670000 0.028418 
659.700000 0.028084 
658.740000 0.028168 
657.770000 0.028251 
656.810000 0.027918 
655.840000 0.027742 
654.880000 0.027367 
653.920000 0.026960 
652.950000 0.026817 
651.990000 0.026447 
651.020000 0.026041 
650.060000 0.025668 
649.090000 0.025567 
648.130000 0.025465 
647.160000 0.025364 
646.200000 0.025033 
645.240000 0.024927 
644.270000 0.024826 
643.310000 0.024761 
642.340000 0.024430 
641.380000 0.024329 
640.410000 0.024302 
639.450000 0.024237 
638.480000 0.023985 
637.520000 0.024150 
636.550000 0.024123 
635.590000 0.024058 
634.630000 0.023957 
633.660000 0.023586 
632.700000 0.023792 
631.730000 0.023687 
630.770000 0.023893 
629.800000 0.023558 
628.840000 0.023535 
627.870000 0.023508 
626.910000 0.023517 
625.950000 0.023187 
624.980000 0.023389 
624.020000 0.023095 
623.050000 0.023031 
622.090000 0.022931 
621.120000 0.022867 
620.160000 0.022766 
619.190000 0.022738 
618.230000 0.022487 
617.270000 0.022459 
616.300000 0.022203 
615.340000 0.022404 
614.370000 0.022153 
613.410000 0.022354 
612.440000 0.022098 
611.480000 0.022112 
610.510000 0.021856 
609.550000 0.022057 
608.590000 0.021801 
607.620000 0.021774 
606.660000 0.021523 
605.690000 0.021495 
604.730000 0.021468 
603.760000 0.021441 
602.800000 0.021190 
601.830000 0.021162 
600.870000 0.020871 
599.900000 0.020807 
598.940000 0.020934 
597.980000 0.020415 
597.010000 0.020315 
596.050000 0.020361 
595.080000 0.020069 
594.120000 0.020047 
593.150000 0.019942 
592.190000 0.019956 
591.220000 0.019665 
590.260000 0.019410 
589.300000 0.019347 
588.330000 0.019320 
587.370000 0.019070 
586.400000 0.019006 
585.440000 0.018716 
584.470000 0.018689 
583.510000 0.018435 
582.540000 0.018408 
581.580000 0.018385 
580.620000 0.018095 
579.650000 0.018032 
578.690000 0.017706 
577.720000 0.017643 
576.760000 0.017616 
575.790000 0.017435 
574.830000 0.017335 
573.860000 0.017313 
572.900000 0.017024 
571.940000 0.017186 
570.970000 0.017349 
570.010000 0.017132 
569.040000 0.017331 
568.080000 0.017308 
567.110000 0.017733 
566.150000 0.017480 
565.180000 0.017715 
564.220000 0.017652 
563.260000 0.018082 
562.290000 0.017982 
561.330000 0.017466 
560.360000 0.017100 
559.400000 0.016848 
558.430000 0.016261 
557.470000 0.015936 
556.500000 0.015801 
555.540000 0.015473 
554.570000 0.014960 
553.610000 0.014672 
552.650000 0.014614 
551.680000 0.014327 
550.720000 0.014264 
549.750000 0.013977 
548.790000 0.013914 
547.820000 0.013627 
546.860000 0.013564 
545.890000 0.013278 
544.930000 0.013439 
543.960000 0.012928 
543.000000 0.013313 
542.040000 0.012991 
541.070000 0.012705 
540.110000 0.012642 
539.140000 0.012580 
538.180000 0.012294 
537.210000 0.012454 
536.250000 0.012168 
535.290000 0.012553 
534.320000 0.012043 
533.360000 0.012168 
532.390000 0.012142 
531.430000 0.012043 
530.460000 0.011570 
529.500000 0.011116 
528.530000 0.011125 
527.570000 0.010991 
526.600000 0.010929 
525.640000 0.010719 
524.680000 0.010657 
523.710000 0.010595 
522.750000 0.010532 
521.780000 0.010399 
520.820000 0.010337 
519.850000 0.010274 
518.890000 0.010141 
517.920000 0.010079 
516.960000 0.009870 
516.000000 0.009879 
515.030000 0.009746 
514.070000 0.009754 
513.100000 0.009550 
512.140000 0.009559 
511.170000 0.009426 
510.210000 0.009435 
509.240000 0.009226 
508.280000 0.009164 
507.310000 0.009102 
506.350000 0.008969 
505.390000 0.008836 
504.420000 0.008699 
503.460000 0.008637 
502.490000 0.008504 
501.530000 0.008513 
500.560000 0.008309 
499.600000 0.008318 
498.640000 0.008110 
497.670000 0.008048 
496.710000 0.007844 
495.740000 0.007928 
494.780000 0.007720 
493.810000 0.007659 
492.850000 0.007451 
491.880000 0.007460 
490.920000 0.007402 
489.950000 0.007265 
488.990000 0.007279 
488.030000 0.007142 
487.060000 0.007155 
486.100000 0.006877 
485.130000 0.007031 
484.170000 0.006895 
483.200000 0.007053 
482.240000 0.006917 
481.270000 0.006855 
480.310000 0.006652 
479.350000 0.006661 
478.380000 0.006599 
477.420000 0.006537 
476.450000 0.006476 
475.490000 0.006414 
474.520000 0.006498 
473.560000 0.006436 
472.590000 0.006445 
471.630000 0.006313 
470.670000 0.006467 
469.700000 0.006264 
468.740000 0.006273 
467.770000 0.006141 
466.810000 0.006295 
465.840000 0.006233 
464.880000 0.006242 
463.910000 0.006110 
462.950000 0.006048 
461.980000 0.006057 
461.020000 0.005995 
460.060000 0.005934 
459.090000 0.005656 
458.130000 0.005740 
457.160000 0.005608 
456.200000 0.005692 
455.230000 0.005485 
454.270000 0.005494 
453.300000 0.005362 
452.340000 0.005445 
451.380000 0.005239 
450.410000 0.005247 
449.450000 0.005116 
448.480000 0.005129 
447.520000 0.005067 
446.550000 0.004931 
445.590000 0.004944 
444.620000 0.004738 
443.660000 0.004892 
442.700000 0.004615 
441.730000 0.004698 
440.770000 0.004422 
439.800000 0.004575 
438.840000 0.004369 
437.870000 0.004523 
436.910000 0.004246 
435.940000 0.004260 
434.980000 0.004124 
434.020000 0.004062 
433.050000 0.003931 
432.090000 0.003799 
431.120000 0.003808 
430.160000 0.003602 
429.190000 0.003615 
428.230000 0.003195 
427.260000 0.003278 
426.300000 0.003217 
425.330000 0.003585 
424.370000 0.003379 
423.410000 0.003462 
422.440000 0.003186 
421.480000 0.003269 
420.510000 0.003134 
419.550000 0.003147 
418.580000 0.003016 
417.620000 0.002955 
416.650000 0.002963 
415.690000 0.002902 
414.720000 0.002841 
413.760000 0.002850 
412.800000 0.002793 
411.830000 0.002732 
410.870000 0.002740 
409.900000 0.002679 
408.940000 0.002618 
407.970000 0.002631 
407.010000 0.002570 
406.050000 0.002509 
405.080000 0.002518 
404.120000 0.002456 
403.150000 0.002395 
402.190000 0.002408 
401.220000 0.002347 
400.260000 0.002286 
399.290000 0.002295 
398.330000 0.002234 
397.360000 0.002173 
396.400000 0.002186 
395.440000 0.002125 
394.470000 0.002063 
393.510000 0.002072 
392.540000 0.002011 
391.580000 0.001950 
390.610000 0.001963 
389.650000 0.001902 
388.680000 0.001841 
387.720000 0.001919 
386.760000 0.001575 
385.790000 0.001871 
384.830000 0.001667 
383.860000 0.001819 
382.900000 0.001331 
381.930000 0.001558 
380.970000 0.001422 
380.000000 0.001579 
379.040000 0.001375 
378.080000 0.001383 
377.110000 0.001322 
376.150000 0.001335 
375.180000 0.001344 
374.220000 0.001139 
373.250000 0.001222 
372.290000 0.000948 
371.320000 0.001174 
370.360000 0.000900 
369.400000 0.001122 
368.430000 0.000778 
367.470000 0.001074 
366.500000 0.000869 
365.540000 0.000952 
364.570000 0.000678 
363.610000 0.000756 
362.640000 0.000695 
361.680000 0.000708 
360.710000 0.000574 
359.750000 0.000374 
358.790000 0.000595 
357.820000 0.000395 
356.860000 0.000548 
355.890000 0.000130 
354.930000 0.000426 
353.960000 0.000078 
353.000000 0.000374 
352.030000 0.000030 
351.070000 0.000182 
350.110000 0.000000 
349.140000 0.000130 
348.180000 0.000000 
347.210000 0.000013 
346.250000 0.000022 
345.280000 -0.000130 
344.320000 0.000187 
343.350000 0.000000 
342.390000 0.000204 
341.420000 -0.000130 
340.460000 0.000226 
339.500000 0.000096 
338.530000 0.000391 
337.570000 0.000043 
336.600000 0.000339 
335.640000 0.000421 
334.670000 0.000648 
333.710000 0.000656 
332.740000 0.000739 
331.780000 0.001109 
330.820000 0.001187 
329.850000 0.001558 
328.890000 0.001497 
327.920000 0.002007 
326.960000 0.002090 
325.990000 0.002670 
325.030000 0.002539 
324.060000 0.002981 
323.100000 0.003064 
322.140000 0.003501 
321.170000 0.003585 
320.210000 0.003812 
319.240000 0.004040 
318.280000 0.004119 
317.310000 0.004417 
316.350000 0.004356 
315.380000 0.004729 
314.420000 0.004453 
313.460000 0.004892 
312.490000 0.004760 
311.530000 0.005129 
310.560000 0.004782 
309.600000 0.005080 
308.630000 0.005164 
307.670000 0.005388 
306.700000 0.005256 
305.740000 0.005265 
304.770000 0.005494 
303.810000 0.005432 
302.850000 0.005586 
301.880000 0.005454 
300.920000 0.005969 
299.950000 0.005837 
298.990000 0.006352 
298.020000 0.006000 
297.060000 0.006374 
296.090000 0.006313 
295.130000 0.006758 
294.170000 0.006621 
293.200000 0.006780 
292.240000 0.007080 
291.270000 0.007884 
290.310000 0.007968 
289.340000 0.007181 
288.380000 0.007482 
287.410000 0.007274 
286.450000 0.007796 
285.480000 0.007659 
284.520000 0.008105 
283.560000 0.007756 
282.590000 0.008127 
281.630000 0.008136 
280.660000 0.008583 
279.700000 0.008597 
278.730000 0.008676 
277.770000 0.009124 
276.810000 0.009426 
275.840000 0.009728 
274.880000 0.009595 
273.910000 0.010261 
272.950000 0.010270 
271.980000 0.010866 
271.020000 0.010733 
270.050000 0.011254 
269.090000 0.011044 
268.120000 0.011419 
267.160000 0.011285 
266.200000 0.011294 
265.230000 0.011307 
264.270000 0.011316 
263.300000 0.011619 
262.340000 0.011557 
261.370000 0.011860 
260.410000 0.011727 
259.440000 0.012396 
258.480000 0.012334 
257.520000 0.013004 
256.550000 0.012942 
255.590000 0.013613 
254.620000 0.013770 
253.660000 0.014295 
252.690000 0.014309 
251.730000 0.014762 
250.760000 0.015212 
249.800000 0.015225 
248.840000 0.015383 
247.870000 0.015617 
246.910000 0.016586 
245.940000 0.016599 
244.980000 0.017200 
244.010000 0.017137 
243.050000 0.017815 
242.080000 0.017751 
241.120000 0.018281 
240.150000 0.018444 
239.190000 0.018825 
238.230000 0.018984 
237.260000 0.019143 
236.300000 0.019678 
235.330000 0.019837 
234.370000 0.020443 
233.400000 0.020529 
232.440000 0.021363 
231.480000 0.021450 
230.510000 0.022057 
229.550000 0.021920 
228.580000 0.022606 
227.620000 0.022844 
226.650000 0.023453 
225.690000 0.023467 
224.720000 0.023852 
223.760000 0.024389 
222.790000 0.024251 
221.830000 0.024490 
220.870000 0.024803 
219.900000 0.025640 
218.940000 0.025654 
217.970000 0.026346 
217.010000 0.025977 
216.040000 0.026517 
215.080000 0.026304 
214.110000 0.026766 
213.150000 0.026701 
212.180000 0.026941 
211.220000 0.026951 
210.260000 0.026965 
209.290000 0.027200 
208.330000 0.026988 
207.360000 0.027075 
206.400000 0.026480 
205.430000 0.026868 
204.470000 0.026277 
203.500000 0.026664 
202.540000 0.025691 
201.580000 0.025852 
200.610000 0.025184 
199.650000 0.025120 
198.680000 0.024306 
197.720000 0.024091 
196.750000 0.023875 
195.790000 0.023361 
194.820000 0.022995 
193.860000 0.022482 
192.900000 0.022793 
191.930000 0.022052 
190.970000 0.022217 
190.000000 0.021254 
189.040000 0.021637 
188.070000 0.020975 
187.110000 0.021213 
186.140000 0.020101 
185.180000 0.020188 
184.220000 0.019901 
183.250000 0.019765 
182.290000 0.019551 
181.320000 0.019043 
180.360000 0.018009 
179.390000 0.017132 
178.430000 0.018403 
177.460000 0.017824 
176.500000 0.018055 
175.530000 0.016735 
174.570000 0.017114 
173.610000 0.016383 
172.640000 0.016987 
171.680000 0.015964 
170.710000 0.015752 
169.750000 0.015320 
168.780000 0.015774 
167.820000 0.015419 
166.850000 0.014987 
165.890000 0.015068 
164.930000 0.014713 
163.960000 0.014942 
163.000000 0.013923 
162.030000 0.014228 
161.070000 0.013358 
160.100000 0.013811 
159.140000 0.012866 
158.170000 0.012803 
157.210000 0.011865 
156.240000 0.012168 
155.280000 0.011811 
154.320000 0.011459 
153.350000 0.011102 
152.390000 0.010457 
151.420000 0.010759 
150.460000 0.010185 
149.490000 0.010417 
148.530000 0.009044 
147.570000 0.009563 
146.600000 0.008482 
145.640000 0.008929 
144.670000 0.007853 
143.710000 0.008225 
142.740000 0.007513 
141.780000 0.007813 
140.810000 0.007173 
139.850000 0.006820 
138.880000 0.006612 
137.920000 0.006335 
136.960000 0.006634 
135.990000 0.005925 
135.030000 0.006224 
134.060000 0.005296 
133.100000 0.006242 
132.130000 0.005388 
131.170000 0.005617 
130.200000 0.004690 
129.240000 0.005278 
128.280000 0.005142 
127.310000 0.005080 
126.350000 0.004589 
125.380000 0.004672 
124.420000 0.005041 
123.450000 0.004694 
122.490000 0.005498 
121.520000 0.004426 
120.560000 0.004725 
119.590000 0.003729 
118.630000 0.004242 
117.670000 0.003178 
116.700000 0.003615 
115.740000 0.002767 
114.770000 0.003208 
113.810000 0.002500 
112.840000 0.002583 
111.880000 0.003025 
110.910000 0.003392 
109.950000 0.002260 
108.990000 0.001126 
108.020000 0.001348 
107.060000 0.000078 
106.090000 0.000300 
105.130000 0.000595 
104.160000 0.001606 
103.200000 0.000617 
102.240000 0.001057 
101.270000 0.000708 
100.310000 0.000791 
99.341000 0.000448 
98.377000 0.000530 
97.412000 0.000826 
96.448000 0.000835 
95.483000 0.000774 
94.519000 0.000782 
93.554000 0.000726 
92.590000 0.000735 
91.625000 0.000743 
90.661000 0.000682 
89.696000 0.000695 
88.732000 0.000635 
87.767000 0.000643 
86.803000 0.000582 
85.838000 0.000595 
84.874000 0.000604 
83.909000 0.000543 
82.945000 0.000556 
81.980000 0.000495 
81.016000 0.000504 
80.051000 0.000517 
79.087000 0.000456 
78.122000 0.000465 
77.158000 0.000404 
76.193000 0.000417 
75.229000 0.000356 
74.264000 0.000365 
73.300000 0.000374 
72.335000 0.000313 
71.371000 0.000326 
70.406000 0.000265 
69.442000 0.000274 
68.478000 0.000213 
67.514000 0.000226 
66.549000 0.000235 
65.585000 0.000174 
64.620000 0.000187 
63.656000 0.000126 
62.691000 0.000135 
61.727000 -0.000130 
60.762000 0.000513 
59.798000 0.000239 
58.833000 0.000891 
57.869000 0.000974 
56.904000 0.001052 
55.940000 0.000495 
54.975000 0.000435 
54.011000 0.000943 
53.046000 0.000526 
52.082000 0.000252 
51.117000 -0.000217 
50.153000 0.000200 
