3998.700000 0.000435 
3997.800000 0.000435 
3996.800000 0.000435 
3995.800000 0.000435 
3994.900000 0.000435 
3993.900000 0.000435 
3992.900000 0.000435 
3992.000000 0.000435 
3991.000000 0.000435 
3990.000000 0.000435 
3989.100000 0.000435 
3988.100000 0.000435 
3987.100000 0.000435 
3986.200000 0.000435 
3985.200000 0.000435 
3984.300000 0.000435 
3983.300000 0.000435 
3982.300000 0.000435 
3981.400000 0.000435 
3980.400000 0.000435 
3979.400000 0.000435 
3978.500000 0.000435 
3977.500000 0.000435 
3976.500000 0.000435 
3975.600000 0.000435 
3974.600000 0.000435 
3973.600000 0.000435 
3972.700000 0.000435 
3971.700000 0.000435 
3970.800000 0.000435 
3969.800000 0.000000 
3968.800000 0.000435 
3967.900000 0.000435 
3966.900000 0.000435 
3965.900000 0.000435 
3965.000000 0.000000 
3964.000000 0.000435 
3963.000000 0.000435 
3962.100000 0.000435 
3961.100000 0.000435 
3960.100000 0.000435 
3959.200000 0.000000 
3958.200000 0.000435 
3957.300000 0.000435 
3956.300000 0.000435 
3955.300000 0.000435 
3954.400000 0.000435 
3953.400000 0.000435 
3952.400000 0.000435 
3951.500000 0.000435 
3950.500000 0.000435 
3949.500000 0.000435 
3948.600000 0.000435 
3947.600000 0.000435 
3946.600000 0.000435 
3945.700000 0.000435 
3944.700000 0.000435 
3943.700000 0.000435 
3942.800000 0.000435 
3941.800000 0.000435 
3940.900000 0.000435 
3939.900000 0.000435 
3938.900000 0.000435 
3938.000000 0.000435 
3937.000000 0.000000 
3936.000000 0.000435 
3935.100000 0.000435 
3934.100000 0.000000 
3933.100000 0.000435 
3932.200000 0.000000 
3931.200000 0.000000 
3930.200000 0.000000 
3929.300000 0.000435 
3928.300000 0.000000 
3927.400000 0.000000 
3926.400000 0.000000 
3925.400000 0.000000 
3924.500000 0.000000 
3923.500000 0.000000 
3922.500000 0.000435 
3921.600000 0.000000 
3920.600000 0.000000 
3919.600000 0.000000 
3918.700000 0.000000 
3917.700000 0.000435 
3916.700000 0.000000 
3915.800000 0.000000 
3914.800000 0.000000 
3913.900000 0.000000 
3912.900000 0.000000 
3911.900000 0.000000 
3911.000000 0.000000 
3910.000000 0.000000 
3909.000000 0.000000 
3908.100000 0.000000 
3907.100000 0.000000 
3906.100000 0.000000 
3905.200000 0.000435 
3904.200000 0.000000 
3903.200000 0.000435 
3902.300000 0.000000 
3901.300000 0.000000 
3900.300000 0.000435 
3899.400000 0.000000 
3898.400000 0.000000 
3897.500000 0.000000 
3896.500000 0.000000 
3895.500000 0.000000 
3894.600000 0.000000 
3893.600000 0.000000 
3892.600000 0.000435 
3891.700000 0.000000 
3890.700000 0.000000 
3889.700000 0.000000 
3888.800000 0.000000 
3887.800000 0.000000 
3886.800000 0.000435 
3885.900000 0.000000 
3884.900000 0.000000 
3884.000000 0.000000 
3883.000000 0.000000 
3882.000000 0.000000 
3881.100000 0.000435 
3880.100000 0.000000 
3879.100000 0.000000 
3878.200000 0.000000 
3877.200000 0.000000 
3876.200000 0.000435 
3875.300000 0.000000 
3874.300000 0.000000 
3873.300000 0.000435 
3872.400000 0.000435 
3871.400000 0.000435 
3870.400000 0.000435 
3869.500000 0.000435 
3868.500000 0.000435 
3867.600000 0.000435 
3866.600000 0.000435 
3865.600000 0.000435 
3864.700000 0.000435 
3863.700000 0.000435 
3862.700000 0.000435 
3861.800000 0.000435 
3860.800000 0.000435 
3859.800000 0.000435 
3858.900000 0.000435 
3857.900000 0.000435 
3856.900000 0.000435 
3856.000000 0.000435 
3855.000000 0.001305 
3854.100000 0.000435 
3853.100000 0.000869 
3852.100000 0.000435 
3851.200000 0.000435 
3850.200000 0.000435 
3849.200000 0.000435 
3848.300000 0.000435 
3847.300000 0.000435 
3846.300000 0.000435 
3845.400000 0.000435 
3844.400000 0.000435 
3843.400000 0.000435 
3842.500000 0.000435 
3841.500000 0.000435 
3840.600000 0.000435 
3839.600000 0.000435 
3838.600000 0.000869 
3837.700000 0.000435 
3836.700000 0.000435 
3835.700000 0.000435 
3834.800000 0.000000 
3833.800000 0.000000 
3832.800000 0.000435 
3831.900000 0.000435 
3830.900000 0.000000 
3829.900000 0.000435 
3829.000000 0.000435 
3828.000000 0.000435 
3827.000000 0.000000 
3826.100000 0.000000 
3825.100000 0.000435 
3824.200000 0.000435 
3823.200000 0.000000 
3822.200000 0.000435 
3821.300000 0.000435 
3820.300000 0.000435 
3819.300000 0.000435 
3818.400000 0.000435 
3817.400000 0.000435 
3816.400000 0.000435 
3815.500000 0.000000 
3814.500000 0.000000 
3813.500000 0.000000 
3812.600000 0.000000 
3811.600000 0.000000 
3810.600000 0.000000 
3809.700000 0.000000 
3808.700000 0.000435 
3807.800000 0.000435 
3806.800000 0.000435 
3805.800000 0.000000 
3804.900000 0.000000 
3803.900000 0.000435 
3802.900000 0.000435 
3802.000000 0.000869 
3801.000000 0.000435 
3800.000000 0.000435 
3799.100000 0.000435 
3798.100000 0.000435 
3797.100000 0.000435 
3796.200000 0.000435 
3795.200000 0.000000 
3794.300000 0.000435 
3793.300000 0.000435 
3792.300000 0.000435 
3791.400000 0.000435 
3790.400000 0.000435 
3789.400000 0.000435 
3788.500000 0.000435 
3787.500000 0.000435 
3786.500000 0.000435 
3785.600000 0.000435 
3784.600000 0.000435 
3783.600000 0.000435 
3782.700000 0.000435 
3781.700000 0.000435 
3780.800000 0.000435 
3779.800000 0.000435 
3778.800000 0.000435 
3777.900000 0.000435 
3776.900000 0.000435 
3775.900000 0.000435 
3775.000000 0.000435 
3774.000000 0.000435 
3773.000000 0.000435 
3772.100000 0.000435 
3771.100000 0.000435 
3770.100000 0.000435 
3769.200000 0.000435 
3768.200000 0.000435 
3767.200000 0.000435 
3766.300000 0.000435 
3765.300000 0.000435 
3764.400000 0.000435 
3763.400000 0.000435 
3762.400000 0.000435 
3761.500000 0.000435 
3760.500000 0.000435 
3759.500000 0.000435 
3758.600000 0.000435 
3757.600000 0.000435 
3756.600000 0.000435 
3755.700000 0.000435 
3754.700000 0.000435 
3753.700000 0.000435 
3752.800000 0.000869 
3751.800000 0.000435 
3750.900000 0.000435 
3749.900000 0.000869 
3748.900000 0.000435 
3748.000000 0.000435 
3747.000000 0.000435 
3746.000000 0.000869 
3745.100000 0.000869 
3744.100000 0.000435 
3743.100000 0.000435 
3742.200000 0.000435 
3741.200000 0.000435 
3740.200000 0.000435 
3739.300000 0.000435 
3738.300000 0.000435 
3737.400000 0.000869 
3736.400000 0.000435 
3735.400000 0.000435 
3734.500000 0.000435 
3733.500000 0.000435 
3732.500000 0.000435 
3731.600000 0.000435 
3730.600000 0.000435 
3729.600000 0.000435 
3728.700000 0.000435 
3727.700000 0.000435 
3726.700000 0.000435 
3725.800000 0.000435 
3724.800000 0.000435 
3723.800000 0.000435 
3722.900000 0.000435 
3721.900000 0.000435 
3721.000000 0.000435 
3720.000000 0.000435 
3719.000000 0.000435 
3718.100000 0.000435 
3717.100000 0.000435 
3716.100000 0.000435 
3715.200000 0.000435 
3714.200000 0.000435 
3713.200000 0.000869 
3712.300000 0.000435 
3711.300000 0.000435 
3710.300000 0.000435 
3709.400000 0.000435 
3708.400000 0.000435 
3707.500000 0.000435 
3706.500000 0.000435 
3705.500000 0.000435 
3704.600000 0.000435 
3703.600000 0.000435 
3702.600000 0.000435 
3701.700000 0.000435 
3700.700000 0.000435 
3699.700000 0.000435 
3698.800000 0.000435 
3697.800000 0.000435 
3696.800000 0.000000 
3695.900000 0.000000 
3694.900000 0.000435 
3693.900000 0.000000 
3693.000000 0.000435 
3692.000000 0.000435 
3691.100000 0.000435 
3690.100000 0.000435 
3689.100000 0.000869 
3688.200000 0.000435 
3687.200000 0.000000 
3686.200000 0.000435 
3685.300000 0.000000 
3684.300000 0.000435 
3683.300000 0.000435 
3682.400000 0.000435 
3681.400000 0.000435 
3680.400000 0.000435 
3679.500000 0.000435 
3678.500000 0.000435 
3677.600000 0.000435 
3676.600000 0.000869 
3675.600000 0.000869 
3674.700000 0.000435 
3673.700000 0.000435 
3672.700000 0.000435 
3671.800000 0.001305 
3670.800000 0.000869 
3669.800000 0.000869 
3668.900000 0.000869 
3667.900000 0.000869 
3666.900000 0.000869 
3666.000000 0.000869 
3665.000000 0.000869 
3664.100000 0.000869 
3663.100000 0.000869 
3662.100000 0.000869 
3661.200000 0.000869 
3660.200000 0.000869 
3659.200000 0.000869 
3658.300000 0.001305 
3657.300000 0.001741 
3656.300000 0.001305 
3655.400000 0.001305 
3654.400000 0.001305 
3653.400000 0.001305 
3652.500000 0.001741 
3651.500000 0.001741 
3650.500000 0.001741 
3649.600000 0.001741 
3648.600000 0.001741 
3647.700000 0.002177 
3646.700000 0.001741 
3645.700000 0.001741 
3644.800000 0.001741 
3643.800000 0.002177 
3642.800000 0.002177 
3641.900000 0.002177 
3640.900000 0.002177 
3639.900000 0.002177 
3639.000000 0.002614 
3638.000000 0.002614 
3637.000000 0.002614 
3636.100000 0.002614 
3635.100000 0.003051 
3634.200000 0.003051 
3633.200000 0.003051 
3632.200000 0.003051 
3631.300000 0.003051 
3630.300000 0.003488 
3629.300000 0.003926 
3628.400000 0.003488 
3627.400000 0.003926 
3626.400000 0.003926 
3625.500000 0.003926 
3624.500000 0.003926 
3623.500000 0.003926 
3622.600000 0.003926 
3621.600000 0.004365 
3620.600000 0.004804 
3619.700000 0.004804 
3618.700000 0.004804 
3617.800000 0.004804 
3616.800000 0.005243 
3615.800000 0.005243 
3614.900000 0.005243 
3613.900000 0.005243 
3612.900000 0.005683 
3612.000000 0.005683 
3611.000000 0.005683 
3610.000000 0.006123 
3609.100000 0.006123 
3608.100000 0.006123 
3607.100000 0.006564 
3606.200000 0.006564 
3605.200000 0.006564 
3604.300000 0.007005 
3603.300000 0.007446 
3602.300000 0.007446 
3601.400000 0.007446 
3600.400000 0.007889 
3599.400000 0.007889 
3598.500000 0.008331 
3597.500000 0.008331 
3596.500000 0.008331 
3595.600000 0.008774 
3594.600000 0.008774 
3593.600000 0.009217 
3592.700000 0.009217 
3591.700000 0.009661 
3590.700000 0.010105 
3589.800000 0.010105 
3588.800000 0.010550 
3587.900000 0.010550 
3586.900000 0.010995 
3585.900000 0.011441 
3585.000000 0.011441 
3584.000000 0.011887 
3583.000000 0.011887 
3582.100000 0.012334 
3581.100000 0.012781 
3580.100000 0.012781 
3579.200000 0.013228 
3578.200000 0.013676 
3577.200000 0.014125 
3576.300000 0.014574 
3575.300000 0.014574 
3574.400000 0.015023 
3573.400000 0.015473 
3572.400000 0.015923 
3571.500000 0.016374 
3570.500000 0.016825 
3569.500000 0.017277 
3568.600000 0.017729 
3567.600000 0.018181 
3566.600000 0.018634 
3565.700000 0.019088 
3564.700000 0.019542 
3563.700000 0.019997 
3562.800000 0.020907 
3561.800000 0.021363 
3560.900000 0.022276 
3559.900000 0.022734 
3558.900000 0.023192 
3558.000000 0.023650 
3557.000000 0.024568 
3556.000000 0.025028 
3555.100000 0.025949 
3554.100000 0.026410 
3553.100000 0.027334 
3552.200000 0.028260 
3551.200000 0.029188 
3550.200000 0.029653 
3549.300000 0.030584 
3548.300000 0.031517 
3547.300000 0.032452 
3546.400000 0.033389 
3545.400000 0.034328 
3544.500000 0.035269 
3543.500000 0.036212 
3542.500000 0.037631 
3541.600000 0.038579 
3540.600000 0.039529 
3539.600000 0.040959 
3538.700000 0.041914 
3537.700000 0.043351 
3536.700000 0.044312 
3535.800000 0.045757 
3534.800000 0.046724 
3533.800000 0.048177 
3532.900000 0.049635 
3531.900000 0.051098 
3531.000000 0.052076 
3530.000000 0.054039 
3529.000000 0.055517 
3528.100000 0.056505 
3527.100000 0.058489 
3526.100000 0.059982 
3525.200000 0.061480 
3524.200000 0.063486 
3523.200000 0.064997 
3522.300000 0.066513 
3521.300000 0.068542 
3520.300000 0.070070 
3519.400000 0.071604 
3518.400000 0.073658 
3517.400000 0.075204 
3516.500000 0.077275 
3515.500000 0.078834 
3514.600000 0.080922 
3513.600000 0.082494 
3512.600000 0.084600 
3511.700000 0.086186 
3510.700000 0.087778 
3509.700000 0.089909 
3508.800000 0.091515 
3507.800000 0.093665 
3506.800000 0.095284 
3505.900000 0.096910 
3504.900000 0.098542 
3503.900000 0.100727 
3503.000000 0.102373 
3502.000000 0.104025 
3501.100000 0.105684 
3500.100000 0.107349 
3499.100000 0.109020 
3498.200000 0.110698 
3497.200000 0.111821 
3496.200000 0.113509 
3495.300000 0.115205 
3494.300000 0.116907 
3493.300000 0.118045 
3492.400000 0.119758 
3491.400000 0.120904 
3490.400000 0.122629 
3489.500000 0.124360 
3488.500000 0.125518 
3487.600000 0.126679 
3486.600000 0.128427 
3485.600000 0.129596 
3484.700000 0.130768 
3483.700000 0.131944 
3482.700000 0.133713 
3481.800000 0.134896 
3480.800000 0.136083 
3479.800000 0.137272 
3478.900000 0.139063 
3477.900000 0.140261 
3476.900000 0.141463 
3476.000000 0.142668 
3475.000000 0.143876 
3474.000000 0.145087 
3473.100000 0.146302 
3472.100000 0.147520 
3471.200000 0.148742 
3470.200000 0.149967 
3469.200000 0.151195 
3468.300000 0.152427 
3467.300000 0.153663 
3466.300000 0.154902 
3465.400000 0.155523 
3464.400000 0.157391 
3463.400000 0.158641 
3462.500000 0.159894 
3461.500000 0.161151 
3460.500000 0.162412 
3459.600000 0.163043 
3458.600000 0.164309 
3457.700000 0.165579 
3456.700000 0.166853 
3455.700000 0.168130 
3454.800000 0.169411 
3453.800000 0.170696 
3452.800000 0.171985 
3451.900000 0.173277 
3450.900000 0.174574 
3449.900000 0.175874 
3449.000000 0.177178 
3448.000000 0.178486 
3447.000000 0.179799 
3446.100000 0.181115 
3445.100000 0.182435 
3444.100000 0.183759 
3443.200000 0.185087 
3442.200000 0.187087 
3441.300000 0.188425 
3440.300000 0.189096 
3439.300000 0.191114 
3438.400000 0.191789 
3437.400000 0.193820 
3436.400000 0.195179 
3435.500000 0.196543 
3434.500000 0.197911 
3433.500000 0.199283 
3432.600000 0.200659 
3431.600000 0.202040 
3430.600000 0.203426 
3429.700000 0.204815 
3428.700000 0.206210 
3427.800000 0.207608 
3426.800000 0.209012 
3425.800000 0.211125 
3424.900000 0.212540 
3423.900000 0.213959 
3422.900000 0.215383 
3422.000000 0.216811 
3421.000000 0.218245 
3420.000000 0.219683 
3419.100000 0.221126 
3418.100000 0.222573 
3417.100000 0.224026 
3416.200000 0.226214 
3415.200000 0.227678 
3414.200000 0.228413 
3413.300000 0.228413 
3412.300000 0.231362 
3411.400000 0.233587 
3410.400000 0.235077 
3409.400000 0.236572 
3408.500000 0.238072 
3407.500000 0.239578 
3406.500000 0.241088 
3405.600000 0.242604 
3404.600000 0.244125 
3403.600000 0.245652 
3402.700000 0.247184 
3401.700000 0.248721 
3400.700000 0.250264 
3399.800000 0.251812 
3398.800000 0.253366 
3397.900000 0.254925 
3396.900000 0.256490 
3395.900000 0.258061 
3395.000000 0.258848 
3394.000000 0.260428 
3393.000000 0.262013 
3392.100000 0.263603 
3391.100000 0.265200 
3390.100000 0.266001 
3389.200000 0.267606 
3388.200000 0.269218 
3387.200000 0.270835 
3386.300000 0.272459 
3385.300000 0.273273 
3384.400000 0.274905 
3383.400000 0.275724 
3382.400000 0.275724 
3381.500000 0.279014 
3380.500000 0.279841 
3379.500000 0.281498 
3378.600000 0.283162 
3377.600000 0.283997 
3376.600000 0.285670 
3375.700000 0.284833 
3374.700000 0.287350 
3373.700000 0.289037 
3372.800000 0.289883 
3371.800000 0.291579 
3370.900000 0.292430 
3369.900000 0.293282 
3368.900000 0.294992 
3368.000000 0.295849 
3367.000000 0.296709 
3366.000000 0.298432 
3365.100000 0.299296 
3364.100000 0.301030 
3363.100000 0.301899 
3362.200000 0.302771 
3361.200000 0.303644 
3360.200000 0.305395 
3359.300000 0.306273 
3358.300000 0.307153 
3357.300000 0.308919 
3356.400000 0.309804 
3355.400000 0.310691 
3354.500000 0.311580 
3353.500000 0.313364 
3352.500000 0.314258 
3351.600000 0.315155 
3350.600000 0.316053 
3349.600000 0.316953 
3348.700000 0.318759 
3347.700000 0.319664 
3346.700000 0.320572 
3345.800000 0.321482 
3344.800000 0.322393 
3343.800000 0.323306 
3342.900000 0.324222 
3341.900000 0.326058 
3340.900000 0.326979 
3340.000000 0.327902 
3339.000000 0.328827 
3338.100000 0.329754 
3337.100000 0.330683 
3336.100000 0.331614 
3335.200000 0.332547 
3334.200000 0.333482 
3333.200000 0.335358 
3332.300000 0.336299 
3331.300000 0.337242 
3330.300000 0.338187 
3329.400000 0.339135 
3328.400000 0.340084 
3327.400000 0.341035 
3326.500000 0.341989 
3325.500000 0.342944 
3324.600000 0.343902 
3323.600000 0.344862 
3322.600000 0.345823 
3321.700000 0.346787 
3320.700000 0.347754 
3319.700000 0.347754 
3318.800000 0.348722 
3317.800000 0.349692 
3316.800000 0.350665 
3315.900000 0.351640 
3314.900000 0.351640 
3313.900000 0.352617 
3313.000000 0.353596 
3312.000000 0.354578 
3311.100000 0.355561 
3310.100000 0.355561 
3309.100000 0.356547 
3308.200000 0.357535 
3307.200000 0.357535 
3306.200000 0.358526 
3305.300000 0.359519 
3304.300000 0.360514 
3303.300000 0.361511 
3302.400000 0.361511 
3301.400000 0.361511 
3300.400000 0.362510 
3299.500000 0.362510 
3298.500000 0.363512 
3297.500000 0.363512 
3296.600000 0.364516 
3295.600000 0.365523 
3294.700000 0.365523 
3293.700000 0.366532 
3292.700000 0.366532 
3291.800000 0.366532 
3290.800000 0.367543 
3289.800000 0.367543 
3288.900000 0.368556 
3287.900000 0.368556 
3286.900000 0.368556 
3286.000000 0.369572 
3285.000000 0.369572 
3284.000000 0.369572 
3283.100000 0.370590 
3282.100000 0.370590 
3281.200000 0.370590 
3280.200000 0.370590 
3279.200000 0.371611 
3278.300000 0.371611 
3277.300000 0.371611 
3276.300000 0.371611 
3275.400000 0.371611 
3274.400000 0.371611 
3273.400000 0.372634 
3272.500000 0.371611 
3271.500000 0.372634 
3270.500000 0.372634 
3269.600000 0.372634 
3268.600000 0.372634 
3267.600000 0.372634 
3266.700000 0.372634 
3265.700000 0.372634 
3264.800000 0.372634 
3263.800000 0.371611 
3262.800000 0.371611 
3261.900000 0.371611 
3260.900000 0.371611 
3259.900000 0.371611 
3259.000000 0.371611 
3258.000000 0.371611 
3257.000000 0.371611 
3256.100000 0.370590 
3255.100000 0.370590 
3254.100000 0.370590 
3253.200000 0.369572 
3252.200000 0.369572 
3251.300000 0.369572 
3250.300000 0.368556 
3249.300000 0.368556 
3248.400000 0.368556 
3247.400000 0.367543 
3246.400000 0.367543 
3245.500000 0.366532 
3244.500000 0.366532 
3243.500000 0.366532 
3242.600000 0.365523 
3241.600000 0.364516 
3240.600000 0.364516 
3239.700000 0.363512 
3238.700000 0.363512 
3237.800000 0.362510 
3236.800000 0.362510 
3235.800000 0.361511 
3234.900000 0.360514 
3233.900000 0.360514 
3232.900000 0.359519 
3232.000000 0.358526 
3231.000000 0.358526 
3230.000000 0.357535 
3229.100000 0.356547 
3228.100000 0.356547 
3227.100000 0.355561 
3226.200000 0.354578 
3225.200000 0.353596 
3224.200000 0.352617 
3223.300000 0.352617 
3222.300000 0.351640 
3221.400000 0.350665 
3220.400000 0.349692 
3219.400000 0.348722 
3218.500000 0.347754 
3217.500000 0.346787 
3216.500000 0.346787 
3215.600000 0.344862 
3214.600000 0.344862 
3213.600000 0.343902 
3212.700000 0.342944 
3211.700000 0.341989 
3210.700000 0.341035 
3209.800000 0.340084 
3208.800000 0.339135 
3207.900000 0.338187 
3206.900000 0.337242 
3205.900000 0.336299 
3205.000000 0.335358 
3204.000000 0.334419 
3203.000000 0.333482 
3202.100000 0.331614 
3201.100000 0.330683 
3200.100000 0.329754 
3199.200000 0.328827 
3198.200000 0.327902 
3197.200000 0.326979 
3196.300000 0.326058 
3195.300000 0.324222 
3194.400000 0.323306 
3193.400000 0.322393 
3192.400000 0.321482 
3191.500000 0.320572 
3190.500000 0.318759 
3189.500000 0.317855 
3188.600000 0.316953 
3187.600000 0.316053 
3186.600000 0.314258 
3185.700000 0.313364 
3184.700000 0.312471 
3183.700000 0.310691 
3182.800000 0.309804 
3181.800000 0.308919 
3180.800000 0.307153 
3179.900000 0.306273 
3178.900000 0.305395 
3178.000000 0.303644 
3177.000000 0.302771 
3176.000000 0.301899 
3175.100000 0.300162 
3174.100000 0.299296 
3173.100000 0.298432 
3172.200000 0.296709 
3171.200000 0.295849 
3170.200000 0.294136 
3169.300000 0.293282 
3168.300000 0.292430 
3167.300000 0.290730 
3166.400000 0.289883 
3165.400000 0.288193 
3164.500000 0.287350 
3163.500000 0.285670 
3162.500000 0.284833 
3161.600000 0.283162 
3160.600000 0.282329 
3159.600000 0.280669 
3158.700000 0.279841 
3157.700000 0.278189 
3156.700000 0.277366 
3155.800000 0.275724 
3154.800000 0.274088 
3153.800000 0.273273 
3152.900000 0.271646 
3151.900000 0.270835 
3150.900000 0.269218 
3150.000000 0.268411 
3149.000000 0.266803 
3148.100000 0.265200 
3147.100000 0.264401 
3146.100000 0.262807 
3145.200000 0.262013 
3144.200000 0.260428 
3143.200000 0.258848 
3142.300000 0.258061 
3141.300000 0.256490 
3140.300000 0.254925 
3139.400000 0.254145 
3138.400000 0.252588 
3137.400000 0.251812 
3136.500000 0.250264 
3135.500000 0.248721 
3134.600000 0.247952 
3133.600000 0.246417 
3132.600000 0.244888 
3131.700000 0.244125 
3130.700000 0.242604 
3129.700000 0.241088 
3128.800000 0.240332 
3127.800000 0.238824 
3126.800000 0.237321 
3125.900000 0.235824 
3124.900000 0.235077 
3123.900000 0.233587 
3123.000000 0.232102 
3122.000000 0.231362 
3121.000000 0.229885 
3120.100000 0.228413 
3119.100000 0.226945 
3118.200000 0.226214 
3117.200000 0.224754 
3116.200000 0.223299 
3115.300000 0.221849 
3114.300000 0.220404 
3113.300000 0.218963 
3112.400000 0.217527 
3111.400000 0.216811 
3110.400000 0.215383 
3109.500000 0.213959 
3108.500000 0.212540 
3107.500000 0.211125 
3106.600000 0.209715 
3105.600000 0.208309 
3104.700000 0.206908 
3103.700000 0.205512 
3102.700000 0.204120 
3101.800000 0.202732 
3100.800000 0.201349 
3099.800000 0.199971 
3098.900000 0.198596 
3097.900000 0.196543 
3096.900000 0.195179 
3096.000000 0.193820 
3095.000000 0.192465 
3094.000000 0.191114 
3093.100000 0.189767 
3092.100000 0.187755 
3091.100000 0.186419 
3090.200000 0.185087 
3089.200000 0.183759 
3088.300000 0.182435 
3087.300000 0.180456 
3086.300000 0.179142 
3085.400000 0.177832 
3084.400000 0.175874 
3083.400000 0.174574 
3082.500000 0.172631 
3081.500000 0.171340 
3080.500000 0.170053 
3079.600000 0.168130 
3078.600000 0.166853 
3077.600000 0.165579 
3076.700000 0.163676 
3075.700000 0.162412 
3074.800000 0.160522 
3073.800000 0.159267 
3072.800000 0.157391 
3071.900000 0.156145 
3070.900000 0.154902 
3069.900000 0.153045 
3069.000000 0.151811 
3068.000000 0.149967 
3067.000000 0.148130 
3066.100000 0.146910 
3065.100000 0.145087 
3064.100000 0.143876 
3063.200000 0.142065 
3062.200000 0.140862 
3061.300000 0.139662 
3060.300000 0.137869 
3059.300000 0.136677 
3058.400000 0.134896 
3057.400000 0.133122 
3056.400000 0.131944 
3055.500000 0.130182 
3054.500000 0.129011 
3053.500000 0.127261 
3052.600000 0.126098 
3051.600000 0.124360 
3050.600000 0.123205 
3049.700000 0.121478 
3048.700000 0.120331 
3047.700000 0.118615 
3046.800000 0.117475 
3045.800000 0.115771 
3044.900000 0.114639 
3043.900000 0.112946 
3042.900000 0.111821 
3042.000000 0.110138 
3041.000000 0.109020 
3040.000000 0.107349 
3039.100000 0.106238 
3038.100000 0.105130 
3037.100000 0.103474 
3036.200000 0.102373 
3035.200000 0.100727 
3034.200000 0.099633 
3033.300000 0.098542 
3032.300000 0.096910 
3031.400000 0.095826 
3030.400000 0.094744 
3029.400000 0.093665 
3028.500000 0.092051 
3027.500000 0.090979 
3026.500000 0.089909 
3025.600000 0.088842 
3024.600000 0.087778 
3023.600000 0.086716 
3022.700000 0.085657 
3021.700000 0.084600 
3020.700000 0.083546 
3019.800000 0.083020 
3018.800000 0.081970 
3017.900000 0.080922 
3016.900000 0.080399 
3015.900000 0.079877 
3015.000000 0.079355 
3014.000000 0.078834 
3013.000000 0.078314 
3012.100000 0.077794 
3011.100000 0.077794 
3010.100000 0.077275 
3009.200000 0.077275 
3008.200000 0.077275 
3007.200000 0.077275 
3006.300000 0.077794 
3005.300000 0.077794 
3004.300000 0.078314 
3003.400000 0.078834 
3002.400000 0.079355 
3001.500000 0.079877 
3000.500000 0.080399 
2999.500000 0.081445 
2998.600000 0.081970 
2997.600000 0.082494 
2996.600000 0.083020 
2995.700000 0.084073 
2994.700000 0.084600 
2993.700000 0.085128 
2992.800000 0.085657 
2991.800000 0.086186 
2990.800000 0.086716 
2989.900000 0.086716 
2988.900000 0.086716 
2988.000000 0.086716 
2987.000000 0.086186 
2986.000000 0.086186 
2985.100000 0.085657 
2984.100000 0.085128 
2983.100000 0.084600 
2982.200000 0.084073 
2981.200000 0.083546 
2980.200000 0.083020 
2979.300000 0.082494 
2978.300000 0.081970 
2977.300000 0.081445 
2976.400000 0.081445 
2975.400000 0.081445 
2974.400000 0.081445 
2973.500000 0.081445 
2972.500000 0.081970 
2971.600000 0.082494 
2970.600000 0.083020 
2969.600000 0.083546 
2968.700000 0.084073 
2967.700000 0.084600 
2966.700000 0.085128 
2965.800000 0.085657 
2964.800000 0.086186 
2963.800000 0.086186 
2962.900000 0.086716 
2961.900000 0.086716 
2960.900000 0.086186 
2960.000000 0.086186 
2959.000000 0.085657 
2958.100000 0.085657 
2957.100000 0.084600 
2956.100000 0.084073 
2955.200000 0.083546 
2954.200000 0.082494 
2953.200000 0.081445 
2952.300000 0.080399 
2951.300000 0.079877 
2950.300000 0.078834 
2949.400000 0.078314 
2948.400000 0.077275 
2947.400000 0.076756 
2946.500000 0.076756 
2945.500000 0.076238 
2944.500000 0.076238 
2943.600000 0.076756 
2942.600000 0.076756 
2941.700000 0.077275 
2940.700000 0.077794 
2939.700000 0.077794 
2938.800000 0.078314 
2937.800000 0.078834 
2936.800000 0.078834 
2935.900000 0.078834 
2934.900000 0.078834 
2933.900000 0.078834 
2933.000000 0.078314 
2932.000000 0.077794 
2931.000000 0.077275 
2930.100000 0.076756 
2929.100000 0.075721 
2928.200000 0.074688 
2927.200000 0.073658 
2926.200000 0.072630 
2925.300000 0.071604 
2924.300000 0.070581 
2923.300000 0.070070 
2922.400000 0.069051 
2921.400000 0.068542 
2920.400000 0.068034 
2919.500000 0.067526 
2918.500000 0.067019 
2917.500000 0.066513 
2916.600000 0.066007 
2915.600000 0.066007 
2914.700000 0.065502 
2913.700000 0.065502 
2912.700000 0.064997 
2911.800000 0.064997 
2910.800000 0.064493 
2909.800000 0.064493 
2908.900000 0.063989 
2907.900000 0.063486 
2906.900000 0.062984 
2906.000000 0.062482 
2905.000000 0.061981 
2904.000000 0.060980 
2903.100000 0.060481 
2902.100000 0.059982 
2901.100000 0.059484 
2900.200000 0.058489 
2899.200000 0.057992 
2898.300000 0.057496 
2897.300000 0.056505 
2896.300000 0.056011 
2895.400000 0.055517 
2894.400000 0.055024 
2893.400000 0.054531 
2892.500000 0.054039 
2891.500000 0.053548 
2890.500000 0.053057 
2889.600000 0.052566 
2888.600000 0.052076 
2887.600000 0.052076 
2886.700000 0.051587 
2885.700000 0.051587 
2884.800000 0.051098 
2883.800000 0.051098 
2882.800000 0.050610 
2881.900000 0.050610 
2880.900000 0.050610 
2879.900000 0.050122 
2879.000000 0.050610 
2878.000000 0.050610 
2877.000000 0.050610 
2876.100000 0.050610 
2875.100000 0.050610 
2874.100000 0.051098 
2873.200000 0.051098 
2872.200000 0.051587 
2871.200000 0.051587 
2870.300000 0.052076 
2869.300000 0.052076 
2868.400000 0.052566 
2867.400000 0.052566 
2866.400000 0.053057 
2865.500000 0.053548 
2864.500000 0.053548 
2863.500000 0.054039 
2862.600000 0.054039 
2861.600000 0.054531 
2860.600000 0.055024 
2859.700000 0.055024 
2858.700000 0.055517 
2857.700000 0.055517 
2856.800000 0.056011 
2855.800000 0.056011 
2854.900000 0.056011 
2853.900000 0.056505 
2852.900000 0.056505 
2852.000000 0.056505 
2851.000000 0.056505 
2850.000000 0.057000 
2849.100000 0.057000 
2848.100000 0.057496 
2847.100000 0.057496 
2846.200000 0.057992 
2845.200000 0.058986 
2844.200000 0.059484 
2843.300000 0.060980 
2842.300000 0.062482 
2841.400000 0.063989 
2840.400000 0.066007 
2839.400000 0.068542 
2838.500000 0.071604 
2837.500000 0.074688 
2836.500000 0.078314 
2835.600000 0.081970 
2834.600000 0.085657 
2833.600000 0.088842 
2832.700000 0.092051 
2831.700000 0.094204 
2830.700000 0.095826 
2829.800000 0.096367 
2828.800000 0.096367 
2827.800000 0.095284 
2826.900000 0.093665 
2825.900000 0.091515 
2825.000000 0.088310 
2824.000000 0.085128 
2823.000000 0.081970 
2822.100000 0.078834 
2821.100000 0.075204 
2820.100000 0.072630 
2819.200000 0.069560 
2818.200000 0.067019 
2817.200000 0.064493 
2816.300000 0.062482 
2815.300000 0.060481 
2814.300000 0.058489 
2813.400000 0.056505 
2812.400000 0.055024 
2811.500000 0.053057 
2810.500000 0.051587 
2809.500000 0.050122 
2808.600000 0.048177 
2807.600000 0.046724 
2806.600000 0.045275 
2805.700000 0.044312 
2804.700000 0.042872 
2803.700000 0.041436 
2802.800000 0.040005 
2801.800000 0.039054 
2800.800000 0.037631 
2799.900000 0.036684 
2798.900000 0.035269 
2797.900000 0.034328 
2797.000000 0.033389 
2796.000000 0.032452 
2795.100000 0.031050 
2794.100000 0.030118 
2793.100000 0.029188 
2792.200000 0.028260 
2791.200000 0.027334 
2790.200000 0.026410 
2789.300000 0.025488 
2788.300000 0.024568 
2787.300000 0.024109 
2786.400000 0.023192 
2785.400000 0.022276 
2784.400000 0.021819 
2783.500000 0.020907 
2782.500000 0.020452 
2781.600000 0.019542 
2780.600000 0.019088 
2779.600000 0.018634 
2778.700000 0.017729 
2777.700000 0.017277 
2776.700000 0.016825 
2775.800000 0.016374 
2774.800000 0.015473 
2773.800000 0.015023 
2772.900000 0.014574 
2771.900000 0.014125 
2770.900000 0.013676 
2770.000000 0.013228 
2769.000000 0.012781 
2768.100000 0.012781 
2767.100000 0.012334 
2766.100000 0.011887 
2765.200000 0.011441 
2764.200000 0.010995 
2763.200000 0.010995 
2762.300000 0.010550 
2761.300000 0.010105 
2760.300000 0.010105 
2759.400000 0.009661 
2758.400000 0.009217 
2757.400000 0.009217 
2756.500000 0.008774 
2755.500000 0.008331 
2754.500000 0.008331 
2753.600000 0.008331 
2752.600000 0.007889 
2751.700000 0.007446 
2750.700000 0.007446 
2749.700000 0.007446 
2748.800000 0.007005 
2747.800000 0.007005 
2746.800000 0.006564 
2745.900000 0.006564 
2744.900000 0.006123 
2743.900000 0.006123 
2743.000000 0.006123 
2742.000000 0.005683 
2741.000000 0.005683 
2740.100000 0.005243 
2739.100000 0.005243 
2738.200000 0.005243 
2737.200000 0.005243 
2736.200000 0.004804 
2735.300000 0.004804 
2734.300000 0.004804 
2733.300000 0.004365 
2732.400000 0.004365 
2731.400000 0.004365 
2730.400000 0.004365 
2729.500000 0.003926 
2728.500000 0.003926 
2727.500000 0.003926 
2726.600000 0.003926 
2725.600000 0.003488 
2724.600000 0.003488 
2723.700000 0.003488 
2722.700000 0.003488 
2721.800000 0.003488 
2720.800000 0.003051 
2719.800000 0.003051 
2718.900000 0.003051 
2717.900000 0.003051 
2716.900000 0.002614 
2716.000000 0.002614 
2715.000000 0.002614 
2714.000000 0.002614 
2713.100000 0.002614 
2712.100000 0.002614 
2711.100000 0.002177 
2710.200000 0.002177 
2709.200000 0.002177 
2708.300000 0.002177 
2707.300000 0.002177 
2706.300000 0.002177 
2705.400000 0.001741 
2704.400000 0.001741 
2703.400000 0.001741 
2702.500000 0.001741 
2701.500000 0.001741 
2700.500000 0.001741 
2699.600000 0.001741 
2698.600000 0.001305 
2697.600000 0.001305 
2696.700000 0.001305 
2695.700000 0.001305 
2694.700000 0.001305 
2693.800000 0.001305 
2692.800000 0.001305 
2691.900000 0.001305 
2690.900000 0.001305 
2689.900000 0.000869 
2689.000000 0.000869 
2688.000000 0.000869 
2687.000000 0.000869 
2686.100000 0.000869 
2685.100000 0.000869 
2684.100000 0.000869 
2683.200000 0.000435 
2682.200000 0.000435 
2681.200000 0.000435 
2680.300000 0.000435 
2679.300000 0.000435 
2678.400000 0.000435 
2677.400000 0.000435 
2676.400000 0.000435 
2675.500000 0.000435 
2674.500000 0.000435 
2673.500000 0.000435 
2672.600000 0.000435 
2671.600000 0.000435 
2670.600000 0.000435 
2669.700000 0.000435 
2668.700000 0.000000 
2667.700000 0.000435 
2666.800000 0.000000 
2665.800000 0.000000 
2664.900000 0.000435 
2663.900000 0.000435 
2662.900000 0.000435 
2662.000000 0.000435 
2661.000000 0.000000 
2660.000000 0.000000 
2659.100000 0.000435 
2658.100000 0.000435 
2657.100000 0.000000 
2656.200000 0.000435 
2655.200000 0.000435 
2654.200000 0.000435 
2653.300000 0.000435 
2652.300000 0.000435 
2651.300000 0.000435 
2650.400000 0.000435 
2649.400000 0.000435 
2648.500000 0.000869 
2647.500000 0.000869 
2646.500000 0.000869 
2645.600000 0.000869 
2644.600000 0.000869 
2643.600000 0.001305 
2642.700000 0.001305 
2641.700000 0.001305 
2640.700000 0.001305 
2639.800000 0.001305 
2638.800000 0.001741 
2637.800000 0.001741 
2636.900000 0.001741 
2635.900000 0.002177 
2635.000000 0.002177 
2634.000000 0.002177 
2633.000000 0.002614 
2632.100000 0.002614 
2631.100000 0.002614 
2630.100000 0.003051 
2629.200000 0.003051 
2628.200000 0.003488 
2627.200000 0.003488 
2626.300000 0.003488 
2625.300000 0.003926 
2624.300000 0.003926 
2623.400000 0.004365 
2622.400000 0.004365 
2621.400000 0.004365 
2620.500000 0.004804 
2619.500000 0.004804 
2618.600000 0.004804 
2617.600000 0.004804 
2616.600000 0.005243 
2615.700000 0.005243 
2614.700000 0.005243 
2613.700000 0.005243 
2612.800000 0.005243 
2611.800000 0.005683 
2610.800000 0.005683 
2609.900000 0.005683 
2608.900000 0.005683 
2607.900000 0.005683 
2607.000000 0.005683 
2606.000000 0.005683 
2605.100000 0.005683 
2604.100000 0.005683 
2603.100000 0.005683 
2602.200000 0.005683 
2601.200000 0.005683 
2600.200000 0.006123 
2599.300000 0.005683 
2598.300000 0.006123 
2597.300000 0.006123 
2596.400000 0.005683 
2595.400000 0.005683 
2594.400000 0.005683 
2593.500000 0.005683 
2592.500000 0.005683 
2591.600000 0.005683 
2590.600000 0.005683 
2589.600000 0.005683 
2588.700000 0.005683 
2587.700000 0.005243 
2586.700000 0.005243 
2585.800000 0.005243 
2584.800000 0.005243 
2583.800000 0.005243 
2582.900000 0.005243 
2581.900000 0.005243 
2580.900000 0.005243 
2580.000000 0.005243 
2579.000000 0.005243 
2578.000000 0.005243 
2577.100000 0.005243 
2576.100000 0.005243 
2575.200000 0.005243 
2574.200000 0.005243 
2573.200000 0.005243 
2572.300000 0.005243 
2571.300000 0.005683 
2570.300000 0.005683 
2569.400000 0.005683 
2568.400000 0.005683 
2567.400000 0.005683 
2566.500000 0.005683 
2565.500000 0.005683 
2564.500000 0.006123 
2563.600000 0.006123 
2562.600000 0.006123 
2561.700000 0.006123 
2560.700000 0.006123 
2559.700000 0.006564 
2558.800000 0.006564 
2557.800000 0.006564 
2556.800000 0.006564 
2555.900000 0.006564 
2554.900000 0.007005 
2553.900000 0.007005 
2553.000000 0.007005 
2552.000000 0.007005 
2551.000000 0.007005 
2550.100000 0.007005 
2549.100000 0.007446 
2548.100000 0.007446 
2547.200000 0.007446 
2546.200000 0.007446 
2545.300000 0.007446 
2544.300000 0.007446 
2543.300000 0.007446 
2542.400000 0.007446 
2541.400000 0.007446 
2540.400000 0.007446 
2539.500000 0.007889 
2538.500000 0.007446 
2537.500000 0.007446 
2536.600000 0.007446 
2535.600000 0.007446 
2534.600000 0.007446 
2533.700000 0.007446 
2532.700000 0.007446 
2531.800000 0.007005 
2530.800000 0.007005 
2529.800000 0.007005 
2528.900000 0.007005 
2527.900000 0.006564 
2526.900000 0.006564 
2526.000000 0.006564 
2525.000000 0.006123 
2524.000000 0.006123 
2523.100000 0.005683 
2522.100000 0.005683 
2521.100000 0.005683 
2520.200000 0.005243 
2519.200000 0.005243 
2518.200000 0.004804 
2517.300000 0.004804 
2516.300000 0.004365 
2515.400000 0.004365 
2514.400000 0.003926 
2513.400000 0.003926 
2512.500000 0.003926 
2511.500000 0.003488 
2510.500000 0.003488 
2509.600000 0.003051 
2508.600000 0.003051 
2507.600000 0.003051 
2506.700000 0.002614 
2505.700000 0.002614 
2504.700000 0.002614 
2503.800000 0.002177 
2502.800000 0.002177 
2501.900000 0.002177 
2500.900000 0.001741 
2499.900000 0.001741 
2499.000000 0.001741 
2498.000000 0.001741 
2497.000000 0.001305 
2496.100000 0.001305 
2495.100000 0.001305 
2494.100000 0.001305 
2493.200000 0.000869 
2492.200000 0.000869 
2491.200000 0.000869 
2490.300000 0.000869 
2489.300000 0.000869 
2488.400000 0.000435 
2487.400000 0.000435 
2486.400000 0.000435 
2485.500000 0.000435 
2484.500000 0.000435 
2483.500000 0.000435 
2482.600000 0.000435 
2481.600000 0.000435 
2480.600000 0.000435 
2479.700000 0.000435 
2478.700000 0.000435 
2477.700000 0.000435 
2476.800000 0.000000 
2475.800000 0.000435 
2474.800000 0.000000 
2473.900000 0.000000 
2472.900000 0.000435 
2472.000000 0.000000 
2471.000000 0.000000 
2470.000000 0.000435 
2469.100000 0.000000 
2468.100000 0.000435 
2467.100000 0.000000 
2466.200000 0.000435 
2465.200000 0.000435 
2464.200000 0.000435 
2463.300000 0.000435 
2462.300000 0.000435 
2461.300000 0.000435 
2460.400000 0.000435 
2459.400000 0.000435 
2458.500000 0.000435 
2457.500000 0.000435 
2456.500000 0.000435 
2455.600000 0.000435 
2454.600000 0.000435 
2453.600000 0.000435 
2452.700000 0.000435 
2451.700000 0.000435 
2450.700000 0.000435 
2449.800000 0.000435 
2448.800000 0.000435 
2447.800000 0.000435 
2446.900000 0.000435 
2445.900000 0.000435 
2444.900000 0.000435 
2444.000000 0.000435 
2443.000000 0.000435 
2442.100000 0.000435 
2441.100000 0.000435 
2440.100000 0.000435 
2439.200000 0.000435 
2438.200000 0.000869 
2437.200000 0.000435 
2436.300000 0.000435 
2435.300000 0.000435 
2434.300000 0.000435 
2433.400000 0.000435 
2432.400000 0.000435 
2431.400000 0.000435 
2430.500000 0.000435 
2429.500000 0.000435 
2428.600000 0.000435 
2427.600000 0.000435 
2426.600000 0.000435 
2425.700000 0.000435 
2424.700000 0.000435 
2423.700000 0.000435 
2422.800000 0.000435 
2421.800000 0.000435 
2420.800000 0.000435 
2419.900000 0.000435 
2418.900000 0.000435 
2417.900000 0.000435 
2417.000000 0.000435 
2416.000000 0.000435 
2415.100000 0.000435 
2414.100000 0.000435 
2413.100000 0.000435 
2412.200000 0.000000 
2411.200000 0.000435 
2410.200000 0.000435 
2409.300000 0.000000 
2408.300000 0.000435 
2407.300000 0.000435 
2406.400000 0.000435 
2405.400000 0.000435 
2404.400000 0.000000 
2403.500000 0.000000 
2402.500000 0.000000 
2401.500000 0.000000 
2400.600000 0.000000 
2399.600000 0.000435 
2398.700000 0.000000 
2397.700000 0.000435 
2396.700000 0.000000 
2395.800000 0.000000 
2394.800000 0.000000 
2393.800000 0.000000 
2392.900000 0.000435 
2391.900000 0.000435 
2390.900000 0.000000 
2390.000000 0.000435 
2389.000000 0.000435 
2388.000000 0.000435 
2387.100000 0.000435 
2386.100000 0.000435 
2385.200000 0.000435 
2384.200000 0.000435 
2383.200000 0.000435 
2382.300000 0.000435 
2381.300000 0.000435 
2380.300000 0.000435 
2379.400000 0.000869 
2378.400000 0.000869 
2377.400000 0.000869 
2376.500000 0.000869 
2375.500000 0.000869 
2374.500000 0.000869 
2373.600000 0.000869 
2372.600000 0.001305 
2371.600000 0.001305 
2370.700000 0.001741 
2369.700000 0.001741 
2368.800000 0.001741 
2367.800000 0.001741 
2366.800000 0.001741 
2365.900000 0.002614 
2364.900000 0.002177 
2363.900000 0.001741 
2363.000000 0.002177 
2362.000000 0.003051 
2361.000000 0.002177 
2360.100000 0.001741 
2359.100000 0.002614 
2358.100000 0.002177 
2357.200000 0.001741 
2356.200000 0.002177 
2355.300000 0.002177 
2354.300000 0.001741 
2353.300000 0.002177 
2352.400000 0.001741 
2351.400000 0.001305 
2350.400000 0.001305 
2349.500000 0.001305 
2348.500000 0.001741 
2347.500000 0.001305 
2346.600000 0.002177 
2345.600000 0.001741 
2344.600000 0.002177 
2343.700000 0.002177 
2342.700000 0.002177 
2341.800000 0.003051 
2340.800000 0.002177 
2339.800000 0.003051 
2338.900000 0.002177 
2337.900000 0.003051 
2336.900000 0.002614 
2336.000000 0.002614 
2335.000000 0.003051 
2334.000000 0.002177 
2333.100000 0.003488 
2332.100000 0.002177 
2331.100000 0.003488 
2330.200000 0.002177 
2329.200000 0.003488 
2328.200000 0.002177 
2327.300000 0.003051 
2326.300000 0.002177 
2325.400000 0.003051 
2324.400000 0.002177 
2323.400000 0.003051 
2322.500000 0.002614 
2321.500000 0.003051 
2320.500000 0.002177 
2319.600000 0.003051 
2318.600000 0.002614 
2317.600000 0.003051 
2316.700000 0.002614 
2315.700000 0.003051 
2314.700000 0.002614 
2313.800000 0.003051 
2312.800000 0.002614 
2311.900000 0.002614 
2310.900000 0.002614 
2309.900000 0.002614 
2309.000000 0.002614 
2308.000000 0.002614 
2307.000000 0.003051 
2306.100000 0.002614 
2305.100000 0.003051 
2304.100000 0.003051 
2303.200000 0.003051 
2302.200000 0.003051 
2301.200000 0.003051 
2300.300000 0.003051 
2299.300000 0.003051 
2298.400000 0.003051 
2297.400000 0.003051 
2296.400000 0.003488 
2295.500000 0.003488 
2294.500000 0.003051 
2293.500000 0.003488 
2292.600000 0.003488 
2291.600000 0.003488 
2290.600000 0.003488 
2289.700000 0.003488 
2288.700000 0.003488 
2287.700000 0.003488 
2286.800000 0.003488 
2285.800000 0.003488 
2284.800000 0.003926 
2283.900000 0.003926 
2282.900000 0.003926 
2282.000000 0.003926 
2281.000000 0.003926 
2280.000000 0.003926 
2279.100000 0.003926 
2278.100000 0.004365 
2277.100000 0.004365 
2276.200000 0.004365 
2275.200000 0.004365 
2274.200000 0.004365 
2273.300000 0.004365 
2272.300000 0.004365 
2271.300000 0.004804 
2270.400000 0.004804 
2269.400000 0.004804 
2268.500000 0.004804 
2267.500000 0.004804 
2266.500000 0.005243 
2265.600000 0.005243 
2264.600000 0.005243 
2263.600000 0.005243 
2262.700000 0.005243 
2261.700000 0.005683 
2260.700000 0.005683 
2259.800000 0.005683 
2258.800000 0.005683 
2257.800000 0.005683 
2256.900000 0.005683 
2255.900000 0.006123 
2254.900000 0.006123 
2254.000000 0.006123 
2253.000000 0.006123 
2252.100000 0.006123 
2251.100000 0.006564 
2250.100000 0.006564 
2249.200000 0.006564 
2248.200000 0.006564 
2247.200000 0.006564 
2246.300000 0.006564 
2245.300000 0.006564 
2244.300000 0.006564 
2243.400000 0.006564 
2242.400000 0.006564 
2241.400000 0.007005 
2240.500000 0.007005 
2239.500000 0.007005 
2238.600000 0.007005 
2237.600000 0.007005 
2236.600000 0.007005 
2235.700000 0.007005 
2234.700000 0.007005 
2233.700000 0.007005 
2232.800000 0.007005 
2231.800000 0.007005 
2230.800000 0.007005 
2229.900000 0.006564 
2228.900000 0.007005 
2227.900000 0.007005 
2227.000000 0.006564 
2226.000000 0.006564 
2225.000000 0.006564 
2224.100000 0.006564 
2223.100000 0.006564 
2222.200000 0.006564 
2221.200000 0.006564 
2220.200000 0.006564 
2219.300000 0.006564 
2218.300000 0.006564 
2217.300000 0.006123 
2216.400000 0.006564 
2215.400000 0.006564 
2214.400000 0.006123 
2213.500000 0.006123 
2212.500000 0.006123 
2211.500000 0.006123 
2210.600000 0.006123 
2209.600000 0.006123 
2208.700000 0.006123 
2207.700000 0.006123 
2206.700000 0.006123 
2205.800000 0.006123 
2204.800000 0.006123 
2203.800000 0.006123 
2202.900000 0.006123 
2201.900000 0.006123 
2200.900000 0.006123 
2200.000000 0.006123 
2199.000000 0.006123 
2198.000000 0.006123 
2197.100000 0.005683 
2196.100000 0.006123 
2195.200000 0.006123 
2194.200000 0.005683 
2193.200000 0.005683 
2192.300000 0.005683 
2191.300000 0.005683 
2190.300000 0.005683 
2189.400000 0.005683 
2188.400000 0.005683 
2187.400000 0.005683 
2186.500000 0.005683 
2185.500000 0.005683 
2184.500000 0.005683 
2183.600000 0.005683 
2182.600000 0.005683 
2181.600000 0.005683 
2180.700000 0.005243 
2179.700000 0.005243 
2178.800000 0.005243 
2177.800000 0.005243 
2176.800000 0.005243 
2175.900000 0.005243 
2174.900000 0.005243 
2173.900000 0.005243 
2173.000000 0.005243 
2172.000000 0.005243 
2171.000000 0.004804 
2170.100000 0.004804 
2169.100000 0.004804 
2168.100000 0.004804 
2167.200000 0.004804 
2166.200000 0.004804 
2165.300000 0.004365 
2164.300000 0.004365 
2163.300000 0.004365 
2162.400000 0.004365 
2161.400000 0.004365 
2160.400000 0.004365 
2159.500000 0.003926 
2158.500000 0.003926 
2157.500000 0.003926 
2156.600000 0.003926 
2155.600000 0.003926 
2154.600000 0.003926 
2153.700000 0.003926 
2152.700000 0.003488 
2151.800000 0.003488 
2150.800000 0.003488 
2149.800000 0.003488 
2148.900000 0.003488 
2147.900000 0.003488 
2146.900000 0.003488 
2146.000000 0.003051 
2145.000000 0.003051 
2144.000000 0.003488 
2143.100000 0.003488 
2142.100000 0.003488 
2141.100000 0.003926 
2140.200000 0.004804 
2139.200000 0.005243 
2138.200000 0.006123 
2137.300000 0.006564 
2136.300000 0.007005 
2135.400000 0.007005 
2134.400000 0.007005 
2133.400000 0.006564 
2132.500000 0.005683 
2131.500000 0.004804 
2130.500000 0.003926 
2129.600000 0.003488 
2128.600000 0.003051 
2127.600000 0.002614 
2126.700000 0.002177 
2125.700000 0.002177 
2124.700000 0.001741 
2123.800000 0.001741 
2122.800000 0.001741 
2121.900000 0.001741 
2120.900000 0.001305 
2119.900000 0.001305 
2119.000000 0.001305 
2118.000000 0.001305 
2117.000000 0.001305 
2116.100000 0.001305 
2115.100000 0.001305 
2114.100000 0.001305 
2113.200000 0.001305 
2112.200000 0.001305 
2111.200000 0.000869 
2110.300000 0.000869 
2109.300000 0.000869 
2108.300000 0.000869 
2107.400000 0.000869 
2106.400000 0.000869 
2105.500000 0.000869 
2104.500000 0.000869 
2103.500000 0.000869 
2102.600000 0.000869 
2101.600000 0.000869 
2100.600000 0.000435 
2099.700000 0.000435 
2098.700000 0.000435 
2097.700000 0.000435 
2096.800000 0.000435 
2095.800000 0.000435 
2094.800000 0.000435 
2093.900000 0.000435 
2092.900000 0.000435 
2092.000000 0.000435 
2091.000000 0.000435 
2090.000000 0.000435 
2089.100000 0.000435 
2088.100000 0.000435 
2087.100000 0.000435 
2086.200000 0.000435 
2085.200000 0.000435 
2084.200000 0.000435 
2083.300000 0.000435 
2082.300000 0.000435 
2081.300000 0.000435 
2080.400000 0.000435 
2079.400000 0.000000 
2078.400000 0.000435 
2077.500000 0.000435 
2076.500000 0.000000 
2075.600000 0.000000 
2074.600000 0.000435 
2073.600000 0.000000 
2072.700000 0.000435 
2071.700000 0.000435 
2070.700000 0.000435 
2069.800000 0.000435 
2068.800000 0.000435 
2067.800000 0.000435 
2066.900000 0.000435 
2065.900000 0.000435 
2064.900000 0.000435 
2064.000000 0.000435 
2063.000000 0.000435 
2062.100000 0.000435 
2061.100000 0.000435 
2060.100000 0.000435 
2059.200000 0.000869 
2058.200000 0.000869 
2057.200000 0.000869 
2056.300000 0.000869 
2055.300000 0.000869 
2054.300000 0.000869 
2053.400000 0.000869 
2052.400000 0.000869 
2051.400000 0.000869 
2050.500000 0.001305 
2049.500000 0.001305 
2048.600000 0.001305 
2047.600000 0.001305 
2046.600000 0.001305 
2045.700000 0.001305 
2044.700000 0.001305 
2043.700000 0.001305 
2042.800000 0.001305 
2041.800000 0.001305 
2040.800000 0.001305 
2039.900000 0.001305 
2038.900000 0.001305 
2037.900000 0.001305 
2037.000000 0.001305 
2036.000000 0.001305 
2035.000000 0.001305 
2034.100000 0.001305 
2033.100000 0.001305 
2032.200000 0.001305 
2031.200000 0.001305 
2030.200000 0.001305 
2029.300000 0.000869 
2028.300000 0.000869 
2027.300000 0.000869 
2026.400000 0.000869 
2025.400000 0.000869 
2024.400000 0.000869 
2023.500000 0.000869 
2022.500000 0.000869 
2021.500000 0.000869 
2020.600000 0.000869 
2019.600000 0.000869 
2018.700000 0.000869 
2017.700000 0.000869 
2016.700000 0.000869 
2015.800000 0.000869 
2014.800000 0.000869 
2013.800000 0.000869 
2012.900000 0.000869 
2011.900000 0.000869 
2010.900000 0.000869 
2010.000000 0.000869 
2009.000000 0.000869 
2008.000000 0.000869 
2007.100000 0.000869 
2006.100000 0.000869 
2005.100000 0.000869 
2004.200000 0.000869 
2003.200000 0.000869 
2002.300000 0.000869 
2001.300000 0.000869 
2000.300000 0.000869 
1999.400000 0.000435 
1998.400000 0.000435 
1997.400000 0.000435 
1996.500000 0.000435 
1995.500000 0.000435 
1994.500000 0.000435 
1993.600000 0.000435 
1992.600000 0.000435 
1991.600000 0.000435 
1990.700000 0.000435 
1989.700000 0.000435 
1988.800000 0.000435 
1987.800000 0.000435 
1986.800000 0.000435 
1985.900000 0.000435 
1984.900000 0.000435 
1983.900000 0.000000 
1983.000000 0.000435 
1982.000000 0.000435 
1981.000000 0.000435 
1980.100000 0.000435 
1979.100000 0.000435 
1978.100000 0.000435 
1977.200000 0.000435 
1976.200000 0.000000 
1975.300000 0.000435 
1974.300000 0.000000 
1973.300000 0.000000 
1972.400000 0.000000 
1971.400000 0.000435 
1970.400000 0.000435 
1969.500000 0.000000 
1968.500000 0.000435 
1967.500000 0.000000 
1966.600000 0.000435 
1965.600000 0.000435 
1964.600000 0.000000 
1963.700000 0.000000 
1962.700000 0.000435 
1961.700000 0.000000 
1960.800000 0.000435 
1959.800000 0.000435 
1958.900000 0.000000 
1957.900000 0.000000 
1956.900000 0.000000 
1956.000000 0.000000 
1955.000000 0.000000 
1954.000000 0.000000 
1953.100000 0.000000 
1952.100000 0.000000 
1951.100000 0.000000 
1950.200000 0.000000 
1949.200000 0.000000 
1948.200000 0.000000 
1947.300000 0.000000 
1946.300000 0.000435 
1945.400000 0.000435 
1944.400000 0.000000 
1943.400000 0.000435 
1942.500000 0.000435 
1941.500000 0.000435 
1940.500000 0.000435 
1939.600000 0.000435 
1938.600000 0.000435 
1937.600000 0.000435 
1936.700000 0.000435 
1935.700000 0.000435 
1934.700000 0.000435 
1933.800000 0.000435 
1932.800000 0.000000 
1931.800000 0.000435 
1930.900000 0.000435 
1929.900000 0.000435 
1929.000000 0.000435 
1928.000000 0.000435 
1927.000000 0.000435 
1926.100000 0.000435 
1925.100000 0.000435 
1924.100000 0.000435 
1923.200000 0.000435 
1922.200000 0.000435 
1921.200000 0.000435 
1920.300000 0.000435 
1919.300000 0.000435 
1918.300000 0.000435 
1917.400000 0.000435 
1916.400000 0.000435 
1915.500000 0.000435 
1914.500000 0.000435 
1913.500000 0.000435 
1912.600000 0.000435 
1911.600000 0.000435 
1910.600000 0.000435 
1909.700000 0.000435 
1908.700000 0.000435 
1907.700000 0.000435 
1906.800000 0.000435 
1905.800000 0.000435 
1904.800000 0.000435 
1903.900000 0.000435 
1902.900000 0.000435 
1901.900000 0.000435 
1901.000000 0.000435 
1900.000000 0.000435 
1899.100000 0.000435 
1898.100000 0.000435 
1897.100000 0.000435 
1896.200000 0.000435 
1895.200000 0.000435 
1894.200000 0.000435 
1893.300000 0.000435 
1892.300000 0.000435 
1891.300000 0.000435 
1890.400000 0.000000 
1889.400000 0.000435 
1888.400000 0.000000 
1887.500000 0.000435 
1886.500000 0.000000 
1885.600000 0.000000 
1884.600000 0.000000 
1883.600000 0.000435 
1882.700000 0.000435 
1881.700000 0.000435 
1880.700000 0.000000 
1879.800000 0.000000 
1878.800000 0.000000 
1877.800000 0.000000 
1876.900000 0.000435 
1875.900000 0.000435 
1874.900000 0.000000 
1874.000000 0.000435 
1873.000000 0.000000 
1872.100000 0.000000 
1871.100000 0.000000 
1870.100000 0.000000 
1869.200000 0.000000 
1868.200000 0.000435 
1867.200000 0.000000 
1866.300000 0.000435 
1865.300000 0.000000 
1864.300000 0.000435 
1863.400000 0.000000 
1862.400000 0.000000 
1861.400000 0.000000 
1860.500000 0.000000 
1859.500000 0.000000 
1858.500000 0.000000 
1857.600000 0.000000 
1856.600000 0.000000 
1855.700000 0.000000 
1854.700000 0.000000 
1853.700000 0.000000 
1852.800000 0.000435 
1851.800000 0.000435 
1850.800000 0.000435 
1849.900000 0.000435 
1848.900000 0.000000 
1847.900000 0.000435 
1847.000000 0.000435 
1846.000000 0.000435 
1845.000000 0.000435 
1844.100000 0.000435 
1843.100000 0.000435 
1842.200000 0.000435 
1841.200000 0.000435 
1840.200000 0.000435 
1839.300000 0.000435 
1838.300000 0.000435 
1837.300000 0.000435 
1836.400000 0.000435 
1835.400000 0.000435 
1834.400000 0.000435 
1833.500000 0.000435 
1832.500000 0.000000 
1831.500000 0.000435 
1830.600000 0.000435 
1829.600000 0.000435 
1828.600000 0.000435 
1827.700000 0.000000 
1826.700000 0.000435 
1825.800000 0.000435 
1824.800000 0.000435 
1823.800000 0.000435 
1822.900000 0.000435 
1821.900000 0.000435 
1820.900000 0.000000 
1820.000000 0.000435 
1819.000000 0.000435 
1818.000000 0.000435 
1817.100000 0.000435 
1816.100000 0.000000 
1815.100000 0.000435 
1814.200000 0.000000 
1813.200000 0.000435 
1812.300000 0.000435 
1811.300000 0.000435 
1810.300000 0.000435 
1809.400000 0.000435 
1808.400000 0.000435 
1807.400000 0.000435 
1806.500000 0.000435 
1805.500000 0.000435 
1804.500000 0.000435 
1803.600000 0.000435 
1802.600000 0.000435 
1801.600000 0.000435 
1800.700000 0.000435 
1799.700000 0.000435 
1798.800000 0.000435 
1797.800000 0.000435 
1796.800000 0.000435 
1795.900000 0.000435 
1794.900000 0.000435 
1793.900000 0.000435 
1793.000000 0.000869 
1792.000000 0.000435 
1791.000000 0.000435 
1790.100000 0.000435 
1789.100000 0.000435 
1788.100000 0.000435 
1787.200000 0.000435 
1786.200000 0.000435 
1785.200000 0.000869 
1784.300000 0.000435 
1783.300000 0.000435 
1782.400000 0.000435 
1781.400000 0.000869 
1780.400000 0.000435 
1779.500000 0.000869 
1778.500000 0.000435 
1777.500000 0.000869 
1776.600000 0.000869 
1775.600000 0.000869 
1774.600000 0.000869 
1773.700000 0.000869 
1772.700000 0.001305 
1771.700000 0.001305 
1770.800000 0.000869 
1769.800000 0.000869 
1768.900000 0.001305 
1767.900000 0.000869 
1766.900000 0.001305 
1766.000000 0.001305 
1765.000000 0.001305 
1764.000000 0.001305 
1763.100000 0.001305 
1762.100000 0.001741 
1761.100000 0.001305 
1760.200000 0.001741 
1759.200000 0.001741 
1758.200000 0.001741 
1757.300000 0.001741 
1756.300000 0.001741 
1755.300000 0.001741 
1754.400000 0.001741 
1753.400000 0.002177 
1752.500000 0.002177 
1751.500000 0.002614 
1750.500000 0.002177 
1749.600000 0.002614 
1748.600000 0.002614 
1747.600000 0.002614 
1746.700000 0.002614 
1745.700000 0.003051 
1744.700000 0.003051 
1743.800000 0.003051 
1742.800000 0.003051 
1741.800000 0.003488 
1740.900000 0.003488 
1739.900000 0.003926 
1739.000000 0.003926 
1738.000000 0.003926 
1737.000000 0.003926 
1736.100000 0.004365 
1735.100000 0.004804 
1734.100000 0.004804 
1733.200000 0.004804 
1732.200000 0.004804 
1731.200000 0.005243 
1730.300000 0.005243 
1729.300000 0.005683 
1728.300000 0.005683 
1727.400000 0.005683 
1726.400000 0.006123 
1725.400000 0.006123 
1724.500000 0.006564 
1723.500000 0.006564 
1722.600000 0.007005 
1721.600000 0.007005 
1720.600000 0.007446 
1719.700000 0.007889 
1718.700000 0.007889 
1717.700000 0.008774 
1716.800000 0.008331 
1715.800000 0.008774 
1714.800000 0.008774 
1713.900000 0.009217 
1712.900000 0.009217 
1711.900000 0.009661 
1711.000000 0.009661 
1710.000000 0.010105 
1709.100000 0.010105 
1708.100000 0.010550 
1707.100000 0.010995 
1706.200000 0.011441 
1705.200000 0.011441 
1704.200000 0.011887 
1703.300000 0.012334 
1702.300000 0.012334 
1701.300000 0.013228 
1700.400000 0.013676 
1699.400000 0.013676 
1698.400000 0.013676 
1697.500000 0.014125 
1696.500000 0.015023 
1695.600000 0.014574 
1694.600000 0.015023 
1693.600000 0.015473 
1692.700000 0.015473 
1691.700000 0.015923 
1690.700000 0.016374 
1689.800000 0.016374 
1688.800000 0.016825 
1687.800000 0.016825 
1686.900000 0.017277 
1685.900000 0.017277 
1684.900000 0.018181 
1684.000000 0.017729 
1683.000000 0.017729 
1682.000000 0.017729 
1681.100000 0.017729 
1680.100000 0.017729 
1679.200000 0.017729 
1678.200000 0.017729 
1677.200000 0.017729 
1676.300000 0.017729 
1675.300000 0.018181 
1674.300000 0.017729 
1673.400000 0.017277 
1672.400000 0.017277 
1671.400000 0.017277 
1670.500000 0.016825 
1669.500000 0.017277 
1668.500000 0.016825 
1667.600000 0.016374 
1666.600000 0.016374 
1665.700000 0.015923 
1664.700000 0.015923 
1663.700000 0.015473 
1662.800000 0.015473 
1661.800000 0.015023 
1660.800000 0.014574 
1659.900000 0.014125 
1658.900000 0.014125 
1657.900000 0.014125 
1657.000000 0.013676 
1656.000000 0.013228 
1655.000000 0.013228 
1654.100000 0.013228 
1653.100000 0.013228 
1652.200000 0.012334 
1651.200000 0.011887 
1650.200000 0.011441 
1649.300000 0.011441 
1648.300000 0.011441 
1647.300000 0.010995 
1646.400000 0.010995 
1645.400000 0.010550 
1644.400000 0.010105 
1643.500000 0.009661 
1642.500000 0.009661 
1641.500000 0.009217 
1640.600000 0.009217 
1639.600000 0.008774 
1638.600000 0.008774 
1637.700000 0.008331 
1636.700000 0.008331 
1635.800000 0.008331 
1634.800000 0.007889 
1633.800000 0.007446 
1632.900000 0.007446 
1631.900000 0.007005 
1630.900000 0.007005 
1630.000000 0.006564 
1629.000000 0.006564 
1628.000000 0.006564 
1627.100000 0.006564 
1626.100000 0.006123 
1625.100000 0.006123 
1624.200000 0.006123 
1623.200000 0.005683 
1622.300000 0.005683 
1621.300000 0.005683 
1620.300000 0.005243 
1619.400000 0.005243 
1618.400000 0.005243 
1617.400000 0.005683 
1616.500000 0.005243 
1615.500000 0.004804 
1614.500000 0.004804 
1613.600000 0.004804 
1612.600000 0.004365 
1611.600000 0.004365 
1610.700000 0.004365 
1609.700000 0.003926 
1608.700000 0.003926 
1607.800000 0.003926 
1606.800000 0.003926 
1605.900000 0.003926 
1604.900000 0.003926 
1603.900000 0.003926 
1603.000000 0.003926 
1602.000000 0.003926 
1601.000000 0.003488 
1600.100000 0.003488 
1599.100000 0.003488 
1598.100000 0.003488 
1597.200000 0.003488 
1596.200000 0.003488 
1595.200000 0.003488 
1594.300000 0.003488 
1593.300000 0.003488 
1592.400000 0.003488 
1591.400000 0.003051 
1590.400000 0.003051 
1589.500000 0.003051 
1588.500000 0.003051 
1587.500000 0.003051 
1586.600000 0.003051 
1585.600000 0.003051 
1584.600000 0.003051 
1583.700000 0.003051 
1582.700000 0.003051 
1581.700000 0.003051 
1580.800000 0.002614 
1579.800000 0.002614 
1578.800000 0.002614 
1577.900000 0.002614 
1576.900000 0.003051 
1576.000000 0.002614 
1575.000000 0.002614 
1574.000000 0.002614 
1573.100000 0.002614 
1572.100000 0.002177 
1571.100000 0.002177 
1570.200000 0.002614 
1569.200000 0.002177 
1568.200000 0.002177 
1567.300000 0.002177 
1566.300000 0.002177 
1565.300000 0.002177 
1564.400000 0.002177 
1563.400000 0.002177 
1562.500000 0.001741 
1561.500000 0.002177 
1560.500000 0.002614 
1559.600000 0.002177 
1558.600000 0.002177 
1557.600000 0.002177 
1556.700000 0.001741 
1555.700000 0.001741 
1554.700000 0.001741 
1553.800000 0.001305 
1552.800000 0.001305 
1551.800000 0.001305 
1550.900000 0.001305 
1549.900000 0.001305 
1549.000000 0.001305 
1548.000000 0.001305 
1547.000000 0.001305 
1546.100000 0.001305 
1545.100000 0.001305 
1544.100000 0.000869 
1543.200000 0.000869 
1542.200000 0.001305 
1541.200000 0.000869 
1540.300000 0.001305 
1539.300000 0.001305 
1538.300000 0.000869 
1537.400000 0.000435 
1536.400000 0.000435 
1535.400000 0.000435 
1534.500000 0.000869 
1533.500000 0.000869 
1532.600000 0.000435 
1531.600000 0.000435 
1530.600000 0.000435 
1529.700000 0.000435 
1528.700000 0.000435 
1527.700000 0.000435 
1526.800000 0.000000 
1525.800000 0.000435 
1524.800000 0.000000 
1523.900000 0.000000 
1522.900000 0.000435 
1521.900000 0.000435 
1521.000000 0.000435 
1520.000000 0.000435 
1519.100000 0.000000 
1518.100000 0.000435 
1517.100000 0.000435 
1516.200000 0.000435 
1515.200000 0.000869 
1514.200000 0.000869 
1513.300000 0.001305 
1512.300000 0.001305 
1511.300000 0.001305 
1510.400000 0.001741 
1509.400000 0.002177 
1508.400000 0.002177 
1507.500000 0.003051 
1506.500000 0.003051 
1505.500000 0.003051 
1504.600000 0.003488 
1503.600000 0.003488 
1502.700000 0.003926 
1501.700000 0.004365 
1500.700000 0.004804 
1499.800000 0.005683 
1498.800000 0.006123 
1497.800000 0.006564 
1496.900000 0.007889 
1495.900000 0.008331 
1494.900000 0.008774 
1494.000000 0.009661 
1493.000000 0.010550 
1492.000000 0.011887 
1491.100000 0.013228 
1490.100000 0.014125 
1489.200000 0.015473 
1488.200000 0.016825 
1487.200000 0.018181 
1486.300000 0.019542 
1485.300000 0.020907 
1484.300000 0.022276 
1483.400000 0.023650 
1482.400000 0.025028 
1481.400000 0.025949 
1480.500000 0.026872 
1479.500000 0.027797 
1478.500000 0.028260 
1477.600000 0.028724 
1476.600000 0.028724 
1475.700000 0.028260 
1474.700000 0.027334 
1473.700000 0.026410 
1472.800000 0.025488 
1471.800000 0.024568 
1470.800000 0.023650 
1469.900000 0.024109 
1468.900000 0.024568 
1467.900000 0.025488 
1467.000000 0.025949 
1466.000000 0.026872 
1465.000000 0.028260 
1464.100000 0.028724 
1463.100000 0.029188 
1462.100000 0.029188 
1461.200000 0.029188 
1460.200000 0.029188 
1459.300000 0.028724 
1458.300000 0.028260 
1457.300000 0.028260 
1456.400000 0.027334 
1455.400000 0.027334 
1454.400000 0.027334 
1453.500000 0.027797 
1452.500000 0.028260 
1451.500000 0.028724 
1450.600000 0.029188 
1449.600000 0.029653 
1448.600000 0.029653 
1447.700000 0.029653 
1446.700000 0.029188 
1445.800000 0.028260 
1444.800000 0.027334 
1443.800000 0.026410 
1442.900000 0.025488 
1441.900000 0.024568 
1440.900000 0.023650 
1440.000000 0.023192 
1439.000000 0.023192 
1438.000000 0.023192 
1437.100000 0.023650 
1436.100000 0.023192 
1435.100000 0.023650 
1434.200000 0.024109 
1433.200000 0.024568 
1432.300000 0.024568 
1431.300000 0.025028 
1430.300000 0.025488 
1429.400000 0.025488 
1428.400000 0.025488 
1427.400000 0.025488 
1426.500000 0.025488 
1425.500000 0.025488 
1424.500000 0.025488 
1423.600000 0.025028 
1422.600000 0.025028 
1421.600000 0.024568 
1420.700000 0.024109 
1419.700000 0.024109 
1418.700000 0.023192 
1417.800000 0.022734 
1416.800000 0.022276 
1415.900000 0.021819 
1414.900000 0.020907 
1413.900000 0.020452 
1413.000000 0.019542 
1412.000000 0.019088 
1411.000000 0.018181 
1410.100000 0.017729 
1409.100000 0.016825 
1408.100000 0.015923 
1407.200000 0.015473 
1406.200000 0.014574 
1405.200000 0.014125 
1404.300000 0.013228 
1403.300000 0.012334 
1402.300000 0.011887 
1401.400000 0.011441 
1400.400000 0.010550 
1399.500000 0.010105 
1398.500000 0.009661 
1397.500000 0.008774 
1396.600000 0.008331 
1395.600000 0.007889 
1394.600000 0.007446 
1393.700000 0.007005 
1392.700000 0.006564 
1391.700000 0.006123 
1390.800000 0.005683 
1389.800000 0.005243 
1388.800000 0.004804 
1387.900000 0.004804 
1386.900000 0.004365 
1386.000000 0.003926 
1385.000000 0.003926 
1384.000000 0.003488 
1383.100000 0.003051 
1382.100000 0.003051 
1381.100000 0.002614 
1380.200000 0.002614 
1379.200000 0.002614 
1378.200000 0.002177 
1377.300000 0.002177 
1376.300000 0.002177 
1375.300000 0.001741 
1374.400000 0.001741 
1373.400000 0.001741 
1372.500000 0.001741 
1371.500000 0.001305 
1370.500000 0.001305 
1369.600000 0.001305 
1368.600000 0.001305 
1367.600000 0.001305 
1366.700000 0.000869 
1365.700000 0.000869 
1364.700000 0.000869 
1363.800000 0.000869 
1362.800000 0.000869 
1361.800000 0.000869 
1360.900000 0.000869 
1359.900000 0.000869 
1358.900000 0.000869 
1358.000000 0.000869 
1357.000000 0.000435 
1356.100000 0.000435 
1355.100000 0.000435 
1354.100000 0.000435 
1353.200000 0.000435 
1352.200000 0.000435 
1351.200000 0.000435 
1350.300000 0.000435 
1349.300000 0.000435 
1348.300000 0.000435 
1347.400000 0.000435 
1346.400000 0.000435 
1345.400000 0.000435 
1344.500000 0.000000 
1343.500000 0.000000 
1342.600000 0.000435 
1341.600000 0.000435 
1340.600000 0.000435 
1339.700000 0.000435 
1338.700000 0.000435 
1337.700000 0.000435 
1336.800000 0.000435 
1335.800000 0.000435 
1334.800000 0.000435 
1333.900000 0.000435 
1332.900000 0.000435 
1331.900000 0.000000 
1331.000000 0.000435 
1330.000000 0.000000 
1329.100000 0.000000 
1328.100000 0.000435 
1327.100000 0.000000 
1326.200000 0.000435 
1325.200000 0.000000 
1324.200000 0.000435 
1323.300000 0.000000 
1322.300000 0.000435 
1321.300000 0.000000 
1320.400000 0.000435 
1319.400000 0.000435 
1318.400000 0.000000 
1317.500000 0.000435 
1316.500000 0.000435 
1315.500000 0.000000 
1314.600000 0.000435 
1313.600000 0.000435 
1312.700000 0.000435 
1311.700000 0.000435 
1310.700000 0.000435 
1309.800000 0.000000 
1308.800000 0.000435 
1307.800000 0.000435 
1306.900000 0.000435 
1305.900000 0.000000 
1304.900000 0.000000 
1304.000000 0.000435 
1303.000000 0.000435 
1302.000000 0.000000 
1301.100000 0.000435 
1300.100000 0.000000 
1299.200000 0.000435 
1298.200000 0.000000 
1297.200000 0.000435 
1296.300000 0.000435 
1295.300000 0.000435 
1294.300000 0.000000 
1293.400000 0.000435 
1292.400000 0.000435 
1291.400000 0.000435 
1290.500000 0.000435 
1289.500000 0.000435 
1288.500000 0.000435 
1287.600000 0.000435 
1286.600000 0.000435 
1285.600000 0.000435 
1284.700000 0.000435 
1283.700000 0.000000 
1282.800000 0.000435 
1281.800000 0.000000 
1280.800000 0.000435 
1279.900000 0.000435 
1278.900000 0.000435 
1277.900000 0.000435 
1277.000000 0.000435 
1276.000000 0.000435 
1275.000000 0.000435 
1274.100000 0.000435 
1273.100000 0.000000 
1272.100000 0.000000 
1271.200000 0.000000 
1270.200000 0.000435 
1269.300000 0.000000 
1268.300000 0.000000 
1267.300000 0.000435 
1266.400000 0.000000 
1265.400000 0.000000 
1264.400000 0.000000 
1263.500000 0.000000 
1262.500000 0.000000 
1261.500000 0.000435 
1260.600000 0.000435 
1259.600000 0.000435 
1258.600000 0.000435 
1257.700000 0.000435 
1256.700000 0.000435 
1255.800000 0.000435 
1254.800000 0.000435 
1253.800000 0.000435 
1252.900000 0.000435 
1251.900000 0.000435 
1250.900000 0.000435 
1250.000000 0.000435 
1249.000000 0.000435 
1248.000000 0.000435 
1247.100000 0.000435 
1246.100000 0.000435 
1245.100000 0.000435 
1244.200000 0.000435 
1243.200000 0.000435 
1242.200000 0.000435 
1241.300000 0.000435 
1240.300000 0.000435 
1239.400000 0.000435 
1238.400000 0.000435 
1237.400000 0.000435 
1236.500000 0.000435 
1235.500000 0.000435 
1234.500000 0.000435 
1233.600000 0.000435 
1232.600000 0.000435 
1231.600000 0.000435 
1230.700000 0.000435 
1229.700000 0.000435 
1228.700000 0.000435 
1227.800000 0.000435 
1226.800000 0.000435 
1225.900000 0.000435 
1224.900000 0.000000 
1223.900000 0.000435 
1223.000000 0.000435 
1222.000000 0.000435 
1221.000000 0.000435 
1220.100000 0.000435 
1219.100000 0.000435 
1218.100000 0.000435 
1217.200000 0.000435 
1216.200000 0.000435 
1215.200000 0.000435 
1214.300000 0.000435 
1213.300000 0.000435 
1212.300000 0.000435 
1211.400000 0.000435 
1210.400000 0.000435 
1209.500000 0.000435 
1208.500000 0.000435 
1207.500000 0.000435 
1206.600000 0.000435 
1205.600000 0.000435 
1204.600000 0.000435 
1203.700000 0.000000 
1202.700000 0.000435 
1201.700000 0.000435 
1200.800000 0.000435 
1199.800000 0.000435 
1198.800000 0.000435 
1197.900000 0.000435 
1196.900000 0.000435 
1196.000000 0.000000 
1195.000000 0.000435 
1194.000000 0.000000 
1193.100000 0.000000 
1192.100000 0.000435 
1191.100000 0.000435 
1190.200000 0.000435 
1189.200000 0.000435 
1188.200000 0.000435 
1187.300000 0.000435 
1186.300000 0.000435 
1185.300000 0.000000 
1184.400000 0.000435 
1183.400000 0.000435 
1182.400000 0.000435 
1181.500000 0.000435 
1180.500000 0.000000 
1179.600000 0.000435 
1178.600000 0.000000 
1177.600000 0.000435 
1176.700000 0.000435 
1175.700000 0.000435 
1174.700000 0.000435 
1173.800000 0.000869 
1172.800000 0.000435 
1171.800000 0.000869 
1170.900000 0.000869 
1169.900000 0.000869 
1168.900000 0.000869 
1168.000000 0.001305 
1167.000000 0.001305 
1166.100000 0.001741 
1165.100000 0.001741 
1164.100000 0.002177 
1163.200000 0.002177 
1162.200000 0.002177 
1161.200000 0.002614 
1160.300000 0.002614 
1159.300000 0.002177 
1158.300000 0.002614 
1157.400000 0.002177 
1156.400000 0.002177 
1155.400000 0.001741 
1154.500000 0.001741 
1153.500000 0.001741 
1152.600000 0.001741 
1151.600000 0.001741 
1150.600000 0.001741 
1149.700000 0.001741 
1148.700000 0.002177 
1147.700000 0.002614 
1146.800000 0.003051 
1145.800000 0.003488 
1144.800000 0.004365 
1143.900000 0.004804 
1142.900000 0.006123 
1141.900000 0.007005 
1141.000000 0.007889 
1140.000000 0.009217 
1139.000000 0.010550 
1138.100000 0.011887 
1137.100000 0.013228 
1136.200000 0.014574 
1135.200000 0.015923 
1134.200000 0.017277 
1133.300000 0.018634 
1132.300000 0.019542 
1131.300000 0.020907 
1130.400000 0.021819 
1129.400000 0.022734 
1128.400000 0.023192 
1127.500000 0.023650 
1126.500000 0.024568 
1125.500000 0.024568 
1124.600000 0.024568 
1123.600000 0.024568 
1122.700000 0.024568 
1121.700000 0.024109 
1120.700000 0.023192 
1119.800000 0.022734 
1118.800000 0.021819 
1117.800000 0.020907 
1116.900000 0.019542 
1115.900000 0.018634 
1114.900000 0.017277 
1114.000000 0.015923 
1113.000000 0.014574 
1112.000000 0.012781 
1111.100000 0.011441 
1110.100000 0.010105 
1109.100000 0.008774 
1108.200000 0.007446 
1107.200000 0.006564 
1106.300000 0.005243 
1105.300000 0.004365 
1104.300000 0.003926 
1103.400000 0.003051 
1102.400000 0.002614 
1101.400000 0.002177 
1100.500000 0.001741 
1099.500000 0.001741 
1098.500000 0.001305 
1097.600000 0.000869 
1096.600000 0.000869 
1095.600000 0.000869 
1094.700000 0.000869 
1093.700000 0.000869 
1092.800000 0.000869 
1091.800000 0.000435 
1090.800000 0.000435 
1089.900000 0.000435 
1088.900000 0.000435 
1087.900000 0.000435 
1087.000000 0.000435 
1086.000000 0.000435 
1085.000000 0.000435 
1084.100000 0.000000 
1083.100000 0.000435 
1082.100000 0.000435 
1081.200000 0.000435 
1080.200000 0.000435 
1079.300000 0.000435 
1078.300000 0.000435 
1077.300000 0.000435 
1076.400000 0.000435 
1075.400000 0.000435 
1074.400000 0.000435 
1073.500000 0.000435 
1072.500000 0.000869 
1071.500000 0.000869 
1070.600000 0.000869 
1069.600000 0.000869 
1068.600000 0.000869 
1067.700000 0.000869 
1066.700000 0.001305 
1065.700000 0.001305 
1064.800000 0.001305 
1063.800000 0.001741 
1062.900000 0.001741 
1061.900000 0.002177 
1060.900000 0.002177 
1060.000000 0.002614 
1059.000000 0.003051 
1058.000000 0.003488 
1057.100000 0.003926 
1056.100000 0.004804 
1055.100000 0.005683 
1054.200000 0.006564 
1053.200000 0.008331 
1052.200000 0.010105 
1051.300000 0.012781 
1050.300000 0.015473 
1049.400000 0.019542 
1048.400000 0.024109 
1047.400000 0.029188 
1046.500000 0.035740 
1045.500000 0.042393 
1044.500000 0.049635 
1043.600000 0.057496 
1042.600000 0.065502 
1041.600000 0.073658 
1040.700000 0.081970 
1039.700000 0.089909 
1038.700000 0.097453 
1037.800000 0.105130 
1036.800000 0.111821 
1035.800000 0.118615 
1034.900000 0.124360 
1033.900000 0.130182 
1033.000000 0.134896 
1032.000000 0.139662 
1031.000000 0.143271 
1030.100000 0.146302 
1029.100000 0.148130 
1028.100000 0.149354 
1027.200000 0.149967 
1026.200000 0.149354 
1025.200000 0.148130 
1024.300000 0.146302 
1023.300000 0.143876 
1022.300000 0.140862 
1021.400000 0.137869 
1020.400000 0.134896 
1019.500000 0.131944 
1018.500000 0.129011 
1017.500000 0.126679 
1016.600000 0.124939 
1015.600000 0.122629 
1014.600000 0.120904 
1013.700000 0.118615 
1012.700000 0.115771 
1011.700000 0.112383 
1010.800000 0.107905 
1009.800000 0.102923 
1008.800000 0.097453 
1007.900000 0.090979 
1006.900000 0.083546 
1006.000000 0.075721 
1005.000000 0.068034 
1004.000000 0.059982 
1003.100000 0.052076 
1002.100000 0.044793 
1001.100000 0.037631 
1000.200000 0.031517 
999.200000 0.025949 
998.230000 0.021363 
997.270000 0.017277 
996.310000 0.014574 
995.340000 0.011887 
994.380000 0.010105 
993.410000 0.008331 
992.450000 0.007005 
991.480000 0.006123 
990.520000 0.005683 
989.550000 0.005243 
988.590000 0.004804 
987.630000 0.004365 
986.660000 0.004365 
985.700000 0.004365 
984.730000 0.003926 
983.770000 0.003926 
982.800000 0.003926 
981.840000 0.003926 
980.870000 0.003926 
979.910000 0.003926 
978.940000 0.003926 
977.980000 0.004365 
977.020000 0.004365 
976.050000 0.004365 
975.090000 0.004804 
974.120000 0.004804 
973.160000 0.004804 
972.190000 0.005243 
971.230000 0.005243 
970.260000 0.005683 
969.300000 0.005683 
968.340000 0.006123 
967.370000 0.006564 
966.410000 0.006564 
965.440000 0.007005 
964.480000 0.007005 
963.510000 0.007446 
962.550000 0.007446 
961.580000 0.007889 
960.620000 0.008331 
959.660000 0.008331 
958.690000 0.008774 
957.730000 0.009217 
956.760000 0.009661 
955.800000 0.009661 
954.830000 0.010105 
953.870000 0.010105 
952.900000 0.010995 
951.940000 0.010995 
950.970000 0.011441 
950.010000 0.011887 
949.050000 0.011887 
948.080000 0.012781 
947.120000 0.012781 
946.150000 0.013228 
945.190000 0.013676 
944.220000 0.013676 
943.260000 0.014125 
942.290000 0.014574 
941.330000 0.015023 
940.370000 0.015473 
939.400000 0.015923 
938.440000 0.016374 
937.470000 0.016825 
936.510000 0.016825 
935.540000 0.017277 
934.580000 0.017729 
933.610000 0.018181 
932.650000 0.018634 
931.680000 0.019088 
930.720000 0.019542 
929.760000 0.019997 
928.790000 0.020452 
927.830000 0.020452 
926.860000 0.020907 
925.900000 0.021363 
924.930000 0.021819 
923.970000 0.022276 
923.010000 0.022734 
922.040000 0.023192 
921.080000 0.023650 
920.110000 0.024109 
919.150000 0.024568 
918.180000 0.025028 
917.220000 0.025488 
916.250000 0.025488 
915.290000 0.025949 
914.330000 0.026410 
913.360000 0.026872 
912.400000 0.027334 
911.430000 0.027797 
910.470000 0.028260 
909.500000 0.028724 
908.540000 0.029188 
907.570000 0.029653 
906.610000 0.030118 
905.640000 0.030584 
904.680000 0.031050 
903.720000 0.031517 
902.750000 0.031517 
901.790000 0.031984 
900.820000 0.032452 
899.860000 0.032920 
898.890000 0.033389 
897.930000 0.033858 
896.960000 0.034328 
896.000000 0.034798 
895.030000 0.035269 
894.070000 0.035740 
893.110000 0.035740 
892.140000 0.036212 
891.180000 0.036684 
890.210000 0.037157 
889.250000 0.037631 
888.280000 0.038105 
887.320000 0.038105 
886.350000 0.038579 
885.390000 0.039054 
884.430000 0.039529 
883.460000 0.040005 
882.500000 0.040482 
881.530000 0.040482 
880.570000 0.040959 
879.600000 0.041436 
878.640000 0.041914 
877.670000 0.042393 
876.710000 0.042872 
875.750000 0.043351 
874.780000 0.043351 
873.820000 0.043832 
872.850000 0.044312 
871.890000 0.044793 
870.920000 0.045275 
869.960000 0.045275 
868.990000 0.045757 
868.030000 0.046240 
867.070000 0.046240 
866.100000 0.046724 
865.140000 0.047208 
864.170000 0.047208 
863.210000 0.048177 
862.240000 0.048177 
861.280000 0.048662 
860.310000 0.048662 
859.350000 0.049149 
858.380000 0.049635 
857.420000 0.049635 
856.460000 0.050122 
855.490000 0.050610 
854.530000 0.050610 
853.560000 0.051098 
852.600000 0.051587 
851.630000 0.051587 
850.670000 0.052076 
849.700000 0.052076 
848.740000 0.052566 
847.780000 0.053057 
846.810000 0.053057 
845.850000 0.053548 
844.880000 0.053548 
843.920000 0.054039 
842.950000 0.054039 
841.990000 0.054531 
841.020000 0.054531 
840.060000 0.055024 
839.100000 0.055517 
838.130000 0.055517 
837.170000 0.055517 
836.200000 0.056011 
835.240000 0.056011 
834.270000 0.056505 
833.310000 0.056505 
832.340000 0.057000 
831.380000 0.057000 
830.420000 0.057000 
829.450000 0.057496 
828.490000 0.057496 
827.520000 0.057992 
826.560000 0.057992 
825.590000 0.057992 
824.630000 0.058489 
823.660000 0.058489 
822.700000 0.058986 
821.730000 0.058986 
820.770000 0.058986 
819.810000 0.058986 
818.840000 0.059484 
817.880000 0.059484 
816.910000 0.059484 
815.950000 0.059982 
814.980000 0.059982 
814.020000 0.060481 
813.050000 0.059982 
812.090000 0.060481 
811.130000 0.060481 
810.160000 0.060980 
809.200000 0.060980 
808.230000 0.060980 
807.270000 0.060980 
806.300000 0.060980 
805.340000 0.061480 
804.370000 0.061480 
803.410000 0.061480 
802.450000 0.061480 
801.480000 0.061981 
800.520000 0.061981 
799.550000 0.061981 
798.590000 0.061981 
797.620000 0.061981 
796.660000 0.061981 
795.690000 0.061981 
794.730000 0.061981 
793.770000 0.061981 
792.800000 0.061981 
791.840000 0.062482 
790.870000 0.062482 
789.910000 0.062482 
788.940000 0.062482 
787.980000 0.062482 
787.010000 0.062482 
786.050000 0.062482 
785.090000 0.062482 
784.120000 0.062482 
783.160000 0.062482 
782.190000 0.062482 
781.230000 0.062482 
780.260000 0.062482 
779.300000 0.062482 
778.330000 0.062482 
777.370000 0.062482 
776.400000 0.062482 
775.440000 0.062482 
774.480000 0.062482 
773.510000 0.062482 
772.550000 0.062482 
771.580000 0.062482 
770.620000 0.062482 
769.650000 0.062482 
768.690000 0.061981 
767.720000 0.061981 
766.760000 0.061981 
765.790000 0.061981 
764.830000 0.061981 
763.870000 0.061981 
762.900000 0.061981 
761.940000 0.061981 
760.970000 0.061480 
760.010000 0.061480 
759.040000 0.061480 
758.080000 0.061480 
757.110000 0.061480 
756.150000 0.060980 
755.190000 0.060980 
754.220000 0.060980 
753.260000 0.060980 
752.290000 0.060481 
751.330000 0.060481 
750.360000 0.060481 
749.400000 0.060481 
748.430000 0.059982 
747.470000 0.059982 
746.510000 0.059484 
745.540000 0.059484 
744.580000 0.059484 
743.610000 0.059484 
742.650000 0.058986 
741.680000 0.058986 
740.720000 0.058986 
739.750000 0.058489 
738.790000 0.058489 
737.830000 0.058489 
736.860000 0.057992 
735.900000 0.057992 
734.930000 0.057992 
733.970000 0.057496 
733.000000 0.057000 
732.040000 0.057000 
731.070000 0.056505 
730.110000 0.056505 
729.150000 0.056505 
728.180000 0.056011 
727.220000 0.056011 
726.250000 0.055517 
725.290000 0.055517 
724.320000 0.055024 
723.360000 0.055024 
722.390000 0.054531 
721.430000 0.054531 
720.460000 0.054531 
719.500000 0.054039 
718.540000 0.053548 
717.570000 0.053548 
716.610000 0.053057 
715.640000 0.053057 
714.680000 0.052566 
713.710000 0.052076 
712.750000 0.052076 
711.780000 0.052076 
710.820000 0.051587 
709.850000 0.051098 
708.890000 0.051098 
707.930000 0.051098 
706.960000 0.050610 
706.000000 0.050122 
705.030000 0.050122 
704.070000 0.049635 
703.100000 0.049149 
702.140000 0.049149 
701.180000 0.048662 
700.210000 0.048662 
699.250000 0.048177 
698.280000 0.047692 
697.320000 0.047692 
696.350000 0.047208 
695.390000 0.047208 
694.420000 0.046724 
693.460000 0.046240 
692.490000 0.046240 
691.530000 0.045757 
690.570000 0.045275 
689.600000 0.045275 
688.640000 0.044793 
687.670000 0.044312 
686.710000 0.044312 
685.740000 0.043832 
684.780000 0.043832 
683.810000 0.043351 
682.850000 0.043351 
681.890000 0.042872 
680.920000 0.042393 
679.960000 0.041914 
678.990000 0.041914 
678.030000 0.041436 
677.060000 0.041436 
676.100000 0.040959 
675.130000 0.040482 
674.170000 0.040005 
673.210000 0.040005 
672.240000 0.039529 
671.280000 0.039054 
670.310000 0.039054 
669.350000 0.039054 
668.380000 0.039054 
667.420000 0.038579 
666.450000 0.037631 
665.490000 0.037157 
664.530000 0.037157 
663.560000 0.036684 
662.600000 0.036684 
661.630000 0.036212 
660.670000 0.035740 
659.700000 0.035740 
658.740000 0.035269 
657.770000 0.034798 
656.810000 0.034798 
655.840000 0.034798 
654.880000 0.033858 
653.920000 0.033858 
652.950000 0.033389 
651.990000 0.033389 
651.020000 0.032920 
650.060000 0.032452 
649.090000 0.032452 
648.130000 0.031984 
647.160000 0.031517 
646.200000 0.031517 
645.240000 0.031050 
644.270000 0.031050 
643.310000 0.030584 
642.340000 0.030118 
641.380000 0.030118 
640.410000 0.029653 
639.450000 0.029653 
638.480000 0.029188 
637.520000 0.029188 
636.550000 0.028724 
635.590000 0.028724 
634.630000 0.028260 
633.660000 0.027797 
632.700000 0.027334 
631.730000 0.027334 
630.770000 0.027334 
629.800000 0.026410 
628.840000 0.026410 
627.870000 0.025949 
626.910000 0.025949 
625.950000 0.025949 
624.980000 0.025488 
624.020000 0.025028 
623.050000 0.025028 
622.090000 0.025028 
621.120000 0.024568 
620.160000 0.024568 
619.190000 0.024109 
618.230000 0.024109 
617.270000 0.023650 
616.300000 0.023650 
615.340000 0.023650 
614.370000 0.023192 
613.410000 0.023192 
612.440000 0.022734 
611.480000 0.022276 
610.510000 0.022276 
609.550000 0.022276 
608.590000 0.022276 
607.620000 0.021363 
606.660000 0.021363 
605.690000 0.021363 
604.730000 0.020907 
603.760000 0.021363 
602.800000 0.020907 
601.830000 0.020907 
600.870000 0.020452 
599.910000 0.020907 
598.940000 0.020452 
597.980000 0.019997 
597.010000 0.019997 
596.050000 0.019997 
595.080000 0.019997 
594.120000 0.019542 
593.150000 0.019542 
592.190000 0.019542 
591.220000 0.019088 
590.260000 0.018634 
589.300000 0.018634 
588.330000 0.018634 
587.370000 0.018634 
586.400000 0.018181 
585.440000 0.018181 
584.470000 0.018181 
583.510000 0.018181 
582.540000 0.017729 
581.580000 0.017729 
580.620000 0.017277 
579.650000 0.017277 
578.690000 0.017277 
577.720000 0.017277 
576.760000 0.017277 
575.790000 0.016825 
574.830000 0.016374 
573.860000 0.016374 
572.900000 0.016374 
571.940000 0.016374 
570.970000 0.016374 
570.010000 0.015923 
569.040000 0.015923 
568.080000 0.015473 
567.110000 0.016374 
566.150000 0.015473 
565.180000 0.015023 
564.220000 0.015023 
563.260000 0.015023 
562.290000 0.015023 
561.330000 0.015023 
560.360000 0.014574 
559.400000 0.014574 
558.430000 0.014125 
557.470000 0.014574 
556.500000 0.014125 
555.540000 0.013676 
554.570000 0.014125 
553.610000 0.013676 
552.650000 0.014125 
551.680000 0.013228 
550.720000 0.013228 
549.750000 0.012781 
548.790000 0.013228 
547.820000 0.012781 
546.860000 0.012781 
545.890000 0.012781 
544.930000 0.012781 
543.970000 0.012334 
543.000000 0.012334 
542.040000 0.012334 
541.070000 0.012334 
540.110000 0.011887 
539.140000 0.011441 
538.180000 0.011441 
537.210000 0.011887 
536.250000 0.010995 
535.290000 0.010995 
534.320000 0.010995 
533.360000 0.010105 
532.390000 0.010550 
531.430000 0.010105 
530.460000 0.009661 
529.500000 0.010105 
528.530000 0.010105 
527.570000 0.009661 
526.600000 0.009661 
525.640000 0.009661 
524.680000 0.008774 
523.710000 0.009217 
522.750000 0.008774 
521.780000 0.008774 
520.820000 0.008774 
519.850000 0.007446 
518.890000 0.007446 
517.920000 0.007446 
516.960000 0.007889 
516.000000 0.007889 
515.030000 0.007005 
514.070000 0.006564 
513.100000 0.007446 
512.140000 0.007005 
511.170000 0.007005 
510.210000 0.006123 
509.240000 0.006564 
508.280000 0.006123 
507.310000 0.006564 
506.350000 0.006123 
505.390000 0.005683 
504.420000 0.006123 
503.460000 0.005243 
502.490000 0.005243 
501.530000 0.004365 
501.050000 0.004804 
500.080000 0.004804 
