10000	7.65209E-4
5000	7.65209E-4
2600.11009	7.65209E-4
2598.90997	7.05882E-4
2597.70015	6.12092E-4
2596.50023	6.30556E-4
2595.28996	6.64187E-4
2594.09025	6.44053E-4
2592.88021	6.48227E-4
2591.68003	7.08913E-4
2590.47023	6.67002E-4
2589.27027	6.34744E-4
2588.06004	5.8535E-4
2586.8603	7.42941E-4
2585.65031	5.99953E-4
2584.45014	6.37387E-4
2583.23973	6.06245E-4
2582.0298	6.61495E-4
2580.83032	6.53476E-4
2579.61997	7.66473E-4
2578.42007	6.81187E-4
2577.20999	7.51762E-4
2576.00967	7.6034E-4
2574.79987	7.1317E-4
2573.59981	6.45206E-4
2572.39028	6.83595E-4
2571.18982	6.35031E-4
2569.97991	6.37767E-4
2568.77972	7.19066E-4
2567.5701	7.75809E-4
2566.37018	6.27558E-4
2565.1602	6.30886E-4
2563.9599	6.64862E-4
2562.75022	6.58012E-4
2561.53971	5.53967E-4
2560.34018	6.16631E-4
2559.12998	6.22674E-4
2557.93008	7.06264E-4
2556.7202	5.94277E-4
2555.51995	6.71898E-4
2554.30973	6.44385E-4
2553.10979	6.6333E-4
2551.8999	6.20091E-4
2550.70027	6.47716E-4
2549.49006	7.14766E-4
2548.2901	5.45662E-4
2547.08023	5.7131E-4
2545.87994	5.66942E-4
2544.66977	5.99288E-4
2543.4601	6.52397E-4
2542.25999	6.61245E-4
2541.05003	7.98334E-4
2539.85025	7.45977E-4
2538.64	6.41244E-4
2537.43993	6.47769E-4
2536.23005	5.18996E-4
2535.03032	6.45676E-4
2533.82016	7.34319E-4
2532.62015	7.30005E-4
2531.40973	5.80658E-4
2530.21008	5.75691E-4
2529.00004	5.87095E-4
2527.80011	6.4436E-4
2526.58983	6.02687E-4
2525.38007	6.01706E-4
2524.17975	7.24941E-4
2522.96975	6.97762E-4
2521.76981	5.99137E-4
2520.56021	6.19725E-4
2519.36002	6.13226E-4
2518.1502	6.36475E-4
2516.94977	6.71767E-4
2515.73973	6.26508E-4
2514.5397	6.61837E-4
2513.33007	5.93854E-4
2512.12982	5.57426E-4
2510.91999	5.62919E-4
2509.72015	5.48024E-4
2508.51012	6.4801E-4
2507.3	6.04207E-4
2506.09985	6.69113E-4
2504.89017	6.94805E-4
2503.68981	7.18034E-4
2502.47996	6.66161E-4
2501.28003	6.07531E-4
2500.07	6.5903E-4
2498.86989	5.78011E-4
2497.65969	6.12253E-4
2496.46002	6.1553E-4
2495.25029	6.37595E-4
2494.04982	5.81671E-4
2492.83994	6.53487E-4
2491.63993	6.19506E-4
2490.4299	6.34703E-4
2489.22973	6.49826E-4
2488.02018	6.49067E-4
2486.80996	6.16707E-4
2485.61018	5.81376E-4
2484.39983	6.56935E-4
2483.19991	5.68488E-4
2481.99006	6.18162E-4
2480.79	5.66108E-4
2479.58004	5.92967E-4
2478.37985	5.42545E-4
2477.16978	6.20303E-4
2475.97009	5.2649E-4
2474.75992	6.37152E-4
2473.56012	6.27642E-4
2472.34986	5.93044E-4
2471.14994	5.56582E-4
2469.94021	6.02568E-4
2468.72983	6.28226E-4
2467.52978	5.85798E-4
2466.31993	6.34355E-4
2465.11979	6.37042E-4
2463.90988	5.92481E-4
2462.71026	6.86976E-4
2461.50029	6.13939E-4
2460.29998	6.16865E-4
2459.08996	6.38541E-4
2457.8902	7.3466E-4
2456.68013	5.79567E-4
2455.4803	6.01495E-4
2454.2702	5.80253E-4
2453.06971	6.3935E-4
2451.86018	4.87456E-4
2450.66024	5.7023E-4
2449.45009	6.2715E-4
2448.23992	6.44985E-4
2447.03994	5.18557E-4
2445.82976	7.01358E-4
2444.62975	6.02386E-4
2443.42016	6.39545E-4
2442.22012	5.81171E-4
2441.00994	6.10407E-4
2439.80989	6.21879E-4
2438.59972	6.9818E-4
2437.40025	5.06774E-4
2436.19009	5.30824E-4
2434.99003	5.22434E-4
2433.77989	6.27699E-4
2432.57983	5.24946E-4
2431.36973	5.35549E-4
2430.16023	5.60043E-4
2428.9602	5.39777E-4
2427.75016	4.77964E-4
2426.55015	5.81791E-4
2425.34015	4.71003E-4
2424.14017	5.72442E-4
2422.93022	6.06792E-4
2421.73028	6.03574E-4
2420.51981	4.98818E-4
2419.31991	6.17309E-4
2418.1101	5.64003E-4
2416.91025	6.32679E-4
2415.69992	5.92198E-4
2414.50014	4.96376E-4
2413.28989	5.19854E-4
2412.08028	5.66986E-4
2410.88001	5.92577E-4
2409.66991	6.6364E-4
2408.46972	4.90489E-4
2407.25972	5.86636E-4
2406.06019	6.15395E-4
2404.84972	6.53552E-4
2403.65028	5.9021E-4
2402.43992	5.58953E-4
2401.24	5.80494E-4
2400.02976	5.72648E-4
2398.82995	5.43363E-4
2397.61983	5.842E-4
2396.42013	6.32132E-4
2395.21015	6.40916E-4
2394.01	6.07781E-4
2392.80016	5.20802E-4
2391.58983	6.2585E-4
2390.38987	6.02297E-4
2389.18026	4.96183E-4
2387.97986	6.02702E-4
2386.76985	5.237E-4
2385.57016	4.95197E-4
2384.35974	4.8338E-4
2383.16021	5.6563E-4
2381.94996	5.90642E-4
2380.75002	7.14175E-4
2379.53995	6.15386E-4
2378.34017	5.7986E-4
2377.12973	6.43136E-4
2375.93012	6.37905E-4
2374.71987	5.23636E-4
2373.50973	5.13204E-4
2372.30983	4.87614E-4
2371.0999	6.51866E-4
2369.90018	6.19185E-4
2368.6899	6.16525E-4
2367.48982	5.7757E-4
2366.27976	5.62394E-4
2365.07988	5.03714E-4
2363.87004	6.92457E-4
2362.66982	6.29367E-4
2361.46021	7.06675E-4
2360.2602	6.75091E-4
2359.04973	6.57642E-4
2357.84994	6.23684E-4
2356.64027	6.42114E-4
2355.43017	5.09027E-4
2354.23019	5.41002E-4
2353.0198	6.72568E-4
2351.82005	5.73509E-4
2350.60992	5.86474E-4
2349.40988	5.83742E-4
2348.20002	5.91199E-4
2347.00023	0.00106
2345.7901	0.0012
2344.59002	6.63747E-4
2343.38019	7.37594E-4
2342.17982	8.08718E-4
2340.96973	7.35803E-4
2339.7702	6.21889E-4
2338.55986	6.20168E-4
2337.35023	5.99225E-4
2336.15003	6.03874E-4
2334.94016	5.96166E-4
2333.74026	6.67451E-4
2332.53017	6.19747E-4
2331.33002	6.8946E-4
2330.12025	6.76426E-4
2328.91987	7.06555E-4
2327.7099	6.38589E-4
2326.50984	8.05712E-4
2325.3002	6.71067E-4
2324.09992	6.64199E-4
2322.89008	5.51964E-4
2321.69013	5.98178E-4
2320.48012	5.78469E-4
2319.27997	7.08319E-4
2318.06977	7.84101E-4
2316.85977	7.05822E-4
2315.66014	5.66411E-4
2314.44997	6.42068E-4
2313.25016	6.66936E-4
2312.03983	6.93553E-4
2310.83985	6.08506E-4
2309.62991	6.32168E-4
2308.42976	5.53519E-4
2307.22021	6.88477E-4
2306.01991	6.54623E-4
2304.81023	7.7619E-4
2303.60978	7.05335E-4
2302.39998	7.68254E-4
2301.19991	6.69728E-4
2299.99	7.53271E-4
2298.77976	7.35465E-4
2297.57978	7.54284E-4
2296.36997	7.03186E-4
2295.16986	7.42614E-4
2293.95996	6.37275E-4
2292.75974	8.33243E-4
2291.54975	7.91378E-4
2290.34995	8.05213E-4
2289.13989	7.72448E-4
2287.93999	9.14311E-4
2286.72986	7.93226E-4
2285.52988	8.08799E-4
2284.3202	7.89876E-4
2283.12014	8.39728E-4
2281.90989	6.95646E-4
2280.70976	8.50086E-4
2279.49998	8.72021E-4
2278.28992	9.95604E-4
2277.08997	8.50023E-4
2275.87988	0.00107
2274.67988	9.543E-4
2273.46977	0.00107
2272.27024	9.08775E-4
2271.06011	0.00105
2269.86003	0.00102
2268.64989	0.00112
2267.44978	8.94368E-4
2266.24016	9.91554E-4
2265.04004	0.00103
2263.82991	0.00115
2262.62977	0.00106
2261.42017	0.00115
2260.20982	0.00116
2259.00995	0.00122
2257.80014	0.00115
2256.59976	0.00123
2255.38999	0.00123
2254.19014	0.00135
2252.9799	0.00136
2251.78009	0.00141
2250.5699	0.00132
2249.37012	0.00138
2248.15999	0.00124
2246.95975	0.00133
2245.7502	0.0015
2244.55001	0.00157
2243.34003	0.00153
2242.12984	0.00173
2240.93	0.00165
2239.71991	0.00176
2238.52014	0.0019
2237.31014	0.00209
2236.10996	0.00225
2234.90007	0.00257
2233.69997	0.00277
2232.49019	0.00323
2231.29019	0.0038
2230.08003	0.00457
2228.88013	0.00534
2227.67011	0.00636
2226.46983	0.00746
2225.25995	0.00834
2224.0499	0.00911
2192.05564	0.03653
2191.96002	0.03637
2191.86489	0.03622
2191.76929	0.03607
2191.6737	0.03592
2191.5786	0.03577
2191.48302	0.03564
2191.38793	0.03556
2191.29237	0.03548
2191.19682	0.03539
2191.10176	0.03531
2191.00623	0.03523
2190.9107	0.03514
2190.81566	0.03506
2190.72015	0.03498
2190.62465	0.03489
2190.52916	0.03481
2190.43416	0.03473
2190.33868	0.03465
2190.24321	0.03457
2190.14823	0.03448
2190.05278	0.0344
2189.95734	0.03432
2189.8619	0.03424
2189.76648	0.03415
2189.67154	0.03407
2189.57613	0.03399
2189.48073	0.03391
2189.38533	0.03383
2189.28995	0.03374
2189.19505	0.03366
2189.09968	0.03358
2189.00432	0.03349
2188.90897	0.03339
2188.81363	0.03329
2188.7183	0.0332
2188.62297	0.0331
2188.52813	0.033
2188.43282	0.03291
2188.33752	0.03281
2188.24222	0.03272
2188.14694	0.03262
2188.05166	0.03253
2187.95639	0.03244
2187.86113	0.03232
2187.76588	0.03219
2187.67064	0.03205
2187.5754	0.03192
2187.48018	0.03179
2187.38496	0.03165
2187.28975	0.03152
2187.19454	0.03139
2187.09935	0.03126
2187.00417	0.03113
2186.90899	0.031
2186.81382	0.03087
2186.71866	0.03074
2186.62351	0.03067
2186.52836	0.03062
2186.43323	0.03058
2186.3381	0.03054
2186.24298	0.03049
2186.14787	0.03045
2186.05229	0.03041
2185.95719	0.03037
2185.86211	0.03032
2185.76703	0.03028
2185.67196	0.03024
2185.5769	0.03019
2185.48184	0.03015
2185.38632	0.0301
2185.29129	0.03004
2185.19626	0.02998
2185.10124	0.02992
2185.00623	0.02987
2184.91074	0.02981
2184.81575	0.02976
2184.72076	0.0297
2184.62578	0.02964
2184.53034	0.02959
2184.43537	0.02953
2184.34042	0.02947
2184.24547	0.02941
2184.15006	0.02932
2184.05513	0.02924
2183.96021	0.02915
2183.86482	0.02907
2183.76992	0.02899
2183.67502	0.0289
2183.57966	0.02882
2183.48478	0.02874
2183.3899	0.02865
2183.29457	0.02857
2183.19971	0.02849
2183.10486	0.02841
2183.00955	0.02831
2182.91472	0.0282
2182.81942	0.02809
2182.72461	0.02799
2182.62933	0.02788
2182.53453	0.02777
2182.43974	0.02767
2182.34448	0.02756
2182.24971	0.02746
2182.15447	0.02735
2182.05972	0.02725
2181.96449	0.02714
2181.86975	0.02704
2181.77455	0.02692
2181.67982	0.02681
2181.58463	0.02669
2181.48993	0.02658
2181.39475	0.02646
2181.30006	0.02635
2181.20491	0.02623
2181.10976	0.02612
2181.01509	0.02601
2180.91996	0.0259
2180.82531	0.02578
2180.7302	0.02567
2180.63509	0.02556
2180.54046	0.02544
2180.44537	0.02531
2180.35077	0.02519
2180.25569	0.02507
2180.16063	0.02495
2180.06604	0.02483
2179.97099	0.02471
2179.87595	0.02459
2179.78139	0.02447
2179.68637	0.02435
2179.59135	0.02424
2179.49634	0.02412
2179.40182	0.024
2179.30683	0.02387
2179.21184	0.02375
2179.11734	0.02362
2179.02238	0.0235
2178.92742	0.02337
2178.83247	0.02325
2178.73753	0.02313
2178.64307	0.02301
2178.54814	0.02288
2178.45322	0.02276
2178.35832	0.02264
2178.26341	0.02253
2178.169	0.02236
2178.07411	0.02218
2177.97924	0.022
2177.88437	0.02183
2177.78951	0.02165
2177.69466	0.02148
2177.59981	0.02131
2177.50498	0.02114
2177.41063	0.02098
2177.31581	0.02081
2177.221	0.02064
2177.1262	0.02048
2177.0314	0.02035
2176.93662	0.02032
2176.84184	0.0203
2176.74707	0.02028
2176.65231	0.02026
2176.55756	0.02024
2176.46282	0.02022
2176.36808	0.0202
2176.27335	0.02018
2176.17863	0.02016
2176.08392	0.02014
2175.98922	0.02012
2175.89453	0.0201
2175.79984	0.02004
2175.70516	0.01993
2175.61049	0.01983
2175.51583	0.01973
2175.42118	0.01962
2175.32606	0.01952
2175.23142	0.01942
2175.13679	0.01932
2175.04217	0.01922
2174.94756	0.01912
2174.85296	0.01902
2174.75836	0.01892
2174.66378	0.01882
2174.56872	0.01871
2174.47415	0.01861
2174.37959	0.0185
2174.28504	0.0184
2174.19049	0.01829
2174.09548	0.01819
2174.00095	0.01809
2173.90643	0.01799
2173.81191	0.01789
2173.71694	0.01778
2173.62244	0.01768
2173.52795	0.01758
2173.43347	0.01748
2173.33853	0.01743
2173.24406	0.01738
2173.14961	0.01733
2173.05469	0.01728
2172.96025	0.01723
2172.86582	0.01718
2172.77139	0.01713
2172.67651	0.01708
2172.5821	0.01702
2172.48723	0.01697
2172.39284	0.01692
2172.29846	0.01687
2172.20361	0.01681
2172.10925	0.01669
2172.01489	0.01658
2171.92007	0.01647
2171.82573	0.01636
2171.73093	0.01625
2171.6366	0.01614
2171.54181	0.01603
2171.44751	0.01592
2171.35274	0.01582
2171.25844	0.01571
2171.16416	0.0156
2171.06941	0.0155
2170.97515	0.0154
2170.88042	0.0153
2170.78617	0.0152
2170.69145	0.0151
2170.59675	0.015
2170.50252	0.0149
2170.40783	0.0148
2170.31363	0.01471
2170.21895	0.01461
2170.12476	0.01452
2170.0301	0.01442
2169.93546	0.01433
2169.84129	0.01423
2169.74666	0.01419
2169.65251	0.01416
2169.55789	0.01413
2169.46329	0.01411
2169.36916	0.01408
2169.27457	0.01405
2169.17999	0.01402
2169.08588	0.01399
2168.99132	0.01397
2168.89676	0.01394
2168.80268	0.01391
2168.70814	0.01388
2168.61361	0.01386
2168.51956	0.01381
2168.42504	0.01377
2168.33054	0.01372
2168.23604	0.01368
2168.14202	0.01364
2168.04753	0.01359
2167.95306	0.01355
2167.85859	0.01351
2167.76413	0.01346
2167.67015	0.01342
2167.57571	0.01338
2167.48128	0.01334
2167.38685	0.0133
2167.29244	0.01328
2167.19803	0.01326
2167.1041	0.01324
2167.0097	0.01322
2166.91532	0.0132
2166.82094	0.01318
2166.72658	0.01316
2166.63222	0.01314
2166.53787	0.01312
2166.44352	0.0131
2166.34919	0.01308
2166.25486	0.01306
2166.16101	0.01303
2166.0667	0.01299
2165.9724	0.01295
2165.87811	0.01292
2165.78382	0.01288
2165.68954	0.01284
2165.59527	0.0128
2165.50101	0.01277
2165.40676	0.01273
2165.31252	0.01269
2165.21828	0.01266
2165.12405	0.01262
2165.02983	0.01258
2164.93515	0.0126
2164.84095	0.01264
2164.74675	0.01269
2164.65257	0.01273
2164.55839	0.01278
2164.46422	0.01282
2164.37005	0.01287
2164.2759	0.01291
2164.18175	0.01296
2164.08762	0.01301
2163.99302	0.01305
2163.8989	0.0131
2163.80478	0.01315
2163.71068	0.01313
2163.61658	0.0131
2163.52249	0.01308
2163.42794	0.01305
2163.33387	0.01302
2163.23981	0.013
2163.14575	0.01297
2163.05123	0.01294
2162.9572	0.01291
2162.86316	0.01289
2162.76914	0.01286
2162.67466	0.01283
2162.58065	0.01281
2162.48665	0.01282
2162.39266	0.01284
2162.29821	0.01285
2162.20424	0.01287
2162.11027	0.01288
2162.01585	0.0129
2161.9219	0.01291
2161.82796	0.01293
2161.73355	0.01294
2161.63963	0.01296
2161.54571	0.01297
2161.45134	0.01299
2161.35744	0.01301
2161.26308	0.01305
2161.16919	0.01309
2161.07532	0.01313
2160.98098	0.01317
2160.88712	0.01321
2160.7928	0.01325
2160.69896	0.01329
2160.60466	0.01333
2160.51083	0.01337
2160.41655	0.01342
2160.32273	0.01346
2160.22847	0.0135
2160.13467	0.01355
2160.04042	0.0136
2159.94664	0.01365
2159.8524	0.0137
2159.75864	0.01375
2159.66442	0.01381
2159.57068	0.01386
2159.47647	0.01391
2159.38274	0.01396
2159.28856	0.01402
2159.19438	0.01407
2159.10067	0.01412
2159.00651	0.01418
2158.91282	0.01414
2158.81868	0.01404
2158.72454	0.01394
2158.63088	0.01385
2158.53675	0.01375
2158.44264	0.01365
2158.349	0.01356
2158.2549	0.01346
2158.16082	0.01337
2158.0672	0.01328
2157.97313	0.01318
2157.87906	0.01309
2157.78501	0.013
2157.69143	0.01298
2157.59739	0.01298
2157.50335	0.01298
2157.40933	0.01298
2157.31578	0.01297
2157.22177	0.01297
2157.12778	0.01297
2157.03379	0.01297
2156.94027	0.01297
2156.84629	0.01297
2156.75233	0.01297
2156.65837	0.01297
2156.56442	0.01297
2156.47048	0.01305
2156.37701	0.01314
2156.28309	0.01323
2156.18917	0.01332
2156.09526	0.0134
2156.00136	0.01349
2155.90747	0.01358
2155.81358	0.01367
2155.71971	0.01376
2155.62584	0.01385
2155.53198	0.01395
2155.43859	0.01404
2155.34475	0.01413
2155.25091	0.01419
2155.15709	0.01424
2155.06327	0.0143
2154.96946	0.01436
2154.87565	0.01442
2154.78186	0.01448
2154.68807	0.01454
2154.5943	0.0146
2154.50053	0.01465
2154.40676	0.01471
2154.31255	0.01477
2154.2188	0.01483
2154.12506	0.0149
2154.03133	0.01498
2153.93761	0.01507
2153.8439	0.01515
2153.7502	0.01523
2153.6565	0.01532
2153.56281	0.0154
2153.46913	0.01549
2153.37546	0.01557
2153.28133	0.01566
2153.18768	0.01574
2153.09403	0.01583
2153.00039	0.01592
2152.90676	0.016
2152.81313	0.01609
2152.71906	0.01618
2152.62545	0.01626
2152.53185	0.01635
2152.43826	0.01644
2152.34421	0.01653
2152.25064	0.01662
2152.15707	0.01671
2152.06352	0.0168
2151.9695	0.01689
2151.87596	0.01698
2151.78243	0.01707
2151.6889	0.01714
2151.59492	0.01719
2151.50141	0.01725
2151.40791	0.0173
2151.31396	0.01735
2151.22047	0.01741
2151.127	0.01746
2151.03307	0.01752
2150.93961	0.01757
2150.84569	0.01762
2150.75225	0.01768
2150.65881	0.01773
2150.56492	0.01779
2150.4715	0.0178
2150.37763	0.0178
2150.28422	0.01779
2150.19083	0.01778
2150.09698	0.01777
2150.0036	0.01777
2149.90977	0.01776
2149.81641	0.01775
2149.72259	0.01774
2149.62924	0.01773
2149.53544	0.01772
2149.44211	0.01771
2149.34833	0.0177
2149.25501	0.01778
2149.16125	0.01787
2149.06795	0.01796
2148.9742	0.01804
2148.88092	0.01813
2148.78718	0.01823
2148.69345	0.01831
2148.6002	0.0184
2148.50649	0.0185
2148.41325	0.0186
2148.31955	0.01869
2148.22587	0.01879
2148.13265	0.01888
2148.03898	0.01957
2147.94578	0.02038
2147.85213	0.02122
2147.75848	0.02209
2147.66531	0.023
2147.57168	0.02394
2147.47806	0.02493
2147.38444	0.02595
2147.2913	0.02702
2147.1977	0.02812
2147.10411	0.02928
2147.011	0.03047
2146.91742	0.03172
2146.82386	0.03266
2146.7303	0.03359
2146.63722	0.03455
2146.54368	0.03553
2146.45015	0.03654
2146.35662	0.03758
2146.26311	0.03864
2146.17006	0.03974
2146.07656	0.04086
2145.98307	0.04201
2145.88959	0.0432
2145.79612	0.04441
2145.70265	0.04576
2145.60919	0.04838
2145.5162	0.05114
2145.42276	0.05406
2145.32933	0.05713
2145.2359	0.06037
2145.14249	0.06379
2145.04908	0.0674
2144.95568	0.0712
2144.86228	0.0752
2144.7689	0.07942
2144.67552	0.08387
2144.58215	0.08856
2144.48879	0.09411
2144.39544	0.105
2144.3021	0.11711
2144.20876	0.13056
2144.11543	0.1455
2144.02211	0.16208
2143.9288	0.18048
2143.8355	0.20089
2143.7422	0.22354
2143.64891	0.24866
2143.55564	0.27653
2143.46236	0.30744
2143.3691	0.34174
2143.27585	0.37648
2143.1826	0.40425
2143.08936	0.43367
2142.99613	0.4649
2142.90245	0.49814
2142.80924	0.53365
2142.71603	0.57175
2142.62283	0.61284
2142.52964	0.65747
2142.43646	0.70633
2142.34283	0.76037
2142.24966	0.82084
2142.1565	0.8895
2142.06336	0.96463
2141.97021	1.03842
2141.87662	1.12034
2141.7835	1.21182
2141.69038	1.31466
2141.59727	1.43114
2141.50371	1.56415
2141.41062	1.71749
2141.31754	1.89607
2141.22446	2.10647
2141.13093	2.35743
2141.03787	2.66079
2140.94482	3.03246
2140.85132	3.46038
2140.75828	3.90175
2140.66525	4.38196
2140.57178	4.88842
2140.47877	5.39903
2140.38576	5.88157
2140.29231	6.29628
2140.19932	6.60286
2140.10634	6.77047
2140.01291	6.78642
2139.91995	6.65889
2139.82654	6.41262
2139.73359	6.08059
2139.64019	5.67317
2139.54726	5.24876
2139.45434	4.85698
2139.36097	4.49542
2139.26806	4.16152
2139.17471	3.85285
2139.08182	3.56724
2138.98848	3.30288
2138.8956	3.05834
2138.80228	2.83258
2138.70942	2.62489
2138.61611	2.43492
2138.52327	2.26257
2138.42998	2.21631
2138.3367	2.21703
2138.24388	2.16411
2138.15062	2.07487
2138.05781	1.96485
2137.96456	1.84592
2137.87178	1.72624
2137.77854	1.61095
2137.68532	1.50297
2137.59256	1.40373
2137.49935	1.31371
2137.40615	1.23279
2137.31341	1.16054
2137.22022	1.0859
2137.12705	1.00335
2137.03433	0.92059
2136.94117	0.83888
2136.84802	0.76003
2136.75533	0.68597
2136.6622	0.61802
2136.56907	0.55653
2136.47595	0.50089
2136.38329	0.44987
2136.29019	0.4022
2136.19709	0.35702
2136.104	0.31423
2136.01138	0.28638
2135.91831	0.2669
2135.82524	0.24835
2135.73219	0.23082
2135.63914	0.21435
2135.54656	0.19895
2135.45353	0.18461
2135.3605	0.17132
2135.26749	0.15903
2135.17448	0.14768
2135.08148	0.13721
2134.98849	0.12757
2134.89596	0.11867
2134.80299	0.10874
2134.71002	0.09865
2134.61706	0.0895
2134.52411	0.08119
2134.43117	0.07366
2134.33824	0.06683
2134.24531	0.06064
2134.15239	0.05502
2134.05948	0.04993
2133.96658	0.04531
2133.87369	0.04113
2133.7808	0.03733
2133.68792	0.03389
2133.59505	0.03108
2133.50219	0.02862
2133.40934	0.02635
2133.31649	0.02427
2133.22366	0.02235
2133.13083	0.02059
2133.03801	0.01896
2132.94519	0.01747
2132.85239	0.01609
2132.75959	0.01482
2132.6668	0.01365
2132.57357	0.01258
2132.4808	0.01159
2132.38803	0.01089
2132.29528	0.01033
2132.20253	0.00981
2132.10979	0.00931
2132.01705	0.00884
2131.92388	0.00839
2131.83116	0.00796
2131.73845	0.00756
2131.64575	0.00717
2131.55306	0.00681
2131.45992	0.00646
2131.36725	0.00614
2131.27458	0.00582
2131.18192	0.0057
2131.08927	0.00565
2130.99617	0.00559
2130.90354	0.00554
2130.81091	0.00548
2130.71783	0.00543
2130.62522	0.00537
2130.53262	0.00532
2130.44003	0.00527
2130.34698	0.00522
2130.25441	0.00517
2130.16183	0.00512
2130.06882	0.00507
2129.97626	0.00496
2129.88326	0.00484
2129.79072	0.00471
2129.69819	0.00459
2129.60522	0.00448
2129.5127	0.00436
2129.4202	0.00425
2129.32725	0.00414
2129.23476	0.00404
2129.14182	0.00394
2129.04935	0.00384
2128.95643	0.00374
2128.86397	0.00364
2128.77106	0.00362
2128.67862	0.00362
2128.58574	0.00363
2128.49331	0.00364
2128.40044	0.00365
2128.30803	0.00366
2128.21517	0.00367
2128.12278	0.00368
2128.02994	0.00369
2127.93756	0.0037
2127.84474	0.00371
2127.75238	0.00372
2127.65957	0.00373
2126.41992	7.7411E-4
2125.22009	7.68555E-4
2124.00989	5.73508E-4
2122.81008	5.84516E-4
2121.59992	5.04623E-4
2120.40014	5.87791E-4
2119.19003	2.23237E-4
2117.98982	1.98228E-4
2116.77978	1.27978E-4
2115.58006	1.58012E-4
2114.37008	1E-4
2113.16997	9.05294E-4
2111.96007	0.00165
2110.76002	4.32351E-4
2109.55021	1E-4
2108.34	1.78487E-4
2107.14007	1E-4
2105.92996	1.92541E-4
2104.73011	1.10472E-4
2103.52011	3.70405E-4
2102.31991	2.22512E-4
2101.11004	3.30565E-4
2099.90993	1.55674E-4
2098.70019	2.92208E-4
2097.5002	1.79328E-4
2096.29015	3.55044E-4
2095.08984	5.29838E-4
2093.87994	0.00241
2092.6802	0.02902
2091.47002	0.03614
2090.25993	0.00378
2089.05997	0.00478
2087.85005	0.0084
2086.6498	0.00137
2085.44006	1.89896E-4
2084.23998	2.07025E-4
2083.02999	1E-4
2081.83008	1.87174E-4
2080.61986	1.22061E-4
2079.42012	2.34719E-4
2078.21011	1.33028E-4
2077.01014	2.71281E-4
2075.79991	1.58908E-4
2074.60013	1.22214E-4
2073.39013	1E-4
2072.17983	1.52419E-4
2070.97994	1.10408E-4
2069.76987	1.25914E-4
2068.57021	1E-4
2067.35996	1.35324E-4
2066.1601	1E-4
2064.95011	1E-4
2063.75007	1.05901E-4
2062.53992	1.11899E-4
2061.34012	1E-4
2060.12983	1.59871E-4
2058.92987	1.06232E-4
2057.71987	1.69427E-4
2056.52017	1E-4
2055.31004	1.59551E-4
2054.10007	2.01078E-4
2052.89995	1.81226E-4
2051.68986	1E-4
2050.49004	1.18779E-4
2049.27985	2.05636E-4
2048.0799	1.8532E-4
2046.87005	2.36863E-4
2045.66999	1.66837E-4
2044.46006	1.98031E-4
2043.2599	1.36009E-4
2042.04989	2.04393E-4
2040.85006	1.80218E-4
2039.64	2.38516E-4
2038.44009	2.21491E-4
2037.22997	1.79541E-4
2036.02999	2.36628E-4
2034.81984	2.53731E-4
2033.60988	1.0413E-4
2032.41003	1.38557E-4
2031.20005	2.47248E-4
2030.00015	2.1222E-4
2028.79016	1.19497E-4
2027.58982	2.02421E-4
2026.37982	2.16539E-4
2025.17987	1.84426E-4
2023.96988	1.19954E-4
2022.76992	2.0337E-4
2021.55994	1.39426E-4
2020.35998	1.93352E-4
2019.15002	2.24386E-4
2017.95007	1.75335E-4
2016.74015	1.96194E-4
2015.53006	1.36617E-4
2014.32994	1E-4
2013.11991	1.72572E-4
2011.91982	1.61107E-4
2010.70984	2.1019E-4
2009.5098	1E-4
2008.2999	1.9004E-4
2007.09992	1E-4
2005.8901	1.69198E-4
2004.69017	1.75609E-4
2003.48004	1.41559E-4
2002.2802	1.11463E-4
2001.07017	1.92055E-4
1999.87001	1.44897E-4
1998.6601	2.10559E-4
1997.45006	1E-4
1996.24985	1.22882E-4
1995.03993	2.07724E-4
1993.83983	2.13831E-4
1992.63006	1.78477E-4
1991.43008	2.00989E-4
1990.22006	1.53154E-4
1989.01982	1.85762E-4
1987.80995	1.24878E-4
1986.60985	2.38173E-4
1985.40016	1.44995E-4
1984.19982	2.71707E-4
1982.98991	1.57166E-4
1981.79012	2.58015E-4
1980.58002	2.16366E-4
1979.38001	2.11343E-4
1978.1701	1.53269E-4
1976.96011	2.21623E-4
1975.76019	1.25441E-4
1974.55002	2.22145E-4
1973.34991	1E-4
1972.13997	2.12169E-4
1970.94007	2.37393E-4
1969.72998	3.21097E-4
1968.5299	1.21818E-4
1967.32006	1.82629E-4
1966.11982	1.15827E-4
1964.90985	2.96984E-4
1963.70986	1.09587E-4
1962.50015	1.27326E-4
1961.30002	1.26904E-4
1960.08983	2.62008E-4
1958.87998	1.87109E-4
1957.68005	3.7957E-4
1956.47011	2.34038E-4
1955.27007	2.49993E-4
1954.06005	1E-4
1952.85991	2.6666E-4
1951.64983	1E-4
1950.44999	1.61844E-4
1949.23985	1E-4
1948.03993	2.50928E-4
1946.83012	1.58164E-4
1945.63014	2.92931E-4
1944.41992	1.78981E-4
1943.21989	2.17558E-4
1942.01003	1E-4
1940.80995	2.6839E-4
1939.60008	1.45127E-4
1938.38983	1.88951E-4
1937.1901	1.58921E-4
1935.97986	1.67711E-4
1934.78011	1.9181E-4
1933.56989	3.13558E-4
1932.37014	2.0479E-4
1931.15994	2.02148E-4
1929.95983	1E-4
1928.75004	1.88171E-4
1927.54995	1.21004E-4
1926.33985	2.60692E-4
1925.14016	1E-4
1923.93011	2.1629E-4
1922.73009	1.32173E-4
1921.52012	1.32716E-4
1920.30983	2.2336E-4
1919.1099	2.72107E-4
1917.90007	1.21722E-4
1916.69984	2.47756E-4
1915.49011	1.62314E-4
1914.28996	2.99869E-4
1913.07998	1.81653E-4
1911.87992	2.10874E-4
1910.67006	1E-4
1909.47011	2.41163E-4
1908.26002	1.25079E-4
1907.05982	2.60068E-4
1905.84987	2.11233E-4
1904.65017	2.57705E-4
1903.44001	1.56419E-4
1902.22995	2.30696E-4
1901.03009	1.59177E-4
1899.81984	2.75256E-4
1898.62014	1E-4
1897.41007	2.43857E-4
1896.21018	2.29551E-4
1894.99995	2.95973E-4
1893.79987	1.34301E-4
1892.58985	3.44809E-4
1891.38996	2.67216E-4
1890.18015	3.10814E-4
1888.98011	1.34313E-4
1887.77018	2.69887E-4
1886.56998	2.64162E-4
1885.35994	3.13441E-4
1884.15996	2.37827E-4
1882.95017	2.99405E-4
1881.74016	1.00868E-4
1880.53984	2.43937E-4
1879.33009	2.16544E-4
1878.13002	3.44757E-4
1876.91985	2.06527E-4
1875.72004	3.54881E-4
1874.51017	2.64731E-4
1873.30992	3.8176E-4
1872.1	1.65232E-4
1870.90004	3.2153E-4
1869.69008	1.43147E-4
1868.49006	2.22406E-4
1867.28008	2.10752E-4
1866.08002	2.09196E-4
1864.87003	1E-4
1863.65986	2.47616E-4
1862.45994	1.04243E-4
1861.25013	2.93204E-4
1860.04985	1.35909E-4
1858.84006	3.44406E-4
1857.64012	2.29647E-4
1856.43001	2.63576E-4
1855.23009	2.25094E-4
1854.02003	3.6964E-4
1852.82012	3.06536E-4
1851.61011	3.7637E-4
1850.4099	2.09747E-4
1849.19996	2.92051E-4
1848.00014	2.11697E-4
1846.78994	3.13181E-4
1845.57996	2.0641E-4
1844.38006	1E-4
1843.16984	1E-4
1841.97002	3.83669E-4
1840.75991	3.48074E-4
1839.55984	2.84778E-4
1838.34985	2.57269E-4
1837.14989	4.43063E-4
1835.94003	2.65927E-4
1834.73984	3.8169E-4
1833.53013	3.16095E-4
1832.33007	3.89135E-4
1831.11985	2.05947E-4
1829.91992	2.21745E-4
1828.70987	2.55011E-4
1827.51009	4.0519E-4
1826.29989	2.38435E-4
1825.08995	2.50995E-4
1823.88993	2.58213E-4
1822.67986	4.29176E-4
1821.48002	2.35591E-4
1820.27016	2.68298E-4
1819.06986	2.64523E-4
1817.85989	3.69241E-4
1816.66012	1.92722E-4
1815.45006	3.11905E-4
1814.24984	2.14107E-4
1813.04004	2.32854E-4
1811.84005	2.62262E-4
1810.62985	1.94878E-4
1809.4301	2.94357E-4
1808.21984	3.1013E-4
1807.0099	2.56831E-4
1805.81005	2.7519E-4
1804.60007	3.137E-4
1803.39984	2.012E-4
1802.18984	1.85671E-4
1800.9899	3.04976E-4
1799.77989	2.40582E-4
1798.57991	2.00772E-4
1797.36991	2.5572E-4
1796.16992	3.42421E-4
1794.95993	2.24875E-4
1793.75994	2.38204E-4
1792.54998	1E-4
1791.35	1.16483E-4
1790.14009	2.63058E-4
1788.92989	3.05125E-4
1787.72995	2.63748E-4
1786.52013	4.27748E-4
1785.31992	3.358E-4
1784.10986	1.40086E-4
1782.91002	1.94992E-4
1781.70005	2.87147E-4
1780.49996	2.91304E-4
1779.2901	2.13521E-4
1778.09009	3.07735E-4
1776.88002	3.09868E-4
1775.68011	3.16375E-4
1774.46985	2.2014E-4
1773.27005	1E-4
1772.05993	1E-4
1770.8499	1.20973E-4
1769.64997	2.61721E-4
1768.4401	2.15791E-4
1767.24	3.87242E-4
1766.02999	4.45041E-4
1764.83004	4.16758E-4
1763.61991	2.88562E-4
1762.42013	2.31703E-4
1761.20988	2.0723E-4
1760.00997	2.5085E-4
1758.79994	4.49006E-4
1757.59991	2.60116E-4
1756.3901	2.53268E-4
1755.18997	2.40461E-4
1753.98009	2.42439E-4
1752.77987	1.39736E-4
1751.56993	1E-4
1750.36014	1E-4
1749.15997	1E-4
1747.95014	1E-4
1746.74991	1E-4
1745.54006	1E-4
1744.3401	1.99014E-4
1743.12993	1E-4
1741.92994	1.59728E-4
1740.72009	1E-4
1739.52009	1E-4
1738.30995	1.45178E-4
1737.10995	2.11071E-4
1735.89985	1.64124E-4
1734.69986	1E-4
1733.49011	1E-4
1732.27995	3.48887E-4
1731.07986	1.00647E-4
1729.87006	3.07082E-4
1728.67003	2.56223E-4
1727.46002	4.12255E-4
1726.26004	2.68904E-4
1725.05013	5.52992E-4
1723.84993	4.4227E-4
1722.64013	5.80255E-4
1721.44002	3.30197E-4
1720.23004	4.13835E-4
1719.03004	2.33577E-4
1717.81991	1E-4
1716.62002	1E-4
1715.41004	2.13518E-4
1714.2	1.10486E-4
1712.99989	4.19654E-4
1711.79002	2.36466E-4
1710.59006	3.71308E-4
1709.38009	2.35289E-4
1708.18	5.28039E-4
1706.96993	2.48227E-4
1705.77002	3.63458E-4
1704.55989	2.88385E-4
1703.35988	4.95389E-4
1694.91525	1E-4
1666.66667	1E-4
1428.57143	1E-4
1250	1E-4
1111.11111	1E-4
1000	1E-4
909.09091	1E-4
833.33333	1E-4
769.23077	1E-4
