5000.111000 -0.000174 
4998.643889 -0.000234 
4997.176778 -0.000243 
4995.709667 -0.000154 
4994.242556 -0.000187 
4992.775444 0.000053 
4991.308333 -0.000438 
4989.841222 -0.000203 
4988.374111 -0.000235 
4986.907000 -0.000167 
4985.439889 0.000017 
4983.972778 0.000033 
4982.505667 0.000037 
4981.038556 -0.000210 
4979.571445 -0.000051 
4978.104333 -0.000303 
4976.637222 0.000104 
4975.170111 0.000151 
4973.703000 0.000177 
4972.235889 -0.000112 
4970.768778 -0.000126 
4969.301667 0.000042 
4967.834556 -0.000181 
4966.367445 0.000032 
4964.900334 -0.000069 
4963.433222 0.000230 
4961.966111 -0.000041 
4960.499000 0.000185 
4959.031889 0.000072 
4957.564778 0.000060 
4956.097667 0.000145 
4954.630556 0.000225 
4953.163445 0.000150 
4951.696334 0.000065 
4950.229222 0.000187 
4948.762111 0.000121 
4947.295000 0.000084 
4945.827889 0.000280 
4944.360778 -0.000248 
4942.893667 0.000342 
4941.426556 0.000070 
4939.959445 -0.000003 
4938.492334 -0.000142 
4937.025223 0.000020 
4935.558111 0.000082 
4934.091000 -0.000093 
4932.623889 -0.000022 
4931.156778 0.000105 
4929.689667 0.000138 
4928.222556 -0.000131 
4926.755445 -0.000080 
4925.288334 -0.000040 
4923.821223 -0.000018 
4922.354112 0.000265 
4920.887000 0.000230 
4919.419889 0.000048 
4917.952778 0.000073 
4916.485667 0.000064 
4915.018556 0.000211 
4913.551445 -0.000203 
4912.084334 0.000103 
4910.617223 0.000111 
4909.150112 0.000170 
4907.683000 -0.000017 
4906.215889 -0.000208 
4904.748778 0.000047 
4903.281667 0.000110 
4901.814556 0.000139 
4900.347445 0.000176 
4898.880334 -0.000043 
4897.413223 0.000050 
4895.946112 -0.000200 
4894.479001 0.000040 
4893.011889 -0.000101 
4891.544778 -0.000228 
4890.077667 -0.000535 
4888.610556 0.000089 
4887.143445 -0.000076 
4885.676334 -0.000026 
4884.209223 -0.000155 
4882.742112 0.000240 
4881.275001 -0.000123 
4879.807889 -0.000039 
4878.340778 -0.000007 
4876.873667 0.000201 
4875.406556 0.000108 
4873.939445 -0.000073 
4872.472334 0.000141 
4871.005223 0.000092 
4869.538112 -0.000134 
4868.071001 -0.000097 
4866.603890 0.000214 
4865.136778 0.000209 
4863.669667 0.000117 
4862.202556 0.000044 
4860.735445 -0.000187 
4859.268334 -0.000255 
4857.801223 0.000049 
4856.334112 0.000259 
4854.867001 0.000399 
4853.399890 0.000006 
4851.932779 -0.000014 
4850.465667 -0.000026 
4848.998556 0.000001 
4847.531445 0.000136 
4846.064334 0.000313 
4844.597223 0.000224 
4843.130112 -0.000003 
4841.663001 -0.000106 
4840.195890 0.000111 
4838.728779 0.000079 
4837.261667 0.000343 
4835.794556 0.000355 
4834.327445 -0.000231 
4832.860334 0.000085 
4831.393223 -0.000042 
4829.926112 0.000061 
4828.459001 0.000006 
4826.991890 0.000064 
4825.524779 0.000104 
4824.057668 0.000307 
4822.590556 0.000234 
4821.123445 0.000073 
4819.656334 0.000053 
4818.189223 -0.000083 
4816.722112 0.000089 
4815.255001 0.000192 
4813.787890 0.000207 
4812.320779 -0.000183 
4810.853668 -0.000022 
4809.386557 -0.000100 
4807.919445 -0.000137 
4806.452334 0.000171 
4804.985223 0.000092 
4803.518112 -0.000107 
4802.051001 -0.000168 
4800.583890 -0.000244 
4799.116779 -0.000155 
4797.649668 -0.000171 
4796.182557 -0.000063 
4794.715445 -0.000131 
4793.248334 -0.000261 
4791.781223 -0.000220 
4790.314112 -0.000034 
4788.847001 0.000099 
4787.379890 -0.000180 
4785.912779 -0.000169 
4784.445668 -0.000064 
4782.978557 0.000115 
4781.511446 -0.000162 
4780.044334 -0.000045 
4778.577223 -0.000255 
4777.110112 0.000017 
4775.643001 -0.000114 
4774.175890 -0.000030 
4772.708779 -0.000012 
4771.241668 -0.000373 
4769.774557 -0.000045 
4768.307446 -0.000046 
4766.840335 -0.000105 
4765.373223 -0.000022 
4763.906112 -0.000159 
4762.439001 -0.000095 
4760.971890 0.000057 
4759.504779 -0.000146 
4758.037668 0.000059 
4756.570557 -0.000096 
4755.103446 0.000025 
4753.636335 -0.000007 
4752.169223 0.000049 
4750.702112 -0.000073 
4749.235001 -0.000302 
4747.767890 0.000015 
4746.300779 -0.000013 
4744.833668 -0.000276 
4743.366557 -0.000346 
4741.899446 0.000017 
4740.432335 -0.000319 
4738.965224 0.000111 
4737.498112 -0.000063 
4736.031001 -0.000182 
4734.563890 0.000096 
4733.096779 -0.000178 
4731.629668 -0.000167 
4730.162557 0.000055 
4728.695446 -0.000142 
4727.228335 0.000056 
4725.761224 -0.000255 
4724.294113 0.000220 
4722.827001 -0.000714 
4721.359890 0.000206 
4719.892779 -0.000321 
4718.425668 0.000035 
4716.958557 -0.000089 
4715.491446 0.000159 
4714.024335 -0.000217 
4712.557224 0.000152 
4711.090113 0.000004 
4709.623001 -0.000009 
4708.155890 0.000060 
4706.688779 0.000077 
4705.221668 0.000090 
4703.754557 0.000185 
4702.287446 0.000161 
4700.820335 0.000011 
4699.353224 0.000061 
4697.886113 0.000244 
4696.419002 0.000332 
4694.951890 0.000203 
4693.484779 0.000311 
4692.017668 -0.000092 
4690.550557 0.000257 
4689.083446 -0.000056 
4687.616335 0.000203 
4686.149224 0.000142 
4684.682113 0.000275 
4683.215002 0.000125 
4681.747890 0.000136 
4680.280779 0.000100 
4678.813668 -0.000040 
4677.346557 0.000513 
4675.879446 -0.000121 
4674.412335 0.000227 
4672.945224 0.000286 
4671.478113 -0.000113 
4670.011002 0.000191 
4668.543891 -0.000202 
4667.076779 0.000430 
4665.609668 0.000137 
4664.142557 0.000161 
4662.675446 0.000241 
4661.208335 0.000138 
4659.741224 0.000328 
4658.274113 0.000150 
4656.807002 0.000186 
4655.339891 0.000158 
4653.872780 0.000047 
4652.405668 0.000420 
4650.938557 0.000307 
4649.471446 0.000043 
4648.004335 0.000213 
4646.537224 -0.000201 
4645.070113 0.000234 
4643.603002 0.000216 
4642.135891 -0.000096 
4640.668780 0.000198 
4639.201668 0.000077 
4637.734557 0.000151 
4636.267446 0.000041 
4634.800335 0.000282 
4633.333224 0.000288 
4631.866113 0.000025 
4630.399002 0.000095 
4628.931891 0.000015 
4627.464780 -0.000090 
4625.997669 0.000144 
4624.530557 0.000132 
4623.063446 0.000028 
4621.596335 0.000011 
4620.129224 -0.000014 
4618.662113 -0.000009 
4617.195002 -0.000193 
4615.727891 -0.000045 
4614.260780 -0.000109 
4612.793669 -0.000227 
4611.326558 -0.000202 
4609.859446 -0.000128 
4608.392335 -0.000196 
4606.925224 -0.000179 
4605.458113 -0.000315 
4603.991002 -0.000028 
4602.523891 -0.000111 
4601.056780 -0.000359 
4599.589669 -0.000487 
4598.122558 -0.000323 
4596.655446 -0.000444 
4595.188335 -0.000421 
4593.721224 -0.000356 
4592.254113 -0.000584 
4590.787002 -0.000636 
4589.319891 -0.000683 
4587.852780 -0.000717 
4586.385669 -0.000905 
4584.918558 -0.000771 
4583.451447 -0.000873 
4581.984335 -0.000694 
4580.517224 -0.000777 
4579.050113 -0.000967 
4577.583002 -0.000926 
4576.115891 -0.000936 
4574.648780 -0.001029 
4573.181669 -0.001035 
4571.714558 -0.001265 
4570.247447 -0.001111 
4568.780336 -0.000958 
4567.313224 -0.001157 
4565.846113 -0.001247 
4564.379002 -0.001390 
4562.911891 -0.001249 
4561.444780 -0.001213 
4559.977669 -0.001334 
4558.510558 -0.001362 
4557.043447 -0.001371 
4555.576336 -0.001435 
4554.109224 -0.001414 
4552.642113 -0.001358 
4551.175002 -0.001369 
4549.707891 -0.001391 
4548.240780 -0.001412 
4546.773669 -0.001586 
4545.306558 -0.001425 
4543.839447 -0.001317 
4542.372336 -0.001211 
4540.905225 -0.001221 
4539.438113 -0.001220 
4537.971002 -0.001129 
4536.503891 -0.001269 
4535.036780 -0.001235 
4533.569669 -0.001051 
4532.102558 -0.000948 
4530.635447 -0.000997 
4529.168336 -0.001025 
4527.701225 -0.000918 
4526.234114 -0.000834 
4524.767002 -0.000773 
4523.299891 -0.000801 
4521.832780 -0.000716 
4520.365669 -0.000670 
4518.898558 -0.000752 
4517.431447 -0.000525 
4515.964336 -0.000407 
4514.497225 -0.000350 
4513.030114 -0.000206 
4511.563002 -0.000090 
4510.095891 -0.000098 
4508.628780 0.000025 
4507.161669 -0.000041 
4505.694558 0.000385 
4504.227447 0.000082 
4502.760336 0.000167 
4501.293225 0.000071 
4499.826114 -0.000040 
4498.359003 -0.000074 
4496.891891 -0.000040 
4495.424780 0.000096 
4493.957669 0.000085 
4492.490558 0.000028 
4491.023447 -0.000104 
4489.556336 -0.000013 
4488.089225 0.000071 
4486.622114 0.000027 
4485.155003 -0.000043 
4483.687891 0.000080 
4482.220780 0.000140 
4480.753669 0.000045 
4479.286558 0.000037 
4477.819447 -0.000097 
4476.352336 -0.000058 
4474.885225 -0.000058 
4473.418114 0.000029 
4471.951003 -0.000054 
4470.483892 0.000125 
4469.016780 0.000143 
4467.549669 0.000096 
4466.082558 -0.000090 
4464.615447 0.000038 
4463.148336 -0.000083 
4461.681225 -0.000108 
4460.214114 0.000060 
4458.747003 -0.000124 
4457.279892 0.000067 
4455.812781 0.000100 
4454.345669 0.000275 
4452.878558 0.000295 
4451.411447 -0.000004 
4449.944336 0.000057 
4448.477225 0.000152 
4447.010114 0.000205 
4445.543003 0.000138 
4444.075892 0.000084 
4442.608781 0.000132 
4441.141669 0.000028 
4439.674558 0.000111 
4438.207447 0.000086 
4436.740336 -0.000101 
4435.273225 0.000153 
4433.806114 0.000074 
4432.339003 0.000158 
4430.871892 0.000017 
4429.404781 0.000293 
4427.937670 -0.000025 
4426.470558 0.000112 
4425.003447 0.000119 
4423.536336 -0.000123 
4422.069225 0.000024 
4420.602114 -0.000080 
4419.135003 0.000196 
4417.667892 -0.000067 
4416.200781 0.000195 
4414.733670 0.000292 
4413.266559 0.000100 
4411.799447 0.000116 
4410.332336 0.000014 
4408.865225 0.000052 
4407.398114 -0.000154 
4405.931003 -0.000222 
4404.463892 0.000112 
4402.996781 0.000075 
4401.529670 -0.000084 
4400.062559 0.000102 
4398.595447 0.000130 
4397.128336 -0.000167 
4395.661225 -0.000110 
4394.194114 0.000121 
4392.727003 -0.000154 
4391.259892 0.000035 
4389.792781 -0.000056 
4388.325670 -0.000101 
4386.858559 -0.000214 
4385.391448 -0.000225 
4383.924336 -0.000023 
4382.457225 0.000031 
4380.990114 -0.000087 
4379.523003 -0.000054 
4378.055892 -0.000121 
4376.588781 -0.000036 
4375.121670 -0.000346 
4373.654559 -0.000016 
4372.187448 0.000074 
4370.720337 -0.000009 
4369.253225 0.000040 
4367.786114 0.000043 
4366.319003 0.000010 
4364.851892 -0.000074 
4363.384781 0.000090 
4361.917670 0.000165 
4360.450559 -0.000099 
4358.983448 0.000123 
4357.516337 0.000033 
4356.049225 -0.000002 
4354.582114 0.000148 
4353.115003 0.000063 
4351.647892 0.000108 
4350.180781 0.000241 
4348.713670 0.000038 
4347.246559 0.000183 
4345.779448 0.000113 
4344.312337 0.000189 
4342.845226 0.000265 
4341.378114 0.000183 
4339.911003 0.000368 
4338.443892 0.000215 
4336.976781 0.000233 
4335.509670 0.000289 
4334.042559 0.000066 
4332.575448 0.000266 
4331.108337 0.000238 
4329.641226 0.000268 
4328.174115 0.000303 
4326.707003 0.000290 
4325.239892 0.000317 
4323.772781 0.000126 
4322.305670 0.000233 
4320.838559 0.000380 
4319.371448 0.000354 
4317.904337 0.000355 
4316.437226 0.000302 
4314.970115 0.000360 
4313.503003 0.000063 
4312.035892 0.000466 
4310.568781 0.000300 
4309.101670 0.000372 
4307.634559 0.000324 
4306.167448 0.000383 
4304.700337 0.000250 
4303.233226 0.000286 
4301.766115 0.000236 
4300.299004 0.000280 
4298.831892 0.000356 
4297.364781 0.000463 
4295.897670 0.000233 
4294.430559 0.000465 
4292.963448 0.000426 
4291.496337 0.000181 
4290.029226 0.000459 
4288.562115 0.000300 
4287.095004 0.000236 
4285.627892 0.000326 
4284.160781 0.000221 
4282.693670 0.000380 
4281.226559 0.000463 
4279.759448 0.000263 
4278.292337 0.000261 
4276.825226 0.000390 
4275.358115 0.000273 
4273.891004 0.000197 
4272.423893 0.000321 
4270.956781 0.000265 
4269.489670 0.000440 
4268.022559 0.000353 
4266.555448 0.000218 
4265.088337 0.000104 
4263.621226 0.000134 
4262.154115 0.000285 
4260.687004 0.000260 
4259.219893 0.000314 
4257.752782 0.000283 
4256.285670 0.000195 
4254.818559 0.000360 
4253.351448 0.000296 
4251.884337 0.000272 
4250.417226 0.000263 
4248.950115 0.000238 
4247.483004 0.000180 
4246.015893 0.000044 
4244.548782 0.000288 
4243.081670 0.000102 
4241.614559 0.000111 
4240.147448 0.000282 
4238.680337 -0.000023 
4237.213226 0.000245 
4235.746115 0.000215 
4234.279004 0.000122 
4232.811893 0.000025 
4231.344782 0.000017 
4229.877671 0.000065 
4228.410559 -0.000046 
4226.943448 0.000208 
4225.476337 0.000184 
4224.009226 0.000034 
4222.542115 0.000208 
4221.075004 0.000044 
4219.607893 0.000235 
4218.140782 0.000306 
4216.673671 0.000283 
4215.206560 0.000299 
4213.739448 0.000283 
4212.272337 0.000237 
4210.805226 0.000374 
4209.338115 0.000356 
4207.871004 0.000349 
4206.403893 0.000441 
4204.936782 0.000604 
4203.469671 0.000460 
4202.002560 0.000473 
4200.535448 0.000624 
4199.068337 0.000665 
4197.601226 0.000533 
4196.134115 0.000673 
4194.667004 0.000484 
4193.199893 0.000665 
4191.732782 0.000633 
4190.265671 0.000661 
4188.798560 0.000780 
4187.331449 0.000717 
4185.864337 0.000888 
4184.397226 0.000687 
4182.930115 0.000798 
4181.463004 0.000732 
4179.995893 0.000701 
4178.528782 0.000789 
4177.061671 0.000716 
4175.594560 0.000862 
4174.127449 0.000868 
4172.660338 0.000637 
4171.193226 0.000825 
4169.726115 0.000796 
4168.259004 0.000956 
4166.791893 0.000997 
4165.324782 0.000929 
4163.857671 0.001003 
4162.390560 0.000908 
4160.923449 0.000920 
4159.456338 0.000911 
4157.989226 0.000901 
4156.522115 0.001000 
4155.055004 0.001169 
4153.587893 0.000941 
4152.120782 0.001041 
4150.653671 0.001118 
4149.186560 0.001108 
4147.719449 0.001080 
4146.252338 0.001078 
4144.785227 0.000975 
4143.318115 0.001086 
4141.851004 0.000979 
4140.383893 0.001115 
4138.916782 0.001178 
4137.449671 0.001070 
4135.982560 0.001202 
4134.515449 0.001252 
4133.048338 0.001087 
4131.581227 0.001129 
4130.114116 0.001085 
4128.647004 0.001290 
4127.179893 0.001328 
4125.712782 0.001102 
4124.245671 0.001206 
4122.778560 0.001247 
4121.311449 0.001283 
4119.844338 0.001234 
4118.377227 0.001204 
4116.910116 0.001130 
4115.443004 0.001211 
4113.975893 0.001257 
4112.508782 0.001285 
4111.041671 0.001272 
4109.574560 0.001254 
4108.107449 0.001250 
4106.640338 0.001230 
4105.173227 0.001249 
4103.706116 0.001191 
4102.239005 0.001431 
4100.771893 0.001393 
4099.304782 0.001261 
4097.837671 0.001332 
4096.370560 0.001524 
4094.903449 0.001394 
4093.436338 0.001497 
4091.969227 0.001477 
4090.502116 0.001293 
4089.035005 0.001417 
4087.567893 0.001357 
4086.100782 0.001386 
4084.633671 0.001239 
4083.166560 0.001394 
4081.699449 0.001492 
4080.232338 0.001348 
4078.765227 0.001474 
4077.298116 0.001407 
4075.831005 0.001388 
4074.363894 0.001394 
4072.896782 0.001166 
4071.429671 0.001248 
4069.962560 0.001330 
4068.495449 0.001310 
4067.028338 0.001252 
4065.561227 0.001439 
4064.094116 0.001274 
4062.627005 0.001420 
4061.159894 0.001387 
4059.692783 0.001228 
4058.225671 0.001185 
4056.758560 0.001162 
4055.291449 0.001099 
4053.824338 0.001190 
4052.357227 0.001213 
4050.890116 0.001172 
4049.423005 0.001170 
4047.955894 0.001001 
4046.488783 0.000995 
4045.021671 0.001026 
4043.554560 0.001018 
4042.087449 0.001077 
4040.620338 0.001205 
4039.153227 0.000910 
4037.686116 0.000970 
4036.219005 0.000912 
4034.751894 0.000723 
4033.284783 0.000878 
4031.817672 0.000799 
4030.350560 0.000731 
4028.883449 0.000810 
4027.416338 0.000636 
4025.949227 0.000773 
4024.482116 0.000780 
4023.015005 0.000638 
4021.547894 0.000500 
4020.080783 0.000442 
4018.613672 0.000471 
4017.146561 0.000339 
4015.679449 0.000319 
4014.212338 0.000365 
4012.745227 0.000381 
4011.278116 0.000200 
4009.811005 0.000114 
4008.343894 0.000150 
4006.876783 0.000202 
4005.409672 0.000215 
4003.942561 0.000094 
4002.475449 0.000040 
4001.008338 -0.000093 
3999.541227 -0.000008 
3998.074116 0.000064 
3996.607005 -0.000059 
3995.139894 -0.000107 
3993.672783 -0.000034 
3992.205672 0.000066 
3990.738561 0.000016 
3989.271450 -0.000004 
3987.804338 -0.000012 
3986.337227 0.000077 
3984.870116 -0.000048 
3983.403005 -0.000020 
3981.935894 -0.000177 
3980.468783 0.000079 
3979.001672 -0.000064 
3977.534561 -0.000033 
3976.067450 0.000075 
3974.600339 0.000045 
3973.133227 -0.000058 
3971.666116 -0.000006 
3970.199005 0.000081 
3968.731894 -0.000032 
3967.264783 0.000096 
3965.797672 0.000206 
3964.330561 0.000015 
3962.863450 -0.000047 
3961.396339 -0.000049 
3959.929227 0.000096 
3958.462116 0.000045 
3956.995005 0.000002 
3955.527894 0.000210 
3954.060783 0.000110 
3952.593672 0.000252 
3951.126561 0.000098 
3949.659450 0.000091 
3948.192339 0.000290 
3946.725228 0.000272 
3945.258116 0.000163 
3943.791005 0.000250 
3942.323894 0.000003 
3940.856783 0.000191 
3939.389672 0.000324 
3937.922561 0.000196 
3936.455450 0.000345 
3934.988339 0.000130 
3933.521228 0.000301 
3932.054117 0.000166 
3930.587005 0.000228 
3929.119894 0.000293 
3927.652783 0.000238 
3926.185672 0.000260 
3924.718561 0.000159 
3923.251450 0.000255 
3921.784339 0.000355 
3920.317228 0.000455 
3918.850117 0.000127 
3917.383005 0.000233 
3915.915894 0.000245 
3914.448783 0.000313 
3912.981672 0.000334 
3911.514561 0.000376 
3910.047450 0.000268 
3908.580339 0.000284 
3907.113228 0.000244 
3905.646117 0.000284 
3904.179006 0.000289 
3902.711894 0.000287 
3901.244783 -0.000026 
3899.777672 0.000314 
3898.310561 0.000141 
3896.843450 0.000236 
3895.376339 0.000166 
3893.909228 0.000159 
3892.442117 0.000322 
3890.975006 0.000028 
3889.507894 0.000174 
3888.040783 0.000139 
3886.573672 0.000225 
3885.106561 -0.000240 
3883.639450 0.000051 
3882.172339 0.000185 
3880.705228 0.000250 
3879.238117 -0.000032 
3877.771006 0.000161 
3876.303895 0.000234 
3874.836783 0.000182 
3873.369672 -0.000086 
3871.902561 0.000165 
3870.435450 0.000000 
3868.968339 -0.000455 
3867.501228 0.000083 
3866.034117 0.000233 
3864.567006 -0.000286 
3863.099895 0.000098 
3861.632784 0.000101 
3860.165672 0.000143 
3858.698561 0.000174 
3857.231450 0.000155 
3855.764339 0.000069 
3854.297228 -0.000284 
3852.830117 -0.000644 
3851.363006 -0.000746 
3849.895895 0.000158 
3848.428784 0.000110 
3846.961672 0.000337 
3845.494561 0.000296 
3844.027450 0.000122 
3842.560339 0.000112 
3841.093228 0.000152 
3839.626117 0.000196 
3838.159006 0.000036 
3836.691895 -0.000209 
3835.224784 0.000225 
3833.757673 0.000099 
3832.290561 0.000335 
3830.823450 0.000119 
3829.356339 0.000357 
3827.889228 0.000350 
3826.422117 0.000340 
3824.955006 0.000505 
3823.487895 0.000468 
3822.020784 0.000340 
3820.553673 0.000059 
3819.086562 0.000388 
3817.619450 0.000582 
3816.152339 0.000389 
3814.685228 0.000436 
3813.218117 0.000705 
3811.751006 0.000623 
3810.283895 0.000714 
3808.816784 0.000802 
3807.349673 0.000758 
3805.882562 0.000395 
3804.415450 0.000910 
3802.948339 0.000859 
3801.481228 0.000603 
3800.014117 0.000413 
3798.547006 0.000724 
3797.079895 0.000582 
3795.612784 0.000472 
3794.145673 0.000699 
3792.678562 0.000541 
3791.211451 0.000464 
3789.744339 0.000345 
3788.277228 0.000387 
3786.810117 0.000196 
3785.343006 0.000187 
3783.875895 -0.000029 
3782.408784 0.000126 
3780.941673 0.000287 
3779.474562 0.000233 
3778.007451 0.000071 
3776.540340 0.000203 
3775.073228 0.000248 
3773.606117 0.000266 
3772.139006 0.000304 
3770.671895 0.000187 
3769.204784 -0.000137 
3767.737673 0.000192 
3766.270562 0.000263 
3764.803451 -0.000091 
3763.336340 0.000010 
3761.869228 0.000040 
3760.402117 -0.000048 
3758.935006 -0.000201 
3757.467895 0.000083 
3756.000784 -0.000043 
3754.533673 0.000233 
3753.066562 0.000120 
3751.599451 -0.000351 
3750.132340 0.000619 
3748.665229 0.000044 
3747.198117 0.001058 
3745.731006 0.001073 
3744.263895 -0.000289 
3742.796784 0.000283 
3741.329673 -0.000224 
3739.862562 -0.001014 
3738.395451 -0.001354 
3736.928340 -0.001621 
3735.461229 -0.001760 
3733.994118 -0.001528 
3732.527006 -0.001087 
3731.059895 -0.001058 
3729.592784 -0.000412 
3728.125673 -0.000058 
3726.658562 -0.000109 
3725.191451 -0.000226 
3723.724340 -0.000122 
3722.257229 -0.000231 
3720.790118 -0.000089 
3719.323006 -0.000059 
3717.855895 -0.000028 
3716.388784 -0.000109 
3714.921673 -0.000009 
3713.454562 0.000116 
3711.987451 -0.000346 
3710.520340 -0.000087 
3709.053229 -0.000084 
3707.586118 0.000150 
3706.119007 0.000298 
3704.651895 0.000316 
3703.184784 0.000334 
3701.717673 0.000304 
3700.250562 0.000161 
3698.783451 0.000173 
3697.316340 0.000153 
3695.849229 0.000112 
3694.382118 0.000164 
3692.915007 0.000100 
3691.447895 0.000067 
3689.980784 -0.000180 
3688.513673 -0.000207 
3687.046562 -0.000412 
3685.579451 -0.000063 
3684.112340 -0.000118 
3682.645229 -0.000080 
3681.178118 -0.000152 
3679.711007 -0.000271 
3678.243896 -0.000292 
3676.776784 -0.000019 
3675.309673 -0.000926 
3673.842562 -0.000417 
3672.375451 -0.000132 
3670.908340 -0.000156 
3669.441229 -0.000273 
3667.974118 -0.000196 
3666.507007 0.000125 
3665.039896 0.000342 
3663.572785 0.000524 
3662.105673 0.000742 
3660.638562 0.000960 
3659.171451 0.001250 
3657.704340 0.001426 
3656.237229 0.001223 
3654.770118 0.001718 
3653.303007 0.002045 
3651.835896 0.002399 
3650.368785 0.002311 
3648.901673 0.002300 
3647.434562 0.002842 
3645.967451 0.003009 
3644.500340 0.003559 
3643.033229 0.003820 
3641.566118 0.004107 
3640.099007 0.004408 
3638.631896 0.004645 
3637.164785 0.004864 
3635.697674 0.005209 
3634.230562 0.005536 
3632.763451 0.005819 
3631.296340 0.006194 
3629.829229 0.006426 
3628.362118 0.006154 
3626.895007 0.007042 
3625.427896 0.007439 
3623.960785 0.007807 
3622.493674 0.008160 
3621.026563 0.008595 
3619.559451 0.008717 
3618.092340 0.009370 
3616.625229 0.009722 
3615.158118 0.010236 
3613.691007 0.010657 
3612.223896 0.010811 
3610.756785 0.011546 
3609.289674 0.011928 
3607.822563 0.012283 
3606.355451 0.012862 
3604.888340 0.013621 
3603.421229 0.014085 
3601.954118 0.014497 
3600.487007 0.014933 
3599.019896 0.015619 
3597.552785 0.016144 
3596.085674 0.016807 
3594.618563 0.017204 
3593.151452 0.018020 
3591.684340 0.018643 
3590.217229 0.019199 
3588.750118 0.019745 
3587.283007 0.020431 
3585.815896 0.020984 
3584.348785 0.021913 
3582.881674 0.022671 
3581.414563 0.023363 
3579.947452 0.024033 
3578.480341 0.024725 
3577.013229 0.025453 
3575.546118 0.026299 
3574.079007 0.026992 
3572.611896 0.027982 
3571.144785 0.028723 
3569.677674 0.029520 
3568.210563 0.030242 
3566.743452 0.031073 
3565.276341 0.032020 
3563.809229 0.033090 
3562.342118 0.033894 
3560.875007 0.035002 
3559.407896 0.035948 
3557.940785 0.036894 
3556.473674 0.037973 
3555.006563 0.038995 
3553.539452 0.039942 
3552.072341 0.040945 
3550.605230 0.041915 
3549.138118 0.043223 
3547.671007 0.044243 
3546.203896 0.045272 
3544.736785 0.046607 
3543.269674 0.047783 
3541.802563 0.049103 
3540.335452 0.050314 
3538.868341 0.051475 
3537.401230 0.052688 
3535.934119 0.053977 
3534.467007 0.055290 
3532.999896 0.056721 
3531.532785 0.058199 
3530.065674 0.059402 
3528.598563 0.060791 
3527.131452 0.062410 
3525.664341 0.063997 
3524.197230 0.065423 
3522.730119 0.067007 
3521.263007 0.068530 
3519.795896 0.070251 
3518.328785 0.071841 
3516.861674 0.073585 
3515.394563 0.075339 
3513.927452 0.077064 
3512.460341 0.079033 
3510.993230 0.080771 
3509.526119 0.082720 
3508.059008 0.084760 
3506.591896 0.086730 
3505.124785 0.088779 
3503.657674 0.090814 
3502.190563 0.093106 
3500.723452 0.095347 
3499.256341 0.097552 
3497.789230 0.099873 
3496.322119 0.102244 
3494.855008 0.104615 
3493.387896 0.107080 
3491.920785 0.109670 
3490.453674 0.112358 
3488.986563 0.114965 
3487.519452 0.117693 
3486.052341 0.120517 
3484.585230 0.123345 
3483.118119 0.126417 
3481.651008 0.129432 
3480.183897 0.132656 
3478.716785 0.135721 
3477.249674 0.139099 
3475.782563 0.142496 
3474.315452 0.146191 
3472.848341 0.149810 
3471.381230 0.153558 
3469.914119 0.157488 
3468.447008 0.161526 
3466.979897 0.165822 
3465.512786 0.169978 
3464.045674 0.174485 
3462.578563 0.179101 
3461.111452 0.183967 
3459.644341 0.188769 
3458.177230 0.193880 
3456.710119 0.199105 
3455.243008 0.204618 
3453.775897 0.210288 
3452.308786 0.215921 
3450.841674 0.221901 
3449.374563 0.228030 
3447.907452 0.234261 
3446.440341 0.240516 
3444.973230 0.247163 
3443.506119 0.253839 
3442.039008 0.260761 
3440.571897 0.267654 
3439.104786 0.274649 
3437.637675 0.281942 
3436.170563 0.288905 
3434.703452 0.296272 
3433.236341 0.303818 
3431.769230 0.311074 
3430.302119 0.318536 
3428.835008 0.325919 
3427.367897 0.333329 
3425.900786 0.340967 
3424.433675 0.348409 
3422.966564 0.355816 
3421.499452 0.363195 
3420.032341 0.370808 
3418.565230 0.378215 
3417.098119 0.385398 
3415.631008 0.392599 
3414.163897 0.399890 
3412.696786 0.407101 
3411.229675 0.414205 
3409.762564 0.421325 
3408.295452 0.428373 
3406.828341 0.435168 
3405.361230 0.442109 
3403.894119 0.448683 
3402.427008 0.455343 
3400.959897 0.462373 
3399.492786 0.468635 
3398.025675 0.475036 
3396.558564 0.481683 
3395.091453 0.487664 
3393.624341 0.493692 
3392.157230 0.500000 
3390.690119 0.505671 
3389.223008 0.511304 
3387.755897 0.516933 
3386.288786 0.522443 
3384.821675 0.528193 
3383.354564 0.533024 
3381.887453 0.538359 
3380.420342 0.543145 
3378.953230 0.548067 
3377.486119 0.552494 
3376.019008 0.557112 
3374.551897 0.561444 
3373.084786 0.565508 
3371.617675 0.569699 
3370.150564 0.573546 
3368.683453 0.577560 
3367.216342 0.581056 
3365.749230 0.584828 
3364.282119 0.588391 
3362.815008 0.591915 
3361.347897 0.595249 
3359.880786 0.598400 
3358.413675 0.601716 
3356.946564 0.604695 
3355.479453 0.608159 
3354.012342 0.611130 
3352.545231 0.614285 
3351.078119 0.617152 
3349.611008 0.620264 
3348.143897 0.623388 
3346.676786 0.626595 
3345.209675 0.629682 
3343.742564 0.632893 
3342.275453 0.636086 
3340.808342 0.639217 
3339.341231 0.643023 
3337.874120 0.646295 
3336.407008 0.649864 
3334.939897 0.653568 
3333.472786 0.657168 
3332.005675 0.661424 
3330.538564 0.665659 
3329.071453 0.669895 
3327.604342 0.674097 
3326.137231 0.678907 
3324.670120 0.683690 
3323.203008 0.688638 
3321.735897 0.693786 
3320.268786 0.699123 
3318.801675 0.704453 
3317.334564 0.710362 
3315.867453 0.716449 
3314.400342 0.722178 
3312.933231 0.728722 
3311.466120 0.734582 
3309.999009 0.741288 
3308.531897 0.748390 
3307.064786 0.755120 
3305.597675 0.762228 
3304.130564 0.769734 
3302.663453 0.777229 
3301.196342 0.784931 
3299.729231 0.793251 
3298.262120 0.801134 
3296.795009 0.809631 
3295.327897 0.818397 
3293.860786 0.826916 
3292.393675 0.836198 
3290.926564 0.845024 
3289.459453 0.855043 
3287.992342 0.864972 
3286.525231 0.875280 
3285.058120 0.885750 
3283.591009 0.897078 
3282.123898 0.908045 
3280.656786 0.919623 
3279.189675 0.931229 
3277.722564 0.943481 
3276.255453 0.956926 
3274.788342 0.969990 
3273.321231 0.982948 
3271.854120 0.997152 
3270.387009 1.011457 
3268.919898 1.026797 
3267.452787 1.041216 
3265.985675 1.057458 
3264.518564 1.074221 
3263.051453 1.089960 
3261.584342 1.107800 
3260.117231 1.124335 
3258.650120 1.143488 
3257.183009 1.160311 
3255.715898 1.177943 
3254.248787 1.197107 
3252.781675 1.215062 
3251.314564 1.231979 
3249.847453 1.249865 
3248.380342 1.268929 
3246.913231 1.285736 
3245.446120 1.301551 
3243.979009 1.315959 
3242.511898 1.331816 
3241.044787 1.343385 
3239.577676 1.354210 
3238.110564 1.364486 
3236.643453 1.372793 
3235.176342 1.378047 
3233.709231 1.381034 
3232.242120 1.382655 
3230.775009 1.381363 
3229.307898 1.378269 
3227.840787 1.374391 
3226.373676 1.368748 
3224.906565 1.359175 
3223.439453 1.351529 
3221.972342 1.339981 
3220.505231 1.328359 
3219.038120 1.316228 
3217.571009 1.303315 
3216.103898 1.288053 
3214.636787 1.274313 
3213.169676 1.260559 
3211.702565 1.245177 
3210.235453 1.231304 
3208.768342 1.216441 
3207.301231 1.203411 
3205.834120 1.189766 
3204.367009 1.175276 
3202.899898 1.161731 
3201.432787 1.149045 
3199.965676 1.137017 
3198.498565 1.125722 
3197.031454 1.113674 
3195.564342 1.102595 
3194.097231 1.093634 
3192.630120 1.083062 
3191.163009 1.073940 
3189.695898 1.065095 
3188.228787 1.056609 
3186.761676 1.049482 
3185.294565 1.040731 
3183.827454 1.033759 
3182.360343 1.027753 
3180.893231 1.021568 
3179.426120 1.014827 
3177.959009 1.008818 
3176.491898 1.004023 
3175.024787 0.999086 
3173.557676 0.993901 
3172.090565 0.988920 
3170.623454 0.984108 
3169.156343 0.979757 
3167.689231 0.974654 
3166.222120 0.970031 
3164.755009 0.965725 
3163.287898 0.961057 
3161.820787 0.956009 
3160.353676 0.950755 
3158.886565 0.945476 
3157.419454 0.939963 
3155.952343 0.934149 
3154.485232 0.928816 
3153.018120 0.921492 
3151.551009 0.914935 
3150.083898 0.907326 
3148.616787 0.900152 
3147.149676 0.892077 
3145.682565 0.882998 
3144.215454 0.874315 
3142.748343 0.864585 
3141.281232 0.854327 
3139.814121 0.843807 
3138.347009 0.832645 
3136.879898 0.821155 
3135.412787 0.808757 
3133.945676 0.796216 
3132.478565 0.783248 
3131.011454 0.769442 
3129.544343 0.755777 
3128.077232 0.741486 
3126.610121 0.726980 
3125.143009 0.712200 
3123.675898 0.697236 
3122.208787 0.681742 
3120.741676 0.666209 
3119.274565 0.650423 
3117.807454 0.634832 
3116.340343 0.619286 
3114.873232 0.603459 
3113.406121 0.588001 
3111.939010 0.572433 
3110.471898 0.557099 
3109.004787 0.541729 
3107.537676 0.526800 
3106.070565 0.512121 
3104.603454 0.497646 
3103.136343 0.483343 
3101.669232 0.469359 
3100.202121 0.456146 
3098.735010 0.443110 
3097.267898 0.430426 
3095.800787 0.418184 
3094.333676 0.406149 
3092.866565 0.394666 
3091.399454 0.383634 
3089.932343 0.372912 
3088.465232 0.362734 
3086.998121 0.352900 
3085.531010 0.343487 
3084.063899 0.334228 
3082.596787 0.325386 
3081.129676 0.316661 
3079.662565 0.308485 
3078.195454 0.300665 
3076.728343 0.293052 
3075.261232 0.285585 
3073.794121 0.278565 
3072.327010 0.271834 
3070.859899 0.265203 
3069.392788 0.258818 
3067.925676 0.252834 
3066.458565 0.246687 
3064.991454 0.241078 
3063.524343 0.235536 
3062.057232 0.230229 
3060.590121 0.224912 
3059.123010 0.219940 
3057.655899 0.215129 
3056.188788 0.210286 
3054.721676 0.205876 
3053.254565 0.201392 
3051.787454 0.197123 
3050.320343 0.192971 
3048.853232 0.189059 
3047.386121 0.185343 
3045.919010 0.181615 
3044.451899 0.177975 
3042.984788 0.174440 
3041.517677 0.171211 
3040.050565 0.167938 
3038.583454 0.164808 
3037.116343 0.161769 
3035.649232 0.158835 
3034.182121 0.156028 
3032.715010 0.153221 
3031.247899 0.150653 
3029.780788 0.148119 
3028.313677 0.145557 
3026.846566 0.143229 
3025.379454 0.140875 
3023.912343 0.138542 
3022.445232 0.136108 
3020.978121 0.133814 
3019.511010 0.131676 
3018.043899 0.129583 
3016.576788 0.127464 
3015.109677 0.125470 
3013.642566 0.123526 
3012.175454 0.121536 
3010.708343 0.119666 
3009.241232 0.117805 
3007.774121 0.116037 
3006.307010 0.114272 
3004.839899 0.112452 
3003.372788 0.110800 
3001.905677 0.109059 
3000.438566 0.107407 
2998.971455 0.105767 
2997.504343 0.104060 
2996.037232 0.102497 
2994.570121 0.100946 
2993.103010 0.099365 
2991.635899 0.097939 
2990.168788 0.096368 
2988.701677 0.094873 
2987.234566 0.093365 
2985.767455 0.091989 
2984.300344 0.090608 
2982.833232 0.089221 
2981.366121 0.087875 
2979.899010 0.086550 
2978.431899 0.085221 
2976.964788 0.083976 
2975.497677 0.082709 
2974.030566 0.081601 
2972.563455 0.080369 
2971.096344 0.079229 
2969.629232 0.078158 
2968.162121 0.077081 
2966.695010 0.076128 
2965.227899 0.075120 
2963.760788 0.074157 
2962.293677 0.073145 
2960.826566 0.072248 
2959.359455 0.071432 
2957.892344 0.070489 
2956.425233 0.069548 
2954.958121 0.068618 
2953.491010 0.067685 
2952.023899 0.066654 
2950.556788 0.065401 
2949.089677 0.064204 
2947.622566 0.063003 
2946.155455 0.062060 
2944.688344 0.061073 
2943.221233 0.060320 
2941.754122 0.059664 
2940.287010 0.058982 
2938.819899 0.058475 
2937.352788 0.057868 
2935.885677 0.057282 
2934.418566 0.056853 
2932.951455 0.056306 
2931.484344 0.055791 
2930.017233 0.055216 
2928.550122 0.054704 
2927.083010 0.054207 
2925.615899 0.053679 
2924.148788 0.053108 
2922.681677 0.052558 
2921.214566 0.052044 
2919.747455 0.051523 
2918.280344 0.051024 
2916.813233 0.050226 
2915.346122 0.049156 
2913.879011 0.048063 
2912.411899 0.046886 
2910.944788 0.045940 
2909.477677 0.045090 
2908.010566 0.044376 
2906.543455 0.043719 
2905.076344 0.043049 
2903.609233 0.042477 
2902.142122 0.041795 
2900.675011 0.041086 
2899.207899 0.040429 
2897.740788 0.039819 
2896.273677 0.039267 
2894.806566 0.038600 
2893.339455 0.037968 
2891.872344 0.037363 
2890.405233 0.036758 
2888.938122 0.036157 
2887.471011 0.035599 
2886.003900 0.035121 
2884.536788 0.034560 
2883.069677 0.034134 
2881.602566 0.033589 
2880.135455 0.033197 
2878.668344 0.032707 
2877.201233 0.032349 
2875.734122 0.032017 
2874.267011 0.031708 
2872.799900 0.031486 
2871.332789 0.031131 
2869.865677 0.030759 
2868.398566 0.030260 
2866.931455 0.029845 
2865.464344 0.029409 
2863.997233 0.029149 
2862.530122 0.028873 
2861.063011 0.028734 
2859.595900 0.028699 
2858.128789 0.028653 
2856.661677 0.028464 
2855.194566 0.028342 
2853.727455 0.027975 
2852.260344 0.027795 
2850.793233 0.027574 
2849.326122 0.027467 
2847.859011 0.027007 
2846.391900 0.025970 
2844.924789 0.025193 
2843.457678 0.024561 
2841.990566 0.024045 
2840.523455 0.023712 
2839.056344 0.023301 
2837.589233 0.022912 
2836.122122 0.022750 
2834.655011 0.022502 
2833.187900 0.022241 
2831.720789 0.022002 
2830.253678 0.021784 
2828.786567 0.021498 
2827.319455 0.021291 
2825.852344 0.021021 
2824.385233 0.020856 
2822.918122 0.020618 
2821.451011 0.020425 
2819.983900 0.020166 
2818.516789 0.019974 
2817.049678 0.019817 
2815.582567 0.019567 
2814.115455 0.019436 
2812.648344 0.019223 
2811.181233 0.019058 
2809.714122 0.018888 
2808.247011 0.018652 
2806.779900 0.018521 
2805.312789 0.018393 
2803.845678 0.018249 
2802.378567 0.018077 
2800.911456 0.017874 
2799.444344 0.017744 
2797.977233 0.017577 
2796.510122 0.017407 
2795.043011 0.017284 
2793.575900 0.017126 
2792.108789 0.017033 
2790.641678 0.016918 
2789.174567 0.016697 
2787.707456 0.016507 
2786.240345 0.016520 
2784.773233 0.016324 
2783.306122 0.016205 
2781.839011 0.016064 
2780.371900 0.015979 
2778.904789 0.015818 
2777.437678 0.015759 
2775.970567 0.015647 
2774.503456 0.015524 
2773.036345 0.015415 
2771.569233 0.015379 
2770.102122 0.015252 
2768.635011 0.015111 
2767.167900 0.014993 
2765.700789 0.014879 
2764.233678 0.014758 
2762.766567 0.014684 
2761.299456 0.014546 
2759.832345 0.014482 
2758.365234 0.014421 
2756.898122 0.014283 
2755.431011 0.014214 
2753.963900 0.014079 
2752.496789 0.014025 
2751.029678 0.013991 
2749.562567 0.013975 
2748.095456 0.013821 
2746.628345 0.013759 
2745.161234 0.013684 
2743.694123 0.013587 
2742.227011 0.013531 
2740.759900 0.013443 
2739.292789 0.013406 
2737.825678 0.013373 
2736.358567 0.013287 
2734.891456 0.013231 
2733.424345 0.013167 
2731.957234 0.013042 
2730.490123 0.013071 
2729.023011 0.012911 
2727.555900 0.012913 
2726.088789 0.012818 
2724.621678 0.012768 
2723.154567 0.012709 
2721.687456 0.012581 
2720.220345 0.012598 
2718.753234 0.012521 
2717.286123 0.012529 
2715.819012 0.012439 
2714.351900 0.012410 
2712.884789 0.012361 
2711.417678 0.012363 
2709.950567 0.012330 
2708.483456 0.012256 
2707.016345 0.012199 
2705.549234 0.012146 
2704.082123 0.012119 
2702.615012 0.012117 
2701.147901 0.012083 
2699.680789 0.012025 
2698.213678 0.011946 
2696.746567 0.011924 
2695.279456 0.011938 
2693.812345 0.011879 
2692.345234 0.011886 
2690.878123 0.011813 
2689.411012 0.011796 
2687.943901 0.011790 
2686.476789 0.011714 
2685.009678 0.011812 
2683.542567 0.011709 
2682.075456 0.011724 
2680.608345 0.011681 
2679.141234 0.011674 
2677.674123 0.011701 
2676.207012 0.011664 
2674.739901 0.011651 
2673.272790 0.011654 
2671.805678 0.011639 
2670.338567 0.011575 
2668.871456 0.011656 
2667.404345 0.011583 
2665.937234 0.011531 
2664.470123 0.011574 
2663.003012 0.011578 
2661.535901 0.011574 
2660.068790 0.011580 
2658.601678 0.011600 
2657.134567 0.011571 
2655.667456 0.011625 
2654.200345 0.011683 
2652.733234 0.011610 
2651.266123 0.011590 
2649.799012 0.011631 
2648.331901 0.011676 
2646.864790 0.011658 
2645.397679 0.011721 
2643.930567 0.011697 
2642.463456 0.011739 
2640.996345 0.011799 
2639.529234 0.011784 
2638.062123 0.011777 
2636.595012 0.011839 
2635.127901 0.011845 
2633.660790 0.011881 
2632.193679 0.011914 
2630.726568 0.011937 
2629.259456 0.012011 
2627.792345 0.012013 
2626.325234 0.012025 
2624.858123 0.012073 
2623.391012 0.012136 
2621.923901 0.012154 
2620.456790 0.012124 
2618.989679 0.012191 
2617.522568 0.012308 
2616.055456 0.012313 
2614.588345 0.012325 
2613.121234 0.012355 
2611.654123 0.012385 
2610.187012 0.012459 
2608.719901 0.012456 
2607.252790 0.012531 
2605.785679 0.012586 
2604.318568 0.012552 
2602.851457 0.012650 
2601.384345 0.012623 
2599.917234 0.012626 
2598.450123 0.012690 
2596.983012 0.012799 
2595.515901 0.012776 
2594.048790 0.012863 
2592.581679 0.012927 
2591.114568 0.012934 
2589.647457 0.012944 
2588.180346 0.013035 
2586.713234 0.013095 
2585.246123 0.013081 
2583.779012 0.013224 
2582.311901 0.013219 
2580.844790 0.013246 
2579.377679 0.013291 
2577.910568 0.013366 
2576.443457 0.013375 
2574.976346 0.013446 
2573.509234 0.013439 
2572.042123 0.013492 
2570.575012 0.013566 
2569.107901 0.013607 
2567.640790 0.013671 
2566.173679 0.013686 
2564.706568 0.013695 
2563.239457 0.013796 
2561.772346 0.013799 
2560.305235 0.013773 
2558.838123 0.013895 
2557.371012 0.013943 
2555.903901 0.013972 
2554.436790 0.014034 
2552.969679 0.014096 
2551.502568 0.014157 
2550.035457 0.014124 
2548.568346 0.014246 
2547.101235 0.014277 
2545.634124 0.014310 
2544.167012 0.014340 
2542.699901 0.014351 
2541.232790 0.014434 
2539.765679 0.014505 
2538.298568 0.014516 
2536.831457 0.014519 
2535.364346 0.014608 
2533.897235 0.014644 
2532.430124 0.014675 
2530.963012 0.014707 
2529.495901 0.014759 
2528.028790 0.014837 
2526.561679 0.014843 
2525.094568 0.014918 
2523.627457 0.015007 
2522.160346 0.015027 
2520.693235 0.015108 
2519.226124 0.015149 
2517.759013 0.015176 
2516.291901 0.015235 
2514.824790 0.015260 
2513.357679 0.015325 
2511.890568 0.015302 
2510.423457 0.015376 
2508.956346 0.015431 
2507.489235 0.015423 
2506.022124 0.015564 
2504.555013 0.015523 
2503.087902 0.015591 
2501.620790 0.015653 
2500.153679 0.015694 
2498.686568 0.015748 
2497.219457 0.015771 
2495.752346 0.015819 
2494.285235 0.015890 
2492.818124 0.015938 
2491.351013 0.015984 
2489.883902 0.016037 
2488.416790 0.016125 
2486.949679 0.016148 
2485.482568 0.016199 
2484.015457 0.016223 
2482.548346 0.016275 
2481.081235 0.016375 
2479.614124 0.016423 
2478.147013 0.016456 
2476.679902 0.016443 
2475.212791 0.016501 
2473.745679 0.016551 
2472.278568 0.016591 
2470.811457 0.016676 
2469.344346 0.016725 
2467.877235 0.016745 
2466.410124 0.016780 
2464.943013 0.016839 
2463.475902 0.016876 
2462.008791 0.016917 
2460.541679 0.016964 
2459.074568 0.017080 
2457.607457 0.017131 
2456.140346 0.017133 
2454.673235 0.017153 
2453.206124 0.017150 
2451.739013 0.017263 
2450.271902 0.017328 
2448.804791 0.017409 
2447.337680 0.017470 
2445.870568 0.017412 
2444.403457 0.017494 
2442.936346 0.017564 
2441.469235 0.017677 
2440.002124 0.017771 
2438.535013 0.017854 
2437.067902 0.017920 
2435.600791 0.018017 
2434.133680 0.018122 
2432.666569 0.018245 
2431.199457 0.018378 
2429.732346 0.018509 
2428.265235 0.018600 
2426.798124 0.018671 
2425.331013 0.018735 
2423.863902 0.018705 
2422.396791 0.018722 
2420.929680 0.018712 
2419.462569 0.018671 
2417.995457 0.018735 
2416.528346 0.018660 
2415.061235 0.018610 
2413.594124 0.018614 
2412.127013 0.018560 
2410.659902 0.018571 
2409.192791 0.018656 
2407.725680 0.018679 
2406.258569 0.018706 
2404.791458 0.018700 
2403.324346 0.018715 
2401.857235 0.018818 
2400.390124 0.018838 
2398.923013 0.018911 
2397.455902 0.018946 
2395.988791 0.019034 
2394.521680 0.019116 
2393.054569 0.019119 
2391.587458 0.019213 
2390.120347 0.019219 
2388.653235 0.019254 
2387.186124 0.019397 
2385.719013 0.019405 
2384.251902 0.019410 
2382.784791 0.019424 
2381.317680 0.019463 
2379.850569 0.019490 
2378.383458 0.019375 
2376.916347 0.019223 
2375.449235 0.018977 
2373.982124 0.019152 
2372.515013 0.018680 
2371.047902 0.018046 
2369.580791 0.018827 
2368.113680 0.017503 
2366.646569 0.018883 
2365.179458 0.016971 
2363.712347 0.018552 
2362.245236 0.016326 
2360.778124 0.018719 
2359.311013 0.017531 
2357.843902 0.018029 
2356.376791 0.019539 
2354.909680 0.018349 
2353.442569 0.019638 
2351.975458 0.020232 
2350.508347 0.020202 
2349.041236 0.020985 
2347.574125 0.020889 
2346.107013 0.020841 
2344.639902 0.021534 
2343.172791 0.021085 
2341.705680 0.020040 
2340.238569 0.019311 
2338.771458 0.020026 
2337.304347 0.020781 
2335.837236 0.021243 
2334.370125 0.021208 
2332.903013 0.021000 
2331.435902 0.020525 
2329.968791 0.021006 
2328.501680 0.021987 
2327.034569 0.023510 
2325.567458 0.023168 
2324.100347 0.022197 
2322.633236 0.021724 
2321.166125 0.022942 
2319.699014 0.023737 
2318.231902 0.023469 
2316.764791 0.023574 
2315.297680 0.024431 
2313.830569 0.024897 
2312.363458 0.024844 
2310.896347 0.025172 
2309.429236 0.025570 
2307.962125 0.025527 
2306.495014 0.025722 
2305.027903 0.026174 
2303.560791 0.026229 
2302.093680 0.026422 
2300.626569 0.026703 
2299.159458 0.026889 
2297.692347 0.026973 
2296.225236 0.027259 
2294.758125 0.027481 
2293.291014 0.027625 
2291.823903 0.027852 
2290.356791 0.028002 
2288.889680 0.028186 
2287.422569 0.028394 
2285.955458 0.028520 
2284.488347 0.028737 
2283.021236 0.028904 
2281.554125 0.029065 
2280.087014 0.029218 
2278.619903 0.029388 
2277.152792 0.029495 
2275.685680 0.029697 
2274.218569 0.029904 
2272.751458 0.030014 
2271.284347 0.030159 
2269.817236 0.030254 
2268.350125 0.030438 
2266.883014 0.030563 
2265.415903 0.030707 
2263.948792 0.030845 
2262.481680 0.030940 
2261.014569 0.031131 
2259.547458 0.031183 
2258.080347 0.031281 
2256.613236 0.031339 
2255.146125 0.031444 
2253.679014 0.031484 
2252.211903 0.031626 
2250.744792 0.031638 
2249.277681 0.031704 
2247.810569 0.031692 
2246.343458 0.031784 
2244.876347 0.031756 
2243.409236 0.031772 
2241.942125 0.031840 
2240.475014 0.031833 
2239.007903 0.031836 
2237.540792 0.031769 
2236.073681 0.031787 
2234.606570 0.031731 
2233.139458 0.031687 
2231.672347 0.031654 
2230.205236 0.031560 
2228.738125 0.031519 
2227.271014 0.031382 
2225.803903 0.031294 
2224.336792 0.031182 
2222.869681 0.031078 
2221.402570 0.030977 
2219.935458 0.030817 
2218.468347 0.030716 
2217.001236 0.030539 
2215.534125 0.030429 
2214.067014 0.030293 
2212.599903 0.030106 
2211.132792 0.029904 
2209.665681 0.029702 
2208.198570 0.029457 
2206.731459 0.029276 
2205.264347 0.029040 
2203.797236 0.028867 
2202.330125 0.028625 
2200.863014 0.028392 
2199.395903 0.028062 
2197.928792 0.027860 
2196.461681 0.027611 
2194.994570 0.027382 
2193.527459 0.027139 
2192.060348 0.026772 
2190.593236 0.026561 
2189.126125 0.026224 
2187.659014 0.026013 
2186.191903 0.025727 
2184.724792 0.025400 
2183.257681 0.025074 
2181.790570 0.024803 
2180.323459 0.024454 
2178.856348 0.024163 
2177.389236 0.023881 
2175.922125 0.023541 
2174.455014 0.023227 
2172.987903 0.022983 
2171.520792 0.022628 
2170.053681 0.022347 
2168.586570 0.022028 
2167.119459 0.021795 
2165.652348 0.021488 
2164.185237 0.021238 
2162.718125 0.020890 
2161.251014 0.020563 
2159.783903 0.020286 
2158.316792 0.019955 
2156.849681 0.019562 
2155.382570 0.019195 
2153.915459 0.018792 
2152.448348 0.018378 
2150.981237 0.017902 
2149.514126 0.017526 
2148.047014 0.017205 
2146.579903 0.016908 
2145.112792 0.016656 
2143.645681 0.016445 
2142.178570 0.016164 
2140.711459 0.015973 
2139.244348 0.015747 
2137.777237 0.015459 
2136.310126 0.015225 
2134.843014 0.014953 
2133.375903 0.014720 
2131.908792 0.014492 
2130.441681 0.014147 
2128.974570 0.013928 
2127.507459 0.013636 
2126.040348 0.013421 
2124.573237 0.013166 
2123.106126 0.012898 
2121.639015 0.012691 
2120.171903 0.012388 
2118.704792 0.012204 
2117.237681 0.011909 
2115.770570 0.011696 
2114.303459 0.011540 
2112.836348 0.011238 
2111.369237 0.011053 
2109.902126 0.010782 
2108.435015 0.010562 
2106.967904 0.010323 
2105.500792 0.010092 
2104.033681 0.009904 
2102.566570 0.009657 
2101.099459 0.009459 
2099.632348 0.009202 
2098.165237 0.009011 
2096.698126 0.008780 
2095.231015 0.008555 
2093.763904 0.008325 
2092.296792 0.008114 
2090.829681 0.007873 
2089.362570 0.007666 
2087.895459 0.007503 
2086.428348 0.007294 
2084.961237 0.007087 
2083.494126 0.006904 
2082.027015 0.006757 
2080.559904 0.006602 
2079.092793 0.006380 
2077.625681 0.006239 
2076.158570 0.006055 
2074.691459 0.005864 
2073.224348 0.005767 
2071.757237 0.005603 
2070.290126 0.005460 
2068.823015 0.005281 
2067.355904 0.005162 
2065.888793 0.004967 
2064.421681 0.004845 
2062.954570 0.004647 
2061.487459 0.004497 
2060.020348 0.004361 
2058.553237 0.004232 
2057.086126 0.004072 
2055.619015 0.003928 
2054.151904 0.003805 
2052.684793 0.003642 
2051.217682 0.003545 
2049.750570 0.003444 
2048.283459 0.003286 
2046.816348 0.003163 
2045.349237 0.003039 
2043.882126 0.002933 
2042.415015 0.002791 
2040.947904 0.002687 
2039.480793 0.002593 
2038.013682 0.002507 
2036.546571 0.002359 
2035.079459 0.002243 
2033.612348 0.002136 
2032.145237 0.002014 
2030.678126 0.001974 
2029.211015 0.001894 
2027.743904 0.001728 
2026.276793 0.001630 
2024.809682 0.001553 
2023.342571 0.001443 
2021.875459 0.001315 
2020.408348 0.001281 
2018.941237 0.001196 
2017.474126 0.001153 
2016.007015 0.001044 
2014.539904 0.000989 
2013.072793 0.000912 
2011.605682 0.000824 
2010.138571 0.000786 
2008.671460 0.000705 
2007.204348 0.000645 
2005.737237 0.000582 
2004.270126 0.000548 
2002.803015 0.000515 
2001.335904 0.000418 
1999.868793 0.000392 
1998.401682 0.000307 
1996.934571 0.000295 
1995.467460 0.000239 
1994.000349 0.000227 
1992.533237 0.000164 
1991.066126 0.000091 
1989.599015 0.000110 
1988.131904 0.000050 
1986.664793 0.000079 
1985.197682 0.000060 
1983.730571 0.000034 
1982.263460 0.000051 
1980.796349 0.000033 
1979.329237 0.000066 
1977.862126 0.000005 
1976.395015 0.000009 
1974.927904 -0.000043 
1973.460793 -0.000041 
1971.993682 -0.000021 
1970.526571 -0.000041 
1969.059460 -0.000031 
1967.592349 -0.000065 
1966.125238 0.000001 
1964.658126 -0.000049 
1963.191015 -0.000023 
1961.723904 -0.000043 
1960.256793 -0.000029 
1958.789682 -0.000021 
1957.322571 -0.000214 
1955.855460 -0.000041 
1954.388349 -0.000079 
1952.921238 -0.000068 
1951.454127 -0.000016 
1949.987015 -0.000034 
1948.519904 0.000013 
1947.052793 0.000042 
1945.585682 0.000056 
1944.118571 0.000057 
1942.651460 -0.000052 
1941.184349 0.000045 
1939.717238 -0.000006 
1938.250127 -0.000017 
1936.783015 -0.000031 
1935.315904 -0.000005 
1933.848793 -0.000049 
1932.381682 -0.000030 
1930.914571 -0.000023 
1929.447460 -0.000029 
1927.980349 0.000031 
1926.513238 0.000009 
1925.046127 0.000104 
1923.579016 0.000088 
1922.111904 0.000113 
1920.644793 0.000227 
1919.177682 0.000230 
1917.710571 0.000161 
1916.243460 0.000349 
1914.776349 0.000453 
1913.309238 0.000491 
1911.842127 0.000486 
1910.375016 0.000513 
1908.907905 0.000610 
1907.440793 0.000678 
1905.973682 0.000712 
1904.506571 0.000762 
1903.039460 0.000790 
1901.572349 0.000853 
1900.105238 0.000906 
1898.638127 0.000997 
1897.171016 0.001067 
1895.703905 0.001063 
1894.236793 0.001116 
1892.769682 0.001240 
1891.302571 0.001263 
1889.835460 0.001278 
1888.368349 0.001355 
1886.901238 0.001493 
1885.434127 0.001572 
1883.967016 0.001633 
1882.499905 0.001722 
1881.032794 0.001811 
1879.565682 0.001880 
1878.098571 0.001970 
1876.631460 0.002025 
1875.164349 0.002064 
1873.697238 0.002132 
1872.230127 0.002209 
1870.763016 0.002282 
1869.295905 0.002282 
1867.828794 0.002336 
1866.361682 0.002480 
1864.894571 0.002596 
1863.427460 0.002674 
1861.960349 0.002739 
1860.493238 0.002803 
1859.026127 0.002946 
1857.559016 0.002992 
1856.091905 0.003093 
1854.624794 0.003180 
1853.157683 0.003271 
1851.690571 0.003370 
1850.223460 0.003459 
1848.756349 0.003575 
1847.289238 0.003661 
1845.822127 0.003766 
1844.355016 0.003610 
1842.887905 0.003901 
1841.420794 0.004064 
1839.953683 0.004131 
1838.486572 0.004234 
1837.019460 0.004294 
1835.552349 0.004430 
1834.085238 0.004535 
1832.618127 0.004601 
1831.151016 0.004722 
1829.683905 0.004626 
1828.216794 0.004959 
1826.749683 0.005142 
1825.282572 0.005109 
1823.815460 0.005310 
1822.348349 0.005451 
1820.881238 0.005605 
1819.414127 0.005759 
1817.947016 0.005909 
1816.479905 0.006106 
1815.012794 0.006151 
1813.545683 0.006286 
1812.078572 0.006406 
1810.611461 0.006454 
1809.144349 0.006705 
1807.677238 0.006844 
1806.210127 0.007020 
1804.743016 0.007129 
1803.275905 0.007269 
1801.808794 0.007362 
1800.341683 0.007462 
1798.874572 0.007611 
1797.407461 0.007840 
1795.940350 0.008049 
1794.473238 0.008201 
1793.006127 0.008165 
1791.539016 0.008304 
1790.071905 0.008622 
1788.604794 0.008934 
1787.137683 0.009097 
1785.670572 0.009338 
1784.203461 0.009413 
1782.736350 0.009664 
1781.269238 0.009820 
1779.802127 0.009949 
1778.335016 0.010257 
1776.867905 0.010427 
1775.400794 0.010626 
1773.933683 0.010854 
1772.466572 0.010441 
1770.999461 0.010991 
1769.532350 0.011435 
1768.065239 0.011524 
1766.598127 0.011913 
1765.131016 0.012188 
1763.663905 0.012385 
1762.196794 0.012533 
1760.729683 0.012744 
1759.262572 0.013100 
1757.795461 0.013544 
1756.328350 0.013553 
1754.861239 0.014033 
1753.394128 0.014303 
1751.927016 0.014440 
1750.459905 0.014458 
1748.992794 0.015018 
1747.525683 0.015441 
1746.058572 0.015694 
1744.591461 0.016096 
1743.124350 0.016301 
1741.657239 0.016731 
1740.190128 0.016919 
1738.723016 0.017124 
1737.255905 0.017708 
1735.788794 0.018014 
1734.321683 0.017841 
1732.854572 0.017994 
1731.387461 0.019057 
1729.920350 0.019425 
1728.453239 0.019832 
1726.986128 0.020268 
1725.519017 0.020638 
1724.051905 0.021043 
1722.584794 0.021452 
1721.117683 0.021828 
1719.650572 0.022175 
1718.183461 0.022298 
1716.716350 0.022350 
1715.249239 0.023265 
1713.782128 0.023721 
1712.315017 0.024242 
1710.847906 0.024658 
1709.380794 0.025070 
1707.913683 0.025477 
1706.446572 0.025773 
1704.979461 0.026276 
1703.512350 0.026667 
1702.045239 0.027205 
1700.578128 0.026795 
1699.111017 0.027352 
1697.643906 0.028304 
1696.176794 0.028153 
1694.709683 0.028587 
1693.242572 0.029514 
1691.775461 0.029955 
1690.308350 0.030313 
1688.841239 0.030774 
1687.374128 0.031187 
1685.907017 0.031588 
1684.439906 0.030628 
1682.972795 0.031987 
1681.505683 0.032796 
1680.038572 0.033106 
1678.571461 0.033544 
1677.104350 0.033901 
1675.637239 0.034001 
1674.170128 0.034316 
1672.703017 0.034789 
1671.235906 0.034981 
1669.768795 0.035230 
1668.301683 0.035449 
1666.834572 0.036028 
1665.367461 0.036281 
1663.900350 0.036524 
1662.433239 0.036417 
1660.966128 0.036991 
1659.499017 0.037218 
1658.031906 0.037459 
1656.564795 0.037602 
1655.097684 0.037626 
1653.630572 0.037227 
1652.163461 0.036585 
1650.696350 0.038113 
1649.229239 0.038374 
1647.762128 0.038263 
1646.295017 0.038104 
1644.827906 0.038449 
1643.360795 0.038738 
1641.893684 0.038832 
1640.426573 0.038916 
1638.959461 0.039037 
1637.492350 0.038885 
1636.025239 0.038761 
1634.558128 0.038583 
1633.091017 0.039119 
1631.623906 0.039124 
1630.156795 0.039131 
1628.689684 0.039133 
1627.222573 0.038930 
1625.755461 0.039026 
1624.288350 0.038870 
1622.821239 0.038576 
1621.354128 0.038668 
1619.887017 0.038499 
1618.419906 0.038347 
1616.952795 0.037514 
1615.485684 0.037535 
1614.018573 0.037580 
1612.551462 0.037377 
1611.084350 0.037047 
1609.617239 0.036780 
1608.150128 0.036654 
1606.683017 0.036395 
1605.215906 0.036263 
1603.748795 0.035957 
1602.281684 0.035698 
1600.814573 0.035374 
1599.347462 0.035226 
1597.880351 0.035024 
1596.413239 0.034787 
1594.946128 0.034567 
1593.479017 0.034285 
1592.011906 0.034073 
1590.544795 0.033819 
1589.077684 0.033611 
1587.610573 0.033481 
1586.143462 0.033295 
1584.676351 0.033252 
1583.209239 0.033002 
1581.742128 0.033011 
1580.275017 0.032956 
1578.807906 0.032926 
1577.340795 0.032930 
1575.873684 0.032173 
1574.406573 0.033021 
1572.939462 0.033020 
1571.472351 0.033159 
1570.005240 0.033125 
1568.538128 0.033213 
1567.071017 0.033552 
1565.603906 0.033591 
1564.136795 0.033638 
1562.669684 0.033715 
1561.202573 0.033709 
1559.735462 0.032756 
1558.268351 0.033016 
1556.801240 0.033486 
1555.334129 0.033844 
1553.867017 0.033608 
1552.399906 0.033960 
1550.932795 0.033948 
1549.465684 0.033763 
1547.998573 0.033911 
1546.531462 0.033767 
1545.064351 0.033350 
1543.597240 0.033503 
1542.130129 0.032811 
1540.663017 0.032917 
1539.195906 0.032570 
1537.728795 0.032868 
1536.261684 0.032909 
1534.794573 0.032826 
1533.327462 0.032457 
1531.860351 0.032617 
1530.393240 0.032645 
1528.926129 0.032435 
1527.459018 0.032214 
1525.991906 0.032084 
1524.524795 0.031901 
1523.057684 0.031814 
1521.590573 0.031462 
1520.123462 0.031233 
1518.656351 0.031438 
1517.189240 0.031125 
1515.722129 0.031147 
1514.255018 0.031039 
1512.787907 0.031039 
1511.320795 0.030796 
1509.853684 0.030666 
1508.386573 0.030388 
1506.919462 0.029427 
1505.452351 0.029775 
1503.985240 0.030312 
1502.518129 0.030290 
1501.051018 0.030240 
1499.583907 0.030164 
1498.116795 0.030014 
1496.649684 0.029802 
1495.182573 0.029778 
1493.715462 0.029885 
1492.248351 0.029670 
1490.781240 0.029266 
1489.314129 0.028993 
1487.847018 0.028903 
1486.379907 0.028722 
1484.912796 0.028618 
1483.445684 0.028434 
1481.978573 0.028200 
1480.511462 0.027934 
1479.044351 0.027820 
1477.577240 0.027569 
1476.110129 0.027306 
1474.643018 0.027583 
1473.175907 0.027051 
1471.708796 0.026748 
1470.241684 0.027175 
1468.774573 0.027075 
1467.307462 0.026948 
1465.840351 0.026759 
1464.373240 0.026089 
1462.906129 0.026302 
1461.439018 0.026019 
1459.971907 0.025777 
1458.504796 0.025309 
1457.037685 0.024554 
1455.570573 0.024916 
1454.103462 0.025041 
1452.636351 0.024928 
1451.169240 0.024390 
1449.702129 0.023989 
1448.235018 0.023509 
1446.767907 0.023245 
1445.300796 0.023061 
1443.833685 0.022765 
1442.366574 0.022669 
1440.899462 0.022275 
1439.432351 0.022160 
1437.965240 0.021836 
1436.498129 0.020903 
1435.031018 0.021359 
1433.563907 0.021091 
1432.096796 0.020970 
1430.629685 0.020576 
1429.162574 0.020319 
1427.695462 0.020171 
1426.228351 0.019856 
1424.761240 0.019599 
1423.294129 0.019126 
1421.827018 0.019017 
1420.359907 0.018606 
1418.892796 0.017960 
1417.425685 0.018076 
1415.958574 0.017867 
1414.491463 0.017662 
1413.024351 0.017272 
1411.557240 0.017074 
1410.090129 0.016725 
1408.623018 0.016553 
1407.155907 0.016270 
1405.688796 0.015994 
1404.221685 0.015682 
1402.754574 0.015405 
1401.287463 0.015269 
1399.820352 0.014846 
1398.353240 0.014537 
1396.886129 0.014327 
1395.419018 0.013917 
1393.951907 0.013479 
1392.484796 0.013370 
1391.017685 0.013153 
1389.550574 0.012903 
1388.083463 0.012711 
1386.616352 0.012267 
1385.149240 0.012097 
1383.682129 0.011896 
1382.215018 0.011556 
1380.747907 0.011442 
1379.280796 0.011231 
1377.813685 0.011114 
1376.346574 0.010823 
1374.879463 0.010470 
1373.412352 0.010320 
1371.945241 0.010057 
1370.478129 0.009966 
1369.011018 0.009759 
1367.543907 0.009707 
1366.076796 0.009448 
1364.609685 0.009265 
1363.142574 0.008962 
1361.675463 0.008778 
1360.208352 0.008625 
1358.741241 0.008462 
1357.274130 0.008317 
1355.807018 0.008041 
1354.339907 0.007858 
1352.872796 0.007628 
1351.405685 0.007415 
1349.938574 0.007203 
1348.471463 0.006962 
1347.004352 0.006765 
1345.537241 0.006497 
1344.070130 0.006346 
1342.603018 0.006165 
1341.135907 0.005979 
1339.668796 0.005987 
1338.201685 0.005914 
1336.734574 0.005936 
1335.267463 0.006070 
1333.800352 0.006118 
1332.333241 0.006127 
1330.866130 0.006114 
1329.399019 0.006166 
1327.931907 0.006009 
1326.464796 0.005912 
1324.997685 0.005813 
1323.530574 0.005748 
1322.063463 0.005601 
1320.596352 0.005525 
1319.129241 0.005417 
1317.662130 0.005260 
1316.195019 0.005264 
1314.727908 0.005200 
1313.260796 0.005221 
1311.793685 0.005033 
1310.326574 0.004978 
1308.859463 0.004872 
1307.392352 0.004762 
1305.925241 0.004724 
1304.458130 0.004628 
1302.991019 0.004652 
1301.523908 0.004597 
1300.056796 0.004511 
1298.589685 0.004383 
1297.122574 0.004319 
1295.655463 0.004314 
1294.188352 0.004225 
1292.721241 0.004197 
1291.254130 0.003998 
1289.787019 0.004036 
1288.319908 0.003970 
1286.852797 0.003987 
1285.385685 0.003943 
1283.918574 0.003925 
1282.451463 0.003970 
1280.984352 0.003887 
1279.517241 0.003957 
1278.050130 0.003779 
1276.583019 0.003750 
1275.115908 0.003721 
1273.648797 0.003492 
1272.181685 0.003532 
1270.714574 0.003381 
1269.247463 0.003380 
1267.780352 0.003257 
1266.313241 0.003152 
1264.846130 0.003064 
1263.379019 0.002787 
1261.911908 0.002796 
1260.444797 0.002506 
1258.977686 0.002585 
1257.510574 0.002461 
1256.043463 0.002456 
1254.576352 0.002399 
1253.109241 0.002250 
1251.642130 0.002418 
1250.175019 0.002160 
1248.707908 0.002230 
1247.240797 0.002087 
1245.773686 0.002085 
1244.306575 0.001999 
1242.839463 0.001852 
1241.372352 0.001982 
1239.905241 0.001794 
1238.438130 0.001909 
1236.971019 0.001737 
1235.503908 0.001686 
1234.036797 0.001665 
1232.569686 0.001547 
1231.102575 0.001606 
1229.635463 0.001400 
1228.168352 0.001557 
1226.701241 0.001417 
1225.234130 0.001393 
1223.767019 0.001599 
1222.299908 0.001437 
1220.832797 0.001523 
1219.365686 0.001412 
1217.898575 0.001560 
1216.431464 0.001528 
1214.964352 0.001566 
1213.497241 0.001685 
1212.030130 0.001549 
1210.563019 0.001571 
1209.095908 0.001350 
1207.628797 0.001458 
1206.161686 0.001427 
1204.694575 0.001284 
1203.227464 0.001390 
1201.760353 0.001306 
1200.293241 0.001345 
1198.826130 0.001183 
1197.359019 0.001261 
1195.891908 0.001216 
1194.424797 0.001172 
1192.957686 0.001255 
1191.490575 0.001126 
1190.023464 0.001202 
1188.556353 0.001099 
1187.089241 0.001124 
1185.622130 0.001137 
1184.155019 0.001064 
1182.687908 0.001149 
1181.220797 0.001102 
1179.753686 0.001161 
1178.286575 0.001000 
1176.819464 0.001051 
1175.352353 0.001057 
1173.885242 0.001048 
1172.418130 0.001132 
1170.951019 0.001029 
1169.483908 0.001157 
1168.016797 0.000982 
1166.549686 0.000935 
1165.082575 0.000993 
1163.615464 0.000861 
1162.148353 0.001003 
1160.681242 0.000921 
1159.214131 0.001059 
1157.747019 0.001041 
1156.279908 0.000995 
1154.812797 0.001031 
1153.345686 0.000986 
1151.878575 0.000987 
1150.411464 0.000851 
1148.944353 0.001027 
1147.477242 0.001001 
1146.010131 0.000936 
1144.543019 0.001019 
1143.075908 0.000926 
1141.608797 0.000964 
1140.141686 0.000888 
1138.674575 0.000904 
1137.207464 0.000914 
1135.740353 0.000850 
1134.273242 0.000802 
1132.806131 0.000655 
1131.339020 0.000688 
1129.871908 0.000686 
1128.404797 0.000640 
1126.937686 0.000721 
1125.470575 0.000632 
1124.003464 0.000717 
1122.536353 0.000600 
1121.069242 0.000552 
1119.602131 0.000690 
1118.135020 0.000640 
1116.667909 0.000685 
1115.200797 0.000588 
1113.733686 0.000688 
1112.266575 0.000464 
1110.799464 0.000281 
1109.332353 0.000280 
1107.865242 0.000192 
1106.398131 0.000154 
1104.931020 0.000057 
1103.463909 0.000204 
1101.996797 0.000201 
1100.529686 0.000220 
1099.062575 0.000279 
1097.595464 0.000207 
1096.128353 0.000392 
1094.661242 0.000199 
1093.194131 0.000272 
1091.727020 0.000237 
1090.259909 0.000175 
1088.792798 0.000268 
1087.325686 0.000138 
1085.858575 0.000171 
1084.391464 0.000038 
1082.924353 0.000129 
1081.457242 0.000142 
1079.990131 0.000082 
1078.523020 0.000177 
1077.055909 -0.000045 
1075.588798 0.000060 
1074.121686 -0.000105 
1072.654575 -0.000063 
1071.187464 -0.000001 
1069.720353 -0.000040 
1068.253242 0.000179 
1066.786131 -0.000024 
1065.319020 -0.000134 
1063.851909 -0.000503 
1062.384798 -0.000520 
1060.917687 -0.000694 
1059.450575 -0.000808 
1057.983464 -0.000649 
1056.516353 -0.000956 
1055.049242 -0.000801 
1053.582131 -0.000886 
1052.115020 -0.000651 
1050.647909 -0.000388 
1049.180798 -0.000395 
1047.713687 -0.000046 
1046.246576 -0.000375 
1044.779464 -0.000362 
1043.312353 -0.000524 
1041.845242 -0.000519 
1040.378131 -0.000342 
1038.911020 -0.000550 
1037.443909 -0.000410 
1035.976798 -0.000649 
1034.509687 -0.000414 
1033.042576 -0.000478 
1031.575464 -0.000250 
1030.108353 0.000124 
1028.641242 0.000173 
1027.174131 0.000874 
1025.707020 0.001132 
1024.239909 0.001848 
1022.772798 0.002291 
1021.305687 0.002785 
1019.838576 0.003485 
1018.371465 0.003922 
1016.904353 0.004810 
1015.437242 0.005211 
1013.970131 0.005979 
1012.503020 0.006523 
1011.035909 0.006900 
1009.568798 0.007674 
1008.101687 0.008182 
1006.634576 0.009166 
1005.167465 0.009490 
1003.700354 0.010364 
1002.233242 0.011225 
1000.766131 0.011884 
999.299020 0.012818 
997.831909 0.013493 
996.364798 0.014911 
994.897687 0.015496 
993.430576 0.016530 
991.963465 0.017597 
990.496354 0.018488 
989.029242 0.019567 
987.562131 0.020432 
986.095020 0.021949 
984.627909 0.022960 
983.160798 0.024286 
981.693687 0.025496 
980.226576 0.026725 
978.759465 0.028331 
977.292354 0.029392 
975.825243 0.031085 
974.358131 0.032487 
972.891020 0.034150 
971.423909 0.035659 
969.956798 0.037286 
968.489687 0.039420 
967.022576 0.040872 
965.555465 0.043150 
964.088354 0.045043 
962.621243 0.047250 
961.154132 0.049350 
959.687020 0.051400 
958.219909 0.053922 
956.752798 0.056119 
955.285687 0.058743 
953.818576 0.061128 
952.351465 0.063955 
950.884354 0.066620 
949.417243 0.069021 
947.950132 0.072101 
946.483020 0.074590 
945.015909 0.077494 
943.548798 0.080118 
942.081687 0.082951 
940.614576 0.085991 
939.147465 0.088541 
937.680354 0.091463 
936.213243 0.094243 
934.746132 0.097095 
933.279021 0.099642 
931.811909 0.102359 
930.344798 0.105296 
928.877687 0.107820 
927.410576 0.110566 
925.943465 0.113079 
924.476354 0.115824 
923.009243 0.118291 
921.542132 0.120538 
920.075021 0.123218 
918.607910 0.125626 
917.140798 0.128199 
915.673687 0.130315 
914.206576 0.132609 
912.739465 0.134704 
911.272354 0.136549 
909.805243 0.138731 
908.338132 0.140702 
906.871021 0.142878 
905.403910 0.144603 
903.936798 0.146481 
902.469687 0.148295 
901.002576 0.149774 
899.535465 0.151648 
898.068354 0.152959 
896.601243 0.154669 
895.134132 0.156325 
893.667021 0.157572 
892.199910 0.159229 
890.732799 0.160337 
889.265687 0.161487 
887.798576 0.162752 
886.331465 0.163978 
884.864354 0.165281 
883.397243 0.166275 
881.930132 0.167440 
880.463021 0.168308 
878.995910 0.169689 
877.528799 0.170310 
876.061687 0.171211 
874.594576 0.172360 
873.127465 0.173081 
871.660354 0.174056 
870.193243 0.174726 
868.726132 0.175743 
867.259021 0.176667 
865.791910 0.177235 
864.324799 0.178418 
862.857688 0.179116 
861.390576 0.180080 
859.923465 0.180677 
858.456354 0.181717 
856.989243 0.182555 
855.522132 0.183188 
854.055021 0.183993 
852.587910 0.184406 
851.120799 0.185618 
849.653688 0.186137 
848.186577 0.186994 
846.719465 0.187506 
845.252354 0.188138 
843.785243 0.188810 
842.318132 0.188998 
840.851021 0.189802 
839.383910 0.190258 
837.916799 0.190856 
836.449688 0.191127 
834.982577 0.191482 
833.515465 0.192307 
832.048354 0.192217 
830.581243 0.192665 
829.114132 0.192622 
827.647021 0.193116 
826.179910 0.193414 
824.712799 0.193360 
823.245688 0.193877 
821.778577 0.193731 
820.311466 0.193575 
818.844354 0.193321 
817.377243 0.193304 
815.910132 0.192737 
814.443021 0.192353 
812.975910 0.191927 
811.508799 0.191044 
810.041688 0.190705 
808.574577 0.189451 
807.107466 0.188731 
805.640355 0.187798 
804.173243 0.186353 
802.706132 0.185608 
801.239021 0.184409 
799.771910 0.183413 
798.304799 0.182472 
796.837688 0.180584 
795.370577 0.179355 
793.903466 0.178186 
792.436355 0.176409 
790.969243 0.175006 
789.502132 0.173435 
788.035021 0.171756 
786.567910 0.170565 
785.100799 0.168461 
783.633688 0.166604 
782.166577 0.165256 
780.699466 0.162870 
779.232355 0.161382 
777.765244 0.159687 
776.298132 0.157845 
774.831021 0.156473 
773.363910 0.154297 
771.896799 0.152395 
770.429688 0.150975 
768.962577 0.149033 
767.495466 0.147215 
766.028355 0.145809 
764.561244 0.143690 
763.094133 0.142199 
761.627021 0.140283 
760.159910 0.137577 
758.692799 0.136138 
757.225688 0.134436 
755.758577 0.131763 
754.291466 0.130834 
752.824355 0.128466 
751.357244 0.127020 
749.890133 0.124983 
748.423021 0.122634 
746.955910 0.121003 
745.488799 0.119080 
744.021688 0.116712 
742.554577 0.114759 
741.087466 0.113051 
739.620355 0.110720 
738.153244 0.108973 
736.686133 0.106889 
735.219022 0.105013 
733.751910 0.103590 
732.284799 0.100965 
730.817688 0.099934 
729.350577 0.098276 
727.883466 0.095779 
726.416355 0.095005 
724.949244 0.092661 
723.482133 0.091543 
722.015022 0.089916 
720.547911 0.088226 
719.080799 0.086475 
717.613688 0.085168 
716.146577 0.083339 
714.679466 0.082099 
713.212355 0.081255 
711.745244 0.079597 
710.278133 0.078997 
708.811022 0.076975 
707.343911 0.076253 
705.876799 0.075401 
704.409688 0.073555 
702.942577 0.074069 
701.475466 0.072484 
700.008355 0.072144 
698.541244 0.071071 
697.074133 0.068917 
695.607022 0.067673 
694.139911 0.066075 
692.672800 0.064514 
691.205688 0.063560 
689.738577 0.062656 
688.271466 0.060826 
686.804355 0.060207 
685.337244 0.058058 
683.870133 0.056545 
682.403022 0.055972 
680.935911 0.054442 
679.468800 0.053923 
678.001688 0.052214 
676.534577 0.050899 
675.067466 0.049884 
673.600355 0.047769 
672.133244 0.046851 
670.666133 0.045844 
669.199022 0.043918 
667.731911 0.041375 
666.264800 0.041178 
664.797689 0.039770 
663.330577 0.038360 
661.863466 0.036017 
660.396355 0.035334 
658.929244 0.033018 
657.462133 0.030590 
655.995022 0.029441 
654.527911 0.026715 
653.060800 0.024784 
651.593689 0.022370 
650.126578 0.019958 
648.659466 0.017987 
647.192355 0.015810 
645.725244 0.014018 
644.258133 0.012767 
642.791022 0.009583 
641.323911 0.006893 
639.856800 0.004750 
638.389689 0.002996 
636.922578 0.000325 
635.455466 0.001400 
633.988355 -0.000066 
632.521244 -0.000013 
631.054133 0.001234 
629.587022 0.000334 
628.119911 0.001015 
626.652800 -0.000644 
625.185689 -0.002066 
623.718578 -0.001596 
622.251467 -0.000539 
620.784355 -0.000656 
619.317244 -0.004039 
617.850133 -0.003309 
616.383022 -0.003925 
614.915911 -0.007351 
613.448800 -0.002881 
611.981689 -0.003226 
610.514578 -0.002991 
609.047467 -0.001790 
607.580356 -0.003971 
606.113244 -0.004143 
604.646133 -0.004953 
603.179022 -0.005711 
601.711911 0.001345 
600.244800 0.000656 
